This file contains any messages produced by compilers while
running configure, to aid debugging if configure makes a mistake.

It was created by libcddb configure 1.3.2, which was
generated by GNU Autoconf 2.63.  Invocation command line was

  $ ./configure --enable-static --disable-rpath --prefix=/home/waker/prj/deadbeef-staticdeps/lib-x86-64 --build=x86_64-unknown-linux-gnu

## --------- ##
## Platform. ##
## --------- ##

hostname = lazer
uname -m = x86_64
uname -r = 3.13.0-24-generic
uname -s = Linux
uname -v = #47-Ubuntu SMP Fri May 2 23:30:00 UTC 2014

/usr/bin/uname -p = unknown
/bin/uname -X     = unknown

/bin/arch              = unknown
/usr/bin/arch -k       = unknown
/usr/convex/getsysinfo = unknown
/usr/bin/hostinfo      = unknown
/bin/machine           = unknown
/usr/bin/oslevel       = unknown
/bin/universe          = unknown

PATH: /home/waker/perl5/bin
PATH: /opt/nodejs/bin
PATH: /home/waker/bin
PATH: /home/waker/perl5/bin
PATH: /opt/nodejs/bin
PATH: /usr/local/sbin
PATH: /usr/local/bin
PATH: /usr/sbin
PATH: /usr/bin
PATH: /sbin
PATH: /bin
PATH: /usr/games
PATH: /usr/local/games
PATH: /usr/lib/jvm/java-7-oracle/bin
PATH: /usr/lib/jvm/java-7-oracle/db/bin
PATH: /usr/lib/jvm/java-7-oracle/jre/bin
PATH: /home/waker/android/adt-bundle-linux-x86_64-20140702/sdk/tools
PATH: /home/waker/android/adt-bundle-linux-x86_64-20140702/sdk/platform-tools
PATH: /home/waker/bin
PATH: /home/waker/.local/bin
PATH: /opt/java/bin
PATH: /opt/firefox
PATH: /home/waker/android/adt-bundle-linux-x86_64-20140702/sdk/tools
PATH: /home/waker/android/adt-bundle-linux-x86_64-20140702/sdk/platform-tools
PATH: /home/waker/bin
PATH: /home/waker/.local/bin
PATH: /opt/java/bin
PATH: /opt/firefox


## ----------- ##
## Core tests. ##
## ----------- ##

configure:2105: checking for a BSD-compatible install
configure:2173: result: /usr/bin/install -c
configure:2184: checking whether build environment is sane
configure:2227: result: yes
configure:2252: checking for a thread-safe mkdir -p
configure:2291: result: /bin/mkdir -p
configure:2304: checking for gawk
configure:2320: found /usr/bin/gawk
configure:2331: result: gawk
configure:2342: checking whether make sets $(MAKE)
configure:2364: result: yes
configure:2548: checking whether to enable maintainer-specific portions of Makefiles
configure:2557: result: no
configure:2627: checking build system type
configure:2645: result: x86_64-unknown-linux-gnu
configure:2667: checking host system type
configure:2682: result: x86_64-unknown-linux-gnu
configure:2747: checking for gawk
configure:2774: result: gawk
configure:2833: checking for gcc
configure:2860: result: /home/waker/prj/deadbeef/tools/apbuild/apgcc
configure:3092: checking for C compiler version
configure:3100: /home/waker/prj/deadbeef/tools/apbuild/apgcc --version >&5
gcc (Ubuntu 4.8.2-19ubuntu1) 4.8.2
Copyright (C) 2013 Free Software Foundation, Inc.
This is free software; see the source for copying conditions.  There is NO
warranty; not even for MERCHANTABILITY or FITNESS FOR A PARTICULAR PURPOSE.

configure:3104: $? = 0
configure:3111: /home/waker/prj/deadbeef/tools/apbuild/apgcc -v >&5
Using built-in specs.
COLLECT_GCC=gcc
COLLECT_LTO_WRAPPER=/usr/lib/gcc/x86_64-linux-gnu/4.8/lto-wrapper
Target: x86_64-linux-gnu
Configured with: ../src/configure -v --with-pkgversion='Ubuntu 4.8.2-19ubuntu1' --with-bugurl=file:///usr/share/doc/gcc-4.8/README.Bugs --enable-languages=c,c++,java,go,d,fortran,objc,obj-c++ --prefix=/usr --program-suffix=-4.8 --enable-shared --enable-linker-build-id --libexecdir=/usr/lib --without-included-gettext --enable-threads=posix --with-gxx-include-dir=/usr/include/c++/4.8 --libdir=/usr/lib --enable-nls --with-sysroot=/ --enable-clocale=gnu --enable-libstdcxx-debug --enable-libstdcxx-time=yes --enable-gnu-unique-object --disable-libmudflap --enable-plugin --with-system-zlib --disable-browser-plugin --enable-java-awt=gtk --enable-gtk-cairo --with-java-home=/usr/lib/jvm/java-1.5.0-gcj-4.8-amd64/jre --enable-java-home --with-jvm-root-dir=/usr/lib/jvm/java-1.5.0-gcj-4.8-amd64 --with-jvm-jar-dir=/usr/lib/jvm-exports/java-1.5.0-gcj-4.8-amd64 --with-arch-directory=amd64 --with-ecj-jar=/usr/share/java/eclipse-ecj.jar --enable-objc-gc --enable-multiarch --disable-werror --with-arch-32=i686 --with-abi=m64 --with-multilib-list=m32,m64,mx32 --with-tune=generic --enable-checking=release --build=x86_64-linux-gnu --host=x86_64-linux-gnu --target=x86_64-linux-gnu
Thread model: posix
gcc version 4.8.2 (Ubuntu 4.8.2-19ubuntu1) 
configure:3115: $? = 0
configure:3122: /home/waker/prj/deadbeef/tools/apbuild/apgcc -V >&5
gcc: error: unrecognized command line option '-V'
gcc: fatal error: no input files
compilation terminated.
configure:3126: $? = 4
configure:3149: checking for C compiler default output file name
configure:3171: /home/waker/prj/deadbeef/tools/apbuild/apgcc -m64 -O2 -D_GNU_SOURCE -D_FORTIFY_SOURCE=0 -fPIC -I/home/waker/prj/deadbeef-staticdeps/lib-x86-64/include  -m64 -L/home/waker/prj/deadbeef-staticdeps/lib-x86-64/lib conftest.c  >&5
configure:3175: $? = 0
configure:3213: result: a.out
configure:3232: checking whether the C compiler works
configure:3242: ./a.out
configure:3246: $? = 0
configure:3265: result: yes
configure:3272: checking whether we are cross compiling
configure:3274: result: no
configure:3277: checking for suffix of executables
configure:3284: /home/waker/prj/deadbeef/tools/apbuild/apgcc -o conftest -m64 -O2 -D_GNU_SOURCE -D_FORTIFY_SOURCE=0 -fPIC -I/home/waker/prj/deadbeef-staticdeps/lib-x86-64/include  -m64 -L/home/waker/prj/deadbeef-staticdeps/lib-x86-64/lib conftest.c  >&5
configure:3288: $? = 0
configure:3314: result: 
configure:3320: checking for suffix of object files
configure:3346: /home/waker/prj/deadbeef/tools/apbuild/apgcc -c -m64 -O2 -D_GNU_SOURCE -D_FORTIFY_SOURCE=0 -fPIC -I/home/waker/prj/deadbeef-staticdeps/lib-x86-64/include  conftest.c >&5
configure:3350: $? = 0
configure:3375: result: o
configure:3379: checking whether we are using the GNU C compiler
configure:3408: /home/waker/prj/deadbeef/tools/apbuild/apgcc -c -m64 -O2 -D_GNU_SOURCE -D_FORTIFY_SOURCE=0 -fPIC -I/home/waker/prj/deadbeef-staticdeps/lib-x86-64/include  conftest.c >&5
configure:3415: $? = 0
configure:3432: result: yes
configure:3441: checking whether /home/waker/prj/deadbeef/tools/apbuild/apgcc accepts -g
configure:3471: /home/waker/prj/deadbeef/tools/apbuild/apgcc -c -g  conftest.c >&5
configure:3478: $? = 0
configure:3579: result: yes
configure:3596: checking for /home/waker/prj/deadbeef/tools/apbuild/apgcc option to accept ISO C89
configure:3670: /home/waker/prj/deadbeef/tools/apbuild/apgcc  -c -m64 -O2 -D_GNU_SOURCE -D_FORTIFY_SOURCE=0 -fPIC -I/home/waker/prj/deadbeef-staticdeps/lib-x86-64/include  conftest.c >&5
configure:3677: $? = 0
configure:3700: result: none needed
configure:3729: checking for style of include used by make
configure:3757: result: GNU
configure:3782: checking dependency style of /home/waker/prj/deadbeef/tools/apbuild/apgcc
configure:3873: result: gcc3
configure:3893: checking how to run the C preprocessor
configure:3933: /home/waker/prj/deadbeef/tools/apbuild/apgcc -E  conftest.c
configure:3940: $? = 0
configure:3971: /home/waker/prj/deadbeef/tools/apbuild/apgcc -E  conftest.c
conftest.c:10:28: fatal error: ac_nonexistent.h: No such file or directory
 #include <ac_nonexistent.h>
                            ^
compilation terminated.
configure:3978: $? = 1
configure: failed program was:
| /* confdefs.h.  */
| #define PACKAGE_NAME "libcddb"
| #define PACKAGE_TARNAME "libcddb"
| #define PACKAGE_VERSION "1.3.2"
| #define PACKAGE_STRING "libcddb 1.3.2"
| #define PACKAGE_BUGREPORT ""
| #define PACKAGE "libcddb"
| #define VERSION "1.3.2"
| /* end confdefs.h.  */
| #include <ac_nonexistent.h>
configure:4011: result: /home/waker/prj/deadbeef/tools/apbuild/apgcc -E
configure:4040: /home/waker/prj/deadbeef/tools/apbuild/apgcc -E  conftest.c
configure:4047: $? = 0
configure:4078: /home/waker/prj/deadbeef/tools/apbuild/apgcc -E  conftest.c
conftest.c:10:28: fatal error: ac_nonexistent.h: No such file or directory
 #include <ac_nonexistent.h>
                            ^
compilation terminated.
configure:4085: $? = 1
configure: failed program was:
| /* confdefs.h.  */
| #define PACKAGE_NAME "libcddb"
| #define PACKAGE_TARNAME "libcddb"
| #define PACKAGE_VERSION "1.3.2"
| #define PACKAGE_STRING "libcddb 1.3.2"
| #define PACKAGE_BUGREPORT ""
| #define PACKAGE "libcddb"
| #define VERSION "1.3.2"
| /* end confdefs.h.  */
| #include <ac_nonexistent.h>
configure:4452: checking for a sed that does not truncate output
configure:4518: result: /bin/sed
configure:4536: checking for grep that handles long lines and -e
configure:4596: result: /bin/grep
configure:4601: checking for egrep
configure:4665: result: /bin/grep -E
configure:4670: checking for fgrep
configure:4734: result: /bin/grep -F
configure:4769: checking for ld used by /home/waker/prj/deadbeef/tools/apbuild/apgcc
configure:4836: result: /usr/bin/ld
configure:4845: checking if the linker (/usr/bin/ld) is GNU ld
configure:4860: result: yes
configure:4872: checking for BSD- or MS-compatible name lister (nm)
configure:4921: result: /usr/bin/nm -B
configure:5039: checking the name lister (/usr/bin/nm -B) interface
configure:5046: /home/waker/prj/deadbeef/tools/apbuild/apgcc -c -m64 -O2 -D_GNU_SOURCE -D_FORTIFY_SOURCE=0 -fPIC -I/home/waker/prj/deadbeef-staticdeps/lib-x86-64/include  conftest.c >&5
configure:5049: /usr/bin/nm -B "conftest.o"
configure:5052: output
0000000000000000 B some_variable
configure:5059: result: BSD nm
configure:5062: checking whether ln -s works
configure:5066: result: yes
configure:5074: checking the maximum length of command line arguments
configure:5194: result: 1572864
configure:5211: checking whether the shell understands some XSI constructs
configure:5221: result: yes
configure:5225: checking whether the shell understands "+="
configure:5231: result: yes
configure:5266: checking for /usr/bin/ld option to reload object files
configure:5273: result: -r
configure:5342: checking for objdump
configure:5369: result: objdump
configure:5398: checking how to recognize dependent libraries
configure:5594: result: pass_all
configure:5654: checking for ar
configure:5670: found /usr/bin/ar
configure:5681: result: ar
configure:5759: checking for strip
configure:5775: found /usr/bin/strip
configure:5786: result: strip
configure:5858: checking for ranlib
configure:5874: found /usr/bin/ranlib
configure:5885: result: ranlib
configure:5975: checking command to parse /usr/bin/nm -B output from /home/waker/prj/deadbeef/tools/apbuild/apgcc object
configure:6093: /home/waker/prj/deadbeef/tools/apbuild/apgcc -c -m64 -O2 -D_GNU_SOURCE -D_FORTIFY_SOURCE=0 -fPIC -I/home/waker/prj/deadbeef-staticdeps/lib-x86-64/include  conftest.c >&5
configure:6096: $? = 0
configure:6100: /usr/bin/nm -B conftest.o \| sed -n -e 's/^.*[	 ]\([ABCDGIRSTW][ABCDGIRSTW]*\)[	 ][	 ]*\([_A-Za-z][_A-Za-z0-9]*\)$/\1 \2 \2/p' \> conftest.nm
configure:6103: $? = 0
configure:6157: /home/waker/prj/deadbeef/tools/apbuild/apgcc -o conftest -m64 -O2 -D_GNU_SOURCE -D_FORTIFY_SOURCE=0 -fPIC -I/home/waker/prj/deadbeef-staticdeps/lib-x86-64/include  -m64 -L/home/waker/prj/deadbeef-staticdeps/lib-x86-64/lib conftest.c conftstm.o >&5
configure:6160: $? = 0
configure:6198: result: ok
configure:6294: /home/waker/prj/deadbeef/tools/apbuild/apgcc -c -m64 -O2 -D_GNU_SOURCE -D_FORTIFY_SOURCE=0 -fPIC -I/home/waker/prj/deadbeef-staticdeps/lib-x86-64/include  conftest.c >&5
configure:6297: $? = 0
configure:7061: checking for ANSI C header files
configure:7091: /home/waker/prj/deadbeef/tools/apbuild/apgcc -c -m64 -O2 -D_GNU_SOURCE -D_FORTIFY_SOURCE=0 -fPIC -I/home/waker/prj/deadbeef-staticdeps/lib-x86-64/include  conftest.c >&5
configure:7098: $? = 0
configure:7197: /home/waker/prj/deadbeef/tools/apbuild/apgcc -o conftest -m64 -O2 -D_GNU_SOURCE -D_FORTIFY_SOURCE=0 -fPIC -I/home/waker/prj/deadbeef-staticdeps/lib-x86-64/include  -m64 -L/home/waker/prj/deadbeef-staticdeps/lib-x86-64/lib conftest.c  >&5
configure:7201: $? = 0
configure:7207: ./conftest
configure:7211: $? = 0
configure:7229: result: yes
configure:7253: checking for sys/types.h
configure:7274: /home/waker/prj/deadbeef/tools/apbuild/apgcc -c -m64 -O2 -D_GNU_SOURCE -D_FORTIFY_SOURCE=0 -fPIC -I/home/waker/prj/deadbeef-staticdeps/lib-x86-64/include  conftest.c >&5
configure:7281: $? = 0
configure:7298: result: yes
configure:7253: checking for sys/stat.h
configure:7274: /home/waker/prj/deadbeef/tools/apbuild/apgcc -c -m64 -O2 -D_GNU_SOURCE -D_FORTIFY_SOURCE=0 -fPIC -I/home/waker/prj/deadbeef-staticdeps/lib-x86-64/include  conftest.c >&5
configure:7281: $? = 0
configure:7298: result: yes
configure:7253: checking for stdlib.h
configure:7274: /home/waker/prj/deadbeef/tools/apbuild/apgcc -c -m64 -O2 -D_GNU_SOURCE -D_FORTIFY_SOURCE=0 -fPIC -I/home/waker/prj/deadbeef-staticdeps/lib-x86-64/include  conftest.c >&5
configure:7281: $? = 0
configure:7298: result: yes
configure:7253: checking for string.h
configure:7274: /home/waker/prj/deadbeef/tools/apbuild/apgcc -c -m64 -O2 -D_GNU_SOURCE -D_FORTIFY_SOURCE=0 -fPIC -I/home/waker/prj/deadbeef-staticdeps/lib-x86-64/include  conftest.c >&5
configure:7281: $? = 0
configure:7298: result: yes
configure:7253: checking for memory.h
configure:7274: /home/waker/prj/deadbeef/tools/apbuild/apgcc -c -m64 -O2 -D_GNU_SOURCE -D_FORTIFY_SOURCE=0 -fPIC -I/home/waker/prj/deadbeef-staticdeps/lib-x86-64/include  conftest.c >&5
configure:7281: $? = 0
configure:7298: result: yes
configure:7253: checking for strings.h
configure:7274: /home/waker/prj/deadbeef/tools/apbuild/apgcc -c -m64 -O2 -D_GNU_SOURCE -D_FORTIFY_SOURCE=0 -fPIC -I/home/waker/prj/deadbeef-staticdeps/lib-x86-64/include  conftest.c >&5
configure:7281: $? = 0
configure:7298: result: yes
configure:7253: checking for inttypes.h
configure:7274: /home/waker/prj/deadbeef/tools/apbuild/apgcc -c -m64 -O2 -D_GNU_SOURCE -D_FORTIFY_SOURCE=0 -fPIC -I/home/waker/prj/deadbeef-staticdeps/lib-x86-64/include  conftest.c >&5
configure:7281: $? = 0
configure:7298: result: yes
configure:7253: checking for stdint.h
configure:7274: /home/waker/prj/deadbeef/tools/apbuild/apgcc -c -m64 -O2 -D_GNU_SOURCE -D_FORTIFY_SOURCE=0 -fPIC -I/home/waker/prj/deadbeef-staticdeps/lib-x86-64/include  conftest.c >&5
configure:7281: $? = 0
configure:7298: result: yes
configure:7253: checking for unistd.h
configure:7274: /home/waker/prj/deadbeef/tools/apbuild/apgcc -c -m64 -O2 -D_GNU_SOURCE -D_FORTIFY_SOURCE=0 -fPIC -I/home/waker/prj/deadbeef-staticdeps/lib-x86-64/include  conftest.c >&5
configure:7281: $? = 0
configure:7298: result: yes
configure:7316: checking for dlfcn.h
configure:7337: /home/waker/prj/deadbeef/tools/apbuild/apgcc -c -m64 -O2 -D_GNU_SOURCE -D_FORTIFY_SOURCE=0 -fPIC -I/home/waker/prj/deadbeef-staticdeps/lib-x86-64/include  conftest.c >&5
configure:7344: $? = 0
configure:7361: result: yes
configure:7545: checking for objdir
configure:7560: result: .libs
configure:7852: checking if /home/waker/prj/deadbeef/tools/apbuild/apgcc supports -fno-rtti -fno-exceptions
configure:7870: /home/waker/prj/deadbeef/tools/apbuild/apgcc -c -m64 -O2 -D_GNU_SOURCE -D_FORTIFY_SOURCE=0 -fPIC -I/home/waker/prj/deadbeef-staticdeps/lib-x86-64/include  -fno-rtti -fno-exceptions conftest.c >&5
cc1: warning: command line option '-fno-rtti' is valid for C++/ObjC++ but not for C [enabled by default]
configure:7874: $? = 0
configure:7887: result: no
configure:7907: checking for /home/waker/prj/deadbeef/tools/apbuild/apgcc option to produce PIC
configure:8179: result: -fPIC -DPIC
configure:8191: checking if /home/waker/prj/deadbeef/tools/apbuild/apgcc PIC flag -fPIC -DPIC works
configure:8209: /home/waker/prj/deadbeef/tools/apbuild/apgcc -c -m64 -O2 -D_GNU_SOURCE -D_FORTIFY_SOURCE=0 -fPIC -I/home/waker/prj/deadbeef-staticdeps/lib-x86-64/include  -fPIC -DPIC -DPIC conftest.c >&5
configure:8213: $? = 0
configure:8226: result: yes
configure:8250: checking if /home/waker/prj/deadbeef/tools/apbuild/apgcc static flag -static works
configure:8278: result: no
configure:8293: checking if /home/waker/prj/deadbeef/tools/apbuild/apgcc supports -c -o file.o
configure:8314: /home/waker/prj/deadbeef/tools/apbuild/apgcc -c -m64 -O2 -D_GNU_SOURCE -D_FORTIFY_SOURCE=0 -fPIC -I/home/waker/prj/deadbeef-staticdeps/lib-x86-64/include  -o out/conftest2.o conftest.c >&5
configure:8318: $? = 0
configure:8340: result: yes
configure:8348: checking if /home/waker/prj/deadbeef/tools/apbuild/apgcc supports -c -o file.o
configure:8395: result: yes
configure:8428: checking whether the /home/waker/prj/deadbeef/tools/apbuild/apgcc linker (/usr/bin/ld -m elf_x86_64) supports shared libraries
configure:9502: result: yes
configure:9539: checking whether -lc should be explicitly linked in
configure:9544: /home/waker/prj/deadbeef/tools/apbuild/apgcc -c -m64 -O2 -D_GNU_SOURCE -D_FORTIFY_SOURCE=0 -fPIC -I/home/waker/prj/deadbeef-staticdeps/lib-x86-64/include  conftest.c >&5
configure:9547: $? = 0
configure:9562: /home/waker/prj/deadbeef/tools/apbuild/apgcc -shared conftest.o  -v -Wl,-soname -Wl,conftest -o conftest 2\>\&1 \| /bin/grep  -lc  \>/dev/null 2\>\&1
configure:9565: $? = 0
configure:9577: result: no
configure:9741: checking dynamic linker characteristics
configure:10184: /home/waker/prj/deadbeef/tools/apbuild/apgcc -o conftest -m64 -O2 -D_GNU_SOURCE -D_FORTIFY_SOURCE=0 -fPIC -I/home/waker/prj/deadbeef-staticdeps/lib-x86-64/include  -m64 -L/home/waker/prj/deadbeef-staticdeps/lib-x86-64/lib -Wl,-rpath -Wl,/foo conftest.c  >&5
configure:10191: $? = 0
configure:10424: result: GNU/Linux ld.so
configure:10526: checking how to hardcode library paths into programs
configure:10551: result: immediate
configure:11384: checking whether stripping libraries is possible
configure:11389: result: yes
configure:11424: checking if libtool supports shared libraries
configure:11426: result: yes
configure:11429: checking whether to build shared libraries
configure:11450: result: yes
configure:11453: checking whether to build static libraries
configure:11457: result: yes
configure:11506: checking for a BSD-compatible install
configure:11574: result: /usr/bin/install -c
configure:11585: checking whether ln -s works
configure:11589: result: yes
configure:11596: checking whether make sets $(MAKE)
configure:11618: result: yes
configure:11629: checking for connect in -lsocket
configure:11664: /home/waker/prj/deadbeef/tools/apbuild/apgcc -o conftest -m64 -O2 -D_GNU_SOURCE -D_FORTIFY_SOURCE=0 -fPIC -I/home/waker/prj/deadbeef-staticdeps/lib-x86-64/include  -m64 -L/home/waker/prj/deadbeef-staticdeps/lib-x86-64/lib conftest.c -lsocket   >&5
/usr/bin/ld: cannot find -lsocket
collect2: error: ld returned 1 exit status
configure:11671: $? = 1
configure: failed program was:
| /* confdefs.h.  */
| #define PACKAGE_NAME "libcddb"
| #define PACKAGE_TARNAME "libcddb"
| #define PACKAGE_VERSION "1.3.2"
| #define PACKAGE_STRING "libcddb 1.3.2"
| #define PACKAGE_BUGREPORT ""
| #define PACKAGE "libcddb"
| #define VERSION "1.3.2"
| #define STDC_HEADERS 1
| #define HAVE_SYS_TYPES_H 1
| #define HAVE_SYS_STAT_H 1
| #define HAVE_STDLIB_H 1
| #define HAVE_STRING_H 1
| #define HAVE_MEMORY_H 1
| #define HAVE_STRINGS_H 1
| #define HAVE_INTTYPES_H 1
| #define HAVE_STDINT_H 1
| #define HAVE_UNISTD_H 1
| #define HAVE_DLFCN_H 1
| #define LT_OBJDIR ".libs/"
| /* end confdefs.h.  */
| 
| /* Override any GCC internal prototype to avoid an error.
|    Use char because int might match the return type of a GCC
|    builtin and then its argument prototype would still apply.  */
| #ifdef __cplusplus
| extern "C"
| #endif
| char connect ();
| int
| main ()
| {
| return connect ();
|   ;
|   return 0;
| }
configure:11692: result: no
configure:11704: checking for connect in -lnetwork
configure:11739: /home/waker/prj/deadbeef/tools/apbuild/apgcc -o conftest -m64 -O2 -D_GNU_SOURCE -D_FORTIFY_SOURCE=0 -fPIC -I/home/waker/prj/deadbeef-staticdeps/lib-x86-64/include  -m64 -L/home/waker/prj/deadbeef-staticdeps/lib-x86-64/lib conftest.c -lnetwork   >&5
/usr/bin/ld: cannot find -lnetwork
collect2: error: ld returned 1 exit status
configure:11746: $? = 1
configure: failed program was:
| /* confdefs.h.  */
| #define PACKAGE_NAME "libcddb"
| #define PACKAGE_TARNAME "libcddb"
| #define PACKAGE_VERSION "1.3.2"
| #define PACKAGE_STRING "libcddb 1.3.2"
| #define PACKAGE_BUGREPORT ""
| #define PACKAGE "libcddb"
| #define VERSION "1.3.2"
| #define STDC_HEADERS 1
| #define HAVE_SYS_TYPES_H 1
| #define HAVE_SYS_STAT_H 1
| #define HAVE_STDLIB_H 1
| #define HAVE_STRING_H 1
| #define HAVE_MEMORY_H 1
| #define HAVE_STRINGS_H 1
| #define HAVE_INTTYPES_H 1
| #define HAVE_STDINT_H 1
| #define HAVE_UNISTD_H 1
| #define HAVE_DLFCN_H 1
| #define LT_OBJDIR ".libs/"
| /* end confdefs.h.  */
| 
| /* Override any GCC internal prototype to avoid an error.
|    Use char because int might match the return type of a GCC
|    builtin and then its argument prototype would still apply.  */
| #ifdef __cplusplus
| extern "C"
| #endif
| char connect ();
| int
| main ()
| {
| return connect ();
|   ;
|   return 0;
| }
configure:11767: result: no
configure:11779: checking for ANSI C header files
configure:11947: result: yes
configure:11957: checking whether time.h and sys/time.h may both be included
configure:11987: /home/waker/prj/deadbeef/tools/apbuild/apgcc -c -m64 -O2 -D_GNU_SOURCE -D_FORTIFY_SOURCE=0 -fPIC -I/home/waker/prj/deadbeef-staticdeps/lib-x86-64/include  conftest.c >&5
configure:11994: $? = 0
configure:12009: result: yes
configure:12041: checking arpa/inet.h usability
configure:12058: /home/waker/prj/deadbeef/tools/apbuild/apgcc -c -m64 -O2 -D_GNU_SOURCE -D_FORTIFY_SOURCE=0 -fPIC -I/home/waker/prj/deadbeef-staticdeps/lib-x86-64/include  conftest.c >&5
configure:12065: $? = 0
configure:12079: result: yes
configure:12083: checking arpa/inet.h presence
configure:12098: /home/waker/prj/deadbeef/tools/apbuild/apgcc -E  conftest.c
configure:12105: $? = 0
configure:12119: result: yes
configure:12147: checking for arpa/inet.h
configure:12156: result: yes
configure:12041: checking netdb.h usability
configure:12058: /home/waker/prj/deadbeef/tools/apbuild/apgcc -c -m64 -O2 -D_GNU_SOURCE -D_FORTIFY_SOURCE=0 -fPIC -I/home/waker/prj/deadbeef-staticdeps/lib-x86-64/include  conftest.c >&5
configure:12065: $? = 0
configure:12079: result: yes
configure:12083: checking netdb.h presence
configure:12098: /home/waker/prj/deadbeef/tools/apbuild/apgcc -E  conftest.c
configure:12105: $? = 0
configure:12119: result: yes
configure:12147: checking for netdb.h
configure:12156: result: yes
configure:12041: checking netinet/in.h usability
configure:12058: /home/waker/prj/deadbeef/tools/apbuild/apgcc -c -m64 -O2 -D_GNU_SOURCE -D_FORTIFY_SOURCE=0 -fPIC -I/home/waker/prj/deadbeef-staticdeps/lib-x86-64/include  conftest.c >&5
configure:12065: $? = 0
configure:12079: result: yes
configure:12083: checking netinet/in.h presence
configure:12098: /home/waker/prj/deadbeef/tools/apbuild/apgcc -E  conftest.c
configure:12105: $? = 0
configure:12119: result: yes
configure:12147: checking for netinet/in.h
configure:12156: result: yes
configure:12041: checking regex.h usability
configure:12058: /home/waker/prj/deadbeef/tools/apbuild/apgcc -c -m64 -O2 -D_GNU_SOURCE -D_FORTIFY_SOURCE=0 -fPIC -I/home/waker/prj/deadbeef-staticdeps/lib-x86-64/include  conftest.c >&5
configure:12065: $? = 0
configure:12079: result: yes
configure:12083: checking regex.h presence
configure:12098: /home/waker/prj/deadbeef/tools/apbuild/apgcc -E  conftest.c
configure:12105: $? = 0
configure:12119: result: yes
configure:12147: checking for regex.h
configure:12156: result: yes
configure:12030: checking for stdlib.h
configure:12037: result: yes
configure:12030: checking for string.h
configure:12037: result: yes
configure:12041: checking sys/socket.h usability
configure:12058: /home/waker/prj/deadbeef/tools/apbuild/apgcc -c -m64 -O2 -D_GNU_SOURCE -D_FORTIFY_SOURCE=0 -fPIC -I/home/waker/prj/deadbeef-staticdeps/lib-x86-64/include  conftest.c >&5
configure:12065: $? = 0
configure:12079: result: yes
configure:12083: checking sys/socket.h presence
configure:12098: /home/waker/prj/deadbeef/tools/apbuild/apgcc -E  conftest.c
configure:12105: $? = 0
configure:12119: result: yes
configure:12147: checking for sys/socket.h
configure:12156: result: yes
configure:12182: checking for unistd.h
configure:12189: result: yes
configure:12193: checking errno.h usability
configure:12210: /home/waker/prj/deadbeef/tools/apbuild/apgcc -c -m64 -O2 -D_GNU_SOURCE -D_FORTIFY_SOURCE=0 -fPIC -I/home/waker/prj/deadbeef-staticdeps/lib-x86-64/include  conftest.c >&5
configure:12217: $? = 0
configure:12231: result: yes
configure:12235: checking errno.h presence
configure:12250: /home/waker/prj/deadbeef/tools/apbuild/apgcc -E  conftest.c
configure:12257: $? = 0
configure:12271: result: yes
configure:12299: checking for errno.h
configure:12308: result: yes
configure:12193: checking time.h usability
configure:12210: /home/waker/prj/deadbeef/tools/apbuild/apgcc -c -m64 -O2 -D_GNU_SOURCE -D_FORTIFY_SOURCE=0 -fPIC -I/home/waker/prj/deadbeef-staticdeps/lib-x86-64/include  conftest.c >&5
configure:12217: $? = 0
configure:12231: result: yes
configure:12235: checking time.h presence
configure:12250: /home/waker/prj/deadbeef/tools/apbuild/apgcc -E  conftest.c
configure:12257: $? = 0
configure:12271: result: yes
configure:12299: checking for time.h
configure:12308: result: yes
configure:12193: checking sys/time.h usability
configure:12210: /home/waker/prj/deadbeef/tools/apbuild/apgcc -c -m64 -O2 -D_GNU_SOURCE -D_FORTIFY_SOURCE=0 -fPIC -I/home/waker/prj/deadbeef-staticdeps/lib-x86-64/include  conftest.c >&5
configure:12217: $? = 0
configure:12231: result: yes
configure:12235: checking sys/time.h presence
configure:12250: /home/waker/prj/deadbeef/tools/apbuild/apgcc -E  conftest.c
configure:12257: $? = 0
configure:12271: result: yes
configure:12299: checking for sys/time.h
configure:12308: result: yes
configure:12193: checking fcntl.h usability
configure:12210: /home/waker/prj/deadbeef/tools/apbuild/apgcc -c -m64 -O2 -D_GNU_SOURCE -D_FORTIFY_SOURCE=0 -fPIC -I/home/waker/prj/deadbeef-staticdeps/lib-x86-64/include  conftest.c >&5
configure:12217: $? = 0
configure:12231: result: yes
configure:12235: checking fcntl.h presence
configure:12250: /home/waker/prj/deadbeef/tools/apbuild/apgcc -E  conftest.c
configure:12257: $? = 0
configure:12271: result: yes
configure:12299: checking for fcntl.h
configure:12308: result: yes
configure:12193: checking windows.h usability
configure:12210: /home/waker/prj/deadbeef/tools/apbuild/apgcc -c -m64 -O2 -D_GNU_SOURCE -D_FORTIFY_SOURCE=0 -fPIC -I/home/waker/prj/deadbeef-staticdeps/lib-x86-64/include  conftest.c >&5
conftest.c:69:21: fatal error: windows.h: No such file or directory
 #include <windows.h>
                     ^
compilation terminated.
configure:12217: $? = 1
configure: failed program was:
| /* confdefs.h.  */
| #define PACKAGE_NAME "libcddb"
| #define PACKAGE_TARNAME "libcddb"
| #define PACKAGE_VERSION "1.3.2"
| #define PACKAGE_STRING "libcddb 1.3.2"
| #define PACKAGE_BUGREPORT ""
| #define PACKAGE "libcddb"
| #define VERSION "1.3.2"
| #define STDC_HEADERS 1
| #define HAVE_SYS_TYPES_H 1
| #define HAVE_SYS_STAT_H 1
| #define HAVE_STDLIB_H 1
| #define HAVE_STRING_H 1
| #define HAVE_MEMORY_H 1
| #define HAVE_STRINGS_H 1
| #define HAVE_INTTYPES_H 1
| #define HAVE_STDINT_H 1
| #define HAVE_UNISTD_H 1
| #define HAVE_DLFCN_H 1
| #define LT_OBJDIR ".libs/"
| #define STDC_HEADERS 1
| #define TIME_WITH_SYS_TIME 1
| #define HAVE_ARPA_INET_H 1
| #define HAVE_NETDB_H 1
| #define HAVE_NETINET_IN_H 1
| #define HAVE_REGEX_H 1
| #define HAVE_STDLIB_H 1
| #define HAVE_STRING_H 1
| #define HAVE_SYS_SOCKET_H 1
| #define HAVE_UNISTD_H 1
| #define HAVE_ERRNO_H 1
| #define HAVE_TIME_H 1
| #define HAVE_SYS_TIME_H 1
| #define HAVE_FCNTL_H 1
| /* end confdefs.h.  */
| #include <stdio.h>
| #ifdef HAVE_SYS_TYPES_H
| # include <sys/types.h>
| #endif
| #ifdef HAVE_SYS_STAT_H
| # include <sys/stat.h>
| #endif
| #ifdef STDC_HEADERS
| # include <stdlib.h>
| # include <stddef.h>
| #else
| # ifdef HAVE_STDLIB_H
| #  include <stdlib.h>
| # endif
| #endif
| #ifdef HAVE_STRING_H
| # if !defined STDC_HEADERS && defined HAVE_MEMORY_H
| #  include <memory.h>
| # endif
| # include <string.h>
| #endif
| #ifdef HAVE_STRINGS_H
| # include <strings.h>
| #endif
| #ifdef HAVE_INTTYPES_H
| # include <inttypes.h>
| #endif
| #ifdef HAVE_STDINT_H
| # include <stdint.h>
| #endif
| #ifdef HAVE_UNISTD_H
| # include <unistd.h>
| #endif
| #include <windows.h>
configure:12231: result: no
configure:12235: checking windows.h presence
configure:12250: /home/waker/prj/deadbeef/tools/apbuild/apgcc -E  conftest.c
conftest.c:36:21: fatal error: windows.h: No such file or directory
 #include <windows.h>
                     ^
compilation terminated.
configure:12257: $? = 1
configure: failed program was:
| /* confdefs.h.  */
| #define PACKAGE_NAME "libcddb"
| #define PACKAGE_TARNAME "libcddb"
| #define PACKAGE_VERSION "1.3.2"
| #define PACKAGE_STRING "libcddb 1.3.2"
| #define PACKAGE_BUGREPORT ""
| #define PACKAGE "libcddb"
| #define VERSION "1.3.2"
| #define STDC_HEADERS 1
| #define HAVE_SYS_TYPES_H 1
| #define HAVE_SYS_STAT_H 1
| #define HAVE_STDLIB_H 1
| #define HAVE_STRING_H 1
| #define HAVE_MEMORY_H 1
| #define HAVE_STRINGS_H 1
| #define HAVE_INTTYPES_H 1
| #define HAVE_STDINT_H 1
| #define HAVE_UNISTD_H 1
| #define HAVE_DLFCN_H 1
| #define LT_OBJDIR ".libs/"
| #define STDC_HEADERS 1
| #define TIME_WITH_SYS_TIME 1
| #define HAVE_ARPA_INET_H 1
| #define HAVE_NETDB_H 1
| #define HAVE_NETINET_IN_H 1
| #define HAVE_REGEX_H 1
| #define HAVE_STDLIB_H 1
| #define HAVE_STRING_H 1
| #define HAVE_SYS_SOCKET_H 1
| #define HAVE_UNISTD_H 1
| #define HAVE_ERRNO_H 1
| #define HAVE_TIME_H 1
| #define HAVE_SYS_TIME_H 1
| #define HAVE_FCNTL_H 1
| /* end confdefs.h.  */
| #include <windows.h>
configure:12271: result: no
configure:12299: checking for windows.h
configure:12308: result: no
configure:12193: checking winsock2.h usability
configure:12210: /home/waker/prj/deadbeef/tools/apbuild/apgcc -c -m64 -O2 -D_GNU_SOURCE -D_FORTIFY_SOURCE=0 -fPIC -I/home/waker/prj/deadbeef-staticdeps/lib-x86-64/include  conftest.c >&5
conftest.c:69:22: fatal error: winsock2.h: No such file or directory
 #include <winsock2.h>
                      ^
compilation terminated.
configure:12217: $? = 1
configure: failed program was:
| /* confdefs.h.  */
| #define PACKAGE_NAME "libcddb"
| #define PACKAGE_TARNAME "libcddb"
| #define PACKAGE_VERSION "1.3.2"
| #define PACKAGE_STRING "libcddb 1.3.2"
| #define PACKAGE_BUGREPORT ""
| #define PACKAGE "libcddb"
| #define VERSION "1.3.2"
| #define STDC_HEADERS 1
| #define HAVE_SYS_TYPES_H 1
| #define HAVE_SYS_STAT_H 1
| #define HAVE_STDLIB_H 1
| #define HAVE_STRING_H 1
| #define HAVE_MEMORY_H 1
| #define HAVE_STRINGS_H 1
| #define HAVE_INTTYPES_H 1
| #define HAVE_STDINT_H 1
| #define HAVE_UNISTD_H 1
| #define HAVE_DLFCN_H 1
| #define LT_OBJDIR ".libs/"
| #define STDC_HEADERS 1
| #define TIME_WITH_SYS_TIME 1
| #define HAVE_ARPA_INET_H 1
| #define HAVE_NETDB_H 1
| #define HAVE_NETINET_IN_H 1
| #define HAVE_REGEX_H 1
| #define HAVE_STDLIB_H 1
| #define HAVE_STRING_H 1
| #define HAVE_SYS_SOCKET_H 1
| #define HAVE_UNISTD_H 1
| #define HAVE_ERRNO_H 1
| #define HAVE_TIME_H 1
| #define HAVE_SYS_TIME_H 1
| #define HAVE_FCNTL_H 1
| /* end confdefs.h.  */
| #include <stdio.h>
| #ifdef HAVE_SYS_TYPES_H
| # include <sys/types.h>
| #endif
| #ifdef HAVE_SYS_STAT_H
| # include <sys/stat.h>
| #endif
| #ifdef STDC_HEADERS
| # include <stdlib.h>
| # include <stddef.h>
| #else
| # ifdef HAVE_STDLIB_H
| #  include <stdlib.h>
| # endif
| #endif
| #ifdef HAVE_STRING_H
| # if !defined STDC_HEADERS && defined HAVE_MEMORY_H
| #  include <memory.h>
| # endif
| # include <string.h>
| #endif
| #ifdef HAVE_STRINGS_H
| # include <strings.h>
| #endif
| #ifdef HAVE_INTTYPES_H
| # include <inttypes.h>
| #endif
| #ifdef HAVE_STDINT_H
| # include <stdint.h>
| #endif
| #ifdef HAVE_UNISTD_H
| # include <unistd.h>
| #endif
| #include <winsock2.h>
configure:12231: result: no
configure:12235: checking winsock2.h presence
configure:12250: /home/waker/prj/deadbeef/tools/apbuild/apgcc -E  conftest.c
conftest.c:36:22: fatal error: winsock2.h: No such file or directory
 #include <winsock2.h>
                      ^
compilation terminated.
configure:12257: $? = 1
configure: failed program was:
| /* confdefs.h.  */
| #define PACKAGE_NAME "libcddb"
| #define PACKAGE_TARNAME "libcddb"
| #define PACKAGE_VERSION "1.3.2"
| #define PACKAGE_STRING "libcddb 1.3.2"
| #define PACKAGE_BUGREPORT ""
| #define PACKAGE "libcddb"
| #define VERSION "1.3.2"
| #define STDC_HEADERS 1
| #define HAVE_SYS_TYPES_H 1
| #define HAVE_SYS_STAT_H 1
| #define HAVE_STDLIB_H 1
| #define HAVE_STRING_H 1
| #define HAVE_MEMORY_H 1
| #define HAVE_STRINGS_H 1
| #define HAVE_INTTYPES_H 1
| #define HAVE_STDINT_H 1
| #define HAVE_UNISTD_H 1
| #define HAVE_DLFCN_H 1
| #define LT_OBJDIR ".libs/"
| #define STDC_HEADERS 1
| #define TIME_WITH_SYS_TIME 1
| #define HAVE_ARPA_INET_H 1
| #define HAVE_NETDB_H 1
| #define HAVE_NETINET_IN_H 1
| #define HAVE_REGEX_H 1
| #define HAVE_STDLIB_H 1
| #define HAVE_STRING_H 1
| #define HAVE_SYS_SOCKET_H 1
| #define HAVE_UNISTD_H 1
| #define HAVE_ERRNO_H 1
| #define HAVE_TIME_H 1
| #define HAVE_SYS_TIME_H 1
| #define HAVE_FCNTL_H 1
| /* end confdefs.h.  */
| #include <winsock2.h>
configure:12271: result: no
configure:12299: checking for winsock2.h
configure:12308: result: no
configure:12324: checking for an ANSI C-conforming const
configure:12399: /home/waker/prj/deadbeef/tools/apbuild/apgcc -c -m64 -O2 -D_GNU_SOURCE -D_FORTIFY_SOURCE=0 -fPIC -I/home/waker/prj/deadbeef-staticdeps/lib-x86-64/include  conftest.c >&5
configure:12406: $? = 0
configure:12421: result: yes
configure:12431: checking for size_t
configure:12459: /home/waker/prj/deadbeef/tools/apbuild/apgcc -c -m64 -O2 -D_GNU_SOURCE -D_FORTIFY_SOURCE=0 -fPIC -I/home/waker/prj/deadbeef-staticdeps/lib-x86-64/include  conftest.c >&5
configure:12466: $? = 0
configure:12493: /home/waker/prj/deadbeef/tools/apbuild/apgcc -c -m64 -O2 -D_GNU_SOURCE -D_FORTIFY_SOURCE=0 -fPIC -I/home/waker/prj/deadbeef-staticdeps/lib-x86-64/include  conftest.c >&5
conftest.c: In function 'main':
conftest.c:72:21: error: expected expression before ')' token
 if (sizeof ((size_t)))
                     ^
configure:12500: $? = 1
configure: failed program was:
| /* confdefs.h.  */
| #define PACKAGE_NAME "libcddb"
| #define PACKAGE_TARNAME "libcddb"
| #define PACKAGE_VERSION "1.3.2"
| #define PACKAGE_STRING "libcddb 1.3.2"
| #define PACKAGE_BUGREPORT ""
| #define PACKAGE "libcddb"
| #define VERSION "1.3.2"
| #define STDC_HEADERS 1
| #define HAVE_SYS_TYPES_H 1
| #define HAVE_SYS_STAT_H 1
| #define HAVE_STDLIB_H 1
| #define HAVE_STRING_H 1
| #define HAVE_MEMORY_H 1
| #define HAVE_STRINGS_H 1
| #define HAVE_INTTYPES_H 1
| #define HAVE_STDINT_H 1
| #define HAVE_UNISTD_H 1
| #define HAVE_DLFCN_H 1
| #define LT_OBJDIR ".libs/"
| #define STDC_HEADERS 1
| #define TIME_WITH_SYS_TIME 1
| #define HAVE_ARPA_INET_H 1
| #define HAVE_NETDB_H 1
| #define HAVE_NETINET_IN_H 1
| #define HAVE_REGEX_H 1
| #define HAVE_STDLIB_H 1
| #define HAVE_STRING_H 1
| #define HAVE_SYS_SOCKET_H 1
| #define HAVE_UNISTD_H 1
| #define HAVE_ERRNO_H 1
| #define HAVE_TIME_H 1
| #define HAVE_SYS_TIME_H 1
| #define HAVE_FCNTL_H 1
| /* end confdefs.h.  */
| #include <stdio.h>
| #ifdef HAVE_SYS_TYPES_H
| # include <sys/types.h>
| #endif
| #ifdef HAVE_SYS_STAT_H
| # include <sys/stat.h>
| #endif
| #ifdef STDC_HEADERS
| # include <stdlib.h>
| # include <stddef.h>
| #else
| # ifdef HAVE_STDLIB_H
| #  include <stdlib.h>
| # endif
| #endif
| #ifdef HAVE_STRING_H
| # if !defined STDC_HEADERS && defined HAVE_MEMORY_H
| #  include <memory.h>
| # endif
| # include <string.h>
| #endif
| #ifdef HAVE_STRINGS_H
| # include <strings.h>
| #endif
| #ifdef HAVE_INTTYPES_H
| # include <inttypes.h>
| #endif
| #ifdef HAVE_STDINT_H
| # include <stdint.h>
| #endif
| #ifdef HAVE_UNISTD_H
| # include <unistd.h>
| #endif
| int
| main ()
| {
| if (sizeof ((size_t)))
| 	  return 0;
|   ;
|   return 0;
| }
configure:12523: result: yes
configure:12541: checking for stdlib.h
configure:12548: result: yes
configure:12682: checking for GNU libc compatible malloc
configure:12716: /home/waker/prj/deadbeef/tools/apbuild/apgcc -o conftest -m64 -O2 -D_GNU_SOURCE -D_FORTIFY_SOURCE=0 -fPIC -I/home/waker/prj/deadbeef-staticdeps/lib-x86-64/include  -m64 -L/home/waker/prj/deadbeef-staticdeps/lib-x86-64/lib conftest.c  >&5
configure:12720: $? = 0
configure:12726: ./conftest
configure:12730: $? = 0
configure:12747: result: yes
configure:12780: checking for stdlib.h
configure:12787: result: yes
configure:12921: checking for GNU libc compatible realloc
configure:12955: /home/waker/prj/deadbeef/tools/apbuild/apgcc -o conftest -m64 -O2 -D_GNU_SOURCE -D_FORTIFY_SOURCE=0 -fPIC -I/home/waker/prj/deadbeef-staticdeps/lib-x86-64/include  -m64 -L/home/waker/prj/deadbeef-staticdeps/lib-x86-64/lib conftest.c  >&5
configure:12959: $? = 0
configure:12965: ./conftest
configure:12969: $? = 0
configure:12986: result: yes
configure:13014: checking whether lstat dereferences a symlink specified with a trailing slash
configure:13050: /home/waker/prj/deadbeef/tools/apbuild/apgcc -o conftest -m64 -O2 -D_GNU_SOURCE -D_FORTIFY_SOURCE=0 -fPIC -I/home/waker/prj/deadbeef-staticdeps/lib-x86-64/include  -m64 -L/home/waker/prj/deadbeef-staticdeps/lib-x86-64/lib conftest.c  >&5
configure:13054: $? = 0
configure:13060: ./conftest
configure:13064: $? = 0
configure:13088: result: yes
configure:13107: checking whether stat accepts an empty string
configure:13137: /home/waker/prj/deadbeef/tools/apbuild/apgcc -o conftest -m64 -O2 -D_GNU_SOURCE -D_FORTIFY_SOURCE=0 -fPIC -I/home/waker/prj/deadbeef-staticdeps/lib-x86-64/include  -m64 -L/home/waker/prj/deadbeef-staticdeps/lib-x86-64/lib conftest.c  >&5
configure:13141: $? = 0
configure:13147: ./conftest
configure:13151: $? = 0
configure:13168: result: no
configure:13188: checking for vprintf
configure:13244: /home/waker/prj/deadbeef/tools/apbuild/apgcc -o conftest -m64 -O2 -D_GNU_SOURCE -D_FORTIFY_SOURCE=0 -fPIC -I/home/waker/prj/deadbeef-staticdeps/lib-x86-64/include  -m64 -L/home/waker/prj/deadbeef-staticdeps/lib-x86-64/lib conftest.c  >&5
conftest.c:64:6: warning: conflicting types for built-in function 'vprintf' [enabled by default]
 char vprintf ();
      ^
configure:13251: $? = 0
configure:13273: result: yes
configure:13282: checking for _doprnt
configure:13338: /home/waker/prj/deadbeef/tools/apbuild/apgcc -o conftest -m64 -O2 -D_GNU_SOURCE -D_FORTIFY_SOURCE=0 -fPIC -I/home/waker/prj/deadbeef-staticdeps/lib-x86-64/include  -m64 -L/home/waker/prj/deadbeef-staticdeps/lib-x86-64/lib conftest.c  >&5
/tmp/cc26b8ek.o: In function `main':
conftest.c:(.text.startup+0x7): undefined reference to `_doprnt'
collect2: error: ld returned 1 exit status
configure:13345: $? = 1
configure: failed program was:
| /* confdefs.h.  */
| #define PACKAGE_NAME "libcddb"
| #define PACKAGE_TARNAME "libcddb"
| #define PACKAGE_VERSION "1.3.2"
| #define PACKAGE_STRING "libcddb 1.3.2"
| #define PACKAGE_BUGREPORT ""
| #define PACKAGE "libcddb"
| #define VERSION "1.3.2"
| #define STDC_HEADERS 1
| #define HAVE_SYS_TYPES_H 1
| #define HAVE_SYS_STAT_H 1
| #define HAVE_STDLIB_H 1
| #define HAVE_STRING_H 1
| #define HAVE_MEMORY_H 1
| #define HAVE_STRINGS_H 1
| #define HAVE_INTTYPES_H 1
| #define HAVE_STDINT_H 1
| #define HAVE_UNISTD_H 1
| #define HAVE_DLFCN_H 1
| #define LT_OBJDIR ".libs/"
| #define STDC_HEADERS 1
| #define TIME_WITH_SYS_TIME 1
| #define HAVE_ARPA_INET_H 1
| #define HAVE_NETDB_H 1
| #define HAVE_NETINET_IN_H 1
| #define HAVE_REGEX_H 1
| #define HAVE_STDLIB_H 1
| #define HAVE_STRING_H 1
| #define HAVE_SYS_SOCKET_H 1
| #define HAVE_UNISTD_H 1
| #define HAVE_ERRNO_H 1
| #define HAVE_TIME_H 1
| #define HAVE_SYS_TIME_H 1
| #define HAVE_FCNTL_H 1
| #define HAVE_STDLIB_H 1
| #define HAVE_MALLOC 1
| #define HAVE_STDLIB_H 1
| #define HAVE_REALLOC 1
| #define LSTAT_FOLLOWS_SLASHED_SYMLINK 1
| #define HAVE_VPRINTF 1
| /* end confdefs.h.  */
| /* Define _doprnt to an innocuous variant, in case <limits.h> declares _doprnt.
|    For example, HP-UX 11i <limits.h> declares gettimeofday.  */
| #define _doprnt innocuous__doprnt
| 
| /* System header to define __stub macros and hopefully few prototypes,
|     which can conflict with char _doprnt (); below.
|     Prefer <limits.h> to <assert.h> if __STDC__ is defined, since
|     <limits.h> exists even on freestanding compilers.  */
| 
| #ifdef __STDC__
| # include <limits.h>
| #else
| # include <assert.h>
| #endif
| 
| #undef _doprnt
| 
| /* Override any GCC internal prototype to avoid an error.
|    Use char because int might match the return type of a GCC
|    builtin and then its argument prototype would still apply.  */
| #ifdef __cplusplus
| extern "C"
| #endif
| char _doprnt ();
| /* The GNU C library defines this for functions which it implements
|     to always fail with ENOSYS.  Some functions are actually named
|     something starting with __ and the normal name is an alias.  */
| #if defined __stub__doprnt || defined __stub____doprnt
| choke me
| #endif
| 
| int
| main ()
| {
| return _doprnt ();
|   ;
|   return 0;
| }
configure:13365: result: no
configure:13396: checking sys/select.h usability
configure:13413: /home/waker/prj/deadbeef/tools/apbuild/apgcc -c -m64 -O2 -D_GNU_SOURCE -D_FORTIFY_SOURCE=0 -fPIC -I/home/waker/prj/deadbeef-staticdeps/lib-x86-64/include  conftest.c >&5
configure:13420: $? = 0
configure:13434: result: yes
configure:13438: checking sys/select.h presence
configure:13453: /home/waker/prj/deadbeef/tools/apbuild/apgcc -E  conftest.c
configure:13460: $? = 0
configure:13474: result: yes
configure:13502: checking for sys/select.h
configure:13511: result: yes
configure:13385: checking for sys/socket.h
configure:13392: result: yes
configure:13526: checking types of arguments for select
configure:13564: /home/waker/prj/deadbeef/tools/apbuild/apgcc -c -m64 -O2 -D_GNU_SOURCE -D_FORTIFY_SOURCE=0 -fPIC -I/home/waker/prj/deadbeef-staticdeps/lib-x86-64/include  conftest.c >&5
configure:13571: $? = 0
configure:13592: result: int,fd_set *,struct timeval *
configure:13628: checking for mkdir
configure:13684: /home/waker/prj/deadbeef/tools/apbuild/apgcc -o conftest -m64 -O2 -D_GNU_SOURCE -D_FORTIFY_SOURCE=0 -fPIC -I/home/waker/prj/deadbeef-staticdeps/lib-x86-64/include  -m64 -L/home/waker/prj/deadbeef-staticdeps/lib-x86-64/lib conftest.c  >&5
configure:13691: $? = 0
configure:13713: result: yes
configure:13628: checking for regcomp
configure:13684: /home/waker/prj/deadbeef/tools/apbuild/apgcc -o conftest -m64 -O2 -D_GNU_SOURCE -D_FORTIFY_SOURCE=0 -fPIC -I/home/waker/prj/deadbeef-staticdeps/lib-x86-64/include  -m64 -L/home/waker/prj/deadbeef-staticdeps/lib-x86-64/lib conftest.c  >&5
configure:13691: $? = 0
configure:13713: result: yes
configure:13628: checking for socket
configure:13684: /home/waker/prj/deadbeef/tools/apbuild/apgcc -o conftest -m64 -O2 -D_GNU_SOURCE -D_FORTIFY_SOURCE=0 -fPIC -I/home/waker/prj/deadbeef-staticdeps/lib-x86-64/include  -m64 -L/home/waker/prj/deadbeef-staticdeps/lib-x86-64/lib conftest.c  >&5
configure:13691: $? = 0
configure:13713: result: yes
configure:13628: checking for strdup
configure:13684: /home/waker/prj/deadbeef/tools/apbuild/apgcc -o conftest -m64 -O2 -D_GNU_SOURCE -D_FORTIFY_SOURCE=0 -fPIC -I/home/waker/prj/deadbeef-staticdeps/lib-x86-64/include  -m64 -L/home/waker/prj/deadbeef-staticdeps/lib-x86-64/lib conftest.c  >&5
conftest.c:73:6: warning: conflicting types for built-in function 'strdup' [enabled by default]
 char strdup ();
      ^
configure:13691: $? = 0
configure:13713: result: yes
configure:13628: checking for strtol
configure:13684: /home/waker/prj/deadbeef/tools/apbuild/apgcc -o conftest -m64 -O2 -D_GNU_SOURCE -D_FORTIFY_SOURCE=0 -fPIC -I/home/waker/prj/deadbeef-staticdeps/lib-x86-64/include  -m64 -L/home/waker/prj/deadbeef-staticdeps/lib-x86-64/lib conftest.c  >&5
configure:13691: $? = 0
configure:13713: result: yes
configure:13628: checking for strchr
configure:13684: /home/waker/prj/deadbeef/tools/apbuild/apgcc -o conftest -m64 -O2 -D_GNU_SOURCE -D_FORTIFY_SOURCE=0 -fPIC -I/home/waker/prj/deadbeef-staticdeps/lib-x86-64/include  -m64 -L/home/waker/prj/deadbeef-staticdeps/lib-x86-64/lib conftest.c  >&5
conftest.c:75:6: warning: conflicting types for built-in function 'strchr' [enabled by default]
 char strchr ();
      ^
configure:13691: $? = 0
configure:13713: result: yes
configure:13628: checking for memset
configure:13684: /home/waker/prj/deadbeef/tools/apbuild/apgcc -o conftest -m64 -O2 -D_GNU_SOURCE -D_FORTIFY_SOURCE=0 -fPIC -I/home/waker/prj/deadbeef-staticdeps/lib-x86-64/include  -m64 -L/home/waker/prj/deadbeef-staticdeps/lib-x86-64/lib conftest.c  >&5
conftest.c:76:6: warning: conflicting types for built-in function 'memset' [enabled by default]
 char memset ();
      ^
configure:13691: $? = 0
configure:13713: result: yes
configure:13628: checking for alarm
configure:13684: /home/waker/prj/deadbeef/tools/apbuild/apgcc -o conftest -m64 -O2 -D_GNU_SOURCE -D_FORTIFY_SOURCE=0 -fPIC -I/home/waker/prj/deadbeef-staticdeps/lib-x86-64/include  -m64 -L/home/waker/prj/deadbeef-staticdeps/lib-x86-64/lib conftest.c  >&5
configure:13691: $? = 0
configure:13713: result: yes
configure:13628: checking for select
configure:13684: /home/waker/prj/deadbeef/tools/apbuild/apgcc -o conftest -m64 -O2 -D_GNU_SOURCE -D_FORTIFY_SOURCE=0 -fPIC -I/home/waker/prj/deadbeef-staticdeps/lib-x86-64/include  -m64 -L/home/waker/prj/deadbeef-staticdeps/lib-x86-64/lib conftest.c  >&5
configure:13691: $? = 0
configure:13713: result: yes
configure:13628: checking for realloc
configure:13684: /home/waker/prj/deadbeef/tools/apbuild/apgcc -o conftest -m64 -O2 -D_GNU_SOURCE -D_FORTIFY_SOURCE=0 -fPIC -I/home/waker/prj/deadbeef-staticdeps/lib-x86-64/include  -m64 -L/home/waker/prj/deadbeef-staticdeps/lib-x86-64/lib conftest.c  >&5
conftest.c:79:6: warning: conflicting types for built-in function 'realloc' [enabled by default]
 char realloc ();
      ^
configure:13691: $? = 0
configure:13713: result: yes
configure:13725: checking for gethostbyname
configure:13781: /home/waker/prj/deadbeef/tools/apbuild/apgcc -o conftest -m64 -O2 -D_GNU_SOURCE -D_FORTIFY_SOURCE=0 -fPIC -I/home/waker/prj/deadbeef-staticdeps/lib-x86-64/include  -m64 -L/home/waker/prj/deadbeef-staticdeps/lib-x86-64/lib conftest.c  >&5
configure:13788: $? = 0
configure:13808: result: yes
configure:13941: checking for pkg-config
configure:13959: found /usr/bin/pkg-config
configure:13971: result: /usr/bin/pkg-config
configure:13996: checking pkg-config is at least version 0.9.0
configure:13999: result: yes
configure:14010: checking for LIBCDIO
configure:14017: $PKG_CONFIG --exists --print-errors "libcdio >= 0.76"
configure:14020: $? = 0
configure:14033: $PKG_CONFIG --exists --print-errors "libcdio >= 0.76"
configure:14036: $? = 0
configure:14075: result: yes
configure:14109: checking iconv.h usability
configure:14126: /home/waker/prj/deadbeef/tools/apbuild/apgcc -c -m64 -O2 -D_GNU_SOURCE -D_FORTIFY_SOURCE=0 -fPIC -I/home/waker/prj/deadbeef-staticdeps/lib-x86-64/include  conftest.c >&5
configure:14133: $? = 0
configure:14147: result: yes
configure:14151: checking iconv.h presence
configure:14166: /home/waker/prj/deadbeef/tools/apbuild/apgcc -E  conftest.c
configure:14173: $? = 0
configure:14187: result: yes
configure:14215: checking for iconv.h
configure:14224: result: yes
configure:14281: checking for ld used by GCC
configure:14345: result: /usr/bin/ld -m elf_x86_64
configure:14354: checking if the linker (/usr/bin/ld -m elf_x86_64) is GNU ld
configure:14367: result: yes
configure:14374: checking for shared library run path origin
configure:14387: result: done
configure:14895: checking for iconv
configure:14927: /home/waker/prj/deadbeef/tools/apbuild/apgcc -o conftest -m64 -O2 -D_GNU_SOURCE -D_FORTIFY_SOURCE=0 -fPIC -I/home/waker/prj/deadbeef-staticdeps/lib-x86-64/include  -m64 -L/home/waker/prj/deadbeef-staticdeps/lib-x86-64/lib conftest.c  >&5
configure:14934: $? = 0
configure:15011: result: yes
configure:15014: checking for working iconv
configure:15100: /home/waker/prj/deadbeef/tools/apbuild/apgcc -o conftest -m64 -O2 -D_GNU_SOURCE -D_FORTIFY_SOURCE=0 -fPIC -I/home/waker/prj/deadbeef-staticdeps/lib-x86-64/include  -m64 -L/home/waker/prj/deadbeef-staticdeps/lib-x86-64/lib conftest.c  >&5
configure:15104: $? = 0
configure:15110: ./conftest
configure:15114: $? = 0
configure:15133: result: yes
configure:15163: checking for iconv declaration
configure:15202: /home/waker/prj/deadbeef/tools/apbuild/apgcc -c -m64 -O2 -D_GNU_SOURCE -D_FORTIFY_SOURCE=0 -fPIC -I/home/waker/prj/deadbeef-staticdeps/lib-x86-64/include  conftest.c >&5
configure:15209: $? = 0
configure:15228: result: 
         extern size_t iconv (iconv_t cd, char * *inbuf, size_t *inbytesleft, char * *outbuf, size_t *outbytesleft);
configure:15323: checking whether /home/waker/prj/deadbeef/tools/apbuild/apgcc accepts -Wall
configure:15346: /home/waker/prj/deadbeef/tools/apbuild/apgcc -c -m64 -O2 -D_GNU_SOURCE -D_FORTIFY_SOURCE=0 -fPIC -I/home/waker/prj/deadbeef-staticdeps/lib-x86-64/include -Wall  conftest.c >&5
configure:15353: $? = 0
configure:15368: result: yes
configure:15323: checking whether /home/waker/prj/deadbeef/tools/apbuild/apgcc accepts -Wchar-subscripts
configure:15346: /home/waker/prj/deadbeef/tools/apbuild/apgcc -c -m64 -O2 -D_GNU_SOURCE -D_FORTIFY_SOURCE=0 -fPIC -I/home/waker/prj/deadbeef-staticdeps/lib-x86-64/include -Wchar-subscripts  conftest.c >&5
configure:15353: $? = 0
configure:15368: result: yes
configure:15323: checking whether /home/waker/prj/deadbeef/tools/apbuild/apgcc accepts -Wmissing-prototypes
configure:15346: /home/waker/prj/deadbeef/tools/apbuild/apgcc -c -m64 -O2 -D_GNU_SOURCE -D_FORTIFY_SOURCE=0 -fPIC -I/home/waker/prj/deadbeef-staticdeps/lib-x86-64/include -Wmissing-prototypes  conftest.c >&5
configure:15353: $? = 0
configure:15368: result: yes
configure:15323: checking whether /home/waker/prj/deadbeef/tools/apbuild/apgcc accepts -Wmissing-declarations
configure:15346: /home/waker/prj/deadbeef/tools/apbuild/apgcc -c -m64 -O2 -D_GNU_SOURCE -D_FORTIFY_SOURCE=0 -fPIC -I/home/waker/prj/deadbeef-staticdeps/lib-x86-64/include -Wmissing-declarations  conftest.c >&5
configure:15353: $? = 0
configure:15368: result: yes
configure:15323: checking whether /home/waker/prj/deadbeef/tools/apbuild/apgcc accepts -Wunused
configure:15346: /home/waker/prj/deadbeef/tools/apbuild/apgcc -c -m64 -O2 -D_GNU_SOURCE -D_FORTIFY_SOURCE=0 -fPIC -I/home/waker/prj/deadbeef-staticdeps/lib-x86-64/include -Wunused  conftest.c >&5
configure:15353: $? = 0
configure:15368: result: yes
configure:15323: checking whether /home/waker/prj/deadbeef/tools/apbuild/apgcc accepts -Wpointer-arith
configure:15346: /home/waker/prj/deadbeef/tools/apbuild/apgcc -c -m64 -O2 -D_GNU_SOURCE -D_FORTIFY_SOURCE=0 -fPIC -I/home/waker/prj/deadbeef-staticdeps/lib-x86-64/include -Wpointer-arith  conftest.c >&5
configure:15353: $? = 0
configure:15368: result: yes
configure:15323: checking whether /home/waker/prj/deadbeef/tools/apbuild/apgcc accepts -Wwrite-strings
configure:15346: /home/waker/prj/deadbeef/tools/apbuild/apgcc -c -m64 -O2 -D_GNU_SOURCE -D_FORTIFY_SOURCE=0 -fPIC -I/home/waker/prj/deadbeef-staticdeps/lib-x86-64/include -Wwrite-strings  conftest.c >&5
configure:15353: $? = 0
configure:15368: result: yes
configure:15323: checking whether /home/waker/prj/deadbeef/tools/apbuild/apgcc accepts -Wnested-externs
configure:15346: /home/waker/prj/deadbeef/tools/apbuild/apgcc -c -m64 -O2 -D_GNU_SOURCE -D_FORTIFY_SOURCE=0 -fPIC -I/home/waker/prj/deadbeef-staticdeps/lib-x86-64/include -Wnested-externs  conftest.c >&5
configure:15353: $? = 0
configure:15368: result: yes
configure:15323: checking whether /home/waker/prj/deadbeef/tools/apbuild/apgcc accepts -Wno-sign-compare
configure:15346: /home/waker/prj/deadbeef/tools/apbuild/apgcc -c -m64 -O2 -D_GNU_SOURCE -D_FORTIFY_SOURCE=0 -fPIC -I/home/waker/prj/deadbeef-staticdeps/lib-x86-64/include -Wno-sign-compare  conftest.c >&5
configure:15353: $? = 0
configure:15368: result: yes
configure:15513: creating ./config.status

## ---------------------- ##
## Running config.status. ##
## ---------------------- ##

This file was extended by libcddb config.status 1.3.2, which was
generated by GNU Autoconf 2.63.  Invocation command line was

  CONFIG_FILES    = 
  CONFIG_HEADERS  = 
  CONFIG_LINKS    = 
  CONFIG_COMMANDS = 
  $ ./config.status 

on lazer

config.status:1044: creating Makefile
config.status:1044: creating libcddb.pc
config.status:1044: creating include/Makefile
config.status:1044: creating include/cddb/Makefile
config.status:1044: creating include/cddb/cddb_config.h
config.status:1044: creating include/cddb/version.h
config.status:1044: creating lib/Makefile
config.status:1044: creating examples/Makefile
config.status:1044: creating tests/Makefile
config.status:1044: creating tests/settings.sh
config.status:1044: creating config.h
config.status:1266: config.h is unchanged
config.status:1318: executing depfiles commands
config.status:1318: executing libtool commands

## ---------------- ##
## Cache variables. ##
## ---------------- ##

ac_cv_build=x86_64-unknown-linux-gnu
ac_cv_c_compiler_gnu=yes
ac_cv_c_const=yes
ac_cv_env_CC_set=set
ac_cv_env_CC_value=/home/waker/prj/deadbeef/tools/apbuild/apgcc
ac_cv_env_CFLAGS_set=set
ac_cv_env_CFLAGS_value='-m64 -O2 -D_GNU_SOURCE -D_FORTIFY_SOURCE=0 -fPIC -I/home/waker/prj/deadbeef-staticdeps/lib-x86-64/include'
ac_cv_env_CPPFLAGS_set=
ac_cv_env_CPPFLAGS_value=
ac_cv_env_CPP_set=
ac_cv_env_CPP_value=
ac_cv_env_LDFLAGS_set=set
ac_cv_env_LDFLAGS_value='-m64 -L/home/waker/prj/deadbeef-staticdeps/lib-x86-64/lib'
ac_cv_env_LIBCDIO_CFLAGS_set=
ac_cv_env_LIBCDIO_CFLAGS_value=
ac_cv_env_LIBCDIO_LIBS_set=
ac_cv_env_LIBCDIO_LIBS_value=
ac_cv_env_LIBS_set=
ac_cv_env_LIBS_value=
ac_cv_env_PKG_CONFIG_set=
ac_cv_env_PKG_CONFIG_value=
ac_cv_env_build_alias_set=set
ac_cv_env_build_alias_value=x86_64-unknown-linux-gnu
ac_cv_env_host_alias_set=
ac_cv_env_host_alias_value=
ac_cv_env_target_alias_set=
ac_cv_env_target_alias_value=
ac_cv_func__doprnt=no
ac_cv_func_alarm=yes
ac_cv_func_gethostbyname=yes
ac_cv_func_lstat_dereferences_slashed_symlink=yes
ac_cv_func_malloc_0_nonnull=yes
ac_cv_func_memset=yes
ac_cv_func_mkdir=yes
ac_cv_func_realloc=yes
ac_cv_func_realloc_0_nonnull=yes
ac_cv_func_regcomp=yes
ac_cv_func_select=yes
ac_cv_func_select_args='int,fd_set *,struct timeval *'
ac_cv_func_socket=yes
ac_cv_func_stat_empty_string_bug=no
ac_cv_func_strchr=yes
ac_cv_func_strdup=yes
ac_cv_func_strtol=yes
ac_cv_func_vprintf=yes
ac_cv_header_arpa_inet_h=yes
ac_cv_header_dlfcn_h=yes
ac_cv_header_errno_h=yes
ac_cv_header_fcntl_h=yes
ac_cv_header_iconv_h=yes
ac_cv_header_inttypes_h=yes
ac_cv_header_memory_h=yes
ac_cv_header_netdb_h=yes
ac_cv_header_netinet_in_h=yes
ac_cv_header_regex_h=yes
ac_cv_header_stdc=yes
ac_cv_header_stdint_h=yes
ac_cv_header_stdlib_h=yes
ac_cv_header_string_h=yes
ac_cv_header_strings_h=yes
ac_cv_header_sys_select_h=yes
ac_cv_header_sys_socket_h=yes
ac_cv_header_sys_stat_h=yes
ac_cv_header_sys_time_h=yes
ac_cv_header_sys_types_h=yes
ac_cv_header_time=yes
ac_cv_header_time_h=yes
ac_cv_header_unistd_h=yes
ac_cv_header_windows_h=no
ac_cv_header_winsock2_h=no
ac_cv_host=x86_64-unknown-linux-gnu
ac_cv_lib_network_connect=no
ac_cv_lib_socket_connect=no
ac_cv_objext=o
ac_cv_path_EGREP='/bin/grep -E'
ac_cv_path_FGREP='/bin/grep -F'
ac_cv_path_GREP=/bin/grep
ac_cv_path_SED=/bin/sed
ac_cv_path_ac_pt_PKG_CONFIG=/usr/bin/pkg-config
ac_cv_path_install='/usr/bin/install -c'
ac_cv_path_mkdir=/bin/mkdir
ac_cv_prog_AWK=gawk
ac_cv_prog_CPP='/home/waker/prj/deadbeef/tools/apbuild/apgcc -E'
ac_cv_prog_ac_ct_AR=ar
ac_cv_prog_ac_ct_CC=/home/waker/prj/deadbeef/tools/apbuild/apgcc
ac_cv_prog_ac_ct_OBJDUMP=objdump
ac_cv_prog_ac_ct_RANLIB=ranlib
ac_cv_prog_ac_ct_STRIP=strip
ac_cv_prog_cc_c89=
ac_cv_prog_cc_g=yes
ac_cv_prog_make_make_set=yes
ac_cv_type_size_t=yes
acl_cv_hardcode_direct=no
acl_cv_hardcode_libdir_flag_spec='${wl}-rpath ${wl}$libdir'
acl_cv_hardcode_libdir_separator=
acl_cv_hardcode_minus_L=no
acl_cv_libext=a
acl_cv_path_LD='/usr/bin/ld -m elf_x86_64'
acl_cv_prog_gnu_ld=yes
acl_cv_rpath=done
acl_cv_shlibext=so
acl_cv_wl=-Wl,
am_cv_CC_dependencies_compiler_type=gcc3
am_cv_func_iconv=yes
am_cv_func_iconv_works=yes
am_cv_lib_iconv=no
am_cv_proto_iconv='extern size_t iconv (iconv_t cd, char * *inbuf, size_t *inbytesleft, char * *outbuf, size_t *outbytesleft);'
am_cv_proto_iconv_arg1=
lt_cv_deplibs_check_method=pass_all
lt_cv_file_magic_cmd='$MAGIC_CMD'
lt_cv_file_magic_test_file=
lt_cv_ld_reload_flag=-r
lt_cv_nm_interface='BSD nm'
lt_cv_objdir=.libs
lt_cv_path_LD=/usr/bin/ld
lt_cv_path_NM='/usr/bin/nm -B'
lt_cv_prog_compiler_c_o=yes
lt_cv_prog_compiler_pic_works=yes
lt_cv_prog_compiler_rtti_exceptions=no
lt_cv_prog_compiler_static_works=no
lt_cv_prog_gnu_ld=yes
lt_cv_sys_global_symbol_pipe='sed -n -e '\''s/^.*[	 ]\([ABCDGIRSTW][ABCDGIRSTW]*\)[	 ][	 ]*\([_A-Za-z][_A-Za-z0-9]*\)$/\1 \2 \2/p'\'''
lt_cv_sys_global_symbol_to_c_name_address='sed -n -e '\''s/^: \([^ ]*\) $/  {\"\1\", (void *) 0},/p'\'' -e '\''s/^[ABCDGIRSTW]* \([^ ]*\) \([^ ]*\)$/  {"\2", (void *) \&\2},/p'\'''
lt_cv_sys_global_symbol_to_c_name_address_lib_prefix='sed -n -e '\''s/^: \([^ ]*\) $/  {\"\1\", (void *) 0},/p'\'' -e '\''s/^[ABCDGIRSTW]* \([^ ]*\) \(lib[^ ]*\)$/  {"\2", (void *) \&\2},/p'\'' -e '\''s/^[ABCDGIRSTW]* \([^ ]*\) \([^ ]*\)$/  {"lib\2", (void *) \&\2},/p'\'''
lt_cv_sys_global_symbol_to_cdecl='sed -n -e '\''s/^T .* \(.*\)$/extern int \1();/p'\'' -e '\''s/^[ABCDGIRSTW]* .* \(.*\)$/extern char \1;/p'\'''
lt_cv_sys_max_cmd_len=1572864
pkg_cv_LIBCDIO_CFLAGS='-I/home/waker/prj/deadbeef-staticdeps/lib-x86-64/include  '
pkg_cv_LIBCDIO_LIBS='-L/home/waker/prj/deadbeef-staticdeps/lib-x86-64/lib -lcdio -lm  '

## ----------------- ##
## Output variables. ##
## ----------------- ##

ACLOCAL='${SHELL} /home/waker/prj/deadbeef-staticdeps/libcddb-1.3.2/missing --run aclocal-1.10'
AMDEPBACKSLASH='\'
AMDEP_FALSE='#'
AMDEP_TRUE=''
AMTAR='${SHELL} /home/waker/prj/deadbeef-staticdeps/libcddb-1.3.2/missing --run tar'
AR='ar'
AS='as'
AUTOCONF='${SHELL} /home/waker/prj/deadbeef-staticdeps/libcddb-1.3.2/missing --run autoconf'
AUTOHEADER='${SHELL} /home/waker/prj/deadbeef-staticdeps/libcddb-1.3.2/missing --run autoheader'
AUTOMAKE='${SHELL} /home/waker/prj/deadbeef-staticdeps/libcddb-1.3.2/missing --run automake-1.10'
AWK='gawk'
CC='/home/waker/prj/deadbeef/tools/apbuild/apgcc'
CCDEPMODE='depmode=gcc3'
CFLAGS='-m64 -O2 -D_GNU_SOURCE -D_FORTIFY_SOURCE=0 -fPIC -I/home/waker/prj/deadbeef-staticdeps/lib-x86-64/include  -Wall -Wchar-subscripts -Wmissing-prototypes -Wmissing-declarations -Wunused -Wpointer-arith -Wwrite-strings -Wnested-externs -Wno-sign-compare '
CPP='/home/waker/prj/deadbeef/tools/apbuild/apgcc -E'
CPPFLAGS=''
CYGPATH_W='echo'
DEFS='-DHAVE_CONFIG_H'
DEPDIR='.deps'
DLLTOOL='dlltool'
DSYMUTIL=''
DUMPBIN=''
ECHO_C=''
ECHO_N='-n'
ECHO_T=''
EGREP='/bin/grep -E'
EXEEXT=''
FGREP='/bin/grep -F'
GREP='/bin/grep'
INSTALL_DATA='${INSTALL} -m 644'
INSTALL_PROGRAM='${INSTALL}'
INSTALL_SCRIPT='${INSTALL}'
INSTALL_STRIP_PROGRAM='$(install_sh) -c -s'
LD='/usr/bin/ld -m elf_x86_64'
LDFLAGS='-m64 -L/home/waker/prj/deadbeef-staticdeps/lib-x86-64/lib'
LIBCDDB_VERSION_NUM='131'
LIBCDIO_CFLAGS='-I/home/waker/prj/deadbeef-staticdeps/lib-x86-64/include  '
LIBCDIO_LIBS='-L/home/waker/prj/deadbeef-staticdeps/lib-x86-64/lib -lcdio -lm  '
LIBICONV=''
LIBOBJS=''
LIBS=''
LIBTOOL='$(SHELL) $(top_builddir)/libtool'
LIPO=''
LN_S='ln -s'
LTLIBICONV=''
LTLIBOBJS=''
MAINT='#'
MAINTAINER_MODE_FALSE=''
MAINTAINER_MODE_TRUE='#'
MAKEINFO='${SHELL} /home/waker/prj/deadbeef-staticdeps/libcddb-1.3.2/missing --run makeinfo'
MKDIR_P='/bin/mkdir -p'
NM='/usr/bin/nm -B'
NMEDIT=''
OBJDUMP='objdump'
OBJEXT='o'
OTOOL64=''
OTOOL=''
PACKAGE='libcddb'
PACKAGE_BUGREPORT=''
PACKAGE_NAME='libcddb'
PACKAGE_STRING='libcddb 1.3.2'
PACKAGE_TARNAME='libcddb'
PACKAGE_VERSION='1.3.2'
PATH_SEPARATOR=':'
PKG_CONFIG='/usr/bin/pkg-config'
RANLIB='ranlib'
SED='/bin/sed'
SET_MAKE=''
SHELL='/bin/bash'
STRIP='strip'
VERSION='1.3.2'
ac_ct_CC='/home/waker/prj/deadbeef/tools/apbuild/apgcc'
ac_ct_DUMPBIN=''
am__fastdepCC_FALSE='#'
am__fastdepCC_TRUE=''
am__include='include'
am__isrc=''
am__leading_dot='.'
am__quote=''
am__tar='${AMTAR} chof - "$$tardir"'
am__untar='${AMTAR} xf -'
bindir='${exec_prefix}/bin'
build='x86_64-unknown-linux-gnu'
build_alias='x86_64-unknown-linux-gnu'
build_cpu='x86_64'
build_os='linux-gnu'
build_vendor='unknown'
datadir='${datarootdir}'
datarootdir='${prefix}/share'
docdir='${datarootdir}/doc/${PACKAGE_TARNAME}'
dvidir='${docdir}'
exec_prefix='${prefix}'
host='x86_64-unknown-linux-gnu'
host_alias=''
host_cpu='x86_64'
host_os='linux-gnu'
host_vendor='unknown'
htmldir='${docdir}'
includedir='${prefix}/include'
infodir='${datarootdir}/info'
install_sh='$(SHELL) /home/waker/prj/deadbeef-staticdeps/libcddb-1.3.2/install-sh'
libdir='${exec_prefix}/lib'
libexecdir='${exec_prefix}/libexec'
localedir='${datarootdir}/locale'
localstatedir='${prefix}/var'
lt_ECHO='echo'
mandir='${datarootdir}/man'
mkdir_p='/bin/mkdir -p'
oldincludedir='/usr/include'
pdfdir='${docdir}'
prefix='/home/waker/prj/deadbeef-staticdeps/lib-x86-64'
program_transform_name='s,x,x,'
psdir='${docdir}'
sbindir='${exec_prefix}/sbin'
sharedstatedir='${prefix}/com'
sysconfdir='${prefix}/etc'
target_alias=''
with_iconv='1'

## ----------- ##
## confdefs.h. ##
## ----------- ##

#define PACKAGE_NAME "libcddb"
#define PACKAGE_TARNAME "libcddb"
#define PACKAGE_VERSION "1.3.2"
#define PACKAGE_STRING "libcddb 1.3.2"
#define PACKAGE_BUGREPORT ""
#define PACKAGE "libcddb"
#define VERSION "1.3.2"
#define STDC_HEADERS 1
#define HAVE_SYS_TYPES_H 1
#define HAVE_SYS_STAT_H 1
#define HAVE_STDLIB_H 1
#define HAVE_STRING_H 1
#define HAVE_MEMORY_H 1
#define HAVE_STRINGS_H 1
#define HAVE_INTTYPES_H 1
#define HAVE_STDINT_H 1
#define HAVE_UNISTD_H 1
#define HAVE_DLFCN_H 1
#define LT_OBJDIR ".libs/"
#define STDC_HEADERS 1
#define TIME_WITH_SYS_TIME 1
#define HAVE_ARPA_INET_H 1
#define HAVE_NETDB_H 1
#define HAVE_NETINET_IN_H 1
#define HAVE_REGEX_H 1
#define HAVE_STDLIB_H 1
#define HAVE_STRING_H 1
#define HAVE_SYS_SOCKET_H 1
#define HAVE_UNISTD_H 1
#define HAVE_ERRNO_H 1
#define HAVE_TIME_H 1
#define HAVE_SYS_TIME_H 1
#define HAVE_FCNTL_H 1
#define HAVE_STDLIB_H 1
#define HAVE_MALLOC 1
#define HAVE_STDLIB_H 1
#define HAVE_REALLOC 1
#define LSTAT_FOLLOWS_SLASHED_SYMLINK 1
#define HAVE_VPRINTF 1
#define HAVE_SYS_SELECT_H 1
#define HAVE_SYS_SOCKET_H 1
#define SELECT_TYPE_ARG1 int
#define SELECT_TYPE_ARG234 (fd_set *)
#define SELECT_TYPE_ARG5 (struct timeval *)
#define HAVE_MKDIR 1
#define HAVE_REGCOMP 1
#define HAVE_SOCKET 1
#define HAVE_STRDUP 1
#define HAVE_STRTOL 1
#define HAVE_STRCHR 1
#define HAVE_MEMSET 1
#define HAVE_ALARM 1
#define HAVE_SELECT 1
#define HAVE_REALLOC 1
#define HAVE_LIBCDIO /**/
#define HAVE_ICONV_H 1
#define HAVE_ICONV 1
#define ICONV_CONST 

configure: exit 0
