This file contains any messages produced by compilers while
running configure, to aid debugging if configure makes a mistake.

It was created by libsamplerate configure 0.1.7, which was
generated by GNU Autoconf 2.61.  Invocation command line was

  $ ./configure --enable-static --disable-sndfile --prefix=/home/waker/prj/deadbeef-deps/lib-x86-64

## --------- ##
## Platform. ##
## --------- ##

hostname = lazer
uname -m = x86_64
uname -r = 3.8.0-19-generic
uname -s = Linux
uname -v = #29-Ubuntu SMP Wed Apr 17 18:16:28 UTC 2013

/usr/bin/uname -p = unknown
/bin/uname -X     = unknown

/bin/arch              = unknown
/usr/bin/arch -k       = unknown
/usr/convex/getsysinfo = unknown
/usr/bin/hostinfo      = unknown
/bin/machine           = unknown
/usr/bin/oslevel       = unknown
/bin/universe          = unknown

PATH: /home/waker/perl5/bin
PATH: /home/waker/bin
PATH: /usr/lib/lightdm/lightdm
PATH: /usr/local/sbin
PATH: /usr/local/bin
PATH: /usr/sbin
PATH: /usr/bin
PATH: /sbin
PATH: /bin
PATH: /usr/games
PATH: /usr/local/games
PATH: /opt/kde/bin
PATH: /home/waker/android/android-sdk-linux_86/tools
PATH: /home/waker/android/adt-bundle-linux-x86/sdk/platform-tools
PATH: /home/waker/bin
PATH: /home/waker/.local/bin
PATH: /opt/java/bin
PATH: /opt/firefox


## ----------- ##
## Core tests. ##
## ----------- ##

configure:1999: checking build system type
configure:2017: result: x86_64-unknown-linux-gnu
configure:2039: checking host system type
configure:2054: result: x86_64-unknown-linux-gnu
configure:2076: checking target system type
configure:2091: result: x86_64-unknown-linux-gnu
configure:2137: checking for a BSD-compatible install
configure:2193: result: /usr/bin/install -c
configure:2204: checking whether build environment is sane
configure:2247: result: yes
configure:2275: checking for a thread-safe mkdir -p
configure:2314: result: /bin/mkdir -p
configure:2327: checking for gawk
configure:2343: found /usr/bin/gawk
configure:2354: result: gawk
configure:2365: checking whether make sets $(MAKE)
configure:2386: result: yes
configure:2654: checking for gcc
configure:2681: result: /home/waker/prj/deadbeef/tools/apbuild/apgcc
configure:2919: checking for C compiler version
configure:2926: /home/waker/prj/deadbeef/tools/apbuild/apgcc --version >&5
gcc (Ubuntu/Linaro 4.7.3-1ubuntu1) 4.7.3
Copyright (C) 2012 Free Software Foundation, Inc.
This is free software; see the source for copying conditions.  There is NO
warranty; not even for MERCHANTABILITY or FITNESS FOR A PARTICULAR PURPOSE.

configure:2929: $? = 0
configure:2936: /home/waker/prj/deadbeef/tools/apbuild/apgcc -v >&5
Using built-in specs.
COLLECT_GCC=gcc
COLLECT_LTO_WRAPPER=/usr/lib/gcc/x86_64-linux-gnu/4.7/lto-wrapper
Target: x86_64-linux-gnu
Configured with: ../src/configure -v --with-pkgversion='Ubuntu/Linaro 4.7.3-1ubuntu1' --with-bugurl=file:///usr/share/doc/gcc-4.7/README.Bugs --enable-languages=c,c++,go,fortran,objc,obj-c++ --prefix=/usr --program-suffix=-4.7 --enable-shared --enable-linker-build-id --libexecdir=/usr/lib --without-included-gettext --enable-threads=posix --with-gxx-include-dir=/usr/include/c++/4.7 --libdir=/usr/lib --enable-nls --with-sysroot=/ --enable-clocale=gnu --enable-libstdcxx-debug --enable-libstdcxx-time=yes --enable-gnu-unique-object --enable-plugin --with-system-zlib --enable-objc-gc --with-cloog --enable-cloog-backend=ppl --disable-cloog-version-check --disable-ppl-version-check --enable-multiarch --disable-werror --with-arch-32=i686 --with-abi=m64 --with-multilib-list=m32,m64,mx32 --with-tune=generic --enable-checking=release --build=x86_64-linux-gnu --host=x86_64-linux-gnu --target=x86_64-linux-gnu
Thread model: posix
gcc version 4.7.3 (Ubuntu/Linaro 4.7.3-1ubuntu1) 
configure:2939: $? = 0
configure:2946: /home/waker/prj/deadbeef/tools/apbuild/apgcc -V >&5
gcc: error: unrecognized command line option '-V'
gcc: fatal error: no input files
compilation terminated.
configure:2949: $? = 4
configure:2972: checking for C compiler default output file name
configure:2999: /home/waker/prj/deadbeef/tools/apbuild/apgcc -O2 -D_GNU_SOURCE -D_FORTIFY_SOURCE=0 -fPIC -I/home/waker/prj/deadbeef-deps/lib-x86-64/include  -L/home/waker/prj/deadbeef-deps/lib-x86-64/lib conftest.c  >&5
configure:3002: $? = 0
configure:3040: result: a.out
configure:3057: checking whether the C compiler works
configure:3067: ./a.out
configure:3070: $? = 0
configure:3087: result: yes
configure:3094: checking whether we are cross compiling
configure:3096: result: no
configure:3099: checking for suffix of executables
configure:3106: /home/waker/prj/deadbeef/tools/apbuild/apgcc -o conftest -O2 -D_GNU_SOURCE -D_FORTIFY_SOURCE=0 -fPIC -I/home/waker/prj/deadbeef-deps/lib-x86-64/include  -L/home/waker/prj/deadbeef-deps/lib-x86-64/lib conftest.c  >&5
configure:3109: $? = 0
configure:3133: result: 
configure:3139: checking for suffix of object files
configure:3165: /home/waker/prj/deadbeef/tools/apbuild/apgcc -c -O2 -D_GNU_SOURCE -D_FORTIFY_SOURCE=0 -fPIC -I/home/waker/prj/deadbeef-deps/lib-x86-64/include  conftest.c >&5
configure:3168: $? = 0
configure:3191: result: o
configure:3195: checking whether we are using the GNU C compiler
configure:3224: /home/waker/prj/deadbeef/tools/apbuild/apgcc -c -O2 -D_GNU_SOURCE -D_FORTIFY_SOURCE=0 -fPIC -I/home/waker/prj/deadbeef-deps/lib-x86-64/include  conftest.c >&5
configure:3230: $? = 0
configure:3247: result: yes
configure:3252: checking whether /home/waker/prj/deadbeef/tools/apbuild/apgcc accepts -g
configure:3282: /home/waker/prj/deadbeef/tools/apbuild/apgcc -c -g  conftest.c >&5
configure:3288: $? = 0
configure:3387: result: yes
configure:3404: checking for /home/waker/prj/deadbeef/tools/apbuild/apgcc option to accept ISO C89
configure:3478: /home/waker/prj/deadbeef/tools/apbuild/apgcc  -c -O2 -D_GNU_SOURCE -D_FORTIFY_SOURCE=0 -fPIC -I/home/waker/prj/deadbeef-deps/lib-x86-64/include  conftest.c >&5
configure:3484: $? = 0
configure:3507: result: none needed
configure:3536: checking for style of include used by make
configure:3564: result: GNU
configure:3589: checking dependency style of /home/waker/prj/deadbeef/tools/apbuild/apgcc
configure:3680: result: gcc3
configure:3696: checking whether /home/waker/prj/deadbeef/tools/apbuild/apgcc and cc understand -c and -o together
configure:3731: /home/waker/prj/deadbeef/tools/apbuild/apgcc -c conftest.c -o conftest2.o >&5
configure:3734: $? = 0
configure:3740: /home/waker/prj/deadbeef/tools/apbuild/apgcc -c conftest.c -o conftest2.o >&5
configure:3743: $? = 0
configure:3754: cc -c conftest.c >&5
configure:3757: $? = 0
configure:3765: cc -c conftest.c -o conftest2.o >&5
configure:3768: $? = 0
configure:3774: cc -c conftest.c -o conftest2.o >&5
configure:3777: $? = 0
configure:3795: result: yes
configure:3849: checking for a sed that does not truncate output
configure:3928: result: /bin/sed
configure:3946: checking for grep that handles long lines and -e
configure:4020: result: /bin/grep
configure:4025: checking for egrep
configure:4103: result: /bin/grep -E
configure:4108: checking for fgrep
configure:4186: result: /bin/grep -F
configure:4221: checking for ld used by /home/waker/prj/deadbeef/tools/apbuild/apgcc
configure:4288: result: /usr/bin/ld
configure:4297: checking if the linker (/usr/bin/ld) is GNU ld
configure:4312: result: yes
configure:4324: checking for BSD- or MS-compatible name lister (nm)
configure:4373: result: /usr/bin/nm -B
configure:4495: checking the name lister (/usr/bin/nm -B) interface
configure:4502: /home/waker/prj/deadbeef/tools/apbuild/apgcc -c -O2 -D_GNU_SOURCE -D_FORTIFY_SOURCE=0 -fPIC -I/home/waker/prj/deadbeef-deps/lib-x86-64/include  conftest.c >&5
configure:4505: /usr/bin/nm -B "conftest.o"
configure:4508: output
0000000000000000 B some_variable
configure:4515: result: BSD nm
configure:4518: checking whether ln -s works
configure:4522: result: yes
configure:4530: checking the maximum length of command line arguments
configure:4650: result: 1572864
configure:4667: checking whether the shell understands some XSI constructs
configure:4677: result: yes
configure:4681: checking whether the shell understands "+="
configure:4687: result: yes
configure:4722: checking for /usr/bin/ld option to reload object files
configure:4729: result: -r
configure:4798: checking for objdump
configure:4814: found /usr/bin/objdump
configure:4825: result: objdump
configure:4861: checking how to recognize dependent libraries
configure:5057: result: pass_all
configure:5117: checking for ar
configure:5133: found /usr/bin/ar
configure:5144: result: ar
configure:5226: checking for strip
configure:5242: found /usr/bin/strip
configure:5253: result: strip
configure:5329: checking for ranlib
configure:5345: found /usr/bin/ranlib
configure:5356: result: ranlib
configure:5450: checking command to parse /usr/bin/nm -B output from /home/waker/prj/deadbeef/tools/apbuild/apgcc object
configure:5568: /home/waker/prj/deadbeef/tools/apbuild/apgcc -c -O2 -D_GNU_SOURCE -D_FORTIFY_SOURCE=0 -fPIC -I/home/waker/prj/deadbeef-deps/lib-x86-64/include  conftest.c >&5
configure:5571: $? = 0
configure:5575: /usr/bin/nm -B conftest.o \| sed -n -e 's/^.*[	 ]\([ABCDGIRSTW][ABCDGIRSTW]*\)[	 ][	 ]*\([_A-Za-z][_A-Za-z0-9]*\)$/\1 \2 \2/p' \> conftest.nm
configure:5578: $? = 0
configure:5632: /home/waker/prj/deadbeef/tools/apbuild/apgcc -o conftest -O2 -D_GNU_SOURCE -D_FORTIFY_SOURCE=0 -fPIC -I/home/waker/prj/deadbeef-deps/lib-x86-64/include  -L/home/waker/prj/deadbeef-deps/lib-x86-64/lib conftest.c conftstm.o >&5
configure:5635: $? = 0
configure:5673: result: ok
configure:5769: /home/waker/prj/deadbeef/tools/apbuild/apgcc -c -O2 -D_GNU_SOURCE -D_FORTIFY_SOURCE=0 -fPIC -I/home/waker/prj/deadbeef-deps/lib-x86-64/include  conftest.c >&5
configure:5772: $? = 0
configure:6552: checking how to run the C preprocessor
configure:6592: /home/waker/prj/deadbeef/tools/apbuild/apgcc -E  conftest.c
configure:6598: $? = 0
configure:6629: /home/waker/prj/deadbeef/tools/apbuild/apgcc -E  conftest.c
conftest.c:10:28: fatal error: ac_nonexistent.h: No such file or directory
compilation terminated.
configure:6635: $? = 1
configure: failed program was:
| /* confdefs.h.  */
| #define PACKAGE_NAME "libsamplerate"
| #define PACKAGE_TARNAME "libsamplerate"
| #define PACKAGE_VERSION "0.1.7"
| #define PACKAGE_STRING "libsamplerate 0.1.7"
| #define PACKAGE_BUGREPORT "erikd@mega-nerd.com"
| #define PACKAGE "libsamplerate"
| #define VERSION "0.1.7"
| /* end confdefs.h.  */
| #include <ac_nonexistent.h>
configure:6668: result: /home/waker/prj/deadbeef/tools/apbuild/apgcc -E
configure:6697: /home/waker/prj/deadbeef/tools/apbuild/apgcc -E  conftest.c
configure:6703: $? = 0
configure:6734: /home/waker/prj/deadbeef/tools/apbuild/apgcc -E  conftest.c
conftest.c:10:28: fatal error: ac_nonexistent.h: No such file or directory
compilation terminated.
configure:6740: $? = 1
configure: failed program was:
| /* confdefs.h.  */
| #define PACKAGE_NAME "libsamplerate"
| #define PACKAGE_TARNAME "libsamplerate"
| #define PACKAGE_VERSION "0.1.7"
| #define PACKAGE_STRING "libsamplerate 0.1.7"
| #define PACKAGE_BUGREPORT "erikd@mega-nerd.com"
| #define PACKAGE "libsamplerate"
| #define VERSION "0.1.7"
| /* end confdefs.h.  */
| #include <ac_nonexistent.h>
configure:6778: checking for ANSI C header files
configure:6808: /home/waker/prj/deadbeef/tools/apbuild/apgcc -c -O2 -D_GNU_SOURCE -D_FORTIFY_SOURCE=0 -fPIC -I/home/waker/prj/deadbeef-deps/lib-x86-64/include  conftest.c >&5
configure:6814: $? = 0
configure:6913: /home/waker/prj/deadbeef/tools/apbuild/apgcc -o conftest -O2 -D_GNU_SOURCE -D_FORTIFY_SOURCE=0 -fPIC -I/home/waker/prj/deadbeef-deps/lib-x86-64/include  -L/home/waker/prj/deadbeef-deps/lib-x86-64/lib conftest.c  >&5
configure:6916: $? = 0
configure:6922: ./conftest
configure:6925: $? = 0
configure:6942: result: yes
configure:6966: checking for sys/types.h
configure:6987: /home/waker/prj/deadbeef/tools/apbuild/apgcc -c -O2 -D_GNU_SOURCE -D_FORTIFY_SOURCE=0 -fPIC -I/home/waker/prj/deadbeef-deps/lib-x86-64/include  conftest.c >&5
configure:6993: $? = 0
configure:7009: result: yes
configure:6966: checking for sys/stat.h
configure:6987: /home/waker/prj/deadbeef/tools/apbuild/apgcc -c -O2 -D_GNU_SOURCE -D_FORTIFY_SOURCE=0 -fPIC -I/home/waker/prj/deadbeef-deps/lib-x86-64/include  conftest.c >&5
configure:6993: $? = 0
configure:7009: result: yes
configure:6966: checking for stdlib.h
configure:6987: /home/waker/prj/deadbeef/tools/apbuild/apgcc -c -O2 -D_GNU_SOURCE -D_FORTIFY_SOURCE=0 -fPIC -I/home/waker/prj/deadbeef-deps/lib-x86-64/include  conftest.c >&5
configure:6993: $? = 0
configure:7009: result: yes
configure:6966: checking for string.h
configure:6987: /home/waker/prj/deadbeef/tools/apbuild/apgcc -c -O2 -D_GNU_SOURCE -D_FORTIFY_SOURCE=0 -fPIC -I/home/waker/prj/deadbeef-deps/lib-x86-64/include  conftest.c >&5
configure:6993: $? = 0
configure:7009: result: yes
configure:6966: checking for memory.h
configure:6987: /home/waker/prj/deadbeef/tools/apbuild/apgcc -c -O2 -D_GNU_SOURCE -D_FORTIFY_SOURCE=0 -fPIC -I/home/waker/prj/deadbeef-deps/lib-x86-64/include  conftest.c >&5
configure:6993: $? = 0
configure:7009: result: yes
configure:6966: checking for strings.h
configure:6987: /home/waker/prj/deadbeef/tools/apbuild/apgcc -c -O2 -D_GNU_SOURCE -D_FORTIFY_SOURCE=0 -fPIC -I/home/waker/prj/deadbeef-deps/lib-x86-64/include  conftest.c >&5
configure:6993: $? = 0
configure:7009: result: yes
configure:6966: checking for inttypes.h
configure:6987: /home/waker/prj/deadbeef/tools/apbuild/apgcc -c -O2 -D_GNU_SOURCE -D_FORTIFY_SOURCE=0 -fPIC -I/home/waker/prj/deadbeef-deps/lib-x86-64/include  conftest.c >&5
configure:6993: $? = 0
configure:7009: result: yes
configure:6966: checking for stdint.h
configure:6987: /home/waker/prj/deadbeef/tools/apbuild/apgcc -c -O2 -D_GNU_SOURCE -D_FORTIFY_SOURCE=0 -fPIC -I/home/waker/prj/deadbeef-deps/lib-x86-64/include  conftest.c >&5
configure:6993: $? = 0
configure:7009: result: yes
configure:6966: checking for unistd.h
configure:6987: /home/waker/prj/deadbeef/tools/apbuild/apgcc -c -O2 -D_GNU_SOURCE -D_FORTIFY_SOURCE=0 -fPIC -I/home/waker/prj/deadbeef-deps/lib-x86-64/include  conftest.c >&5
configure:6993: $? = 0
configure:7009: result: yes
configure:7025: checking for dlfcn.h
configure:7046: /home/waker/prj/deadbeef/tools/apbuild/apgcc -c -O2 -D_GNU_SOURCE -D_FORTIFY_SOURCE=0 -fPIC -I/home/waker/prj/deadbeef-deps/lib-x86-64/include  conftest.c >&5
configure:7052: $? = 0
configure:7068: result: yes
configure:7252: checking for objdir
configure:7267: result: .libs
configure:7563: checking if /home/waker/prj/deadbeef/tools/apbuild/apgcc supports -fno-rtti -fno-exceptions
configure:7581: /home/waker/prj/deadbeef/tools/apbuild/apgcc -c -O2 -D_GNU_SOURCE -D_FORTIFY_SOURCE=0 -fPIC -I/home/waker/prj/deadbeef-deps/lib-x86-64/include  -fno-rtti -fno-exceptions conftest.c >&5
cc1: warning: command line option '-fno-rtti' is valid for C++/ObjC++ but not for C [enabled by default]
configure:7585: $? = 0
configure:7598: result: no
configure:7618: checking for /home/waker/prj/deadbeef/tools/apbuild/apgcc option to produce PIC
configure:7890: result: -fPIC -DPIC
configure:7902: checking if /home/waker/prj/deadbeef/tools/apbuild/apgcc PIC flag -fPIC -DPIC works
configure:7920: /home/waker/prj/deadbeef/tools/apbuild/apgcc -c -O2 -D_GNU_SOURCE -D_FORTIFY_SOURCE=0 -fPIC -I/home/waker/prj/deadbeef-deps/lib-x86-64/include  -fPIC -DPIC -DPIC conftest.c >&5
configure:7924: $? = 0
configure:7937: result: yes
configure:7961: checking if /home/waker/prj/deadbeef/tools/apbuild/apgcc static flag -static works
configure:7989: result: yes
configure:8004: checking if /home/waker/prj/deadbeef/tools/apbuild/apgcc supports -c -o file.o
configure:8025: /home/waker/prj/deadbeef/tools/apbuild/apgcc -c -O2 -D_GNU_SOURCE -D_FORTIFY_SOURCE=0 -fPIC -I/home/waker/prj/deadbeef-deps/lib-x86-64/include  -o out/conftest2.o conftest.c >&5
configure:8029: $? = 0
configure:8051: result: yes
configure:8059: checking if /home/waker/prj/deadbeef/tools/apbuild/apgcc supports -c -o file.o
configure:8106: result: yes
configure:8139: checking whether the /home/waker/prj/deadbeef/tools/apbuild/apgcc linker (/usr/bin/ld -m elf_x86_64) supports shared libraries
configure:9202: result: yes
configure:9239: checking whether -lc should be explicitly linked in
configure:9244: /home/waker/prj/deadbeef/tools/apbuild/apgcc -c -O2 -D_GNU_SOURCE -D_FORTIFY_SOURCE=0 -fPIC -I/home/waker/prj/deadbeef-deps/lib-x86-64/include  conftest.c >&5
configure:9247: $? = 0
configure:9262: /home/waker/prj/deadbeef/tools/apbuild/apgcc -shared conftest.o  -v -Wl,-soname -Wl,conftest -o conftest 2\>\&1 \| /bin/grep  -lc  \>/dev/null 2\>\&1
configure:9265: $? = 0
configure:9277: result: no
configure:9441: checking dynamic linker characteristics
configure:9884: /home/waker/prj/deadbeef/tools/apbuild/apgcc -o conftest -O2 -D_GNU_SOURCE -D_FORTIFY_SOURCE=0 -fPIC -I/home/waker/prj/deadbeef-deps/lib-x86-64/include  -L/home/waker/prj/deadbeef-deps/lib-x86-64/lib -Wl,-rpath -Wl,/foo conftest.c  >&5
configure:9890: $? = 0
configure:10132: result: GNU/Linux ld.so
configure:10234: checking how to hardcode library paths into programs
configure:10259: result: immediate
configure:11064: checking whether stripping libraries is possible
configure:11069: result: yes
configure:11104: checking if libtool supports shared libraries
configure:11106: result: yes
configure:11109: checking whether to build shared libraries
configure:11130: result: yes
configure:11133: checking whether to build static libraries
configure:11137: result: yes
configure:11186: checking for a BSD-compatible install
configure:11242: result: /usr/bin/install -c
configure:11254: checking whether make sets $(MAKE)
configure:11275: result: yes
configure:11284: checking whether ln -s works
configure:11288: result: yes
configure:11295: checking for a thread-safe mkdir -p
configure:11334: result: /bin/mkdir -p
configure:11452: checking for ANSI C header files
configure:11616: result: yes
configure:11633: checking for stdint.h
configure:11639: result: yes
configure:11643: checking sys/times.h usability
configure:11660: /home/waker/prj/deadbeef/tools/apbuild/apgcc -c -O2 -D_GNU_SOURCE -D_FORTIFY_SOURCE=0 -fPIC -I/home/waker/prj/deadbeef-deps/lib-x86-64/include  conftest.c >&5
configure:11666: $? = 0
configure:11680: result: yes
configure:11684: checking sys/times.h presence
configure:11699: /home/waker/prj/deadbeef/tools/apbuild/apgcc -E  conftest.c
configure:11705: $? = 0
configure:11719: result: yes
configure:11752: checking for sys/times.h
configure:11760: result: yes
configure:11825: checking for int
configure:11855: /home/waker/prj/deadbeef/tools/apbuild/apgcc -c -O2 -D_GNU_SOURCE -D_FORTIFY_SOURCE=0 -fPIC -I/home/waker/prj/deadbeef-deps/lib-x86-64/include  conftest.c >&5
configure:11861: $? = 0
configure:11876: result: yes
configure:11883: checking size of int
configure:12185: /home/waker/prj/deadbeef/tools/apbuild/apgcc -o conftest -O2 -D_GNU_SOURCE -D_FORTIFY_SOURCE=0 -fPIC -I/home/waker/prj/deadbeef-deps/lib-x86-64/include  -L/home/waker/prj/deadbeef-deps/lib-x86-64/lib conftest.c  >&5
configure:12188: $? = 0
configure:12194: ./conftest
configure:12197: $? = 0
configure:12220: result: 4
configure:12230: checking for long
configure:12260: /home/waker/prj/deadbeef/tools/apbuild/apgcc -c -O2 -D_GNU_SOURCE -D_FORTIFY_SOURCE=0 -fPIC -I/home/waker/prj/deadbeef-deps/lib-x86-64/include  conftest.c >&5
configure:12266: $? = 0
configure:12281: result: yes
configure:12288: checking size of long
configure:12590: /home/waker/prj/deadbeef/tools/apbuild/apgcc -o conftest -O2 -D_GNU_SOURCE -D_FORTIFY_SOURCE=0 -fPIC -I/home/waker/prj/deadbeef-deps/lib-x86-64/include  -L/home/waker/prj/deadbeef-deps/lib-x86-64/lib conftest.c  >&5
configure:12593: $? = 0
configure:12599: ./conftest
configure:12602: $? = 0
configure:12625: result: 8
configure:12635: checking for float
configure:12665: /home/waker/prj/deadbeef/tools/apbuild/apgcc -c -O2 -D_GNU_SOURCE -D_FORTIFY_SOURCE=0 -fPIC -I/home/waker/prj/deadbeef-deps/lib-x86-64/include  conftest.c >&5
configure:12671: $? = 0
configure:12686: result: yes
configure:12693: checking size of float
configure:12995: /home/waker/prj/deadbeef/tools/apbuild/apgcc -o conftest -O2 -D_GNU_SOURCE -D_FORTIFY_SOURCE=0 -fPIC -I/home/waker/prj/deadbeef-deps/lib-x86-64/include  -L/home/waker/prj/deadbeef-deps/lib-x86-64/lib conftest.c  >&5
configure:12998: $? = 0
configure:13004: ./conftest
configure:13007: $? = 0
configure:13030: result: 4
configure:13040: checking for double
configure:13070: /home/waker/prj/deadbeef/tools/apbuild/apgcc -c -O2 -D_GNU_SOURCE -D_FORTIFY_SOURCE=0 -fPIC -I/home/waker/prj/deadbeef-deps/lib-x86-64/include  conftest.c >&5
configure:13076: $? = 0
configure:13091: result: yes
configure:13098: checking size of double
configure:13400: /home/waker/prj/deadbeef/tools/apbuild/apgcc -o conftest -O2 -D_GNU_SOURCE -D_FORTIFY_SOURCE=0 -fPIC -I/home/waker/prj/deadbeef-deps/lib-x86-64/include  -L/home/waker/prj/deadbeef-deps/lib-x86-64/lib conftest.c  >&5
configure:13403: $? = 0
configure:13409: ./conftest
configure:13412: $? = 0
configure:13435: result: 8
configure:13449: checking processor byte ordering
configure:13592: /home/waker/prj/deadbeef/tools/apbuild/apgcc -o conftest -O2 -D_GNU_SOURCE -D_FORTIFY_SOURCE=0 -fPIC -I/home/waker/prj/deadbeef-deps/lib-x86-64/include  -L/home/waker/prj/deadbeef-deps/lib-x86-64/lib conftest.c  >&5
configure:13598: $? = 0
configure:13631: /home/waker/prj/deadbeef/tools/apbuild/apgcc -o conftest -O2 -D_GNU_SOURCE -D_FORTIFY_SOURCE=0 -fPIC -I/home/waker/prj/deadbeef-deps/lib-x86-64/include  -L/home/waker/prj/deadbeef-deps/lib-x86-64/lib conftest.c  >&5
configure:13637: $? = 0
configure:13682: /home/waker/prj/deadbeef/tools/apbuild/apgcc -o conftest -O2 -D_GNU_SOURCE -D_FORTIFY_SOURCE=0 -fPIC -I/home/waker/prj/deadbeef-deps/lib-x86-64/include  -L/home/waker/prj/deadbeef-deps/lib-x86-64/lib conftest.c  >&5
configure:13688: $? = 0
configure:13852: result: little
configure:13899: checking for malloc
configure:13955: /home/waker/prj/deadbeef/tools/apbuild/apgcc -o conftest -O2 -D_GNU_SOURCE -D_FORTIFY_SOURCE=0 -fPIC -I/home/waker/prj/deadbeef-deps/lib-x86-64/include  -L/home/waker/prj/deadbeef-deps/lib-x86-64/lib conftest.c  >&5
conftest.c:54:6: warning: conflicting types for built-in function 'malloc' [enabled by default]
configure:13961: $? = 0
configure:13979: result: yes
configure:13899: checking for calloc
configure:13955: /home/waker/prj/deadbeef/tools/apbuild/apgcc -o conftest -O2 -D_GNU_SOURCE -D_FORTIFY_SOURCE=0 -fPIC -I/home/waker/prj/deadbeef-deps/lib-x86-64/include  -L/home/waker/prj/deadbeef-deps/lib-x86-64/lib conftest.c  >&5
conftest.c:55:6: warning: conflicting types for built-in function 'calloc' [enabled by default]
configure:13961: $? = 0
configure:13979: result: yes
configure:13899: checking for free
configure:13955: /home/waker/prj/deadbeef/tools/apbuild/apgcc -o conftest -O2 -D_GNU_SOURCE -D_FORTIFY_SOURCE=0 -fPIC -I/home/waker/prj/deadbeef-deps/lib-x86-64/include  -L/home/waker/prj/deadbeef-deps/lib-x86-64/lib conftest.c  >&5
conftest.c:56:6: warning: conflicting types for built-in function 'free' [enabled by default]
configure:13961: $? = 0
configure:13979: result: yes
configure:13899: checking for memcpy
configure:13955: /home/waker/prj/deadbeef/tools/apbuild/apgcc -o conftest -O2 -D_GNU_SOURCE -D_FORTIFY_SOURCE=0 -fPIC -I/home/waker/prj/deadbeef-deps/lib-x86-64/include  -L/home/waker/prj/deadbeef-deps/lib-x86-64/lib conftest.c  >&5
conftest.c:57:6: warning: conflicting types for built-in function 'memcpy' [enabled by default]
configure:13961: $? = 0
configure:13979: result: yes
configure:13899: checking for memmove
configure:13955: /home/waker/prj/deadbeef/tools/apbuild/apgcc -o conftest -O2 -D_GNU_SOURCE -D_FORTIFY_SOURCE=0 -fPIC -I/home/waker/prj/deadbeef-deps/lib-x86-64/include  -L/home/waker/prj/deadbeef-deps/lib-x86-64/lib conftest.c  >&5
conftest.c:58:6: warning: conflicting types for built-in function 'memmove' [enabled by default]
configure:13961: $? = 0
configure:13979: result: yes
configure:13899: checking for alarm
configure:13955: /home/waker/prj/deadbeef/tools/apbuild/apgcc -o conftest -O2 -D_GNU_SOURCE -D_FORTIFY_SOURCE=0 -fPIC -I/home/waker/prj/deadbeef-deps/lib-x86-64/include  -L/home/waker/prj/deadbeef-deps/lib-x86-64/lib conftest.c  >&5
configure:13961: $? = 0
configure:13979: result: yes
configure:13899: checking for signal
configure:13955: /home/waker/prj/deadbeef/tools/apbuild/apgcc -o conftest -O2 -D_GNU_SOURCE -D_FORTIFY_SOURCE=0 -fPIC -I/home/waker/prj/deadbeef-deps/lib-x86-64/include  -L/home/waker/prj/deadbeef-deps/lib-x86-64/lib conftest.c  >&5
configure:13961: $? = 0
configure:13979: result: yes
configure:13991: checking for floor in -lm
configure:14026: /home/waker/prj/deadbeef/tools/apbuild/apgcc -o conftest -O2 -D_GNU_SOURCE -D_FORTIFY_SOURCE=0 -fPIC -I/home/waker/prj/deadbeef-deps/lib-x86-64/include  -L/home/waker/prj/deadbeef-deps/lib-x86-64/lib conftest.c -lm   >&5
conftest.c:45:6: warning: conflicting types for built-in function 'floor' [enabled by default]
configure:14032: $? = 0
configure:14050: result: yes
configure:14067: checking for floor
configure:14123: /home/waker/prj/deadbeef/tools/apbuild/apgcc -o conftest -O2 -D_GNU_SOURCE -D_FORTIFY_SOURCE=0 -fPIC -I/home/waker/prj/deadbeef-deps/lib-x86-64/include  -L/home/waker/prj/deadbeef-deps/lib-x86-64/lib conftest.c -lm  >&5
conftest.c:62:6: warning: conflicting types for built-in function 'floor' [enabled by default]
configure:14129: $? = 0
configure:14147: result: yes
configure:14067: checking for ceil
configure:14123: /home/waker/prj/deadbeef/tools/apbuild/apgcc -o conftest -O2 -D_GNU_SOURCE -D_FORTIFY_SOURCE=0 -fPIC -I/home/waker/prj/deadbeef-deps/lib-x86-64/include  -L/home/waker/prj/deadbeef-deps/lib-x86-64/lib conftest.c -lm  >&5
conftest.c:63:6: warning: conflicting types for built-in function 'ceil' [enabled by default]
configure:14129: $? = 0
configure:14147: result: yes
configure:14067: checking for fmod
configure:14123: /home/waker/prj/deadbeef/tools/apbuild/apgcc -o conftest -O2 -D_GNU_SOURCE -D_FORTIFY_SOURCE=0 -fPIC -I/home/waker/prj/deadbeef-deps/lib-x86-64/include  -L/home/waker/prj/deadbeef-deps/lib-x86-64/lib conftest.c -lm  >&5
conftest.c:64:6: warning: conflicting types for built-in function 'fmod' [enabled by default]
configure:14129: $? = 0
configure:14147: result: yes
configure:14158: checking for SIGALRM
configure:14188: /home/waker/prj/deadbeef/tools/apbuild/apgcc -o conftest -O2 -D_GNU_SOURCE -D_FORTIFY_SOURCE=0 -fPIC -I/home/waker/prj/deadbeef-deps/lib-x86-64/include  -L/home/waker/prj/deadbeef-deps/lib-x86-64/lib conftest.c -lm  >&5
configure:14194: $? = 0
configure:14213: result: yes
configure:14225: checking for lrint
configure:14261: /home/waker/prj/deadbeef/tools/apbuild/apgcc -o conftest -O2 -lm  -L/home/waker/prj/deadbeef-deps/lib-x86-64/lib conftest.c -lm  >&5
configure:14267: $? = 0
configure:14288: result: yes
configure:14299: checking for lrintf
configure:14335: /home/waker/prj/deadbeef/tools/apbuild/apgcc -o conftest -O2 -lm  -L/home/waker/prj/deadbeef-deps/lib-x86-64/lib conftest.c -lm  >&5
configure:14341: $? = 0
configure:14362: result: yes
configure:14390: checking processor clipping capabilities
configure:14439: /home/waker/prj/deadbeef/tools/apbuild/apgcc -o conftest -O2 -D_GNU_SOURCE -D_FORTIFY_SOURCE=0 -fPIC -I/home/waker/prj/deadbeef-deps/lib-x86-64/include  -L/home/waker/prj/deadbeef-deps/lib-x86-64/lib conftest.c -lm  >&5
configure:14442: $? = 0
configure:14448: ./conftest
configure:14451: $? = 1
configure: program exited with status 1
configure: failed program was:
| /* confdefs.h.  */
| #define PACKAGE_NAME "libsamplerate"
| #define PACKAGE_TARNAME "libsamplerate"
| #define PACKAGE_VERSION "0.1.7"
| #define PACKAGE_STRING "libsamplerate 0.1.7"
| #define PACKAGE_BUGREPORT "erikd@mega-nerd.com"
| #define PACKAGE "libsamplerate"
| #define VERSION "0.1.7"
| #define STDC_HEADERS 1
| #define HAVE_SYS_TYPES_H 1
| #define HAVE_SYS_STAT_H 1
| #define HAVE_STDLIB_H 1
| #define HAVE_STRING_H 1
| #define HAVE_MEMORY_H 1
| #define HAVE_STRINGS_H 1
| #define HAVE_INTTYPES_H 1
| #define HAVE_STDINT_H 1
| #define HAVE_UNISTD_H 1
| #define HAVE_DLFCN_H 1
| #define LT_OBJDIR ".libs/"
| #define STDC_HEADERS 1
| #define HAVE_STDINT_H 1
| #define HAVE_SYS_TIMES_H 1
| #define SIZEOF_INT 4
| #define SIZEOF_LONG 8
| #define SIZEOF_FLOAT 4
| #define SIZEOF_DOUBLE 8
| #define CPU_IS_BIG_ENDIAN 0
| #define CPU_IS_LITTLE_ENDIAN 1
| #define HAVE_MALLOC 1
| #define HAVE_CALLOC 1
| #define HAVE_FREE 1
| #define HAVE_MEMCPY 1
| #define HAVE_MEMMOVE 1
| #define HAVE_ALARM 1
| #define HAVE_SIGNAL 1
| #define HAVE_LIBM 1
| #define HAVE_FLOOR 1
| #define HAVE_CEIL 1
| #define HAVE_FMOD 1
| #define HAVE_SIGALRM 1
| #define HAVE_LRINT 1
| #define HAVE_LRINTF 1
| /* end confdefs.h.  */
| 
| 	#define	_ISOC9X_SOURCE	1
| 	#define _ISOC99_SOURCE	1
| 	#define	__USE_ISOC99	1
| 	#define __USE_ISOC9X	1
| 	#include <math.h>
| 	int main (void)
| 	{	double	fval ;
| 		int k, ival ;
| 
| 		fval = 1.0 * 0x7FFFFFFF ;
| 		for (k = 0 ; k < 100 ; k++)
| 		{	ival = (lrint (fval)) >> 24 ;
| 			if (ival != 127)
| 				return 1 ;
| 
| 			fval *= 1.2499999 ;
| 			} ;
| 
| 			return 0 ;
| 		}
| 
configure:14506: /home/waker/prj/deadbeef/tools/apbuild/apgcc -o conftest -O2 -D_GNU_SOURCE -D_FORTIFY_SOURCE=0 -fPIC -I/home/waker/prj/deadbeef-deps/lib-x86-64/include  -L/home/waker/prj/deadbeef-deps/lib-x86-64/lib conftest.c -lm  >&5
configure:14509: $? = 0
configure:14515: ./conftest
configure:14518: $? = 1
configure: program exited with status 1
configure: failed program was:
| /* confdefs.h.  */
| #define PACKAGE_NAME "libsamplerate"
| #define PACKAGE_TARNAME "libsamplerate"
| #define PACKAGE_VERSION "0.1.7"
| #define PACKAGE_STRING "libsamplerate 0.1.7"
| #define PACKAGE_BUGREPORT "erikd@mega-nerd.com"
| #define PACKAGE "libsamplerate"
| #define VERSION "0.1.7"
| #define STDC_HEADERS 1
| #define HAVE_SYS_TYPES_H 1
| #define HAVE_SYS_STAT_H 1
| #define HAVE_STDLIB_H 1
| #define HAVE_STRING_H 1
| #define HAVE_MEMORY_H 1
| #define HAVE_STRINGS_H 1
| #define HAVE_INTTYPES_H 1
| #define HAVE_STDINT_H 1
| #define HAVE_UNISTD_H 1
| #define HAVE_DLFCN_H 1
| #define LT_OBJDIR ".libs/"
| #define STDC_HEADERS 1
| #define HAVE_STDINT_H 1
| #define HAVE_SYS_TIMES_H 1
| #define SIZEOF_INT 4
| #define SIZEOF_LONG 8
| #define SIZEOF_FLOAT 4
| #define SIZEOF_DOUBLE 8
| #define CPU_IS_BIG_ENDIAN 0
| #define CPU_IS_LITTLE_ENDIAN 1
| #define HAVE_MALLOC 1
| #define HAVE_CALLOC 1
| #define HAVE_FREE 1
| #define HAVE_MEMCPY 1
| #define HAVE_MEMMOVE 1
| #define HAVE_ALARM 1
| #define HAVE_SIGNAL 1
| #define HAVE_LIBM 1
| #define HAVE_FLOOR 1
| #define HAVE_CEIL 1
| #define HAVE_FMOD 1
| #define HAVE_SIGALRM 1
| #define HAVE_LRINT 1
| #define HAVE_LRINTF 1
| /* end confdefs.h.  */
| 
| 	#define	_ISOC9X_SOURCE	1
| 	#define _ISOC99_SOURCE	1
| 	#define	__USE_ISOC99	1
| 	#define __USE_ISOC9X	1
| 	#include <math.h>
| 	int main (void)
| 	{	double	fval ;
| 		int k, ival ;
| 
| 		fval = -8.0 * 0x10000000 ;
| 		for (k = 0 ; k < 100 ; k++)
| 		{	ival = (lrint (fval)) >> 24 ;
| 			if (ival != -128)
| 				return 1 ;
| 
| 			fval *= 1.2499999 ;
| 			} ;
| 
| 			return 0 ;
| 		}
| 
configure:14567: result: none
configure:14650: checking for pkg-config
configure:14668: found /usr/bin/pkg-config
configure:14680: result: /usr/bin/pkg-config
configure:14709: checking pkg-config is at least version 0.9.0
configure:14712: result: yes
configure:14818: checking for FFTW3
configure:14826: $PKG_CONFIG --exists --print-errors "fftw3 >= 0.15.0"
Package fftw3 was not found in the pkg-config search path.
Perhaps you should add the directory containing `fftw3.pc'
to the PKG_CONFIG_PATH environment variable
No package 'fftw3' found
configure:14829: $? = 1
configure:14844: $PKG_CONFIG --exists --print-errors "fftw3 >= 0.15.0"
Package fftw3 was not found in the pkg-config search path.
Perhaps you should add the directory containing `fftw3.pc'
to the PKG_CONFIG_PATH environment variable
No package 'fftw3' found
configure:14847: $? = 1
No package 'fftw3' found
configure:14875: result: no
configure:15113: creating ./config.status

## ---------------------- ##
## Running config.status. ##
## ---------------------- ##

This file was extended by libsamplerate config.status 0.1.7, which was
generated by GNU Autoconf 2.61.  Invocation command line was

  CONFIG_FILES    = 
  CONFIG_HEADERS  = 
  CONFIG_LINKS    = 
  CONFIG_COMMANDS = 
  $ ./config.status 

on lazer

config.status:878: creating Makefile
config.status:878: creating src/Version_script
config.status:878: creating Win32/Makefile
config.status:878: creating Win32/Makefile.mingw
config.status:878: creating src/Makefile
config.status:878: creating examples/Makefile
config.status:878: creating tests/Makefile
config.status:878: creating doc/Makefile
config.status:878: creating libsamplerate.spec
config.status:878: creating samplerate.pc
config.status:878: creating src/config.h
config.status:1144: src/config.h is unchanged
config.status:1191: executing depfiles commands
config.status:1191: executing libtool commands
configure:17318: result:
-=-=-=-=-=-=-=-=-=-= Configuration Complete =-=-=-=-=-=-=-=-=-=-=-

  Configuration summary :

    Version : ..................... 0.1.7

configure:17336: result:
  Extra tools required for testing and examples :

    Use FFTW : .................... no
configure:17343: result:     Have libsndfile : ............. no

configure:17352: result:   Installation directories :

    Library directory : ........... /home/waker/prj/deadbeef-deps/lib-x86-64/lib
    Program directory : ........... /home/waker/prj/deadbeef-deps/lib-x86-64/bin
    Pkgconfig directory : ......... /home/waker/prj/deadbeef-deps/lib-x86-64/lib/pkgconfig


## ---------------- ##
## Cache variables. ##
## ---------------- ##

ac_cv_build=x86_64-unknown-linux-gnu
ac_cv_c99_lrint=yes
ac_cv_c99_lrintf=yes
ac_cv_c_big_endian=0
ac_cv_c_byte_order=little
ac_cv_c_clip_negative=0
ac_cv_c_clip_positive=0
ac_cv_c_clip_type=none
ac_cv_c_compiler_gnu=yes
ac_cv_c_little_endian=1
ac_cv_env_CC_set=set
ac_cv_env_CC_value=/home/waker/prj/deadbeef/tools/apbuild/apgcc
ac_cv_env_CFLAGS_set=set
ac_cv_env_CFLAGS_value='-O2 -D_GNU_SOURCE -D_FORTIFY_SOURCE=0 -fPIC -I/home/waker/prj/deadbeef-deps/lib-x86-64/include'
ac_cv_env_CPPFLAGS_set=
ac_cv_env_CPPFLAGS_value=
ac_cv_env_CPP_set=
ac_cv_env_CPP_value=
ac_cv_env_FFTW3_CFLAGS_set=
ac_cv_env_FFTW3_CFLAGS_value=
ac_cv_env_FFTW3_LIBS_set=
ac_cv_env_FFTW3_LIBS_value=
ac_cv_env_LDFLAGS_set=set
ac_cv_env_LDFLAGS_value=-L/home/waker/prj/deadbeef-deps/lib-x86-64/lib
ac_cv_env_LIBS_set=
ac_cv_env_LIBS_value=
ac_cv_env_PKG_CONFIG_set=
ac_cv_env_PKG_CONFIG_value=
ac_cv_env_SNDFILE_CFLAGS_set=
ac_cv_env_SNDFILE_CFLAGS_value=
ac_cv_env_SNDFILE_LIBS_set=
ac_cv_env_SNDFILE_LIBS_value=
ac_cv_env_build_alias_set=
ac_cv_env_build_alias_value=
ac_cv_env_host_alias_set=
ac_cv_env_host_alias_value=
ac_cv_env_target_alias_set=
ac_cv_env_target_alias_value=
ac_cv_fftw3=no
ac_cv_func_alarm=yes
ac_cv_func_calloc=yes
ac_cv_func_ceil=yes
ac_cv_func_floor=yes
ac_cv_func_fmod=yes
ac_cv_func_free=yes
ac_cv_func_malloc=yes
ac_cv_func_memcpy=yes
ac_cv_func_memmove=yes
ac_cv_func_signal=yes
ac_cv_header_dlfcn_h=yes
ac_cv_header_inttypes_h=yes
ac_cv_header_memory_h=yes
ac_cv_header_stdc=yes
ac_cv_header_stdint_h=yes
ac_cv_header_stdlib_h=yes
ac_cv_header_string_h=yes
ac_cv_header_strings_h=yes
ac_cv_header_sys_stat_h=yes
ac_cv_header_sys_times_h=yes
ac_cv_header_sys_types_h=yes
ac_cv_header_unistd_h=yes
ac_cv_host=x86_64-unknown-linux-gnu
ac_cv_lib_m_floor=yes
ac_cv_objext=o
ac_cv_path_EGREP='/bin/grep -E'
ac_cv_path_FGREP='/bin/grep -F'
ac_cv_path_GREP=/bin/grep
ac_cv_path_SED=/bin/sed
ac_cv_path_ac_pt_PKG_CONFIG=/usr/bin/pkg-config
ac_cv_path_install='/usr/bin/install -c'
ac_cv_path_mkdir=/bin/mkdir
ac_cv_prog_AWK=gawk
ac_cv_prog_CPP='/home/waker/prj/deadbeef/tools/apbuild/apgcc -E'
ac_cv_prog_ac_ct_AR=ar
ac_cv_prog_ac_ct_CC=/home/waker/prj/deadbeef/tools/apbuild/apgcc
ac_cv_prog_ac_ct_OBJDUMP=objdump
ac_cv_prog_ac_ct_RANLIB=ranlib
ac_cv_prog_ac_ct_STRIP=strip
ac_cv_prog_cc__home_waker_prj_deadbeef_tools_apbuild_apgcc_c_o=yes
ac_cv_prog_cc_c89=
ac_cv_prog_cc_g=yes
ac_cv_prog_make_make_set=yes
ac_cv_signal_SIGALRM=yes
ac_cv_sizeof_double=8
ac_cv_sizeof_float=4
ac_cv_sizeof_int=4
ac_cv_sizeof_long=8
ac_cv_sndfile=no
ac_cv_target=x86_64-unknown-linux-gnu
ac_cv_type_double=yes
ac_cv_type_float=yes
ac_cv_type_int=yes
ac_cv_type_long=yes
am_cv_CC_dependencies_compiler_type=gcc3
lt_cv_deplibs_check_method=pass_all
lt_cv_file_magic_cmd='$MAGIC_CMD'
lt_cv_file_magic_test_file=
lt_cv_ld_reload_flag=-r
lt_cv_nm_interface='BSD nm'
lt_cv_objdir=.libs
lt_cv_path_LD=/usr/bin/ld
lt_cv_path_NM='/usr/bin/nm -B'
lt_cv_prog_compiler_c_o=yes
lt_cv_prog_compiler_pic_works=yes
lt_cv_prog_compiler_rtti_exceptions=no
lt_cv_prog_compiler_static_works=yes
lt_cv_prog_gnu_ld=yes
lt_cv_sys_global_symbol_pipe='sed -n -e '\''s/^.*[	 ]\([ABCDGIRSTW][ABCDGIRSTW]*\)[	 ][	 ]*\([_A-Za-z][_A-Za-z0-9]*\)$/\1 \2 \2/p'\'''
lt_cv_sys_global_symbol_to_c_name_address='sed -n -e '\''s/^: \([^ ]*\) $/  {\"\1\", (void *) 0},/p'\'' -e '\''s/^[ABCDGIRSTW]* \([^ ]*\) \([^ ]*\)$/  {"\2", (void *) \&\2},/p'\'''
lt_cv_sys_global_symbol_to_c_name_address_lib_prefix='sed -n -e '\''s/^: \([^ ]*\) $/  {\"\1\", (void *) 0},/p'\'' -e '\''s/^[ABCDGIRSTW]* \([^ ]*\) \(lib[^ ]*\)$/  {"\2", (void *) \&\2},/p'\'' -e '\''s/^[ABCDGIRSTW]* \([^ ]*\) \([^ ]*\)$/  {"lib\2", (void *) \&\2},/p'\'''
lt_cv_sys_global_symbol_to_cdecl='sed -n -e '\''s/^T .* \(.*\)$/extern int \1();/p'\'' -e '\''s/^[ABCDGIRSTW]* .* \(.*\)$/extern char \1;/p'\'''
lt_cv_sys_max_cmd_len=1572864

## ----------------- ##
## Output variables. ##
## ----------------- ##

ACLOCAL='${SHELL} /home/waker/prj/deadbeef-deps/libsamplerate-0.1.7/Cfg/missing --run aclocal-1.10'
ACLOCAL_AMFLAGS='-I M4'
AMDEPBACKSLASH='\'
AMDEP_FALSE='#'
AMDEP_TRUE=''
AMTAR='${SHELL} /home/waker/prj/deadbeef-deps/libsamplerate-0.1.7/Cfg/missing --run tar'
AR='ar'
AUTOCONF='${SHELL} /home/waker/prj/deadbeef-deps/libsamplerate-0.1.7/Cfg/missing --run autoconf'
AUTOHEADER='${SHELL} /home/waker/prj/deadbeef-deps/libsamplerate-0.1.7/Cfg/missing --run autoheader'
AUTOMAKE='${SHELL} /home/waker/prj/deadbeef-deps/libsamplerate-0.1.7/Cfg/missing --run automake-1.10'
AWK='gawk'
CC='/home/waker/prj/deadbeef/tools/apbuild/apgcc'
CCDEPMODE='depmode=gcc3'
CFLAGS='-O2 -D_GNU_SOURCE -D_FORTIFY_SOURCE=0 -fPIC -I/home/waker/prj/deadbeef-deps/lib-x86-64/include -std=gnu99 -W -Wstrict-prototypes -Wmissing-prototypes -Wall -Waggregate-return -Wcast-align -Wcast-qual -Wnested-externs -Wshadow -Wpointer-arith -pipe'
COMPILER_IS_GCC=''
CPP='/home/waker/prj/deadbeef/tools/apbuild/apgcc -E'
CPPFLAGS=''
CYGPATH_W='echo'
DEFS='-DHAVE_CONFIG_H'
DEPDIR='.deps'
DLLTOOL=''
DLLWRAP=''
DSYMUTIL=''
DUMPBIN=''
ECHO_C=''
ECHO_N='-n'
ECHO_T=''
EGREP='/bin/grep -E'
EXEEXT=''
FFTW3_CFLAGS=''
FFTW3_LIBS=''
FGREP='/bin/grep -F'
GCC_MAJOR_VERSION='4'
GREP='/bin/grep'
HAVE_FFTW3='0'
HAVE_SNDFILE='0'
INSTALL_DATA='${INSTALL} -m 644'
INSTALL_PROGRAM='${INSTALL}'
INSTALL_SCRIPT='${INSTALL}'
INSTALL_STRIP_PROGRAM='$(install_sh) -c -s'
LD='/usr/bin/ld -m elf_x86_64'
LDFLAGS='-L/home/waker/prj/deadbeef-deps/lib-x86-64/lib'
LIBOBJS=''
LIBS='-lm '
LIBTOOL='$(SHELL) $(top_builddir)/libtool'
LIPO=''
LN_S='ln -s'
LTLIBOBJS=''
MAKEINFO='${SHELL} /home/waker/prj/deadbeef-deps/libsamplerate-0.1.7/Cfg/missing --run makeinfo'
NM='/usr/bin/nm -B'
NMEDIT=''
OBJDUMP='objdump'
OBJEXT='o'
OS_SPECIFIC_INCLUDES=''
OS_SPECIFIC_LINKS=''
OTOOL64=''
OTOOL=''
PACKAGE='libsamplerate'
PACKAGE_BUGREPORT='erikd@mega-nerd.com'
PACKAGE_NAME='libsamplerate'
PACKAGE_STRING='libsamplerate 0.1.7'
PACKAGE_TARNAME='libsamplerate'
PACKAGE_VERSION='0.1.7'
PATH_SEPARATOR=':'
PEXPORTS=''
PKG_CONFIG='/usr/bin/pkg-config'
RANLIB='ranlib'
SED='/bin/sed'
SET_MAKE=''
SHARED_VERSION_INFO='1:7:1'
SHELL='/bin/bash'
SHLIB_VERSION_ARG='-Wl,--version-script=Version_script'
SNDFILE_CFLAGS=''
SNDFILE_LIBS=''
STRIP='strip'
VERSION='0.1.7'
ac_ct_CC='/home/waker/prj/deadbeef/tools/apbuild/apgcc'
ac_ct_DUMPBIN=''
am__fastdepCC_FALSE='#'
am__fastdepCC_TRUE=''
am__include='include'
am__isrc=''
am__leading_dot='.'
am__quote=''
am__tar='${AMTAR} chof - "$$tardir"'
am__untar='${AMTAR} xf -'
bindir='${exec_prefix}/bin'
build='x86_64-unknown-linux-gnu'
build_alias=''
build_cpu='x86_64'
build_os='linux-gnu'
build_vendor='unknown'
datadir='${datarootdir}'
datarootdir='${prefix}/share'
docdir='${datarootdir}/doc/${PACKAGE_TARNAME}'
dvidir='${docdir}'
exec_prefix='${prefix}'
host='x86_64-unknown-linux-gnu'
host_alias=''
host_cpu='x86_64'
host_os='linux-gnu'
host_vendor='unknown'
htmldir='${docdir}'
includedir='${prefix}/include'
infodir='${datarootdir}/info'
install_sh='$(SHELL) /home/waker/prj/deadbeef-deps/libsamplerate-0.1.7/Cfg/install-sh'
libdir='${exec_prefix}/lib'
libexecdir='${exec_prefix}/libexec'
localedir='${datarootdir}/locale'
localstatedir='${prefix}/var'
lt_ECHO='echo'
mandir='${datarootdir}/man'
mkdir_p='/bin/mkdir -p'
oldincludedir='/usr/include'
pdfdir='${docdir}'
prefix='/home/waker/prj/deadbeef-deps/lib-x86-64'
program_transform_name='s,x,x,'
psdir='${docdir}'
sbindir='${exec_prefix}/sbin'
sharedstatedir='${prefix}/com'
sysconfdir='${prefix}/etc'
target='x86_64-unknown-linux-gnu'
target_alias=''
target_cpu='x86_64'
target_os='linux-gnu'
target_vendor='unknown'

## ----------- ##
## confdefs.h. ##
## ----------- ##

#define PACKAGE_NAME "libsamplerate"
#define PACKAGE_TARNAME "libsamplerate"
#define PACKAGE_VERSION "0.1.7"
#define PACKAGE_STRING "libsamplerate 0.1.7"
#define PACKAGE_BUGREPORT "erikd@mega-nerd.com"
#define PACKAGE "libsamplerate"
#define VERSION "0.1.7"
#define STDC_HEADERS 1
#define HAVE_SYS_TYPES_H 1
#define HAVE_SYS_STAT_H 1
#define HAVE_STDLIB_H 1
#define HAVE_STRING_H 1
#define HAVE_MEMORY_H 1
#define HAVE_STRINGS_H 1
#define HAVE_INTTYPES_H 1
#define HAVE_STDINT_H 1
#define HAVE_UNISTD_H 1
#define HAVE_DLFCN_H 1
#define LT_OBJDIR ".libs/"
#define STDC_HEADERS 1
#define HAVE_STDINT_H 1
#define HAVE_SYS_TIMES_H 1
#define SIZEOF_INT 4
#define SIZEOF_LONG 8
#define SIZEOF_FLOAT 4
#define SIZEOF_DOUBLE 8
#define CPU_IS_BIG_ENDIAN 0
#define CPU_IS_LITTLE_ENDIAN 1
#define HAVE_MALLOC 1
#define HAVE_CALLOC 1
#define HAVE_FREE 1
#define HAVE_MEMCPY 1
#define HAVE_MEMMOVE 1
#define HAVE_ALARM 1
#define HAVE_SIGNAL 1
#define HAVE_LIBM 1
#define HAVE_FLOOR 1
#define HAVE_CEIL 1
#define HAVE_FMOD 1
#define HAVE_SIGALRM 1
#define HAVE_LRINT 1
#define HAVE_LRINTF 1
#define CPU_CLIPS_POSITIVE 0
#define CPU_CLIPS_NEGATIVE 0
#define HAVE_SNDFILE 0
#define HAVE_FFTW3 0
#define COMPILER_IS_GCC 1
#define GCC_MAJOR_VERSION 4
#define OS_IS_WIN32 0

configure: exit 0
