This file contains any messages produced by compilers while
running configure, to aid debugging if configure makes a mistake.

It was created by libbs2b configure 3.1.0, which was
generated by GNU Autoconf 2.63.  Invocation command line was

  $ ./configure --enable-static --prefix=/home/waker/prj/deadbeef-deps/lib-x86-64

## --------- ##
## Platform. ##
## --------- ##

hostname = lazer
uname -m = x86_64
uname -r = 3.8.0-19-generic
uname -s = Linux
uname -v = #29-Ubuntu SMP Wed Apr 17 18:16:28 UTC 2013

/usr/bin/uname -p = unknown
/bin/uname -X     = unknown

/bin/arch              = unknown
/usr/bin/arch -k       = unknown
/usr/convex/getsysinfo = unknown
/usr/bin/hostinfo      = unknown
/bin/machine           = unknown
/usr/bin/oslevel       = unknown
/bin/universe          = unknown

PATH: /home/waker/perl5/bin
PATH: /home/waker/bin
PATH: /usr/lib/lightdm/lightdm
PATH: /usr/local/sbin
PATH: /usr/local/bin
PATH: /usr/sbin
PATH: /usr/bin
PATH: /sbin
PATH: /bin
PATH: /usr/games
PATH: /usr/local/games
PATH: /opt/kde/bin
PATH: /home/waker/android/android-sdk-linux_86/tools
PATH: /home/waker/android/adt-bundle-linux-x86/sdk/platform-tools
PATH: /home/waker/bin
PATH: /home/waker/.local/bin
PATH: /opt/java/bin
PATH: /opt/firefox


## ----------- ##
## Core tests. ##
## ----------- ##

configure:2087: checking for a BSD-compatible install
configure:2155: result: /usr/bin/install -c
configure:2166: checking whether build environment is sane
configure:2209: result: yes
configure:2234: checking for a thread-safe mkdir -p
configure:2273: result: /bin/mkdir -p
configure:2286: checking for gawk
configure:2302: found /usr/bin/gawk
configure:2313: result: gawk
configure:2324: checking whether make sets $(MAKE)
configure:2346: result: yes
configure:2645: checking for C++ compiler version
configure:2653: /home/waker/prj/deadbeef/tools/apbuild/apgcc --version >&5
gcc (Ubuntu/Linaro 4.7.3-1ubuntu1) 4.7.3
Copyright (C) 2012 Free Software Foundation, Inc.
This is free software; see the source for copying conditions.  There is NO
warranty; not even for MERCHANTABILITY or FITNESS FOR A PARTICULAR PURPOSE.

configure:2657: $? = 0
configure:2664: /home/waker/prj/deadbeef/tools/apbuild/apgcc -v >&5
Using built-in specs.
COLLECT_GCC=gcc
COLLECT_LTO_WRAPPER=/usr/lib/gcc/x86_64-linux-gnu/4.7/lto-wrapper
Target: x86_64-linux-gnu
Configured with: ../src/configure -v --with-pkgversion='Ubuntu/Linaro 4.7.3-1ubuntu1' --with-bugurl=file:///usr/share/doc/gcc-4.7/README.Bugs --enable-languages=c,c++,go,fortran,objc,obj-c++ --prefix=/usr --program-suffix=-4.7 --enable-shared --enable-linker-build-id --libexecdir=/usr/lib --without-included-gettext --enable-threads=posix --with-gxx-include-dir=/usr/include/c++/4.7 --libdir=/usr/lib --enable-nls --with-sysroot=/ --enable-clocale=gnu --enable-libstdcxx-debug --enable-libstdcxx-time=yes --enable-gnu-unique-object --enable-plugin --with-system-zlib --enable-objc-gc --with-cloog --enable-cloog-backend=ppl --disable-cloog-version-check --disable-ppl-version-check --enable-multiarch --disable-werror --with-arch-32=i686 --with-abi=m64 --with-multilib-list=m32,m64,mx32 --with-tune=generic --enable-checking=release --build=x86_64-linux-gnu --host=x86_64-linux-gnu --target=x86_64-linux-gnu
Thread model: posix
gcc version 4.7.3 (Ubuntu/Linaro 4.7.3-1ubuntu1) 
configure:2668: $? = 0
configure:2675: /home/waker/prj/deadbeef/tools/apbuild/apgcc -V >&5
gcc: error: unrecognized command line option '-V'
gcc: fatal error: no input files
compilation terminated.
configure:2679: $? = 4
configure:2702: checking for C++ compiler default output file name
configure:2724: /home/waker/prj/deadbeef/tools/apbuild/apgcc   -L/home/waker/prj/deadbeef-deps/lib-x86-64/lib conftest.cpp  >&5
configure:2728: $? = 0
configure:2766: result: a.out
configure:2785: checking whether the C++ compiler works
configure:2795: ./a.out
configure:2799: $? = 0
configure:2818: result: yes
configure:2825: checking whether we are cross compiling
configure:2827: result: no
configure:2830: checking for suffix of executables
configure:2837: /home/waker/prj/deadbeef/tools/apbuild/apgcc -o conftest   -L/home/waker/prj/deadbeef-deps/lib-x86-64/lib conftest.cpp  >&5
configure:2841: $? = 0
configure:2867: result: 
configure:2873: checking for suffix of object files
configure:2899: /home/waker/prj/deadbeef/tools/apbuild/apgcc -c   conftest.cpp >&5
configure:2903: $? = 0
configure:2928: result: o
configure:2932: checking whether we are using the GNU C++ compiler
configure:2961: /home/waker/prj/deadbeef/tools/apbuild/apgcc -c   conftest.cpp >&5
configure:2968: $? = 0
configure:2985: result: yes
configure:2994: checking whether /home/waker/prj/deadbeef/tools/apbuild/apgcc accepts -g
configure:3024: /home/waker/prj/deadbeef/tools/apbuild/apgcc -c -g  conftest.cpp >&5
configure:3031: $? = 0
configure:3132: result: yes
configure:3166: checking for style of include used by make
configure:3194: result: GNU
configure:3219: checking dependency style of /home/waker/prj/deadbeef/tools/apbuild/apgcc
configure:3310: result: gcc3
configure:3373: checking for gcc
configure:3400: result: /home/waker/prj/deadbeef/tools/apbuild/apgcc
configure:3632: checking for C compiler version
configure:3640: /home/waker/prj/deadbeef/tools/apbuild/apgcc --version >&5
gcc (Ubuntu/Linaro 4.7.3-1ubuntu1) 4.7.3
Copyright (C) 2012 Free Software Foundation, Inc.
This is free software; see the source for copying conditions.  There is NO
warranty; not even for MERCHANTABILITY or FITNESS FOR A PARTICULAR PURPOSE.

configure:3644: $? = 0
configure:3651: /home/waker/prj/deadbeef/tools/apbuild/apgcc -v >&5
Using built-in specs.
COLLECT_GCC=gcc
COLLECT_LTO_WRAPPER=/usr/lib/gcc/x86_64-linux-gnu/4.7/lto-wrapper
Target: x86_64-linux-gnu
Configured with: ../src/configure -v --with-pkgversion='Ubuntu/Linaro 4.7.3-1ubuntu1' --with-bugurl=file:///usr/share/doc/gcc-4.7/README.Bugs --enable-languages=c,c++,go,fortran,objc,obj-c++ --prefix=/usr --program-suffix=-4.7 --enable-shared --enable-linker-build-id --libexecdir=/usr/lib --without-included-gettext --enable-threads=posix --with-gxx-include-dir=/usr/include/c++/4.7 --libdir=/usr/lib --enable-nls --with-sysroot=/ --enable-clocale=gnu --enable-libstdcxx-debug --enable-libstdcxx-time=yes --enable-gnu-unique-object --enable-plugin --with-system-zlib --enable-objc-gc --with-cloog --enable-cloog-backend=ppl --disable-cloog-version-check --disable-ppl-version-check --enable-multiarch --disable-werror --with-arch-32=i686 --with-abi=m64 --with-multilib-list=m32,m64,mx32 --with-tune=generic --enable-checking=release --build=x86_64-linux-gnu --host=x86_64-linux-gnu --target=x86_64-linux-gnu
Thread model: posix
gcc version 4.7.3 (Ubuntu/Linaro 4.7.3-1ubuntu1) 
configure:3655: $? = 0
configure:3662: /home/waker/prj/deadbeef/tools/apbuild/apgcc -V >&5
gcc: error: unrecognized command line option '-V'
gcc: fatal error: no input files
compilation terminated.
configure:3666: $? = 4
configure:3669: checking whether we are using the GNU C compiler
configure:3698: /home/waker/prj/deadbeef/tools/apbuild/apgcc -c -O2 -D_GNU_SOURCE -D_FORTIFY_SOURCE=0 -fPIC -I/home/waker/prj/deadbeef-deps/lib-x86-64/include  conftest.c >&5
configure:3705: $? = 0
configure:3722: result: yes
configure:3731: checking whether /home/waker/prj/deadbeef/tools/apbuild/apgcc accepts -g
configure:3761: /home/waker/prj/deadbeef/tools/apbuild/apgcc -c -g  conftest.c >&5
configure:3768: $? = 0
configure:3869: result: yes
configure:3886: checking for /home/waker/prj/deadbeef/tools/apbuild/apgcc option to accept ISO C89
configure:3960: /home/waker/prj/deadbeef/tools/apbuild/apgcc  -c -O2 -D_GNU_SOURCE -D_FORTIFY_SOURCE=0 -fPIC -I/home/waker/prj/deadbeef-deps/lib-x86-64/include  conftest.c >&5
configure:3967: $? = 0
configure:3990: result: none needed
configure:4010: checking dependency style of /home/waker/prj/deadbeef/tools/apbuild/apgcc
configure:4101: result: gcc3
configure:4194: checking build system type
configure:4212: result: x86_64-unknown-linux-gnu
configure:4234: checking host system type
configure:4249: result: x86_64-unknown-linux-gnu
configure:4271: checking for a sed that does not truncate output
configure:4327: result: /bin/sed
configure:4330: checking for grep that handles long lines and -e
configure:4390: result: /bin/grep
configure:4395: checking for egrep
configure:4459: result: /bin/grep -E
configure:4475: checking for ld used by /home/waker/prj/deadbeef/tools/apbuild/apgcc
configure:4542: result: /usr/bin/ld
configure:4551: checking if the linker (/usr/bin/ld) is GNU ld
configure:4566: result: yes
configure:4571: checking for /usr/bin/ld option to reload object files
configure:4578: result: -r
configure:4596: checking for BSD-compatible nm
configure:4645: result: /usr/bin/nm -B
configure:4649: checking whether ln -s works
configure:4653: result: yes
configure:4660: checking how to recognize dependent libraries
configure:4846: result: pass_all
configure:4935: /home/waker/prj/deadbeef/tools/apbuild/apgcc -c -O2 -D_GNU_SOURCE -D_FORTIFY_SOURCE=0 -fPIC -I/home/waker/prj/deadbeef-deps/lib-x86-64/include  conftest.c >&5
configure:4938: $? = 0
configure:5095: checking how to run the C preprocessor
configure:5135: /home/waker/prj/deadbeef/tools/apbuild/apgcc -E  conftest.c
configure:5142: $? = 0
configure:5173: /home/waker/prj/deadbeef/tools/apbuild/apgcc -E  conftest.c
conftest.c:10:28: fatal error: ac_nonexistent.h: No such file or directory
compilation terminated.
configure:5180: $? = 1
configure: failed program was:
| /* confdefs.h.  */
| #define PACKAGE_NAME "libbs2b"
| #define PACKAGE_TARNAME "libbs2b"
| #define PACKAGE_VERSION "3.1.0"
| #define PACKAGE_STRING "libbs2b 3.1.0"
| #define PACKAGE_BUGREPORT "boris_mikhaylov@users.sourceforge.net"
| #define PACKAGE "libbs2b"
| #define VERSION "3.1.0"
| /* end confdefs.h.  */
| #include <ac_nonexistent.h>
configure:5213: result: /home/waker/prj/deadbeef/tools/apbuild/apgcc -E
configure:5242: /home/waker/prj/deadbeef/tools/apbuild/apgcc -E  conftest.c
configure:5249: $? = 0
configure:5280: /home/waker/prj/deadbeef/tools/apbuild/apgcc -E  conftest.c
conftest.c:10:28: fatal error: ac_nonexistent.h: No such file or directory
compilation terminated.
configure:5287: $? = 1
configure: failed program was:
| /* confdefs.h.  */
| #define PACKAGE_NAME "libbs2b"
| #define PACKAGE_TARNAME "libbs2b"
| #define PACKAGE_VERSION "3.1.0"
| #define PACKAGE_STRING "libbs2b 3.1.0"
| #define PACKAGE_BUGREPORT "boris_mikhaylov@users.sourceforge.net"
| #define PACKAGE "libbs2b"
| #define VERSION "3.1.0"
| /* end confdefs.h.  */
| #include <ac_nonexistent.h>
configure:5327: checking for ANSI C header files
configure:5357: /home/waker/prj/deadbeef/tools/apbuild/apgcc -c -O2 -D_GNU_SOURCE -D_FORTIFY_SOURCE=0 -fPIC -I/home/waker/prj/deadbeef-deps/lib-x86-64/include  conftest.c >&5
configure:5364: $? = 0
configure:5463: /home/waker/prj/deadbeef/tools/apbuild/apgcc -o conftest -O2 -D_GNU_SOURCE -D_FORTIFY_SOURCE=0 -fPIC -I/home/waker/prj/deadbeef-deps/lib-x86-64/include  -L/home/waker/prj/deadbeef-deps/lib-x86-64/lib conftest.c  >&5
configure:5467: $? = 0
configure:5473: ./conftest
configure:5477: $? = 0
configure:5495: result: yes
configure:5519: checking for sys/types.h
configure:5540: /home/waker/prj/deadbeef/tools/apbuild/apgcc -c -O2 -D_GNU_SOURCE -D_FORTIFY_SOURCE=0 -fPIC -I/home/waker/prj/deadbeef-deps/lib-x86-64/include  conftest.c >&5
configure:5547: $? = 0
configure:5564: result: yes
configure:5519: checking for sys/stat.h
configure:5540: /home/waker/prj/deadbeef/tools/apbuild/apgcc -c -O2 -D_GNU_SOURCE -D_FORTIFY_SOURCE=0 -fPIC -I/home/waker/prj/deadbeef-deps/lib-x86-64/include  conftest.c >&5
configure:5547: $? = 0
configure:5564: result: yes
configure:5519: checking for stdlib.h
configure:5540: /home/waker/prj/deadbeef/tools/apbuild/apgcc -c -O2 -D_GNU_SOURCE -D_FORTIFY_SOURCE=0 -fPIC -I/home/waker/prj/deadbeef-deps/lib-x86-64/include  conftest.c >&5
configure:5547: $? = 0
configure:5564: result: yes
configure:5519: checking for string.h
configure:5540: /home/waker/prj/deadbeef/tools/apbuild/apgcc -c -O2 -D_GNU_SOURCE -D_FORTIFY_SOURCE=0 -fPIC -I/home/waker/prj/deadbeef-deps/lib-x86-64/include  conftest.c >&5
configure:5547: $? = 0
configure:5564: result: yes
configure:5519: checking for memory.h
configure:5540: /home/waker/prj/deadbeef/tools/apbuild/apgcc -c -O2 -D_GNU_SOURCE -D_FORTIFY_SOURCE=0 -fPIC -I/home/waker/prj/deadbeef-deps/lib-x86-64/include  conftest.c >&5
configure:5547: $? = 0
configure:5564: result: yes
configure:5519: checking for strings.h
configure:5540: /home/waker/prj/deadbeef/tools/apbuild/apgcc -c -O2 -D_GNU_SOURCE -D_FORTIFY_SOURCE=0 -fPIC -I/home/waker/prj/deadbeef-deps/lib-x86-64/include  conftest.c >&5
configure:5547: $? = 0
configure:5564: result: yes
configure:5519: checking for inttypes.h
configure:5540: /home/waker/prj/deadbeef/tools/apbuild/apgcc -c -O2 -D_GNU_SOURCE -D_FORTIFY_SOURCE=0 -fPIC -I/home/waker/prj/deadbeef-deps/lib-x86-64/include  conftest.c >&5
configure:5547: $? = 0
configure:5564: result: yes
configure:5519: checking for stdint.h
configure:5540: /home/waker/prj/deadbeef/tools/apbuild/apgcc -c -O2 -D_GNU_SOURCE -D_FORTIFY_SOURCE=0 -fPIC -I/home/waker/prj/deadbeef-deps/lib-x86-64/include  conftest.c >&5
configure:5547: $? = 0
configure:5564: result: yes
configure:5519: checking for unistd.h
configure:5540: /home/waker/prj/deadbeef/tools/apbuild/apgcc -c -O2 -D_GNU_SOURCE -D_FORTIFY_SOURCE=0 -fPIC -I/home/waker/prj/deadbeef-deps/lib-x86-64/include  conftest.c >&5
configure:5547: $? = 0
configure:5564: result: yes
configure:5594: checking dlfcn.h usability
configure:5611: /home/waker/prj/deadbeef/tools/apbuild/apgcc -c -O2 -D_GNU_SOURCE -D_FORTIFY_SOURCE=0 -fPIC -I/home/waker/prj/deadbeef-deps/lib-x86-64/include  conftest.c >&5
configure:5618: $? = 0
configure:5632: result: yes
configure:5636: checking dlfcn.h presence
configure:5651: /home/waker/prj/deadbeef/tools/apbuild/apgcc -E  conftest.c
configure:5658: $? = 0
configure:5672: result: yes
configure:5705: checking for dlfcn.h
configure:5714: result: yes
configure:5739: checking how to run the C++ preprocessor
configure:5775: /home/waker/prj/deadbeef/tools/apbuild/apgcc -E  conftest.cpp
configure:5782: $? = 0
configure:5813: /home/waker/prj/deadbeef/tools/apbuild/apgcc -E  conftest.cpp
conftest.cpp:21:28: fatal error: ac_nonexistent.h: No such file or directory
compilation terminated.
configure:5820: $? = 1
configure: failed program was:
| /* confdefs.h.  */
| #define PACKAGE_NAME "libbs2b"
| #define PACKAGE_TARNAME "libbs2b"
| #define PACKAGE_VERSION "3.1.0"
| #define PACKAGE_STRING "libbs2b 3.1.0"
| #define PACKAGE_BUGREPORT "boris_mikhaylov@users.sourceforge.net"
| #define PACKAGE "libbs2b"
| #define VERSION "3.1.0"
| #define STDC_HEADERS 1
| #define HAVE_SYS_TYPES_H 1
| #define HAVE_SYS_STAT_H 1
| #define HAVE_STDLIB_H 1
| #define HAVE_STRING_H 1
| #define HAVE_MEMORY_H 1
| #define HAVE_STRINGS_H 1
| #define HAVE_INTTYPES_H 1
| #define HAVE_STDINT_H 1
| #define HAVE_UNISTD_H 1
| #define HAVE_DLFCN_H 1
| /* end confdefs.h.  */
| #include <ac_nonexistent.h>
configure:5853: result: /home/waker/prj/deadbeef/tools/apbuild/apgcc -E
configure:5882: /home/waker/prj/deadbeef/tools/apbuild/apgcc -E  conftest.cpp
configure:5889: $? = 0
configure:5920: /home/waker/prj/deadbeef/tools/apbuild/apgcc -E  conftest.cpp
conftest.cpp:21:28: fatal error: ac_nonexistent.h: No such file or directory
compilation terminated.
configure:5927: $? = 1
configure: failed program was:
| /* confdefs.h.  */
| #define PACKAGE_NAME "libbs2b"
| #define PACKAGE_TARNAME "libbs2b"
| #define PACKAGE_VERSION "3.1.0"
| #define PACKAGE_STRING "libbs2b 3.1.0"
| #define PACKAGE_BUGREPORT "boris_mikhaylov@users.sourceforge.net"
| #define PACKAGE "libbs2b"
| #define VERSION "3.1.0"
| #define STDC_HEADERS 1
| #define HAVE_SYS_TYPES_H 1
| #define HAVE_SYS_STAT_H 1
| #define HAVE_STDLIB_H 1
| #define HAVE_STRING_H 1
| #define HAVE_MEMORY_H 1
| #define HAVE_STRINGS_H 1
| #define HAVE_INTTYPES_H 1
| #define HAVE_STDINT_H 1
| #define HAVE_UNISTD_H 1
| #define HAVE_DLFCN_H 1
| /* end confdefs.h.  */
| #include <ac_nonexistent.h>
configure:6022: checking for g77
configure:6052: result: no
configure:6022: checking for xlf
configure:6052: result: no
configure:6022: checking for f77
configure:6052: result: no
configure:6022: checking for frt
configure:6052: result: no
configure:6022: checking for pgf77
configure:6052: result: no
configure:6022: checking for cf77
configure:6052: result: no
configure:6022: checking for fort77
configure:6052: result: no
configure:6022: checking for fl32
configure:6052: result: no
configure:6022: checking for af77
configure:6052: result: no
configure:6022: checking for xlf90
configure:6052: result: no
configure:6022: checking for f90
configure:6052: result: no
configure:6022: checking for pgf90
configure:6052: result: no
configure:6022: checking for pghpf
configure:6052: result: no
configure:6022: checking for epcf90
configure:6052: result: no
configure:6022: checking for gfortran
configure:6052: result: no
configure:6022: checking for g95
configure:6052: result: no
configure:6022: checking for xlf95
configure:6052: result: no
configure:6022: checking for f95
configure:6052: result: no
configure:6022: checking for fort
configure:6052: result: no
configure:6022: checking for ifort
configure:6052: result: no
configure:6022: checking for ifc
configure:6052: result: no
configure:6022: checking for efc
configure:6052: result: no
configure:6022: checking for pgf95
configure:6052: result: no
configure:6022: checking for lf95
configure:6052: result: no
configure:6022: checking for ftn
configure:6052: result: no
configure:6075: checking for Fortran 77 compiler version
configure:6083:  --version >&5
./configure: line 6085: --version: command not found
configure:6087: $? = 127
configure:6094:  -v >&5
./configure: line 6096: -v: command not found
configure:6098: $? = 127
configure:6105:  -V >&5
./configure: line 6107: -V: command not found
configure:6109: $? = 127
configure:6117: checking whether we are using the GNU Fortran 77 compiler
configure:6136:  -c  conftest.F >&5
./configure: line 6138: -c: command not found
configure:6143: $? = 127
configure: failed program was:
|       program main
| #ifndef __GNUC__
|        choke me
| #endif
| 
|       end
configure:6160: result: no
configure:6166: checking whether  accepts -g
configure:6183:  -c -g conftest.f >&5
./configure: line 6185: -c: command not found
configure:6190: $? = 127
configure: failed program was:
|       program main
| 
|       end
configure:6206: result: no
configure:6239: checking the maximum length of command line arguments
configure:6351: result: 1572864
configure:6363: checking command to parse /usr/bin/nm -B output from /home/waker/prj/deadbeef/tools/apbuild/apgcc object
configure:6468: /home/waker/prj/deadbeef/tools/apbuild/apgcc -c -O2 -D_GNU_SOURCE -D_FORTIFY_SOURCE=0 -fPIC -I/home/waker/prj/deadbeef-deps/lib-x86-64/include  conftest.c >&5
configure:6471: $? = 0
configure:6475: /usr/bin/nm -B conftest.o \| sed -n -e 's/^.*[ 	]\([ABCDGIRSTW][ABCDGIRSTW]*\)[ 	][ 	]*\([_A-Za-z][_A-Za-z0-9]*\)$/\1 \2 \2/p' \> conftest.nm
configure:6478: $? = 0
configure:6530: /home/waker/prj/deadbeef/tools/apbuild/apgcc -o conftest -O2 -D_GNU_SOURCE -D_FORTIFY_SOURCE=0 -fPIC -I/home/waker/prj/deadbeef-deps/lib-x86-64/include  -L/home/waker/prj/deadbeef-deps/lib-x86-64/lib conftest.c conftstm.o >&5
configure:6533: $? = 0
configure:6571: result: ok
configure:6575: checking for objdir
configure:6590: result: .libs
configure:6682: checking for ar
configure:6698: found /usr/bin/ar
configure:6709: result: ar
configure:6774: checking for ranlib
configure:6790: found /usr/bin/ranlib
configure:6801: result: ranlib
configure:6866: checking for strip
configure:6882: found /usr/bin/strip
configure:6893: result: strip
configure:7434: checking for correct ltmain.sh version
configure:7484: result: yes
configure:7544: checking if /home/waker/prj/deadbeef/tools/apbuild/apgcc supports -fno-rtti -fno-exceptions
configure:7562: /home/waker/prj/deadbeef/tools/apbuild/apgcc -c -O2 -D_GNU_SOURCE -D_FORTIFY_SOURCE=0 -fPIC -I/home/waker/prj/deadbeef-deps/lib-x86-64/include  -fno-rtti -fno-exceptions conftest.c >&5
cc1: warning: command line option '-fno-rtti' is valid for C++/ObjC++ but not for C [enabled by default]
configure:7566: $? = 0
configure:7579: result: no
configure:7594: checking for /home/waker/prj/deadbeef/tools/apbuild/apgcc option to produce PIC
configure:7826: result: -fPIC
configure:7834: checking if /home/waker/prj/deadbeef/tools/apbuild/apgcc PIC flag -fPIC works
configure:7852: /home/waker/prj/deadbeef/tools/apbuild/apgcc -c -O2 -D_GNU_SOURCE -D_FORTIFY_SOURCE=0 -fPIC -I/home/waker/prj/deadbeef-deps/lib-x86-64/include  -fPIC -DPIC conftest.c >&5
configure:7856: $? = 0
configure:7869: result: yes
configure:7897: checking if /home/waker/prj/deadbeef/tools/apbuild/apgcc static flag -static works
configure:7925: result: yes
configure:7935: checking if /home/waker/prj/deadbeef/tools/apbuild/apgcc supports -c -o file.o
configure:7956: /home/waker/prj/deadbeef/tools/apbuild/apgcc -c -O2 -D_GNU_SOURCE -D_FORTIFY_SOURCE=0 -fPIC -I/home/waker/prj/deadbeef-deps/lib-x86-64/include  -o out/conftest2.o conftest.c >&5
configure:7960: $? = 0
configure:7982: result: yes
configure:8008: checking whether the /home/waker/prj/deadbeef/tools/apbuild/apgcc linker (/usr/bin/ld -m elf_x86_64) supports shared libraries
configure:8996: result: yes
configure:9017: checking whether -lc should be explicitly linked in
configure:9022: /home/waker/prj/deadbeef/tools/apbuild/apgcc -c -O2 -D_GNU_SOURCE -D_FORTIFY_SOURCE=0 -fPIC -I/home/waker/prj/deadbeef-deps/lib-x86-64/include  conftest.c >&5
configure:9025: $? = 0
configure:9040: /home/waker/prj/deadbeef/tools/apbuild/apgcc -shared conftest.o  -v -Wl,-soname -Wl,conftest -o conftest 2\>\&1 \| grep  -lc  \>/dev/null 2\>\&1
configure:9043: $? = 0
configure:9055: result: no
configure:9063: checking dynamic linker characteristics
configure:9678: result: GNU/Linux ld.so
configure:9702: checking how to hardcode library paths into programs
configure:9727: result: immediate
configure:9741: checking whether stripping libraries is possible
configure:9746: result: yes
configure:10576: checking if libtool supports shared libraries
configure:10578: result: yes
configure:10581: checking whether to build shared libraries
configure:10602: result: yes
configure:10605: checking whether to build static libraries
configure:10609: result: yes
configure:10703: creating libtool
configure:11296: checking for ld used by /home/waker/prj/deadbeef/tools/apbuild/apgcc
configure:11363: result: /usr/bin/ld -m elf_x86_64
configure:11372: checking if the linker (/usr/bin/ld -m elf_x86_64) is GNU ld
configure:11387: result: yes
configure:11438: checking whether the /home/waker/prj/deadbeef/tools/apbuild/apgcc linker (/usr/bin/ld -m elf_x86_64) supports shared libraries
configure:12392: result: yes
configure:12409: /home/waker/prj/deadbeef/tools/apbuild/apgcc -c -g -O2  conftest.cpp >&5
configure:12412: $? = 0
configure:12568: checking for /home/waker/prj/deadbeef/tools/apbuild/apgcc option to produce PIC
configure:12852: result: -fPIC
configure:12860: checking if /home/waker/prj/deadbeef/tools/apbuild/apgcc PIC flag -fPIC works
configure:12878: /home/waker/prj/deadbeef/tools/apbuild/apgcc -c -g -O2  -fPIC -DPIC conftest.cpp >&5
configure:12882: $? = 0
configure:12895: result: yes
configure:12923: checking if /home/waker/prj/deadbeef/tools/apbuild/apgcc static flag -static works
configure:12951: result: yes
configure:12961: checking if /home/waker/prj/deadbeef/tools/apbuild/apgcc supports -c -o file.o
configure:12982: /home/waker/prj/deadbeef/tools/apbuild/apgcc -c -g -O2  -o out/conftest2.o conftest.cpp >&5
configure:12986: $? = 0
configure:13008: result: yes
configure:13034: checking whether the /home/waker/prj/deadbeef/tools/apbuild/apgcc linker (/usr/bin/ld -m elf_x86_64) supports shared libraries
configure:13060: result: yes
configure:13127: checking dynamic linker characteristics
configure:13690: result: GNU/Linux ld.so
configure:13714: checking how to hardcode library paths into programs
configure:13739: result: immediate
configure:20051: checking for pkg-config
configure:20069: found /usr/bin/pkg-config
configure:20081: result: /usr/bin/pkg-config
configure:20106: checking pkg-config is at least version 0.9.0
configure:20109: result: yes
configure:20121: $PKG_CONFIG --exists --print-errors "sndfile"
configure:20124: $? = 0
configure:20154: checking fcntl.h usability
configure:20171: /home/waker/prj/deadbeef/tools/apbuild/apgcc -c -O2 -D_GNU_SOURCE -D_FORTIFY_SOURCE=0 -fPIC -I/home/waker/prj/deadbeef-deps/lib-x86-64/include  conftest.c >&5
configure:20178: $? = 0
configure:20192: result: yes
configure:20196: checking fcntl.h presence
configure:20211: /home/waker/prj/deadbeef/tools/apbuild/apgcc -E  conftest.c
configure:20218: $? = 0
configure:20232: result: yes
configure:20265: checking for fcntl.h
configure:20274: result: yes
configure:20154: checking malloc.h usability
configure:20171: /home/waker/prj/deadbeef/tools/apbuild/apgcc -c -O2 -D_GNU_SOURCE -D_FORTIFY_SOURCE=0 -fPIC -I/home/waker/prj/deadbeef-deps/lib-x86-64/include  conftest.c >&5
configure:20178: $? = 0
configure:20192: result: yes
configure:20196: checking malloc.h presence
configure:20211: /home/waker/prj/deadbeef/tools/apbuild/apgcc -E  conftest.c
configure:20218: $? = 0
configure:20232: result: yes
configure:20265: checking for malloc.h
configure:20274: result: yes
configure:20143: checking for string.h
configure:20150: result: yes
configure:20291: checking for stdbool.h that conforms to C99
configure:20386: /home/waker/prj/deadbeef/tools/apbuild/apgcc -c -O2 -D_GNU_SOURCE -D_FORTIFY_SOURCE=0 -fPIC -I/home/waker/prj/deadbeef-deps/lib-x86-64/include  conftest.c >&5
configure:20393: $? = 0
configure:20408: result: yes
configure:20410: checking for _Bool
configure:20438: /home/waker/prj/deadbeef/tools/apbuild/apgcc -c -O2 -D_GNU_SOURCE -D_FORTIFY_SOURCE=0 -fPIC -I/home/waker/prj/deadbeef-deps/lib-x86-64/include  conftest.c >&5
configure:20445: $? = 0
configure:20472: /home/waker/prj/deadbeef/tools/apbuild/apgcc -c -O2 -D_GNU_SOURCE -D_FORTIFY_SOURCE=0 -fPIC -I/home/waker/prj/deadbeef-deps/lib-x86-64/include  conftest.c >&5
conftest.c: In function 'main':
conftest.c:60:20: error: expected expression before ')' token
configure:20479: $? = 1
configure: failed program was:
| /* confdefs.h.  */
| #define PACKAGE_NAME "libbs2b"
| #define PACKAGE_TARNAME "libbs2b"
| #define PACKAGE_VERSION "3.1.0"
| #define PACKAGE_STRING "libbs2b 3.1.0"
| #define PACKAGE_BUGREPORT "boris_mikhaylov@users.sourceforge.net"
| #define PACKAGE "libbs2b"
| #define VERSION "3.1.0"
| #define STDC_HEADERS 1
| #define HAVE_SYS_TYPES_H 1
| #define HAVE_SYS_STAT_H 1
| #define HAVE_STDLIB_H 1
| #define HAVE_STRING_H 1
| #define HAVE_MEMORY_H 1
| #define HAVE_STRINGS_H 1
| #define HAVE_INTTYPES_H 1
| #define HAVE_STDINT_H 1
| #define HAVE_UNISTD_H 1
| #define HAVE_DLFCN_H 1
| #define HAVE_FCNTL_H 1
| #define HAVE_MALLOC_H 1
| #define HAVE_STRING_H 1
| /* end confdefs.h.  */
| #include <stdio.h>
| #ifdef HAVE_SYS_TYPES_H
| # include <sys/types.h>
| #endif
| #ifdef HAVE_SYS_STAT_H
| # include <sys/stat.h>
| #endif
| #ifdef STDC_HEADERS
| # include <stdlib.h>
| # include <stddef.h>
| #else
| # ifdef HAVE_STDLIB_H
| #  include <stdlib.h>
| # endif
| #endif
| #ifdef HAVE_STRING_H
| # if !defined STDC_HEADERS && defined HAVE_MEMORY_H
| #  include <memory.h>
| # endif
| # include <string.h>
| #endif
| #ifdef HAVE_STRINGS_H
| # include <strings.h>
| #endif
| #ifdef HAVE_INTTYPES_H
| # include <inttypes.h>
| #endif
| #ifdef HAVE_STDINT_H
| # include <stdint.h>
| #endif
| #ifdef HAVE_UNISTD_H
| # include <unistd.h>
| #endif
| int
| main ()
| {
| if (sizeof ((_Bool)))
| 	  return 0;
|   ;
|   return 0;
| }
configure:20502: result: yes
configure:20521: checking for size_t
configure:20549: /home/waker/prj/deadbeef/tools/apbuild/apgcc -c -O2 -D_GNU_SOURCE -D_FORTIFY_SOURCE=0 -fPIC -I/home/waker/prj/deadbeef-deps/lib-x86-64/include  conftest.c >&5
configure:20556: $? = 0
configure:20583: /home/waker/prj/deadbeef/tools/apbuild/apgcc -c -O2 -D_GNU_SOURCE -D_FORTIFY_SOURCE=0 -fPIC -I/home/waker/prj/deadbeef-deps/lib-x86-64/include  conftest.c >&5
conftest.c: In function 'main':
conftest.c:62:21: error: expected expression before ')' token
configure:20590: $? = 1
configure: failed program was:
| /* confdefs.h.  */
| #define PACKAGE_NAME "libbs2b"
| #define PACKAGE_TARNAME "libbs2b"
| #define PACKAGE_VERSION "3.1.0"
| #define PACKAGE_STRING "libbs2b 3.1.0"
| #define PACKAGE_BUGREPORT "boris_mikhaylov@users.sourceforge.net"
| #define PACKAGE "libbs2b"
| #define VERSION "3.1.0"
| #define STDC_HEADERS 1
| #define HAVE_SYS_TYPES_H 1
| #define HAVE_SYS_STAT_H 1
| #define HAVE_STDLIB_H 1
| #define HAVE_STRING_H 1
| #define HAVE_MEMORY_H 1
| #define HAVE_STRINGS_H 1
| #define HAVE_INTTYPES_H 1
| #define HAVE_STDINT_H 1
| #define HAVE_UNISTD_H 1
| #define HAVE_DLFCN_H 1
| #define HAVE_FCNTL_H 1
| #define HAVE_MALLOC_H 1
| #define HAVE_STRING_H 1
| #define HAVE__BOOL 1
| #define HAVE_STDBOOL_H 1
| /* end confdefs.h.  */
| #include <stdio.h>
| #ifdef HAVE_SYS_TYPES_H
| # include <sys/types.h>
| #endif
| #ifdef HAVE_SYS_STAT_H
| # include <sys/stat.h>
| #endif
| #ifdef STDC_HEADERS
| # include <stdlib.h>
| # include <stddef.h>
| #else
| # ifdef HAVE_STDLIB_H
| #  include <stdlib.h>
| # endif
| #endif
| #ifdef HAVE_STRING_H
| # if !defined STDC_HEADERS && defined HAVE_MEMORY_H
| #  include <memory.h>
| # endif
| # include <string.h>
| #endif
| #ifdef HAVE_STRINGS_H
| # include <strings.h>
| #endif
| #ifdef HAVE_INTTYPES_H
| # include <inttypes.h>
| #endif
| #ifdef HAVE_STDINT_H
| # include <stdint.h>
| #endif
| #ifdef HAVE_UNISTD_H
| # include <unistd.h>
| #endif
| int
| main ()
| {
| if (sizeof ((size_t)))
| 	  return 0;
|   ;
|   return 0;
| }
configure:20613: result: yes
configure:20632: checking for stdlib.h
configure:20639: result: yes
configure:20778: checking for GNU libc compatible malloc
configure:20812: /home/waker/prj/deadbeef/tools/apbuild/apgcc -o conftest -O2 -D_GNU_SOURCE -D_FORTIFY_SOURCE=0 -fPIC -I/home/waker/prj/deadbeef-deps/lib-x86-64/include  -L/home/waker/prj/deadbeef-deps/lib-x86-64/lib conftest.c  >&5
configure:20816: $? = 0
configure:20822: ./conftest
configure:20826: $? = 0
configure:20843: result: yes
configure:20875: checking for strrchr
configure:20931: /home/waker/prj/deadbeef/tools/apbuild/apgcc -o conftest -O2 -D_GNU_SOURCE -D_FORTIFY_SOURCE=0 -fPIC -I/home/waker/prj/deadbeef-deps/lib-x86-64/include  -L/home/waker/prj/deadbeef-deps/lib-x86-64/lib conftest.c  >&5
conftest.c:51:6: warning: conflicting types for built-in function 'strrchr' [enabled by default]
configure:20938: $? = 0
configure:20960: result: yes
configure:21134: creating ./config.status

## ---------------------- ##
## Running config.status. ##
## ---------------------- ##

This file was extended by libbs2b config.status 3.1.0, which was
generated by GNU Autoconf 2.63.  Invocation command line was

  CONFIG_FILES    = 
  CONFIG_HEADERS  = 
  CONFIG_LINKS    = 
  CONFIG_COMMANDS = 
  $ ./config.status 

on lazer

config.status:723: creating libbs2b.pc
config.status:723: creating Makefile
config.status:723: creating doc/Makefile
config.status:723: creating src/Makefile
config.status:723: creating win32/Makefile
config.status:934: executing depfiles commands

## ---------------- ##
## Cache variables. ##
## ---------------- ##

ac_cv_build=x86_64-unknown-linux-gnu
ac_cv_c_compiler_gnu=yes
ac_cv_cxx_compiler_gnu=yes
ac_cv_env_CCC_set=
ac_cv_env_CCC_value=
ac_cv_env_CC_set=set
ac_cv_env_CC_value=/home/waker/prj/deadbeef/tools/apbuild/apgcc
ac_cv_env_CFLAGS_set=set
ac_cv_env_CFLAGS_value='-O2 -D_GNU_SOURCE -D_FORTIFY_SOURCE=0 -fPIC -I/home/waker/prj/deadbeef-deps/lib-x86-64/include'
ac_cv_env_CPPFLAGS_set=
ac_cv_env_CPPFLAGS_value=
ac_cv_env_CPP_set=
ac_cv_env_CPP_value=
ac_cv_env_CXXCPP_set=
ac_cv_env_CXXCPP_value=
ac_cv_env_CXXFLAGS_set=
ac_cv_env_CXXFLAGS_value=
ac_cv_env_CXX_set=set
ac_cv_env_CXX_value=/home/waker/prj/deadbeef/tools/apbuild/apgcc
ac_cv_env_F77_set=
ac_cv_env_F77_value=
ac_cv_env_FFLAGS_set=
ac_cv_env_FFLAGS_value=
ac_cv_env_LDFLAGS_set=set
ac_cv_env_LDFLAGS_value=-L/home/waker/prj/deadbeef-deps/lib-x86-64/lib
ac_cv_env_LIBS_set=
ac_cv_env_LIBS_value=
ac_cv_env_PKG_CONFIG_set=
ac_cv_env_PKG_CONFIG_value=
ac_cv_env_build_alias_set=
ac_cv_env_build_alias_value=
ac_cv_env_host_alias_set=
ac_cv_env_host_alias_value=
ac_cv_env_target_alias_set=
ac_cv_env_target_alias_value=
ac_cv_f77_compiler_gnu=no
ac_cv_func_malloc_0_nonnull=yes
ac_cv_func_strrchr=yes
ac_cv_header_dlfcn_h=yes
ac_cv_header_fcntl_h=yes
ac_cv_header_inttypes_h=yes
ac_cv_header_malloc_h=yes
ac_cv_header_memory_h=yes
ac_cv_header_stdbool_h=yes
ac_cv_header_stdc=yes
ac_cv_header_stdint_h=yes
ac_cv_header_stdlib_h=yes
ac_cv_header_string_h=yes
ac_cv_header_strings_h=yes
ac_cv_header_sys_stat_h=yes
ac_cv_header_sys_types_h=yes
ac_cv_header_unistd_h=yes
ac_cv_host=x86_64-unknown-linux-gnu
ac_cv_objext=o
ac_cv_path_EGREP='/bin/grep -E'
ac_cv_path_GREP=/bin/grep
ac_cv_path_ac_pt_PKG_CONFIG=/usr/bin/pkg-config
ac_cv_path_install='/usr/bin/install -c'
ac_cv_path_mkdir=/bin/mkdir
ac_cv_prog_AWK=gawk
ac_cv_prog_CPP='/home/waker/prj/deadbeef/tools/apbuild/apgcc -E'
ac_cv_prog_CXXCPP='/home/waker/prj/deadbeef/tools/apbuild/apgcc -E'
ac_cv_prog_ac_ct_AR=ar
ac_cv_prog_ac_ct_CC=/home/waker/prj/deadbeef/tools/apbuild/apgcc
ac_cv_prog_ac_ct_RANLIB=ranlib
ac_cv_prog_ac_ct_STRIP=strip
ac_cv_prog_cc_c89=
ac_cv_prog_cc_g=yes
ac_cv_prog_cxx_g=yes
ac_cv_prog_f77_g=no
ac_cv_prog_make_make_set=yes
ac_cv_type__Bool=yes
ac_cv_type_size_t=yes
am_cv_CC_dependencies_compiler_type=gcc3
am_cv_CXX_dependencies_compiler_type=gcc3
lt_cv_deplibs_check_method=pass_all
lt_cv_file_magic_cmd='$MAGIC_CMD'
lt_cv_file_magic_test_file=
lt_cv_ld_reload_flag=-r
lt_cv_objdir=.libs
lt_cv_path_LD=/usr/bin/ld
lt_cv_path_LDCXX='/usr/bin/ld -m elf_x86_64'
lt_cv_path_NM='/usr/bin/nm -B'
lt_cv_path_SED=/bin/sed
lt_cv_prog_compiler_c_o=yes
lt_cv_prog_compiler_c_o_CXX=yes
lt_cv_prog_compiler_pic_works=yes
lt_cv_prog_compiler_pic_works_CXX=yes
lt_cv_prog_compiler_rtti_exceptions=no
lt_cv_prog_compiler_static_works=yes
lt_cv_prog_compiler_static_works_CXX=yes
lt_cv_prog_gnu_ld=yes
lt_cv_prog_gnu_ldcxx=yes
lt_cv_sys_global_symbol_pipe='sed -n -e '\''s/^.*[ 	]\([ABCDGIRSTW][ABCDGIRSTW]*\)[ 	][ 	]*\([_A-Za-z][_A-Za-z0-9]*\)$/\1 \2 \2/p'\'''
lt_cv_sys_global_symbol_to_c_name_address='sed -n -e '\''s/^: \([^ ]*\) $/  {\"\1\", (lt_ptr) 0},/p'\'' -e '\''s/^[BCDEGRST] \([^ ]*\) \([^ ]*\)$/  {"\2", (lt_ptr) \&\2},/p'\'''
lt_cv_sys_global_symbol_to_cdecl='sed -n -e '\''s/^. .* \(.*\)$/extern int \1;/p'\'''
lt_cv_sys_lib_dlsearch_path_spec='/lib /usr/lib /usr/lib/i386-linux-gnu/mesa /lib/i386-linux-gnu /usr/lib/i386-linux-gnu /lib/i686-linux-gnu /usr/lib/i686-linux-gnu /usr/local/lib /lib/x86_64-linux-gnu /usr/lib/x86_64-linux-gnu /usr/lib/x86_64-linux-gnu/mesa-egl /usr/lib/x86_64-linux-gnu/mesa '
lt_cv_sys_lib_search_path_spec='/usr/lib/gcc/x86_64-linux-gnu/4.7 /usr/lib/x86_64-linux-gnu /usr/lib /lib/x86_64-linux-gnu /lib'
lt_cv_sys_max_cmd_len=1572864
lt_lt_cv_prog_compiler_c_o='"yes"'
lt_lt_cv_prog_compiler_c_o_CXX='"yes"'
lt_lt_cv_sys_global_symbol_pipe='"sed -n -e '\''s/^.*[ 	]\\([ABCDGIRSTW][ABCDGIRSTW]*\\)[ 	][ 	]*\\([_A-Za-z][_A-Za-z0-9]*\\)\$/\\1 \\2 \\2/p'\''"'
lt_lt_cv_sys_global_symbol_to_c_name_address='"sed -n -e '\''s/^: \\([^ ]*\\) \$/  {\\\"\\1\\\", (lt_ptr) 0},/p'\'' -e '\''s/^[BCDEGRST] \\([^ ]*\\) \\([^ ]*\\)\$/  {\"\\2\", (lt_ptr) \\&\\2},/p'\''"'
lt_lt_cv_sys_global_symbol_to_cdecl='"sed -n -e '\''s/^. .* \\(.*\\)\$/extern int \\1;/p'\''"'

## ----------------- ##
## Output variables. ##
## ----------------- ##

ACLOCAL='${SHELL} /home/waker/prj/deadbeef-deps/libbs2b-3.1.0/build-aux/missing --run aclocal-1.10'
AMDEPBACKSLASH='\'
AMDEP_FALSE='#'
AMDEP_TRUE=''
AMTAR='${SHELL} /home/waker/prj/deadbeef-deps/libbs2b-3.1.0/build-aux/missing --run tar'
AR='ar'
AUTOCONF='${SHELL} /home/waker/prj/deadbeef-deps/libbs2b-3.1.0/build-aux/missing --run autoconf'
AUTOHEADER='${SHELL} /home/waker/prj/deadbeef-deps/libbs2b-3.1.0/build-aux/missing --run autoheader'
AUTOMAKE='${SHELL} /home/waker/prj/deadbeef-deps/libbs2b-3.1.0/build-aux/missing --run automake-1.10'
AWK='gawk'
CC='/home/waker/prj/deadbeef/tools/apbuild/apgcc'
CCDEPMODE='depmode=gcc3'
CFLAGS='-O2 -D_GNU_SOURCE -D_FORTIFY_SOURCE=0 -fPIC -I/home/waker/prj/deadbeef-deps/lib-x86-64/include'
CPP='/home/waker/prj/deadbeef/tools/apbuild/apgcc -E'
CPPFLAGS=''
CXX='/home/waker/prj/deadbeef/tools/apbuild/apgcc'
CXXCPP='/home/waker/prj/deadbeef/tools/apbuild/apgcc -E'
CXXDEPMODE='depmode=gcc3'
CXXFLAGS='-g -O2'
CYGPATH_W='echo'
DEFS='-DPACKAGE_NAME=\"libbs2b\" -DPACKAGE_TARNAME=\"libbs2b\" -DPACKAGE_VERSION=\"3.1.0\" -DPACKAGE_STRING=\"libbs2b\ 3.1.0\" -DPACKAGE_BUGREPORT=\"boris_mikhaylov@users.sourceforge.net\" -DPACKAGE=\"libbs2b\" -DVERSION=\"3.1.0\" -DSTDC_HEADERS=1 -DHAVE_SYS_TYPES_H=1 -DHAVE_SYS_STAT_H=1 -DHAVE_STDLIB_H=1 -DHAVE_STRING_H=1 -DHAVE_MEMORY_H=1 -DHAVE_STRINGS_H=1 -DHAVE_INTTYPES_H=1 -DHAVE_STDINT_H=1 -DHAVE_UNISTD_H=1 -DHAVE_DLFCN_H=1 -DHAVE_FCNTL_H=1 -DHAVE_MALLOC_H=1 -DHAVE_STRING_H=1 -DHAVE__BOOL=1 -DHAVE_STDBOOL_H=1 -DHAVE_STDLIB_H=1 -DHAVE_MALLOC=1 -DHAVE_STRRCHR=1'
DEPDIR='.deps'
DSYMUTIL=''
ECHO='echo'
ECHO_C=''
ECHO_N='-n'
ECHO_T=''
EGREP='/bin/grep -E'
EXEEXT=''
F77=''
FFLAGS=''
GREP='/bin/grep'
INSTALL_DATA='${INSTALL} -m 644'
INSTALL_PROGRAM='${INSTALL}'
INSTALL_SCRIPT='${INSTALL}'
INSTALL_STRIP_PROGRAM='$(install_sh) -c -s'
LDFLAGS='-L/home/waker/prj/deadbeef-deps/lib-x86-64/lib'
LIBOBJS=''
LIBS=''
LIBTOOL='$(SHELL) $(top_builddir)/libtool'
LN_S='ln -s'
LTLIBOBJS=''
MAKEINFO='${SHELL} /home/waker/prj/deadbeef-deps/libbs2b-3.1.0/build-aux/missing --run makeinfo'
MKDIR_P='/bin/mkdir -p'
NMEDIT=''
OBJEXT='o'
PACKAGE='libbs2b'
PACKAGE_BUGREPORT='boris_mikhaylov@users.sourceforge.net'
PACKAGE_NAME='libbs2b'
PACKAGE_STRING='libbs2b 3.1.0'
PACKAGE_TARNAME='libbs2b'
PACKAGE_VERSION='3.1.0'
PATH_SEPARATOR=':'
PKG_CONFIG='/usr/bin/pkg-config'
RANLIB='ranlib'
SED='/bin/sed'
SET_MAKE=''
SHELL='/bin/bash'
STRIP='strip'
VERSION='3.1.0'
ac_ct_CC='/home/waker/prj/deadbeef/tools/apbuild/apgcc'
ac_ct_CXX=''
ac_ct_F77=''
am__fastdepCC_FALSE='#'
am__fastdepCC_TRUE=''
am__fastdepCXX_FALSE='#'
am__fastdepCXX_TRUE=''
am__include='include'
am__isrc=''
am__leading_dot='.'
am__quote=''
am__tar='${AMTAR} chof - "$$tardir"'
am__untar='${AMTAR} xf -'
bindir='${exec_prefix}/bin'
build='x86_64-unknown-linux-gnu'
build_alias=''
build_cpu='x86_64'
build_os='linux-gnu'
build_vendor='unknown'
datadir='${datarootdir}'
datarootdir='${prefix}/share'
docdir='${datarootdir}/doc/${PACKAGE_TARNAME}'
dvidir='${docdir}'
exec_prefix='${prefix}'
host='x86_64-unknown-linux-gnu'
host_alias=''
host_cpu='x86_64'
host_os='linux-gnu'
host_vendor='unknown'
htmldir='${docdir}'
includedir='${prefix}/include'
infodir='${datarootdir}/info'
install_sh='$(SHELL) /home/waker/prj/deadbeef-deps/libbs2b-3.1.0/build-aux/install-sh'
libdir='${exec_prefix}/lib'
libexecdir='${exec_prefix}/libexec'
localedir='${datarootdir}/locale'
localstatedir='${prefix}/var'
mandir='${datarootdir}/man'
mkdir_p='/bin/mkdir -p'
oldincludedir='/usr/include'
pdfdir='${docdir}'
prefix='/home/waker/prj/deadbeef-deps/lib-x86-64'
program_transform_name='s,x,x,'
psdir='${docdir}'
sbindir='${exec_prefix}/sbin'
sharedstatedir='${prefix}/com'
sysconfdir='${prefix}/etc'
target_alias=''

## ----------- ##
## confdefs.h. ##
## ----------- ##

#define PACKAGE_NAME "libbs2b"
#define PACKAGE_TARNAME "libbs2b"
#define PACKAGE_VERSION "3.1.0"
#define PACKAGE_STRING "libbs2b 3.1.0"
#define PACKAGE_BUGREPORT "boris_mikhaylov@users.sourceforge.net"
#define PACKAGE "libbs2b"
#define VERSION "3.1.0"
#define STDC_HEADERS 1
#define HAVE_SYS_TYPES_H 1
#define HAVE_SYS_STAT_H 1
#define HAVE_STDLIB_H 1
#define HAVE_STRING_H 1
#define HAVE_MEMORY_H 1
#define HAVE_STRINGS_H 1
#define HAVE_INTTYPES_H 1
#define HAVE_STDINT_H 1
#define HAVE_UNISTD_H 1
#define HAVE_DLFCN_H 1
#define HAVE_FCNTL_H 1
#define HAVE_MALLOC_H 1
#define HAVE_STRING_H 1
#define HAVE__BOOL 1
#define HAVE_STDBOOL_H 1
#define HAVE_STDLIB_H 1
#define HAVE_MALLOC 1
#define HAVE_STRRCHR 1

configure: exit 0
