This file contains any messages produced by compilers while
running configure, to aid debugging if configure makes a mistake.

It was created by configure, which was
generated by GNU Autoconf 2.59.  Invocation command line was

  $ ./configure --disable-alisp --enable-shared --disable-static --prefix=/home/waker/prj/deadbeef-deps/lib-x86-32 --build=i686-unknown-linux-gnu CC=/home/waker/prj/deadbeef/tools/apbuild/apgcc CFLAGS=-m32 -O2 -D_GNU_SOURCE -D_FORTIFY_SOURCE=0 -fPIC -I/home/waker/prj/deadbeef-deps/lib-x86-32/include LDFLAGS=-m32 -L/home/waker/prj/deadbeef-deps/lib-x86-32/lib

## --------- ##
## Platform. ##
## --------- ##

hostname = lazer
uname -m = x86_64
uname -r = 3.8.0-29-generic
uname -s = Linux
uname -v = #42~precise1-Ubuntu SMP Wed Aug 14 16:19:23 UTC 2013

/usr/bin/uname -p = unknown
/bin/uname -X     = unknown

/bin/arch              = unknown
/usr/bin/arch -k       = unknown
/usr/convex/getsysinfo = unknown
hostinfo               = unknown
/bin/machine           = unknown
/usr/bin/oslevel       = unknown
/bin/universe          = unknown

PATH: /home/waker/perl5/bin
PATH: /home/waker/bin
PATH: /usr/lib/lightdm/lightdm
PATH: /usr/local/sbin
PATH: /usr/local/bin
PATH: /usr/sbin
PATH: /usr/bin
PATH: /sbin
PATH: /bin
PATH: /usr/games
PATH: /opt/kde/bin
PATH: /home/waker/android/android-sdk-linux_86/tools
PATH: /home/waker/android/adt-bundle-linux-x86/sdk/platform-tools
PATH: /home/waker/bin
PATH: /home/waker/.local/bin
PATH: /opt/java/bin
PATH: /opt/firefox


## ----------- ##
## Core tests. ##
## ----------- ##

configure:1546: checking build system type
configure:1564: result: i686-unknown-linux-gnu
configure:1572: checking host system type
configure:1586: result: i686-unknown-linux-gnu
configure:1594: checking target system type
configure:1608: result: i686-unknown-linux-gnu
configure:1636: checking for a BSD-compatible install
configure:1691: result: /usr/bin/install -c
configure:1702: checking whether build environment is sane
configure:1745: result: yes
configure:1810: checking for gawk
configure:1839: result: no
configure:1810: checking for mawk
configure:1826: found /usr/bin/mawk
configure:1836: result: mawk
configure:1846: checking whether make sets $(MAKE)
configure:1866: result: yes
configure:2111: checking for gcc
configure:2137: result: /home/waker/prj/deadbeef/tools/apbuild/apgcc
configure:2381: checking for C compiler version
configure:2384: /home/waker/prj/deadbeef/tools/apbuild/apgcc --version </dev/null >&5
gcc (Ubuntu/Linaro 4.6.3-1ubuntu5) 4.6.3
Copyright (C) 2011 Free Software Foundation, Inc.
This is free software; see the source for copying conditions.  There is NO
warranty; not even for MERCHANTABILITY or FITNESS FOR A PARTICULAR PURPOSE.

configure:2387: $? = 0
configure:2389: /home/waker/prj/deadbeef/tools/apbuild/apgcc -v </dev/null >&5
Using built-in specs.
COLLECT_GCC=gcc
COLLECT_LTO_WRAPPER=/usr/lib/gcc/x86_64-linux-gnu/4.6/lto-wrapper
Target: x86_64-linux-gnu
Configured with: ../src/configure -v --with-pkgversion='Ubuntu/Linaro 4.6.3-1ubuntu5' --with-bugurl=file:///usr/share/doc/gcc-4.6/README.Bugs --enable-languages=c,c++,fortran,objc,obj-c++ --prefix=/usr --program-suffix=-4.6 --enable-shared --enable-linker-build-id --with-system-zlib --libexecdir=/usr/lib --without-included-gettext --enable-threads=posix --with-gxx-include-dir=/usr/include/c++/4.6 --libdir=/usr/lib --enable-nls --with-sysroot=/ --enable-clocale=gnu --enable-libstdcxx-debug --enable-libstdcxx-time=yes --enable-gnu-unique-object --enable-plugin --enable-objc-gc --disable-werror --with-arch-32=i686 --with-tune=generic --enable-checking=release --build=x86_64-linux-gnu --host=x86_64-linux-gnu --target=x86_64-linux-gnu
Thread model: posix
gcc version 4.6.3 (Ubuntu/Linaro 4.6.3-1ubuntu5) 
configure:2392: $? = 0
configure:2394: /home/waker/prj/deadbeef/tools/apbuild/apgcc -V </dev/null >&5
gcc: error: unrecognized option '-V'
gcc: fatal error: no input files
compilation terminated.
configure:2397: $? = 4
configure:2420: checking for C compiler default output file name
configure:2423: /home/waker/prj/deadbeef/tools/apbuild/apgcc -m32 -O2 -D_GNU_SOURCE -D_FORTIFY_SOURCE=0 -fPIC -I/home/waker/prj/deadbeef-deps/lib-x86-32/include  -m32 -L/home/waker/prj/deadbeef-deps/lib-x86-32/lib conftest.c  >&5
configure:2426: $? = 0
configure:2472: result: a.out
configure:2477: checking whether the C compiler works
configure:2483: ./a.out
configure:2486: $? = 0
configure:2503: result: yes
configure:2510: checking whether we are cross compiling
configure:2512: result: no
configure:2515: checking for suffix of executables
configure:2517: /home/waker/prj/deadbeef/tools/apbuild/apgcc -o conftest -m32 -O2 -D_GNU_SOURCE -D_FORTIFY_SOURCE=0 -fPIC -I/home/waker/prj/deadbeef-deps/lib-x86-32/include  -m32 -L/home/waker/prj/deadbeef-deps/lib-x86-32/lib conftest.c  >&5
configure:2520: $? = 0
configure:2545: result: 
configure:2551: checking for suffix of object files
configure:2572: /home/waker/prj/deadbeef/tools/apbuild/apgcc -c -m32 -O2 -D_GNU_SOURCE -D_FORTIFY_SOURCE=0 -fPIC -I/home/waker/prj/deadbeef-deps/lib-x86-32/include  conftest.c >&5
configure:2575: $? = 0
configure:2597: result: o
configure:2601: checking whether we are using the GNU C compiler
configure:2625: /home/waker/prj/deadbeef/tools/apbuild/apgcc -c -m32 -O2 -D_GNU_SOURCE -D_FORTIFY_SOURCE=0 -fPIC -I/home/waker/prj/deadbeef-deps/lib-x86-32/include  conftest.c >&5
configure:2631: $? = 0
configure:2635: test -z 
			 || test ! -s conftest.err
configure:2638: $? = 0
configure:2641: test -s conftest.o
configure:2644: $? = 0
configure:2657: result: yes
configure:2663: checking whether /home/waker/prj/deadbeef/tools/apbuild/apgcc accepts -g
configure:2684: /home/waker/prj/deadbeef/tools/apbuild/apgcc -c -g  conftest.c >&5
configure:2690: $? = 0
configure:2694: test -z 
			 || test ! -s conftest.err
configure:2697: $? = 0
configure:2700: test -s conftest.o
configure:2703: $? = 0
configure:2714: result: yes
configure:2731: checking for /home/waker/prj/deadbeef/tools/apbuild/apgcc option to accept ANSI C
configure:2801: /home/waker/prj/deadbeef/tools/apbuild/apgcc  -c -m32 -O2 -D_GNU_SOURCE -D_FORTIFY_SOURCE=0 -fPIC -I/home/waker/prj/deadbeef-deps/lib-x86-32/include  conftest.c >&5
configure:2807: $? = 0
configure:2811: test -z 
			 || test ! -s conftest.err
configure:2814: $? = 0
configure:2817: test -s conftest.o
configure:2820: $? = 0
configure:2838: result: none needed
configure:2856: /home/waker/prj/deadbeef/tools/apbuild/apgcc -c -m32 -O2 -D_GNU_SOURCE -D_FORTIFY_SOURCE=0 -fPIC -I/home/waker/prj/deadbeef-deps/lib-x86-32/include  conftest.c >&5
conftest.c:2:3: error: unknown type name 'choke'
conftest.c:2:3: error: expected '=', ',', ';', 'asm' or '__attribute__' at end of input
configure:2862: $? = 1
configure: failed program was:
| #ifndef __cplusplus
|   choke me
| #endif
configure:3006: checking for style of include used by make
configure:3034: result: GNU
configure:3062: checking dependency style of /home/waker/prj/deadbeef/tools/apbuild/apgcc
configure:3152: result: gcc3
configure:3174: checking how to run the C preprocessor
configure:3209: /home/waker/prj/deadbeef/tools/apbuild/apgcc -E  conftest.c
configure:3215: $? = 0
configure:3247: /home/waker/prj/deadbeef/tools/apbuild/apgcc -E  conftest.c
conftest.c:11:28: fatal error: ac_nonexistent.h: No such file or directory
compilation terminated.
configure:3253: $? = 1
configure: failed program was:
| /* confdefs.h.  */
| 
| #define PACKAGE_NAME ""
| #define PACKAGE_TARNAME ""
| #define PACKAGE_VERSION ""
| #define PACKAGE_STRING ""
| #define PACKAGE_BUGREPORT ""
| #define PACKAGE "alsa-lib"
| #define VERSION "1.0.13"
| /* end confdefs.h.  */
| #include <ac_nonexistent.h>
configure:3292: result: /home/waker/prj/deadbeef/tools/apbuild/apgcc -E
configure:3316: /home/waker/prj/deadbeef/tools/apbuild/apgcc -E  conftest.c
configure:3322: $? = 0
configure:3354: /home/waker/prj/deadbeef/tools/apbuild/apgcc -E  conftest.c
conftest.c:11:28: fatal error: ac_nonexistent.h: No such file or directory
compilation terminated.
configure:3360: $? = 1
configure: failed program was:
| /* confdefs.h.  */
| 
| #define PACKAGE_NAME ""
| #define PACKAGE_TARNAME ""
| #define PACKAGE_VERSION ""
| #define PACKAGE_STRING ""
| #define PACKAGE_BUGREPORT ""
| #define PACKAGE "alsa-lib"
| #define VERSION "1.0.13"
| /* end confdefs.h.  */
| #include <ac_nonexistent.h>
configure:3416: checking for a BSD-compatible install
configure:3471: result: /usr/bin/install -c
configure:3482: checking whether ln -s works
configure:3486: result: yes
configure:3568: checking for a sed that does not truncate output
configure:3622: result: /bin/sed
configure:3625: checking for egrep
configure:3635: result: grep -E
configure:3651: checking for ld used by /home/waker/prj/deadbeef/tools/apbuild/apgcc
configure:3718: result: /usr/bin/ld
configure:3727: checking if the linker (/usr/bin/ld) is GNU ld
configure:3742: result: yes
configure:3747: checking for /usr/bin/ld option to reload object files
configure:3754: result: -r
configure:3772: checking for BSD-compatible nm
configure:3821: result: /usr/bin/nm -B
configure:3825: checking how to recognise dependent libraries
configure:4001: result: pass_all
configure:4234: checking for ANSI C header files
configure:4259: /home/waker/prj/deadbeef/tools/apbuild/apgcc -c -m32 -O2 -D_GNU_SOURCE -D_FORTIFY_SOURCE=0 -fPIC -I/home/waker/prj/deadbeef-deps/lib-x86-32/include  conftest.c >&5
configure:4265: $? = 0
configure:4269: test -z 
			 || test ! -s conftest.err
configure:4272: $? = 0
configure:4275: test -s conftest.o
configure:4278: $? = 0
configure:4367: /home/waker/prj/deadbeef/tools/apbuild/apgcc -o conftest -m32 -O2 -D_GNU_SOURCE -D_FORTIFY_SOURCE=0 -fPIC -I/home/waker/prj/deadbeef-deps/lib-x86-32/include  -m32 -L/home/waker/prj/deadbeef-deps/lib-x86-32/lib conftest.c  >&5
conftest.c: In function 'main':
conftest.c:28:7: warning: incompatible implicit declaration of built-in function 'exit' [enabled by default]
configure:4370: $? = 0
configure:4372: ./conftest
configure:4375: $? = 0
configure:4390: result: yes
configure:4414: checking for sys/types.h
configure:4430: /home/waker/prj/deadbeef/tools/apbuild/apgcc -c -m32 -O2 -D_GNU_SOURCE -D_FORTIFY_SOURCE=0 -fPIC -I/home/waker/prj/deadbeef-deps/lib-x86-32/include  conftest.c >&5
configure:4436: $? = 0
configure:4440: test -z 
			 || test ! -s conftest.err
configure:4443: $? = 0
configure:4446: test -s conftest.o
configure:4449: $? = 0
configure:4460: result: yes
configure:4414: checking for sys/stat.h
configure:4430: /home/waker/prj/deadbeef/tools/apbuild/apgcc -c -m32 -O2 -D_GNU_SOURCE -D_FORTIFY_SOURCE=0 -fPIC -I/home/waker/prj/deadbeef-deps/lib-x86-32/include  conftest.c >&5
configure:4436: $? = 0
configure:4440: test -z 
			 || test ! -s conftest.err
configure:4443: $? = 0
configure:4446: test -s conftest.o
configure:4449: $? = 0
configure:4460: result: yes
configure:4414: checking for stdlib.h
configure:4430: /home/waker/prj/deadbeef/tools/apbuild/apgcc -c -m32 -O2 -D_GNU_SOURCE -D_FORTIFY_SOURCE=0 -fPIC -I/home/waker/prj/deadbeef-deps/lib-x86-32/include  conftest.c >&5
configure:4436: $? = 0
configure:4440: test -z 
			 || test ! -s conftest.err
configure:4443: $? = 0
configure:4446: test -s conftest.o
configure:4449: $? = 0
configure:4460: result: yes
configure:4414: checking for string.h
configure:4430: /home/waker/prj/deadbeef/tools/apbuild/apgcc -c -m32 -O2 -D_GNU_SOURCE -D_FORTIFY_SOURCE=0 -fPIC -I/home/waker/prj/deadbeef-deps/lib-x86-32/include  conftest.c >&5
configure:4436: $? = 0
configure:4440: test -z 
			 || test ! -s conftest.err
configure:4443: $? = 0
configure:4446: test -s conftest.o
configure:4449: $? = 0
configure:4460: result: yes
configure:4414: checking for memory.h
configure:4430: /home/waker/prj/deadbeef/tools/apbuild/apgcc -c -m32 -O2 -D_GNU_SOURCE -D_FORTIFY_SOURCE=0 -fPIC -I/home/waker/prj/deadbeef-deps/lib-x86-32/include  conftest.c >&5
configure:4436: $? = 0
configure:4440: test -z 
			 || test ! -s conftest.err
configure:4443: $? = 0
configure:4446: test -s conftest.o
configure:4449: $? = 0
configure:4460: result: yes
configure:4414: checking for strings.h
configure:4430: /home/waker/prj/deadbeef/tools/apbuild/apgcc -c -m32 -O2 -D_GNU_SOURCE -D_FORTIFY_SOURCE=0 -fPIC -I/home/waker/prj/deadbeef-deps/lib-x86-32/include  conftest.c >&5
configure:4436: $? = 0
configure:4440: test -z 
			 || test ! -s conftest.err
configure:4443: $? = 0
configure:4446: test -s conftest.o
configure:4449: $? = 0
configure:4460: result: yes
configure:4414: checking for inttypes.h
configure:4430: /home/waker/prj/deadbeef/tools/apbuild/apgcc -c -m32 -O2 -D_GNU_SOURCE -D_FORTIFY_SOURCE=0 -fPIC -I/home/waker/prj/deadbeef-deps/lib-x86-32/include  conftest.c >&5
configure:4436: $? = 0
configure:4440: test -z 
			 || test ! -s conftest.err
configure:4443: $? = 0
configure:4446: test -s conftest.o
configure:4449: $? = 0
configure:4460: result: yes
configure:4414: checking for stdint.h
configure:4430: /home/waker/prj/deadbeef/tools/apbuild/apgcc -c -m32 -O2 -D_GNU_SOURCE -D_FORTIFY_SOURCE=0 -fPIC -I/home/waker/prj/deadbeef-deps/lib-x86-32/include  conftest.c >&5
configure:4436: $? = 0
configure:4440: test -z 
			 || test ! -s conftest.err
configure:4443: $? = 0
configure:4446: test -s conftest.o
configure:4449: $? = 0
configure:4460: result: yes
configure:4414: checking for unistd.h
configure:4430: /home/waker/prj/deadbeef/tools/apbuild/apgcc -c -m32 -O2 -D_GNU_SOURCE -D_FORTIFY_SOURCE=0 -fPIC -I/home/waker/prj/deadbeef-deps/lib-x86-32/include  conftest.c >&5
configure:4436: $? = 0
configure:4440: test -z 
			 || test ! -s conftest.err
configure:4443: $? = 0
configure:4446: test -s conftest.o
configure:4449: $? = 0
configure:4460: result: yes
configure:4486: checking dlfcn.h usability
configure:4498: /home/waker/prj/deadbeef/tools/apbuild/apgcc -c -m32 -O2 -D_GNU_SOURCE -D_FORTIFY_SOURCE=0 -fPIC -I/home/waker/prj/deadbeef-deps/lib-x86-32/include  conftest.c >&5
configure:4504: $? = 0
configure:4508: test -z 
			 || test ! -s conftest.err
configure:4511: $? = 0
configure:4514: test -s conftest.o
configure:4517: $? = 0
configure:4527: result: yes
configure:4531: checking dlfcn.h presence
configure:4541: /home/waker/prj/deadbeef/tools/apbuild/apgcc -E  conftest.c
configure:4547: $? = 0
configure:4567: result: yes
configure:4602: checking for dlfcn.h
configure:4609: result: yes
configure:4716: checking for C++ compiler version
configure:4719: /home/waker/prj/deadbeef/tools/apbuild/apgcc --version </dev/null >&5
gcc (Ubuntu/Linaro 4.6.3-1ubuntu5) 4.6.3
Copyright (C) 2011 Free Software Foundation, Inc.
This is free software; see the source for copying conditions.  There is NO
warranty; not even for MERCHANTABILITY or FITNESS FOR A PARTICULAR PURPOSE.

configure:4722: $? = 0
configure:4724: /home/waker/prj/deadbeef/tools/apbuild/apgcc -v </dev/null >&5
Using built-in specs.
COLLECT_GCC=gcc
COLLECT_LTO_WRAPPER=/usr/lib/gcc/x86_64-linux-gnu/4.6/lto-wrapper
Target: x86_64-linux-gnu
Configured with: ../src/configure -v --with-pkgversion='Ubuntu/Linaro 4.6.3-1ubuntu5' --with-bugurl=file:///usr/share/doc/gcc-4.6/README.Bugs --enable-languages=c,c++,fortran,objc,obj-c++ --prefix=/usr --program-suffix=-4.6 --enable-shared --enable-linker-build-id --with-system-zlib --libexecdir=/usr/lib --without-included-gettext --enable-threads=posix --with-gxx-include-dir=/usr/include/c++/4.6 --libdir=/usr/lib --enable-nls --with-sysroot=/ --enable-clocale=gnu --enable-libstdcxx-debug --enable-libstdcxx-time=yes --enable-gnu-unique-object --enable-plugin --enable-objc-gc --disable-werror --with-arch-32=i686 --with-tune=generic --enable-checking=release --build=x86_64-linux-gnu --host=x86_64-linux-gnu --target=x86_64-linux-gnu
Thread model: posix
gcc version 4.6.3 (Ubuntu/Linaro 4.6.3-1ubuntu5) 
configure:4727: $? = 0
configure:4729: /home/waker/prj/deadbeef/tools/apbuild/apgcc -V </dev/null >&5
gcc: error: unrecognized option '-V'
gcc: fatal error: no input files
compilation terminated.
configure:4732: $? = 4
configure:4735: checking whether we are using the GNU C++ compiler
configure:4759: /home/waker/prj/deadbeef/tools/apbuild/apgcc -c   conftest.cc >&5
configure:4765: $? = 0
configure:4769: test -z 
			 || test ! -s conftest.err
configure:4772: $? = 0
configure:4775: test -s conftest.o
configure:4778: $? = 0
configure:4791: result: yes
configure:4797: checking whether /home/waker/prj/deadbeef/tools/apbuild/apgcc accepts -g
configure:4818: /home/waker/prj/deadbeef/tools/apbuild/apgcc -c -g  conftest.cc >&5
configure:4824: $? = 0
configure:4828: test -z 
			 || test ! -s conftest.err
configure:4831: $? = 0
configure:4834: test -s conftest.o
configure:4837: $? = 0
configure:4848: result: yes
configure:4890: /home/waker/prj/deadbeef/tools/apbuild/apgcc -c -g -O2  conftest.cc >&5
configure:4896: $? = 0
configure:4900: test -z 
			 || test ! -s conftest.err
configure:4903: $? = 0
configure:4906: test -s conftest.o
configure:4909: $? = 0
configure:4935: /home/waker/prj/deadbeef/tools/apbuild/apgcc -c -g -O2  conftest.cc >&5
conftest.cc: In function 'int main()':
conftest.cc:26:9: error: 'exit' was not declared in this scope
configure:4941: $? = 1
configure: failed program was:
| /* confdefs.h.  */
| 
| #define PACKAGE_NAME ""
| #define PACKAGE_TARNAME ""
| #define PACKAGE_VERSION ""
| #define PACKAGE_STRING ""
| #define PACKAGE_BUGREPORT ""
| #define PACKAGE "alsa-lib"
| #define VERSION "1.0.13"
| #define STDC_HEADERS 1
| #define HAVE_SYS_TYPES_H 1
| #define HAVE_SYS_STAT_H 1
| #define HAVE_STDLIB_H 1
| #define HAVE_STRING_H 1
| #define HAVE_MEMORY_H 1
| #define HAVE_STRINGS_H 1
| #define HAVE_INTTYPES_H 1
| #define HAVE_STDINT_H 1
| #define HAVE_UNISTD_H 1
| #define HAVE_DLFCN_H 1
| /* end confdefs.h.  */
| 
| int
| main ()
| {
| exit (42);
|   ;
|   return 0;
| }
configure:4890: /home/waker/prj/deadbeef/tools/apbuild/apgcc -c -g -O2  conftest.cc >&5
conftest.cc:22:40: error: 'void std::exit(int)' should have been declared inside 'std'
configure:4896: $? = 1
configure: failed program was:
| /* confdefs.h.  */
| 
| #define PACKAGE_NAME ""
| #define PACKAGE_TARNAME ""
| #define PACKAGE_VERSION ""
| #define PACKAGE_STRING ""
| #define PACKAGE_BUGREPORT ""
| #define PACKAGE "alsa-lib"
| #define VERSION "1.0.13"
| #define STDC_HEADERS 1
| #define HAVE_SYS_TYPES_H 1
| #define HAVE_SYS_STAT_H 1
| #define HAVE_STDLIB_H 1
| #define HAVE_STRING_H 1
| #define HAVE_MEMORY_H 1
| #define HAVE_STRINGS_H 1
| #define HAVE_INTTYPES_H 1
| #define HAVE_STDINT_H 1
| #define HAVE_UNISTD_H 1
| #define HAVE_DLFCN_H 1
| /* end confdefs.h.  */
| extern "C" void std::exit (int) throw (); using std::exit;
| #include <stdlib.h>
| int
| main ()
| {
| exit (42);
|   ;
|   return 0;
| }
configure:4890: /home/waker/prj/deadbeef/tools/apbuild/apgcc -c -g -O2  conftest.cc >&5
conftest.cc:22:31: error: 'void std::exit(int)' should have been declared inside 'std'
In file included from conftest.cc:23:0:
/usr/include/stdlib.h:544:70: error: declaration of 'void std::exit(int) throw ()' has a different exception specifier
conftest.cc:22:17: error: from previous declaration 'void std::exit(int)'
configure:4896: $? = 1
configure: failed program was:
| /* confdefs.h.  */
| 
| #define PACKAGE_NAME ""
| #define PACKAGE_TARNAME ""
| #define PACKAGE_VERSION ""
| #define PACKAGE_STRING ""
| #define PACKAGE_BUGREPORT ""
| #define PACKAGE "alsa-lib"
| #define VERSION "1.0.13"
| #define STDC_HEADERS 1
| #define HAVE_SYS_TYPES_H 1
| #define HAVE_SYS_STAT_H 1
| #define HAVE_STDLIB_H 1
| #define HAVE_STRING_H 1
| #define HAVE_MEMORY_H 1
| #define HAVE_STRINGS_H 1
| #define HAVE_INTTYPES_H 1
| #define HAVE_STDINT_H 1
| #define HAVE_UNISTD_H 1
| #define HAVE_DLFCN_H 1
| /* end confdefs.h.  */
| extern "C" void std::exit (int); using std::exit;
| #include <stdlib.h>
| int
| main ()
| {
| exit (42);
|   ;
|   return 0;
| }
configure:4890: /home/waker/prj/deadbeef/tools/apbuild/apgcc -c -g -O2  conftest.cc >&5
configure:4896: $? = 0
configure:4900: test -z 
			 || test ! -s conftest.err
configure:4903: $? = 0
configure:4906: test -s conftest.o
configure:4909: $? = 0
configure:4935: /home/waker/prj/deadbeef/tools/apbuild/apgcc -c -g -O2  conftest.cc >&5
configure:4941: $? = 0
configure:4945: test -z 
			 || test ! -s conftest.err
configure:4948: $? = 0
configure:4951: test -s conftest.o
configure:4954: $? = 0
configure:4979: checking dependency style of /home/waker/prj/deadbeef/tools/apbuild/apgcc
configure:5069: result: gcc3
configure:5096: checking how to run the C++ preprocessor
configure:5127: /home/waker/prj/deadbeef/tools/apbuild/apgcc -E  conftest.cc
configure:5133: $? = 0
configure:5165: /home/waker/prj/deadbeef/tools/apbuild/apgcc -E  conftest.cc
conftest.cc:25:28: fatal error: ac_nonexistent.h: No such file or directory
compilation terminated.
configure:5171: $? = 1
configure: failed program was:
| /* confdefs.h.  */
| 
| #define PACKAGE_NAME ""
| #define PACKAGE_TARNAME ""
| #define PACKAGE_VERSION ""
| #define PACKAGE_STRING ""
| #define PACKAGE_BUGREPORT ""
| #define PACKAGE "alsa-lib"
| #define VERSION "1.0.13"
| #define STDC_HEADERS 1
| #define HAVE_SYS_TYPES_H 1
| #define HAVE_SYS_STAT_H 1
| #define HAVE_STDLIB_H 1
| #define HAVE_STRING_H 1
| #define HAVE_MEMORY_H 1
| #define HAVE_STRINGS_H 1
| #define HAVE_INTTYPES_H 1
| #define HAVE_STDINT_H 1
| #define HAVE_UNISTD_H 1
| #define HAVE_DLFCN_H 1
| #ifdef __cplusplus
| extern "C" void exit (int) throw ();
| #endif
| /* end confdefs.h.  */
| #include <ac_nonexistent.h>
configure:5210: result: /home/waker/prj/deadbeef/tools/apbuild/apgcc -E
configure:5234: /home/waker/prj/deadbeef/tools/apbuild/apgcc -E  conftest.cc
configure:5240: $? = 0
configure:5272: /home/waker/prj/deadbeef/tools/apbuild/apgcc -E  conftest.cc
conftest.cc:25:28: fatal error: ac_nonexistent.h: No such file or directory
compilation terminated.
configure:5278: $? = 1
configure: failed program was:
| /* confdefs.h.  */
| 
| #define PACKAGE_NAME ""
| #define PACKAGE_TARNAME ""
| #define PACKAGE_VERSION ""
| #define PACKAGE_STRING ""
| #define PACKAGE_BUGREPORT ""
| #define PACKAGE "alsa-lib"
| #define VERSION "1.0.13"
| #define STDC_HEADERS 1
| #define HAVE_SYS_TYPES_H 1
| #define HAVE_SYS_STAT_H 1
| #define HAVE_STDLIB_H 1
| #define HAVE_STRING_H 1
| #define HAVE_MEMORY_H 1
| #define HAVE_STRINGS_H 1
| #define HAVE_INTTYPES_H 1
| #define HAVE_STDINT_H 1
| #define HAVE_UNISTD_H 1
| #define HAVE_DLFCN_H 1
| #ifdef __cplusplus
| extern "C" void exit (int) throw ();
| #endif
| /* end confdefs.h.  */
| #include <ac_nonexistent.h>
configure:5375: checking for g77
configure:5404: result: no
configure:5375: checking for f77
configure:5404: result: no
configure:5375: checking for xlf
configure:5404: result: no
configure:5375: checking for frt
configure:5404: result: no
configure:5375: checking for pgf77
configure:5404: result: no
configure:5375: checking for fort77
configure:5404: result: no
configure:5375: checking for fl32
configure:5404: result: no
configure:5375: checking for af77
configure:5404: result: no
configure:5375: checking for f90
configure:5404: result: no
configure:5375: checking for xlf90
configure:5404: result: no
configure:5375: checking for pgf90
configure:5404: result: no
configure:5375: checking for epcf90
configure:5404: result: no
configure:5375: checking for f95
configure:5404: result: no
configure:5375: checking for fort
configure:5404: result: no
configure:5375: checking for xlf95
configure:5404: result: no
configure:5375: checking for ifc
configure:5404: result: no
configure:5375: checking for efc
configure:5404: result: no
configure:5375: checking for pgf95
configure:5404: result: no
configure:5375: checking for lf95
configure:5404: result: no
configure:5375: checking for gfortran
configure:5404: result: no
configure:5416: checking for Fortran 77 compiler version
configure:5419:  --version </dev/null >&5
./configure: line 5420: --version: command not found
configure:5422: $? = 127
configure:5424:  -v </dev/null >&5
./configure: line 5425: -v: command not found
configure:5427: $? = 127
configure:5429:  -V </dev/null >&5
./configure: line 5430: -V: command not found
configure:5432: $? = 127
configure:5440: checking whether we are using the GNU Fortran 77 compiler
configure:5454:  -c  conftest.F >&5
./configure: line 5455: -c: command not found
configure:5460: $? = 127
configure: failed program was:
|       program main
| #ifndef __GNUC__
|        choke me
| #endif
| 
|       end
configure:5486: result: no
configure:5492: checking whether  accepts -g
configure:5504:  -c -g conftest.f >&5
./configure: line 5505: -c: command not found
configure:5510: $? = 127
configure: failed program was:
|       program main
| 
|       end
configure:5535: result: no
configure:5565: checking the maximum length of command line arguments
configure:5674: result: 32768
configure:5685: checking command to parse /usr/bin/nm -B output from /home/waker/prj/deadbeef/tools/apbuild/apgcc object
configure:5790: /home/waker/prj/deadbeef/tools/apbuild/apgcc -c -m32 -O2 -D_GNU_SOURCE -D_FORTIFY_SOURCE=0 -fPIC -I/home/waker/prj/deadbeef-deps/lib-x86-32/include  conftest.c >&5
configure:5793: $? = 0
configure:5797: /usr/bin/nm -B conftest.o \| sed -n -e 's/^.*[ 	]\([ABCDGIRSTW][ABCDGIRSTW]*\)[ 	][ 	]*\([_A-Za-z][_A-Za-z0-9]*\)$/\1 \2 \2/p' \> conftest.nm
configure:5800: $? = 0
configure:5852: /home/waker/prj/deadbeef/tools/apbuild/apgcc -o conftest -m32 -O2 -D_GNU_SOURCE -D_FORTIFY_SOURCE=0 -fPIC -I/home/waker/prj/deadbeef-deps/lib-x86-32/include  -m32 -L/home/waker/prj/deadbeef-deps/lib-x86-32/lib conftest.c conftstm.o >&5
configure:5855: $? = 0
configure:5893: result: ok
configure:5897: checking for objdir
configure:5912: result: .libs
configure:6002: checking for ar
configure:6018: found /usr/bin/ar
configure:6029: result: ar
configure:6082: checking for ranlib
configure:6098: found /usr/bin/ranlib
configure:6109: result: ranlib
configure:6162: checking for strip
configure:6178: found /usr/bin/strip
configure:6189: result: strip
configure:6461: checking if /home/waker/prj/deadbeef/tools/apbuild/apgcc supports -fno-rtti -fno-exceptions
configure:6479: /home/waker/prj/deadbeef/tools/apbuild/apgcc -c -m32 -O2 -D_GNU_SOURCE -D_FORTIFY_SOURCE=0 -fPIC -I/home/waker/prj/deadbeef-deps/lib-x86-32/include  -fno-rtti -fno-exceptions conftest.c >&5
cc1: warning: command line option '-fno-rtti' is valid for C++/ObjC++ but not for C [enabled by default]
configure:6483: $? = 0
configure:6496: result: no
configure:6511: checking for /home/waker/prj/deadbeef/tools/apbuild/apgcc option to produce PIC
configure:6721: result: -fPIC
configure:6729: checking if /home/waker/prj/deadbeef/tools/apbuild/apgcc PIC flag -fPIC works
configure:6747: /home/waker/prj/deadbeef/tools/apbuild/apgcc -c -m32 -O2 -D_GNU_SOURCE -D_FORTIFY_SOURCE=0 -fPIC -I/home/waker/prj/deadbeef-deps/lib-x86-32/include  -fPIC -DPIC conftest.c >&5
configure:6751: $? = 0
configure:6764: result: yes
configure:6792: checking if /home/waker/prj/deadbeef/tools/apbuild/apgcc static flag -static works
configure:6820: result: yes
configure:6830: checking if /home/waker/prj/deadbeef/tools/apbuild/apgcc supports -c -o file.o
configure:6851: /home/waker/prj/deadbeef/tools/apbuild/apgcc -c -m32 -O2 -D_GNU_SOURCE -D_FORTIFY_SOURCE=0 -fPIC -I/home/waker/prj/deadbeef-deps/lib-x86-32/include  -o out/conftest2.o conftest.c >&5
configure:6855: $? = 0
configure:6877: result: yes
configure:6903: checking whether the /home/waker/prj/deadbeef/tools/apbuild/apgcc linker (/usr/bin/ld) supports shared libraries
configure:7861: result: yes
configure:7882: checking whether -lc should be explicitly linked in
configure:7887: /home/waker/prj/deadbeef/tools/apbuild/apgcc -c -m32 -O2 -D_GNU_SOURCE -D_FORTIFY_SOURCE=0 -fPIC -I/home/waker/prj/deadbeef-deps/lib-x86-32/include  conftest.c >&5
configure:7890: $? = 0
configure:7905: /home/waker/prj/deadbeef/tools/apbuild/apgcc -shared conftest.o  -v -Wl,-soname -Wl,conftest -o conftest 2\>\&1 \| grep  -lc  \>/dev/null 2\>\&1
configure:7908: $? = 0
configure:7920: result: no
configure:7928: checking dynamic linker characteristics
configure:8516: result: GNU/Linux ld.so
configure:8525: checking how to hardcode library paths into programs
configure:8550: result: immediate
configure:8564: checking whether stripping libraries is possible
configure:8569: result: yes
configure:8695: checking for shl_load
configure:8752: /home/waker/prj/deadbeef/tools/apbuild/apgcc -o conftest -m32 -O2 -D_GNU_SOURCE -D_FORTIFY_SOURCE=0 -fPIC -I/home/waker/prj/deadbeef-deps/lib-x86-32/include  -m32 -L/home/waker/prj/deadbeef-deps/lib-x86-32/lib conftest.c  >&5
/tmp/cc30Mmkl.o: In function `main':
conftest.c:(.text.startup+0x13): undefined reference to `shl_load'
/tmp/cc30Mmkl.o:(.data.rel+0x0): undefined reference to `shl_load'
collect2: ld returned 1 exit status
configure:8758: $? = 1
configure: failed program was:
| /* confdefs.h.  */
| 
| #define PACKAGE_NAME ""
| #define PACKAGE_TARNAME ""
| #define PACKAGE_VERSION ""
| #define PACKAGE_STRING ""
| #define PACKAGE_BUGREPORT ""
| #define PACKAGE "alsa-lib"
| #define VERSION "1.0.13"
| #define STDC_HEADERS 1
| #define HAVE_SYS_TYPES_H 1
| #define HAVE_SYS_STAT_H 1
| #define HAVE_STDLIB_H 1
| #define HAVE_STRING_H 1
| #define HAVE_MEMORY_H 1
| #define HAVE_STRINGS_H 1
| #define HAVE_INTTYPES_H 1
| #define HAVE_STDINT_H 1
| #define HAVE_UNISTD_H 1
| #define HAVE_DLFCN_H 1
| #ifdef __cplusplus
| extern "C" void exit (int) throw ();
| #endif
| /* end confdefs.h.  */
| /* Define shl_load to an innocuous variant, in case <limits.h> declares shl_load.
|    For example, HP-UX 11i <limits.h> declares gettimeofday.  */
| #define shl_load innocuous_shl_load
| 
| /* System header to define __stub macros and hopefully few prototypes,
|     which can conflict with char shl_load (); below.
|     Prefer <limits.h> to <assert.h> if __STDC__ is defined, since
|     <limits.h> exists even on freestanding compilers.  */
| 
| #ifdef __STDC__
| # include <limits.h>
| #else
| # include <assert.h>
| #endif
| 
| #undef shl_load
| 
| /* Override any gcc2 internal prototype to avoid an error.  */
| #ifdef __cplusplus
| extern "C"
| {
| #endif
| /* We use char because int might match the return type of a gcc2
|    builtin and then its argument prototype would still apply.  */
| char shl_load ();
| /* The GNU C library defines this for functions which it implements
|     to always fail with ENOSYS.  Some functions are actually named
|     something starting with __ and the normal name is an alias.  */
| #if defined (__stub_shl_load) || defined (__stub___shl_load)
| choke me
| #else
| char (*f) () = shl_load;
| #endif
| #ifdef __cplusplus
| }
| #endif
| 
| int
| main ()
| {
| return f != shl_load;
|   ;
|   return 0;
| }
configure:8783: result: no
configure:8788: checking for shl_load in -ldld
configure:8818: /home/waker/prj/deadbeef/tools/apbuild/apgcc -o conftest -m32 -O2 -D_GNU_SOURCE -D_FORTIFY_SOURCE=0 -fPIC -I/home/waker/prj/deadbeef-deps/lib-x86-32/include  -m32 -L/home/waker/prj/deadbeef-deps/lib-x86-32/lib conftest.c -ldld   >&5
/usr/bin/ld: cannot find -ldld
collect2: ld returned 1 exit status
configure:8824: $? = 1
configure: failed program was:
| /* confdefs.h.  */
| 
| #define PACKAGE_NAME ""
| #define PACKAGE_TARNAME ""
| #define PACKAGE_VERSION ""
| #define PACKAGE_STRING ""
| #define PACKAGE_BUGREPORT ""
| #define PACKAGE "alsa-lib"
| #define VERSION "1.0.13"
| #define STDC_HEADERS 1
| #define HAVE_SYS_TYPES_H 1
| #define HAVE_SYS_STAT_H 1
| #define HAVE_STDLIB_H 1
| #define HAVE_STRING_H 1
| #define HAVE_MEMORY_H 1
| #define HAVE_STRINGS_H 1
| #define HAVE_INTTYPES_H 1
| #define HAVE_STDINT_H 1
| #define HAVE_UNISTD_H 1
| #define HAVE_DLFCN_H 1
| #ifdef __cplusplus
| extern "C" void exit (int) throw ();
| #endif
| /* end confdefs.h.  */
| 
| /* Override any gcc2 internal prototype to avoid an error.  */
| #ifdef __cplusplus
| extern "C"
| #endif
| /* We use char because int might match the return type of a gcc2
|    builtin and then its argument prototype would still apply.  */
| char shl_load ();
| int
| main ()
| {
| shl_load ();
|   ;
|   return 0;
| }
configure:8850: result: no
configure:8855: checking for dlopen
configure:8912: /home/waker/prj/deadbeef/tools/apbuild/apgcc -o conftest -m32 -O2 -D_GNU_SOURCE -D_FORTIFY_SOURCE=0 -fPIC -I/home/waker/prj/deadbeef-deps/lib-x86-32/include  -m32 -L/home/waker/prj/deadbeef-deps/lib-x86-32/lib conftest.c  >&5
/tmp/cc7d7vwy.o: In function `main':
conftest.c:(.text.startup+0x13): undefined reference to `dlopen'
/tmp/cc7d7vwy.o:(.data.rel+0x0): undefined reference to `dlopen'
collect2: ld returned 1 exit status
configure:8918: $? = 1
configure: failed program was:
| /* confdefs.h.  */
| 
| #define PACKAGE_NAME ""
| #define PACKAGE_TARNAME ""
| #define PACKAGE_VERSION ""
| #define PACKAGE_STRING ""
| #define PACKAGE_BUGREPORT ""
| #define PACKAGE "alsa-lib"
| #define VERSION "1.0.13"
| #define STDC_HEADERS 1
| #define HAVE_SYS_TYPES_H 1
| #define HAVE_SYS_STAT_H 1
| #define HAVE_STDLIB_H 1
| #define HAVE_STRING_H 1
| #define HAVE_MEMORY_H 1
| #define HAVE_STRINGS_H 1
| #define HAVE_INTTYPES_H 1
| #define HAVE_STDINT_H 1
| #define HAVE_UNISTD_H 1
| #define HAVE_DLFCN_H 1
| #ifdef __cplusplus
| extern "C" void exit (int) throw ();
| #endif
| /* end confdefs.h.  */
| /* Define dlopen to an innocuous variant, in case <limits.h> declares dlopen.
|    For example, HP-UX 11i <limits.h> declares gettimeofday.  */
| #define dlopen innocuous_dlopen
| 
| /* System header to define __stub macros and hopefully few prototypes,
|     which can conflict with char dlopen (); below.
|     Prefer <limits.h> to <assert.h> if __STDC__ is defined, since
|     <limits.h> exists even on freestanding compilers.  */
| 
| #ifdef __STDC__
| # include <limits.h>
| #else
| # include <assert.h>
| #endif
| 
| #undef dlopen
| 
| /* Override any gcc2 internal prototype to avoid an error.  */
| #ifdef __cplusplus
| extern "C"
| {
| #endif
| /* We use char because int might match the return type of a gcc2
|    builtin and then its argument prototype would still apply.  */
| char dlopen ();
| /* The GNU C library defines this for functions which it implements
|     to always fail with ENOSYS.  Some functions are actually named
|     something starting with __ and the normal name is an alias.  */
| #if defined (__stub_dlopen) || defined (__stub___dlopen)
| choke me
| #else
| char (*f) () = dlopen;
| #endif
| #ifdef __cplusplus
| }
| #endif
| 
| int
| main ()
| {
| return f != dlopen;
|   ;
|   return 0;
| }
configure:8943: result: no
configure:8948: checking for dlopen in -ldl
configure:8978: /home/waker/prj/deadbeef/tools/apbuild/apgcc -o conftest -m32 -O2 -D_GNU_SOURCE -D_FORTIFY_SOURCE=0 -fPIC -I/home/waker/prj/deadbeef-deps/lib-x86-32/include  -m32 -L/home/waker/prj/deadbeef-deps/lib-x86-32/lib conftest.c -ldl   >&5
configure:8984: $? = 0
configure:8988: test -z 
			 || test ! -s conftest.err
configure:8991: $? = 0
configure:8994: test -s conftest
configure:8997: $? = 0
configure:9010: result: yes
configure:9185: checking whether a program can dlopen itself
configure:9259: /home/waker/prj/deadbeef/tools/apbuild/apgcc -o conftest -m32 -O2 -D_GNU_SOURCE -D_FORTIFY_SOURCE=0 -fPIC -I/home/waker/prj/deadbeef-deps/lib-x86-32/include  -DHAVE_DLFCN_H -m32 -L/home/waker/prj/deadbeef-deps/lib-x86-32/lib -Wl,--export-dynamic conftest.c -ldl  >&5
configure: In function 'main':
configure:9255:5: warning: incompatible implicit declaration of built-in function 'exit' [enabled by default]
configure:9262: $? = 0
configure:9280: result: yes
configure:9285: checking whether a statically linked program can dlopen itself
configure:9359: /home/waker/prj/deadbeef/tools/apbuild/apgcc -o conftest -m32 -O2 -D_GNU_SOURCE -D_FORTIFY_SOURCE=0 -fPIC -I/home/waker/prj/deadbeef-deps/lib-x86-32/include  -DHAVE_DLFCN_H -m32 -L/home/waker/prj/deadbeef-deps/lib-x86-32/lib -Wl,--export-dynamic -static conftest.c -ldl  >&5
configure: In function 'main':
configure:9355:5: warning: incompatible implicit declaration of built-in function 'exit' [enabled by default]
/tmp/ccwgRu6K.o: In function `main':
conftest.c:(.text.startup+0x26): warning: Using 'dlopen' in statically linked applications requires at runtime the shared libraries from the glibc version used for linking
/usr/bin/ld: dynamic STT_GNU_IFUNC symbol `strcmp' with pointer equality in `/usr/lib/gcc/x86_64-linux-gnu/4.6/../../../../lib32/libc.a(strcmp.o)' can not be used when making an executable; recompile with -fPIE and relink with -pie
collect2: ld returned 1 exit status
configure:9362: $? = 1
configure:9380: result: no
configure:9403: checking if libtool supports shared libraries
configure:9405: result: yes
configure:9408: checking whether to build shared libraries
configure:9429: result: yes
configure:9432: checking whether to build static libraries
configure:9436: result: no
configure:9528: creating libtool
configure:10116: checking for ld used by /home/waker/prj/deadbeef/tools/apbuild/apgcc
configure:10183: result: /usr/bin/ld
configure:10192: checking if the linker (/usr/bin/ld) is GNU ld
configure:10207: result: yes
configure:10258: checking whether the /home/waker/prj/deadbeef/tools/apbuild/apgcc linker (/usr/bin/ld) supports shared libraries
configure:11196: result: yes
configure:11214: /home/waker/prj/deadbeef/tools/apbuild/apgcc -c -g -O2  conftest.cpp >&5
configure:11217: $? = 0
configure:11336: checking for /home/waker/prj/deadbeef/tools/apbuild/apgcc option to produce PIC
configure:11610: result: -fPIC
configure:11618: checking if /home/waker/prj/deadbeef/tools/apbuild/apgcc PIC flag -fPIC works
configure:11636: /home/waker/prj/deadbeef/tools/apbuild/apgcc -c -g -O2  -fPIC -DPIC conftest.cpp >&5
configure:11640: $? = 0
configure:11653: result: yes
configure:11681: checking if /home/waker/prj/deadbeef/tools/apbuild/apgcc static flag -static works
configure:11709: result: yes
configure:11719: checking if /home/waker/prj/deadbeef/tools/apbuild/apgcc supports -c -o file.o
configure:11740: /home/waker/prj/deadbeef/tools/apbuild/apgcc -c -g -O2  -o out/conftest2.o conftest.cpp >&5
configure:11744: $? = 0
configure:11766: result: yes
configure:11792: checking whether the /home/waker/prj/deadbeef/tools/apbuild/apgcc linker (/usr/bin/ld) supports shared libraries
configure:11817: result: yes
configure:11884: checking dynamic linker characteristics
configure:12472: result: GNU/Linux ld.so
configure:12481: checking how to hardcode library paths into programs
configure:12506: result: immediate
configure:18657: checking for ANSI C header files
configure:18813: result: yes
configure:18827: checking for an ANSI C-conforming const
configure:18894: /home/waker/prj/deadbeef/tools/apbuild/apgcc -c -m32 -O2 -D_GNU_SOURCE -D_FORTIFY_SOURCE=0 -fPIC -I/home/waker/prj/deadbeef-deps/lib-x86-32/include  conftest.c >&5
configure:18900: $? = 0
configure:18904: test -z 
			 || test ! -s conftest.err
configure:18907: $? = 0
configure:18910: test -s conftest.o
configure:18913: $? = 0
configure:18924: result: yes
configure:18934: checking for inline
configure:18955: /home/waker/prj/deadbeef/tools/apbuild/apgcc -c -m32 -O2 -D_GNU_SOURCE -D_FORTIFY_SOURCE=0 -fPIC -I/home/waker/prj/deadbeef-deps/lib-x86-32/include  conftest.c >&5
configure:18961: $? = 0
configure:18965: test -z 
			 || test ! -s conftest.err
configure:18968: $? = 0
configure:18971: test -s conftest.o
configure:18974: $? = 0
configure:18986: result: inline
configure:19005: checking whether time.h and sys/time.h may both be included
configure:19030: /home/waker/prj/deadbeef/tools/apbuild/apgcc -c -m32 -O2 -D_GNU_SOURCE -D_FORTIFY_SOURCE=0 -fPIC -I/home/waker/prj/deadbeef-deps/lib-x86-32/include  conftest.c >&5
configure:19036: $? = 0
configure:19040: test -z 
			 || test ! -s conftest.err
configure:19043: $? = 0
configure:19046: test -s conftest.o
configure:19049: $? = 0
configure:19060: result: yes
configure:19072: checking whether /home/waker/prj/deadbeef/tools/apbuild/apgcc needs -traditional
configure:19114: result: no
configure:19121: checking for hsearch_r
configure:19178: /home/waker/prj/deadbeef/tools/apbuild/apgcc -o conftest -m32 -O2 -D_GNU_SOURCE -D_FORTIFY_SOURCE=0 -fPIC -I/home/waker/prj/deadbeef-deps/lib-x86-32/include  -m32 -L/home/waker/prj/deadbeef-deps/lib-x86-32/lib conftest.c  >&5
configure:19184: $? = 0
configure:19188: test -z 
			 || test ! -s conftest.err
configure:19191: $? = 0
configure:19194: test -s conftest
configure:19197: $? = 0
configure:19209: result: yes
configure:19227: checking for library version
configure:19252: result: major 1 minor 0 subminor 13 extrastr  extraver 1000000
configure:19284: checking for versioned symbols
configure:19313: result: yes
configure:19334: checking for custom symbol prefixes
configure:19346: result: 
configure:19349: checking for debug
configure:19360: result: yes
configure:19372: checking for tmpdir
configure:19382: result: /tmp
configure:19390: checking for softfloat
configure:19407: result: no
configure:19411: checking for architecture
configure:19415: result: x86
configure:19467: checking wordexp.h usability
configure:19479: /home/waker/prj/deadbeef/tools/apbuild/apgcc -c -m32 -O2 -D_GNU_SOURCE -D_FORTIFY_SOURCE=0 -fPIC -I/home/waker/prj/deadbeef-deps/lib-x86-32/include  conftest.c >&5
configure:19485: $? = 0
configure:19489: test -z 
			 || test ! -s conftest.err
configure:19492: $? = 0
configure:19495: test -s conftest.o
configure:19498: $? = 0
configure:19508: result: yes
configure:19512: checking wordexp.h presence
configure:19522: /home/waker/prj/deadbeef/tools/apbuild/apgcc -E  conftest.c
configure:19528: $? = 0
configure:19548: result: yes
configure:19583: checking for wordexp.h
configure:19590: result: yes
configure:19604: checking for resmgr support
configure:19613: result: no
configure:19701: checking for aload* support
configure:19710: result: yes
configure:19720: checking for ALSA device file directory
configure:19738: result: /dev/snd/
configure:19741: checking for aload* device file directory
configure:19759: result: /dev/
configure:20650: creating ./config.status

## ---------------------- ##
## Running config.status. ##
## ---------------------- ##

This file was extended by config.status, which was
generated by GNU Autoconf 2.59.  Invocation command line was

  CONFIG_FILES    = 
  CONFIG_HEADERS  = 
  CONFIG_LINKS    = 
  CONFIG_COMMANDS = 
  $ ./config.status 

on lazer

config.status:824: creating Makefile
config.status:824: creating doc/Makefile
config.status:824: creating doc/pictures/Makefile
config.status:824: creating include/Makefile
config.status:824: creating include/sound/Makefile
config.status:824: creating src/Makefile
config.status:824: creating src/control/Makefile
config.status:824: creating src/mixer/Makefile
config.status:824: creating src/pcm/Makefile
config.status:824: creating src/pcm/scopes/Makefile
config.status:824: creating src/rawmidi/Makefile
config.status:824: creating src/timer/Makefile
config.status:824: creating src/hwdep/Makefile
config.status:824: creating src/seq/Makefile
config.status:824: creating src/instr/Makefile
config.status:824: creating src/compat/Makefile
config.status:824: creating src/alisp/Makefile
config.status:824: creating src/conf/Makefile
config.status:824: creating src/conf/cards/Makefile
config.status:824: creating src/conf/pcm/Makefile
config.status:824: creating modules/Makefile
config.status:824: creating modules/mixer/Makefile
config.status:824: creating modules/mixer/simple/Makefile
config.status:824: creating alsalisp/Makefile
config.status:824: creating aserver/Makefile
config.status:824: creating test/Makefile
config.status:824: creating utils/Makefile
config.status:824: creating utils/alsa-lib.spec
config.status:824: creating utils/alsa.pc
config.status:928: creating include/config.h
config.status:1100: include/config.h is unchanged
config.status:1280: executing depfiles commands

## ---------------- ##
## Cache variables. ##
## ---------------- ##

ac_cv_build=i686-unknown-linux-gnu
ac_cv_build_alias=i686-unknown-linux-gnu
ac_cv_c_compiler_gnu=yes
ac_cv_c_const=yes
ac_cv_c_inline=inline
ac_cv_cxx_compiler_gnu=yes
ac_cv_env_CC_set=set
ac_cv_env_CC_value=/home/waker/prj/deadbeef/tools/apbuild/apgcc
ac_cv_env_CFLAGS_set=set
ac_cv_env_CFLAGS_value='-m32 -O2 -D_GNU_SOURCE -D_FORTIFY_SOURCE=0 -fPIC -I/home/waker/prj/deadbeef-deps/lib-x86-32/include'
ac_cv_env_CPPFLAGS_set=
ac_cv_env_CPPFLAGS_value=
ac_cv_env_CPP_set=
ac_cv_env_CPP_value=
ac_cv_env_CXXCPP_set=
ac_cv_env_CXXCPP_value=
ac_cv_env_CXXFLAGS_set=
ac_cv_env_CXXFLAGS_value=
ac_cv_env_CXX_set=set
ac_cv_env_CXX_value=/home/waker/prj/deadbeef/tools/apbuild/apgcc
ac_cv_env_F77_set=
ac_cv_env_F77_value=
ac_cv_env_FFLAGS_set=
ac_cv_env_FFLAGS_value=
ac_cv_env_LDFLAGS_set=set
ac_cv_env_LDFLAGS_value='-m32 -L/home/waker/prj/deadbeef-deps/lib-x86-32/lib'
ac_cv_env_build_alias_set=set
ac_cv_env_build_alias_value=i686-unknown-linux-gnu
ac_cv_env_host_alias_set=
ac_cv_env_host_alias_value=
ac_cv_env_target_alias_set=
ac_cv_env_target_alias_value=
ac_cv_exeext=
ac_cv_f77_compiler_gnu=no
ac_cv_func_dlopen=no
ac_cv_func_hsearch_r=yes
ac_cv_func_shl_load=no
ac_cv_header_dlfcn_h=yes
ac_cv_header_inttypes_h=yes
ac_cv_header_memory_h=yes
ac_cv_header_stdc=yes
ac_cv_header_stdint_h=yes
ac_cv_header_stdlib_h=yes
ac_cv_header_string_h=yes
ac_cv_header_strings_h=yes
ac_cv_header_sys_stat_h=yes
ac_cv_header_sys_types_h=yes
ac_cv_header_time=yes
ac_cv_header_unistd_h=yes
ac_cv_header_wordexp_h=yes
ac_cv_host=i686-unknown-linux-gnu
ac_cv_host_alias=i686-unknown-linux-gnu
ac_cv_lib_dl_dlopen=yes
ac_cv_lib_dld_shl_load=no
ac_cv_objext=o
ac_cv_path_install='/usr/bin/install -c'
ac_cv_prog_AWK=mawk
ac_cv_prog_CPP='/home/waker/prj/deadbeef/tools/apbuild/apgcc -E'
ac_cv_prog_CXXCPP='/home/waker/prj/deadbeef/tools/apbuild/apgcc -E'
ac_cv_prog_ac_ct_AR=ar
ac_cv_prog_ac_ct_CC=/home/waker/prj/deadbeef/tools/apbuild/apgcc
ac_cv_prog_ac_ct_RANLIB=ranlib
ac_cv_prog_ac_ct_STRIP=strip
ac_cv_prog_cc_g=yes
ac_cv_prog_cc_stdc=
ac_cv_prog_cxx_g=yes
ac_cv_prog_egrep='grep -E'
ac_cv_prog_f77_g=no
ac_cv_prog_gcc_traditional=no
ac_cv_prog_make_make_set=yes
ac_cv_target=i686-unknown-linux-gnu
ac_cv_target_alias=i686-unknown-linux-gnu
am_cv_CC_dependencies_compiler_type=gcc3
am_cv_CXX_dependencies_compiler_type=gcc3
lt_cv_deplibs_check_method=pass_all
lt_cv_dlopen=dlopen
lt_cv_dlopen_libs=-ldl
lt_cv_dlopen_self=yes
lt_cv_dlopen_self_static=no
lt_cv_file_magic_cmd='$MAGIC_CMD'
lt_cv_file_magic_test_file=
lt_cv_ld_reload_flag=-r
lt_cv_objdir=.libs
lt_cv_path_LD=/usr/bin/ld
lt_cv_path_LDCXX=/usr/bin/ld
lt_cv_path_NM='/usr/bin/nm -B'
lt_cv_path_SED=/bin/sed
lt_cv_prog_compiler_c_o=yes
lt_cv_prog_compiler_c_o_CXX=yes
lt_cv_prog_compiler_rtti_exceptions=no
lt_cv_prog_gnu_ld=yes
lt_cv_prog_gnu_ldcxx=yes
lt_cv_sys_global_symbol_pipe='sed -n -e '\''s/^.*[ 	]\([ABCDGIRSTW][ABCDGIRSTW]*\)[ 	][ 	]*\([_A-Za-z][_A-Za-z0-9]*\)$/\1 \2 \2/p'\'''
lt_cv_sys_global_symbol_to_c_name_address='sed -n -e '\''s/^: \([^ ]*\) $/  {\"\1\", (lt_ptr) 0},/p'\'' -e '\''s/^[BCDEGRST] \([^ ]*\) \([^ ]*\)$/  {"\2", (lt_ptr) \&\2},/p'\'''
lt_cv_sys_global_symbol_to_cdecl='sed -n -e '\''s/^. .* \(.*\)$/extern int \1;/p'\'''
lt_cv_sys_max_cmd_len=32768
lt_lt_cv_prog_compiler_c_o='"yes"'
lt_lt_cv_prog_compiler_c_o_CXX='"yes"'
lt_lt_cv_sys_global_symbol_pipe='"sed -n -e '\''s/^.*[ 	]\\([ABCDGIRSTW][ABCDGIRSTW]*\\)[ 	][ 	]*\\([_A-Za-z][_A-Za-z0-9]*\\)\$/\\1 \\2 \\2/p'\''"'
lt_lt_cv_sys_global_symbol_to_c_name_address='"sed -n -e '\''s/^: \\([^ ]*\\) \$/  {\\\"\\1\\\", (lt_ptr) 0},/p'\'' -e '\''s/^[BCDEGRST] \\([^ ]*\\) \\([^ ]*\\)\$/  {\"\\2\", (lt_ptr) \\&\\2},/p'\''"'
lt_lt_cv_sys_global_symbol_to_cdecl='"sed -n -e '\''s/^. .* \\(.*\\)\$/extern int \\1;/p'\''"'

## ----------------- ##
## Output variables. ##
## ----------------- ##

ACLOCAL='${SHELL} /home/waker/prj/deadbeef-deps/alsa-lib-1.0.13/missing --run aclocal-1.9'
ALSA_HSEARCH_R_FALSE=''
ALSA_HSEARCH_R_TRUE='#'
AMDEPBACKSLASH='\'
AMDEP_FALSE='#'
AMDEP_TRUE=''
AMTAR='${SHELL} /home/waker/prj/deadbeef-deps/alsa-lib-1.0.13/missing --run tar'
AR='ar'
AUTOCONF='${SHELL} /home/waker/prj/deadbeef-deps/alsa-lib-1.0.13/missing --run autoconf'
AUTOHEADER='${SHELL} /home/waker/prj/deadbeef-deps/alsa-lib-1.0.13/missing --run autoheader'
AUTOMAKE='${SHELL} /home/waker/prj/deadbeef-deps/alsa-lib-1.0.13/missing --run automake-1.9'
AWK='mawk'
BUILD_ALISP_FALSE=''
BUILD_ALISP_TRUE='#'
BUILD_HWDEP_FALSE='#'
BUILD_HWDEP_TRUE=''
BUILD_INSTR_FALSE='#'
BUILD_INSTR_TRUE=''
BUILD_MIXER_FALSE='#'
BUILD_MIXER_TRUE=''
BUILD_PCM_FALSE='#'
BUILD_PCM_PLUGIN_ADPCM_FALSE='#'
BUILD_PCM_PLUGIN_ADPCM_TRUE=''
BUILD_PCM_PLUGIN_ALAW_FALSE='#'
BUILD_PCM_PLUGIN_ALAW_TRUE=''
BUILD_PCM_PLUGIN_ASYM_FALSE='#'
BUILD_PCM_PLUGIN_ASYM_TRUE=''
BUILD_PCM_PLUGIN_COPY_FALSE='#'
BUILD_PCM_PLUGIN_COPY_TRUE=''
BUILD_PCM_PLUGIN_DMIX_FALSE='#'
BUILD_PCM_PLUGIN_DMIX_TRUE=''
BUILD_PCM_PLUGIN_DSHARE_FALSE='#'
BUILD_PCM_PLUGIN_DSHARE_TRUE=''
BUILD_PCM_PLUGIN_DSNOOP_FALSE='#'
BUILD_PCM_PLUGIN_DSNOOP_TRUE=''
BUILD_PCM_PLUGIN_EXTPLUG_FALSE='#'
BUILD_PCM_PLUGIN_EXTPLUG_TRUE=''
BUILD_PCM_PLUGIN_FALSE='#'
BUILD_PCM_PLUGIN_FILE_FALSE='#'
BUILD_PCM_PLUGIN_FILE_TRUE=''
BUILD_PCM_PLUGIN_HOOKS_FALSE='#'
BUILD_PCM_PLUGIN_HOOKS_TRUE=''
BUILD_PCM_PLUGIN_IEC958_FALSE='#'
BUILD_PCM_PLUGIN_IEC958_TRUE=''
BUILD_PCM_PLUGIN_IOPLUG_FALSE='#'
BUILD_PCM_PLUGIN_IOPLUG_TRUE=''
BUILD_PCM_PLUGIN_LADSPA_FALSE='#'
BUILD_PCM_PLUGIN_LADSPA_TRUE=''
BUILD_PCM_PLUGIN_LFLOAT_FALSE='#'
BUILD_PCM_PLUGIN_LFLOAT_TRUE=''
BUILD_PCM_PLUGIN_LINEAR_FALSE='#'
BUILD_PCM_PLUGIN_LINEAR_TRUE=''
BUILD_PCM_PLUGIN_METER_FALSE='#'
BUILD_PCM_PLUGIN_METER_TRUE=''
BUILD_PCM_PLUGIN_MULAW_FALSE='#'
BUILD_PCM_PLUGIN_MULAW_TRUE=''
BUILD_PCM_PLUGIN_MULTI_FALSE='#'
BUILD_PCM_PLUGIN_MULTI_TRUE=''
BUILD_PCM_PLUGIN_NULL_FALSE='#'
BUILD_PCM_PLUGIN_NULL_TRUE=''
BUILD_PCM_PLUGIN_PLUG_FALSE='#'
BUILD_PCM_PLUGIN_PLUG_TRUE=''
BUILD_PCM_PLUGIN_RATE_FALSE='#'
BUILD_PCM_PLUGIN_RATE_TRUE=''
BUILD_PCM_PLUGIN_ROUTE_FALSE='#'
BUILD_PCM_PLUGIN_ROUTE_TRUE=''
BUILD_PCM_PLUGIN_SHARE_FALSE='#'
BUILD_PCM_PLUGIN_SHARE_TRUE=''
BUILD_PCM_PLUGIN_SHM_FALSE='#'
BUILD_PCM_PLUGIN_SHM_TRUE=''
BUILD_PCM_PLUGIN_SOFTVOL_FALSE='#'
BUILD_PCM_PLUGIN_SOFTVOL_TRUE=''
BUILD_PCM_PLUGIN_TRUE=''
BUILD_PCM_TRUE=''
BUILD_RAWMIDI_FALSE='#'
BUILD_RAWMIDI_TRUE=''
BUILD_SEQ_FALSE='#'
BUILD_SEQ_TRUE=''
CC='/home/waker/prj/deadbeef/tools/apbuild/apgcc'
CCDEPMODE='depmode=gcc3'
CFLAGS='-m32 -O2 -D_GNU_SOURCE -D_FORTIFY_SOURCE=0 -fPIC -I/home/waker/prj/deadbeef-deps/lib-x86-32/include'
CPP='/home/waker/prj/deadbeef/tools/apbuild/apgcc -E'
CPPFLAGS=''
CXX='/home/waker/prj/deadbeef/tools/apbuild/apgcc'
CXXCPP='/home/waker/prj/deadbeef/tools/apbuild/apgcc -E'
CXXDEPMODE='depmode=gcc3'
CXXFLAGS='-g -O2'
CYGPATH_W='echo'
DEFS='-DHAVE_CONFIG_H'
DEPDIR='.deps'
ECHO='echo'
ECHO_C=''
ECHO_N='-n'
ECHO_T=''
EGREP='grep -E'
EXEEXT=''
F77=''
FFLAGS=''
INSTALL_DATA='${INSTALL} -m 644'
INSTALL_M4_FALSE='#'
INSTALL_M4_TRUE=''
INSTALL_PROGRAM='${INSTALL}'
INSTALL_SCRIPT='${INSTALL}'
INSTALL_STRIP_PROGRAM='${SHELL} $(install_sh) -c -s'
LDFLAGS='-m32 -L/home/waker/prj/deadbeef-deps/lib-x86-32/lib'
LIBOBJS=''
LIBS=''
LIBTOOL='$(SHELL) $(top_builddir)/libtool'
LIBTOOL_VERSION_INFO='2:0:0'
LN_S='ln -s'
LTLIBOBJS=''
MAKEINFO='${SHELL} /home/waker/prj/deadbeef-deps/alsa-lib-1.0.13/missing --run makeinfo'
OBJEXT='o'
PACKAGE='alsa-lib'
PACKAGE_BUGREPORT=''
PACKAGE_NAME=''
PACKAGE_STRING=''
PACKAGE_TARNAME=''
PACKAGE_VERSION=''
PATH_SEPARATOR=':'
RANLIB='ranlib'
SET_MAKE=''
SHELL='/bin/bash'
SND_LIB_EXTRAVER='1000000'
SND_LIB_MAJOR='1'
SND_LIB_MINOR='0'
SND_LIB_SUBMINOR='13'
SND_LIB_VERSION='1.0.13'
STRIP='strip'
VERSION='1.0.13'
VERSIONED_SYMBOLS_FALSE='#'
VERSIONED_SYMBOLS_TRUE=''
ac_ct_AR='ar'
ac_ct_CC='/home/waker/prj/deadbeef/tools/apbuild/apgcc'
ac_ct_CXX=''
ac_ct_F77=''
ac_ct_RANLIB='ranlib'
ac_ct_STRIP='strip'
am__fastdepCC_FALSE='#'
am__fastdepCC_TRUE=''
am__fastdepCXX_FALSE='#'
am__fastdepCXX_TRUE=''
am__include='include'
am__leading_dot='.'
am__quote=''
am__tar='${AMTAR} chof - "$$tardir"'
am__untar='${AMTAR} xf -'
bindir='${exec_prefix}/bin'
build='i686-unknown-linux-gnu'
build_alias='i686-unknown-linux-gnu'
build_cpu='i686'
build_os='linux-gnu'
build_vendor='unknown'
datadir='${prefix}/share'
exec_prefix='/home/waker/prj/deadbeef-deps/lib-x86-32'
host='i686-unknown-linux-gnu'
host_alias=''
host_cpu='i686'
host_os='linux-gnu'
host_vendor='unknown'
includedir='${prefix}/include'
infodir='${prefix}/info'
install_sh='/home/waker/prj/deadbeef-deps/alsa-lib-1.0.13/install-sh'
libdir='${exec_prefix}/lib'
libexecdir='${exec_prefix}/libexec'
localstatedir='${prefix}/var'
mandir='${prefix}/man'
mkdir_p='mkdir -p --'
oldincludedir='/usr/include'
prefix='/home/waker/prj/deadbeef-deps/lib-x86-32'
program_transform_name='s,x,x,'
sbindir='${exec_prefix}/sbin'
sharedstatedir='${prefix}/com'
sysconfdir='${prefix}/etc'
target='i686-unknown-linux-gnu'
target_alias=''
target_cpu='i686'
target_os='linux-gnu'
target_vendor='unknown'

## ----------- ##
## confdefs.h. ##
## ----------- ##

#define ALOAD_DEVICE_DIRECTORY "/dev/"
#define ALSA_DEVICE_DIRECTORY "/dev/snd/"
#define BUILD_INSTR "1"
#define BUILD_MIXER "1"
#define BUILD_PCM "1"
#define BUILD_PCM_PLUGIN_ADPCM "1"
#define BUILD_PCM_PLUGIN_ALAW "1"
#define BUILD_PCM_PLUGIN_LFLOAT "1"
#define BUILD_PCM_PLUGIN_MULAW "1"
#define BUILD_PCM_PLUGIN_RATE "1"
#define BUILD_PCM_PLUGIN_ROUTE "1"
#define BUILD_RAWMIDI "1"
#define BUILD_SEQ "1"
#define DATADIR "/home/waker/prj/deadbeef-deps/lib-x86-32/share"
#define HAVE_DLFCN_H 1
#define HAVE_INTTYPES_H 1
#define HAVE_MEMORY_H 1
#define HAVE_STDINT_H 1
#define HAVE_STDLIB_H 1
#define HAVE_STRINGS_H 1
#define HAVE_STRING_H 1
#define HAVE_SYS_STAT_H 1
#define HAVE_SYS_TYPES_H 1
#define HAVE_UNISTD_H 1
#define HAVE_WORDEXP_H 1
#define PACKAGE "alsa-lib"
#define PACKAGE_BUGREPORT ""
#define PACKAGE_NAME ""
#define PACKAGE_STRING ""
#define PACKAGE_TARNAME ""
#define PACKAGE_VERSION ""
#define PKGLIBDIR "/home/waker/prj/deadbeef-deps/lib-x86-32/lib/alsa-lib"
#define STDC_HEADERS 1
#define STDC_HEADERS 1
#define SUPPORT_ALOAD "1"
#define TIME_WITH_SYS_TIME 1
#define TMPDIR "/tmp"
#define VERSION "1.0.13"
#define VERSION "1.0.13"
#define VERSIONED_SYMBOLS
#define __SYMBOL_PREFIX ""
#endif
#ifdef __cplusplus
extern "C" void exit (int) throw ();

configure: exit 0
