This file contains any messages produced by compilers while
running configure, to aid debugging if configure makes a mistake.

It was created by libjpeg configure 8.3.0, which was
generated by GNU Autoconf 2.68.  Invocation command line was

  $ ./configure --enable-static --prefix=/home/waker/prj/deadbeef-staticdeps/lib-x86-32 --build=i686-unknown-linux-gnu

## --------- ##
## Platform. ##
## --------- ##

hostname = lazer
uname -m = x86_64
uname -r = 4.4.0-79-generic
uname -s = Linux
uname -v = #100-Ubuntu SMP Wed May 17 19:58:14 UTC 2017

/usr/bin/uname -p = unknown
/bin/uname -X     = unknown

/bin/arch              = unknown
/usr/bin/arch -k       = unknown
/usr/convex/getsysinfo = unknown
/usr/bin/hostinfo      = unknown
/bin/machine           = unknown
/usr/bin/oslevel       = unknown
/bin/universe          = unknown

PATH: /usr/local/sbin
PATH: /usr/local/bin
PATH: /usr/sbin
PATH: /usr/bin
PATH: /sbin
PATH: /bin
PATH: /usr/games
PATH: /usr/local/games
PATH: /snap/bin


## ----------- ##
## Core tests. ##
## ----------- ##

configure:2249: checking build system type
configure:2263: result: i686-unknown-linux-gnu
configure:2283: checking host system type
configure:2296: result: i686-unknown-linux-gnu
configure:2316: checking target system type
configure:2329: result: i686-unknown-linux-gnu
configure:2374: checking for a BSD-compatible install
configure:2442: result: /usr/bin/install -c
configure:2453: checking whether build environment is sane

## ---------------- ##
## Cache variables. ##
## ---------------- ##

ac_cv_build=i686-unknown-linux-gnu
ac_cv_env_CC_set=set
ac_cv_env_CC_value=/home/waker/prj/deadbeef/tools/apbuild/apgcc
ac_cv_env_CFLAGS_set=set
ac_cv_env_CFLAGS_value='-m32 -fPIC -I/home/waker/prj/deadbeef-staticdeps/lib-x86-32/include/i386-linux-gnu -O2 -D_GNU_SOURCE -D_FORTIFY_SOURCE=0 -fPIC -I/home/waker/prj/deadbeef-staticdeps/lib-x86-32/include'
ac_cv_env_CPPFLAGS_set=
ac_cv_env_CPPFLAGS_value=
ac_cv_env_CPP_set=
ac_cv_env_CPP_value=
ac_cv_env_LDFLAGS_set=set
ac_cv_env_LDFLAGS_value='-m32 -L/home/waker/prj/deadbeef-staticdeps/lib-x86-32/lib'
ac_cv_env_LIBS_set=
ac_cv_env_LIBS_value=
ac_cv_env_build_alias_set=set
ac_cv_env_build_alias_value=i686-unknown-linux-gnu
ac_cv_env_host_alias_set=
ac_cv_env_host_alias_value=
ac_cv_env_target_alias_set=
ac_cv_env_target_alias_value=
ac_cv_host=i686-unknown-linux-gnu
ac_cv_path_install='/usr/bin/install -c'
ac_cv_target=i686-unknown-linux-gnu

## ----------------- ##
## Output variables. ##
## ----------------- ##

ACLOCAL=''
AMDEPBACKSLASH=''
AMDEP_FALSE=''
AMDEP_TRUE=''
AMTAR=''
AM_BACKSLASH=''
AM_DEFAULT_VERBOSITY=''
ANSI2KNR=''
AR=''
AS=''
AUTOCONF=''
AUTOHEADER='echo autoheader ignored'
AUTOMAKE=''
AWK=''
CC='/home/waker/prj/deadbeef/tools/apbuild/apgcc'
CCDEPMODE=''
CFLAGS='-m32 -fPIC -I/home/waker/prj/deadbeef-staticdeps/lib-x86-32/include/i386-linux-gnu -O2 -D_GNU_SOURCE -D_FORTIFY_SOURCE=0 -fPIC -I/home/waker/prj/deadbeef-staticdeps/lib-x86-32/include'
CPP=''
CPPFLAGS=''
CYGPATH_W=''
DEFS=''
DEPDIR=''
DLLTOOL=''
DSYMUTIL=''
DUMPBIN=''
ECHO_C=''
ECHO_N='-n'
ECHO_T=''
EGREP=''
EXEEXT=''
FGREP=''
GREP=''
HAVE_LD_VERSION_SCRIPT_FALSE=''
HAVE_LD_VERSION_SCRIPT_TRUE=''
INSTALL_DATA='${INSTALL} -m 644'
INSTALL_PROGRAM='${INSTALL}'
INSTALL_SCRIPT='${INSTALL}'
INSTALL_STRIP_PROGRAM=''
JPEG_LIB_VERSION=''
LD=''
LDFLAGS='-m32 -L/home/waker/prj/deadbeef-staticdeps/lib-x86-32/lib'
LIBOBJS=''
LIBS=''
LIBTOOL=''
LIPO=''
LN_S=''
LTLIBOBJS=''
MAINT=''
MAINTAINER_MODE_FALSE=''
MAINTAINER_MODE_TRUE=''
MAKEINFO=''
MANIFEST_TOOL=''
MEMORYMGR=''
MKDIR_P=''
NM=''
NMEDIT=''
OBJDUMP=''
OBJEXT=''
OTOOL64=''
OTOOL=''
PACKAGE=''
PACKAGE_BUGREPORT=''
PACKAGE_NAME='libjpeg'
PACKAGE_STRING='libjpeg 8.3.0'
PACKAGE_TARNAME='libjpeg'
PACKAGE_URL=''
PACKAGE_VERSION='8.3.0'
PATH_SEPARATOR=':'
RANLIB=''
SED=''
SET_MAKE=''
SHELL='/bin/bash'
STRIP=''
U=''
VERSION=''
ac_ct_AR=''
ac_ct_CC=''
ac_ct_DUMPBIN=''
am__EXEEXT_FALSE=''
am__EXEEXT_TRUE=''
am__fastdepCC_FALSE=''
am__fastdepCC_TRUE=''
am__include=''
am__isrc=''
am__leading_dot=''
am__quote=''
am__tar=''
am__untar=''
bindir='${exec_prefix}/bin'
build='i686-unknown-linux-gnu'
build_alias='i686-unknown-linux-gnu'
build_cpu='i686'
build_os='linux-gnu'
build_vendor='unknown'
datadir='${datarootdir}'
datarootdir='${prefix}/share'
docdir='${datarootdir}/doc/${PACKAGE_TARNAME}'
dvidir='${docdir}'
exec_prefix='NONE'
host='i686-unknown-linux-gnu'
host_alias=''
host_cpu='i686'
host_os='linux-gnu'
host_vendor='unknown'
htmldir='${docdir}'
includedir='${prefix}/include'
infodir='${datarootdir}/info'
install_sh=''
libdir='${exec_prefix}/lib'
libexecdir='${exec_prefix}/libexec'
localedir='${datarootdir}/locale'
localstatedir='${prefix}/var'
mandir='${datarootdir}/man'
mkdir_p=''
oldincludedir='/usr/include'
pdfdir='${docdir}'
prefix='/home/waker/prj/deadbeef-staticdeps/lib-x86-32'
program_transform_name='s,x,x,'
psdir='${docdir}'
sbindir='${exec_prefix}/sbin'
sharedstatedir='${prefix}/com'
sysconfdir='${prefix}/etc'
target='i686-unknown-linux-gnu'
target_alias=''
target_cpu='i686'
target_os='linux-gnu'
target_vendor='unknown'

## ----------- ##
## confdefs.h. ##
## ----------- ##

/* confdefs.h */
#define PACKAGE_NAME "libjpeg"
#define PACKAGE_TARNAME "libjpeg"
#define PACKAGE_VERSION "8.3.0"
#define PACKAGE_STRING "libjpeg 8.3.0"
#define PACKAGE_BUGREPORT ""
#define PACKAGE_URL ""

configure: caught signal 2
configure: exit 1
