This file contains any messages produced by compilers while
running configure, to aid debugging if configure makes a mistake.

It was created by json-glib configure 0.14.2, which was
generated by GNU Autoconf 2.68.  Invocation command line was

  $ ./configure --enable-static --prefix=/home/waker/prj/deadbeef-deps/lib-x86-64

## --------- ##
## Platform. ##
## --------- ##

hostname = lazer
uname -m = x86_64
uname -r = 2.6.32-5-amd64
uname -s = Linux
uname -v = #1 SMP Thu Mar 22 17:26:33 UTC 2012

/usr/bin/uname -p = unknown
/bin/uname -X     = unknown

/bin/arch              = unknown
/usr/bin/arch -k       = unknown
/usr/convex/getsysinfo = unknown
/usr/bin/hostinfo      = unknown
/bin/machine           = unknown
/usr/bin/oslevel       = unknown
/bin/universe          = unknown

PATH: /home/waker/perl5/bin
PATH: /home/waker/bin
PATH: /usr/local/bin
PATH: /usr/bin
PATH: /bin
PATH: /usr/local/games
PATH: /usr/games
PATH: /opt/kde/bin
PATH: /home/waker/android/android-sdk-linux_86/tools
PATH: /home/waker/android/adt-bundle-linux-x86/sdk/platform-tools
PATH: /home/waker/bin
PATH: /home/waker/.local/bin
PATH: /opt/java/bin
PATH: /opt/firefox


## ----------- ##
## Core tests. ##
## ----------- ##

configure:2267: checking for a BSD-compatible install
configure:2335: result: /usr/bin/install -c
configure:2346: checking whether build environment is sane
configure:2396: result: yes
configure:2537: checking for a thread-safe mkdir -p
configure:2576: result: /bin/mkdir -p
configure:2589: checking for gawk
configure:2619: result: no
configure:2589: checking for mawk
configure:2605: found /usr/bin/mawk
configure:2616: result: mawk
configure:2627: checking whether make sets $(MAKE)
configure:2649: result: yes
configure:2715: checking how to create a ustar tar archive
configure:2728: tar --version
tar (GNU tar) 1.23
Copyright (C) 2010 Free Software Foundation, Inc.
License GPLv3+: GNU GPL version 3 or later <http://gnu.org/licenses/gpl.html>.
This is free software: you are free to change and redistribute it.
There is NO WARRANTY, to the extent permitted by law.

Written by John Gilmore and Jay Fenlason.
configure:2731: $? = 0
configure:2771: tardir=conftest.dir && eval tar --format=ustar -chf - "$tardir" >conftest.tar
configure:2774: $? = 0
configure:2778: tar -xf - <conftest.tar
configure:2781: $? = 0
configure:2794: result: gnutar
configure:2826: checking for style of include used by make
configure:2854: result: GNU
configure:2924: checking for gcc
configure:2940: found /usr/bin/gcc
configure:2951: result: gcc
configure:3180: checking for C compiler version
configure:3189: gcc --version >&5
gcc (Debian 4.4.5-8) 4.4.5
Copyright (C) 2010 Free Software Foundation, Inc.
This is free software; see the source for copying conditions.  There is NO
warranty; not even for MERCHANTABILITY or FITNESS FOR A PARTICULAR PURPOSE.

configure:3200: $? = 0
configure:3189: gcc -v >&5
Using built-in specs.
Target: x86_64-linux-gnu
Configured with: ../src/configure -v --with-pkgversion='Debian 4.4.5-8' --with-bugurl=file:///usr/share/doc/gcc-4.4/README.Bugs --enable-languages=c,c++,fortran,objc,obj-c++ --prefix=/usr --program-suffix=-4.4 --enable-shared --enable-multiarch --enable-linker-build-id --with-system-zlib --libexecdir=/usr/lib --without-included-gettext --enable-threads=posix --with-gxx-include-dir=/usr/include/c++/4.4 --libdir=/usr/lib --enable-nls --enable-clocale=gnu --enable-libstdcxx-debug --enable-objc-gc --with-arch-32=i586 --with-tune=generic --enable-checking=release --build=x86_64-linux-gnu --host=x86_64-linux-gnu --target=x86_64-linux-gnu
Thread model: posix
gcc version 4.4.5 (Debian 4.4.5-8) 
configure:3200: $? = 0
configure:3189: gcc -V >&5
gcc: '-V' option must have argument
configure:3200: $? = 1
configure:3189: gcc -qversion >&5
gcc: unrecognized option '-qversion'
gcc: no input files
configure:3200: $? = 1
configure:3220: checking whether the C compiler works
configure:3242: gcc -O2 -D_GNU_SOURCE -D_FORTIFY_SOURCE=0 -fPIC -I/home/waker/prj/deadbeef-deps/lib-x86-64/include  -L/home/waker/prj/deadbeef-deps/lib-x86-64/lib conftest.c  >&5
configure:3246: $? = 0
configure:3294: result: yes
configure:3297: checking for C compiler default output file name
configure:3299: result: a.out
configure:3305: checking for suffix of executables
configure:3312: gcc -o conftest -O2 -D_GNU_SOURCE -D_FORTIFY_SOURCE=0 -fPIC -I/home/waker/prj/deadbeef-deps/lib-x86-64/include  -L/home/waker/prj/deadbeef-deps/lib-x86-64/lib conftest.c  >&5
configure:3316: $? = 0
configure:3338: result: 
configure:3360: checking whether we are cross compiling
configure:3368: gcc -o conftest -O2 -D_GNU_SOURCE -D_FORTIFY_SOURCE=0 -fPIC -I/home/waker/prj/deadbeef-deps/lib-x86-64/include  -L/home/waker/prj/deadbeef-deps/lib-x86-64/lib conftest.c  >&5
configure:3372: $? = 0
configure:3379: ./conftest
configure:3383: $? = 0
configure:3398: result: no
configure:3403: checking for suffix of object files
configure:3425: gcc -c -O2 -D_GNU_SOURCE -D_FORTIFY_SOURCE=0 -fPIC -I/home/waker/prj/deadbeef-deps/lib-x86-64/include  conftest.c >&5
configure:3429: $? = 0
configure:3450: result: o
configure:3454: checking whether we are using the GNU C compiler
configure:3473: gcc -c -O2 -D_GNU_SOURCE -D_FORTIFY_SOURCE=0 -fPIC -I/home/waker/prj/deadbeef-deps/lib-x86-64/include  conftest.c >&5
configure:3473: $? = 0
configure:3482: result: yes
configure:3491: checking whether gcc accepts -g
configure:3511: gcc -c -g  conftest.c >&5
configure:3511: $? = 0
configure:3552: result: yes
configure:3569: checking for gcc option to accept ISO C89
configure:3633: gcc  -c -O2 -D_GNU_SOURCE -D_FORTIFY_SOURCE=0 -fPIC -I/home/waker/prj/deadbeef-deps/lib-x86-64/include  conftest.c >&5
configure:3633: $? = 0
configure:3646: result: none needed
configure:3668: checking dependency style of gcc
configure:3778: result: gcc3
configure:3877: checking for pkg-config
configure:3895: found /usr/bin/pkg-config
configure:3907: result: /usr/bin/pkg-config
configure:3932: checking pkg-config is at least version 0.16
configure:3935: result: yes
configure:3952: checking for GLIB - version >= 2.0.0
configure:4066: gcc -o conftest -O2 -D_GNU_SOURCE -D_FORTIFY_SOURCE=0 -fPIC -I/home/waker/prj/deadbeef-deps/lib-x86-64/include -I/usr/include/glib-2.0 -I/usr/lib/glib-2.0/include    -L/home/waker/prj/deadbeef-deps/lib-x86-64/lib conftest.c -lglib-2.0    >&5
configure:4066: $? = 0
configure:4066: ./conftest
configure:4066: $? = 0
configure:4080: result: yes (version 2.24.2)
configure:4147: checking whether gcc and cc understand -c and -o together
configure:4178: gcc -c conftest.c -o conftest2.o >&5
configure:4182: $? = 0
configure:4188: gcc -c conftest.c -o conftest2.o >&5
configure:4192: $? = 0
configure:4203: cc -c conftest.c >&5
configure:4207: $? = 0
configure:4215: cc -c conftest.c -o conftest2.o >&5
configure:4219: $? = 0
configure:4225: cc -c conftest.c -o conftest2.o >&5
configure:4229: $? = 0
configure:4247: result: yes
configure:4303: checking build system type
configure:4317: result: x86_64-unknown-linux-gnu
configure:4337: checking host system type
configure:4350: result: x86_64-unknown-linux-gnu
configure:4391: checking how to print strings
configure:4418: result: printf
configure:4439: checking for a sed that does not truncate output
configure:4503: result: /bin/sed
configure:4521: checking for grep that handles long lines and -e
configure:4579: result: /bin/grep
configure:4584: checking for egrep
configure:4646: result: /bin/grep -E
configure:4651: checking for fgrep
configure:4713: result: /bin/grep -F
configure:4748: checking for ld used by gcc
configure:4815: result: /usr/bin/ld
configure:4822: checking if the linker (/usr/bin/ld) is GNU ld
configure:4837: result: yes
configure:4849: checking for BSD- or MS-compatible name lister (nm)
configure:4898: result: /usr/bin/nm -B
configure:5028: checking the name lister (/usr/bin/nm -B) interface
configure:5035: gcc -c -O2 -D_GNU_SOURCE -D_FORTIFY_SOURCE=0 -fPIC -I/home/waker/prj/deadbeef-deps/lib-x86-64/include  conftest.c >&5
configure:5038: /usr/bin/nm -B "conftest.o"
configure:5041: output
0000000000000000 B some_variable
configure:5048: result: BSD nm
configure:5051: checking whether ln -s works
configure:5055: result: yes
configure:5063: checking the maximum length of command line arguments
configure:5188: result: 1572864
configure:5205: checking whether the shell understands some XSI constructs
configure:5215: result: yes
configure:5219: checking whether the shell understands "+="
configure:5225: result: yes
configure:5260: checking how to convert x86_64-unknown-linux-gnu file names to x86_64-unknown-linux-gnu format
configure:5300: result: func_convert_file_noop
configure:5307: checking how to convert x86_64-unknown-linux-gnu file names to toolchain format
configure:5327: result: func_convert_file_noop
configure:5334: checking for /usr/bin/ld option to reload object files
configure:5341: result: -r
configure:5415: checking for objdump
configure:5431: found /usr/bin/objdump
configure:5442: result: objdump
configure:5474: checking how to recognize dependent libraries
configure:5676: result: pass_all
configure:5761: checking for dlltool
configure:5791: result: no
configure:5821: checking how to associate runtime and link libraries
configure:5848: result: printf %s\n
configure:5908: checking for ar
configure:5924: found /usr/bin/ar
configure:5935: result: ar
configure:5972: checking for archiver @FILE support
configure:5989: gcc -c -O2 -D_GNU_SOURCE -D_FORTIFY_SOURCE=0 -fPIC -I/home/waker/prj/deadbeef-deps/lib-x86-64/include  conftest.c >&5
configure:5989: $? = 0
configure:5992: ar cru libconftest.a @conftest.lst >&5
configure:5995: $? = 0
configure:6000: ar cru libconftest.a @conftest.lst >&5
ar: conftest.o: No such file or directory
configure:6003: $? = 1
configure:6015: result: @
configure:6073: checking for strip
configure:6089: found /usr/bin/strip
configure:6100: result: strip
configure:6172: checking for ranlib
configure:6188: found /usr/bin/ranlib
configure:6199: result: ranlib
configure:6301: checking command to parse /usr/bin/nm -B output from gcc object
configure:6420: gcc -c -O2 -D_GNU_SOURCE -D_FORTIFY_SOURCE=0 -fPIC -I/home/waker/prj/deadbeef-deps/lib-x86-64/include  conftest.c >&5
configure:6423: $? = 0
configure:6427: /usr/bin/nm -B conftest.o \| sed -n -e 's/^.*[ ]\([ABCDGIRSTW][ABCDGIRSTW]*\)[ ][ ]*\([_A-Za-z][_A-Za-z0-9]*\)$/\1 \2 \2/p' | sed '/ __gnu_lto/d' \> conftest.nm
configure:6430: $? = 0
configure:6496: gcc -o conftest -O2 -D_GNU_SOURCE -D_FORTIFY_SOURCE=0 -fPIC -I/home/waker/prj/deadbeef-deps/lib-x86-64/include  -L/home/waker/prj/deadbeef-deps/lib-x86-64/lib conftest.c conftstm.o >&5
configure:6499: $? = 0
configure:6537: result: ok
configure:6574: checking for sysroot
configure:6604: result: no
configure:6681: gcc -c -O2 -D_GNU_SOURCE -D_FORTIFY_SOURCE=0 -fPIC -I/home/waker/prj/deadbeef-deps/lib-x86-64/include  conftest.c >&5
configure:6684: $? = 0
configure:6847: checking for mt
configure:6863: found /bin/mt
configure:6874: result: mt
configure:6897: checking if mt is a manifest tool
configure:6903: mt '-?'
configure:6911: result: no
configure:7543: checking how to run the C preprocessor
configure:7574: gcc -E  conftest.c
configure:7574: $? = 0
configure:7588: gcc -E  conftest.c
conftest.c:9:28: error: ac_nonexistent.h: No such file or directory
configure:7588: $? = 1
configure: failed program was:
| /* confdefs.h */
| #define PACKAGE_NAME "json-glib"
| #define PACKAGE_TARNAME "json-glib"
| #define PACKAGE_VERSION "0.14.2"
| #define PACKAGE_STRING "json-glib 0.14.2"
| #define PACKAGE_BUGREPORT "http://bugzilla.gnome.org/enter_bug.cgi?product=json-glib"
| #define PACKAGE_URL "http://live.gnome.org/JsonGlib"
| /* end confdefs.h.  */
| #include <ac_nonexistent.h>
configure:7613: result: gcc -E
configure:7633: gcc -E  conftest.c
configure:7633: $? = 0
configure:7647: gcc -E  conftest.c
conftest.c:9:28: error: ac_nonexistent.h: No such file or directory
configure:7647: $? = 1
configure: failed program was:
| /* confdefs.h */
| #define PACKAGE_NAME "json-glib"
| #define PACKAGE_TARNAME "json-glib"
| #define PACKAGE_VERSION "0.14.2"
| #define PACKAGE_STRING "json-glib 0.14.2"
| #define PACKAGE_BUGREPORT "http://bugzilla.gnome.org/enter_bug.cgi?product=json-glib"
| #define PACKAGE_URL "http://live.gnome.org/JsonGlib"
| /* end confdefs.h.  */
| #include <ac_nonexistent.h>
configure:7676: checking for ANSI C header files
configure:7696: gcc -c -O2 -D_GNU_SOURCE -D_FORTIFY_SOURCE=0 -fPIC -I/home/waker/prj/deadbeef-deps/lib-x86-64/include  conftest.c >&5
configure:7696: $? = 0
configure:7769: gcc -o conftest -O2 -D_GNU_SOURCE -D_FORTIFY_SOURCE=0 -fPIC -I/home/waker/prj/deadbeef-deps/lib-x86-64/include  -L/home/waker/prj/deadbeef-deps/lib-x86-64/lib conftest.c  >&5
configure:7769: $? = 0
configure:7769: ./conftest
configure:7769: $? = 0
configure:7780: result: yes
configure:7793: checking for sys/types.h
configure:7793: gcc -c -O2 -D_GNU_SOURCE -D_FORTIFY_SOURCE=0 -fPIC -I/home/waker/prj/deadbeef-deps/lib-x86-64/include  conftest.c >&5
configure:7793: $? = 0
configure:7793: result: yes
configure:7793: checking for sys/stat.h
configure:7793: gcc -c -O2 -D_GNU_SOURCE -D_FORTIFY_SOURCE=0 -fPIC -I/home/waker/prj/deadbeef-deps/lib-x86-64/include  conftest.c >&5
configure:7793: $? = 0
configure:7793: result: yes
configure:7793: checking for stdlib.h
configure:7793: gcc -c -O2 -D_GNU_SOURCE -D_FORTIFY_SOURCE=0 -fPIC -I/home/waker/prj/deadbeef-deps/lib-x86-64/include  conftest.c >&5
configure:7793: $? = 0
configure:7793: result: yes
configure:7793: checking for string.h
configure:7793: gcc -c -O2 -D_GNU_SOURCE -D_FORTIFY_SOURCE=0 -fPIC -I/home/waker/prj/deadbeef-deps/lib-x86-64/include  conftest.c >&5
configure:7793: $? = 0
configure:7793: result: yes
configure:7793: checking for memory.h
configure:7793: gcc -c -O2 -D_GNU_SOURCE -D_FORTIFY_SOURCE=0 -fPIC -I/home/waker/prj/deadbeef-deps/lib-x86-64/include  conftest.c >&5
configure:7793: $? = 0
configure:7793: result: yes
configure:7793: checking for strings.h
configure:7793: gcc -c -O2 -D_GNU_SOURCE -D_FORTIFY_SOURCE=0 -fPIC -I/home/waker/prj/deadbeef-deps/lib-x86-64/include  conftest.c >&5
configure:7793: $? = 0
configure:7793: result: yes
configure:7793: checking for inttypes.h
configure:7793: gcc -c -O2 -D_GNU_SOURCE -D_FORTIFY_SOURCE=0 -fPIC -I/home/waker/prj/deadbeef-deps/lib-x86-64/include  conftest.c >&5
configure:7793: $? = 0
configure:7793: result: yes
configure:7793: checking for stdint.h
configure:7793: gcc -c -O2 -D_GNU_SOURCE -D_FORTIFY_SOURCE=0 -fPIC -I/home/waker/prj/deadbeef-deps/lib-x86-64/include  conftest.c >&5
configure:7793: $? = 0
configure:7793: result: yes
configure:7793: checking for unistd.h
configure:7793: gcc -c -O2 -D_GNU_SOURCE -D_FORTIFY_SOURCE=0 -fPIC -I/home/waker/prj/deadbeef-deps/lib-x86-64/include  conftest.c >&5
configure:7793: $? = 0
configure:7793: result: yes
configure:7807: checking for dlfcn.h
configure:7807: gcc -c -O2 -D_GNU_SOURCE -D_FORTIFY_SOURCE=0 -fPIC -I/home/waker/prj/deadbeef-deps/lib-x86-64/include  conftest.c >&5
configure:7807: $? = 0
configure:7807: result: yes
configure:7993: checking for objdir
configure:8008: result: .libs
configure:8279: checking if gcc supports -fno-rtti -fno-exceptions
configure:8297: gcc -c -O2 -D_GNU_SOURCE -D_FORTIFY_SOURCE=0 -fPIC -I/home/waker/prj/deadbeef-deps/lib-x86-64/include  -fno-rtti -fno-exceptions conftest.c >&5
cc1: warning: command line option "-fno-rtti" is valid for C++/ObjC++ but not for C
configure:8301: $? = 0
configure:8314: result: no
configure:8624: checking for gcc option to produce PIC
configure:8631: result: -fPIC -DPIC
configure:8639: checking if gcc PIC flag -fPIC -DPIC works
configure:8657: gcc -c -O2 -D_GNU_SOURCE -D_FORTIFY_SOURCE=0 -fPIC -I/home/waker/prj/deadbeef-deps/lib-x86-64/include  -fPIC -DPIC -DPIC conftest.c >&5
configure:8661: $? = 0
configure:8674: result: yes
configure:8703: checking if gcc static flag -static works
configure:8731: result: yes
configure:8746: checking if gcc supports -c -o file.o
configure:8767: gcc -c -O2 -D_GNU_SOURCE -D_FORTIFY_SOURCE=0 -fPIC -I/home/waker/prj/deadbeef-deps/lib-x86-64/include  -o out/conftest2.o conftest.c >&5
configure:8771: $? = 0
configure:8793: result: yes
configure:8801: checking if gcc supports -c -o file.o
configure:8848: result: yes
configure:8881: checking whether the gcc linker (/usr/bin/ld -m elf_x86_64) supports shared libraries
configure:10039: result: yes
configure:10076: checking whether -lc should be explicitly linked in
configure:10084: gcc -c -O2 -D_GNU_SOURCE -D_FORTIFY_SOURCE=0 -fPIC -I/home/waker/prj/deadbeef-deps/lib-x86-64/include  conftest.c >&5
configure:10087: $? = 0
configure:10102: gcc -shared  -fPIC -DPIC conftest.o  -v -Wl,-soname -Wl,conftest -o conftest 2\>\&1 \| /bin/grep  -lc  \>/dev/null 2\>\&1
configure:10105: $? = 0
configure:10119: result: no
configure:10284: checking dynamic linker characteristics
configure:10798: gcc -o conftest -O2 -D_GNU_SOURCE -D_FORTIFY_SOURCE=0 -fPIC -I/home/waker/prj/deadbeef-deps/lib-x86-64/include  -L/home/waker/prj/deadbeef-deps/lib-x86-64/lib -Wl,-rpath -Wl,/foo conftest.c  >&5
configure:10798: $? = 0
configure:11024: result: GNU/Linux ld.so
configure:11131: checking how to hardcode library paths into programs
configure:11156: result: immediate
configure:11696: checking whether stripping libraries is possible
configure:11701: result: yes
configure:11736: checking if libtool supports shared libraries
configure:11738: result: yes
configure:11741: checking whether to build shared libraries
configure:11762: result: yes
configure:11765: checking whether to build static libraries
configure:11769: result: yes
configure:11826: checking if building for some Win32 platform
configure:11838: result: no
configure:11848: checking for JSON
configure:11855: $PKG_CONFIG --exists --print-errors "gobject-2.0 >= 2.26 gio-2.0"
Requested 'gobject-2.0 >= 2.26' but version of GObject is 2.24.2
configure:11858: $? = 1
configure:11871: $PKG_CONFIG --exists --print-errors "gobject-2.0 >= 2.26 gio-2.0"
Requested 'gobject-2.0 >= 2.26' but version of GObject is 2.24.2
configure:11874: $? = 1
configure:11887: result: no
Requested 'gobject-2.0 >= 2.26' but version of GObject is 2.24.2
configure:11903: error: Package requirements (gobject-2.0 >= 2.26 gio-2.0) were not met:

Requested 'gobject-2.0 >= 2.26' but version of GObject is 2.24.2

Consider adjusting the PKG_CONFIG_PATH environment variable if you
installed software in a non-standard prefix.

Alternatively, you may set the environment variables JSON_CFLAGS
and JSON_LIBS to avoid the need to call pkg-config.
See the pkg-config man page for more details.

## ---------------- ##
## Cache variables. ##
## ---------------- ##

ac_cv_build=x86_64-unknown-linux-gnu
ac_cv_c_compiler_gnu=yes
ac_cv_env_CC_set=
ac_cv_env_CC_value=
ac_cv_env_CFLAGS_set=set
ac_cv_env_CFLAGS_value='-O2 -D_GNU_SOURCE -D_FORTIFY_SOURCE=0 -fPIC -I/home/waker/prj/deadbeef-deps/lib-x86-64/include'
ac_cv_env_CPPFLAGS_set=
ac_cv_env_CPPFLAGS_value=
ac_cv_env_CPP_set=
ac_cv_env_CPP_value=
ac_cv_env_GTKDOC_DEPS_CFLAGS_set=
ac_cv_env_GTKDOC_DEPS_CFLAGS_value=
ac_cv_env_GTKDOC_DEPS_LIBS_set=
ac_cv_env_GTKDOC_DEPS_LIBS_value=
ac_cv_env_JSON_CFLAGS_set=
ac_cv_env_JSON_CFLAGS_value=
ac_cv_env_JSON_LIBS_set=
ac_cv_env_JSON_LIBS_value=
ac_cv_env_LDFLAGS_set=set
ac_cv_env_LDFLAGS_value=-L/home/waker/prj/deadbeef-deps/lib-x86-64/lib
ac_cv_env_LIBS_set=
ac_cv_env_LIBS_value=
ac_cv_env_PKG_CONFIG_LIBDIR_set=
ac_cv_env_PKG_CONFIG_LIBDIR_value=
ac_cv_env_PKG_CONFIG_PATH_set=
ac_cv_env_PKG_CONFIG_PATH_value=
ac_cv_env_PKG_CONFIG_set=
ac_cv_env_PKG_CONFIG_value=
ac_cv_env_build_alias_set=
ac_cv_env_build_alias_value=
ac_cv_env_host_alias_set=
ac_cv_env_host_alias_value=
ac_cv_env_target_alias_set=
ac_cv_env_target_alias_value=
ac_cv_header_dlfcn_h=yes
ac_cv_header_inttypes_h=yes
ac_cv_header_memory_h=yes
ac_cv_header_stdc=yes
ac_cv_header_stdint_h=yes
ac_cv_header_stdlib_h=yes
ac_cv_header_string_h=yes
ac_cv_header_strings_h=yes
ac_cv_header_sys_stat_h=yes
ac_cv_header_sys_types_h=yes
ac_cv_header_unistd_h=yes
ac_cv_host=x86_64-unknown-linux-gnu
ac_cv_objext=o
ac_cv_path_EGREP='/bin/grep -E'
ac_cv_path_FGREP='/bin/grep -F'
ac_cv_path_GREP=/bin/grep
ac_cv_path_SED=/bin/sed
ac_cv_path_ac_pt_PKG_CONFIG=/usr/bin/pkg-config
ac_cv_path_install='/usr/bin/install -c'
ac_cv_path_mkdir=/bin/mkdir
ac_cv_prog_AWK=mawk
ac_cv_prog_CPP='gcc -E'
ac_cv_prog_ac_ct_AR=ar
ac_cv_prog_ac_ct_CC=gcc
ac_cv_prog_ac_ct_MANIFEST_TOOL=mt
ac_cv_prog_ac_ct_OBJDUMP=objdump
ac_cv_prog_ac_ct_RANLIB=ranlib
ac_cv_prog_ac_ct_STRIP=strip
ac_cv_prog_cc_c89=
ac_cv_prog_cc_g=yes
ac_cv_prog_cc_gcc_c_o=yes
ac_cv_prog_make_make_set=yes
am_cv_CC_dependencies_compiler_type=gcc3
am_cv_prog_tar_ustar=gnutar
lt_cv_ar_at_file=@
lt_cv_archive_cmds_need_lc=no
lt_cv_deplibs_check_method=pass_all
lt_cv_file_magic_cmd='$MAGIC_CMD'
lt_cv_file_magic_test_file=
lt_cv_ld_reload_flag=-r
lt_cv_nm_interface='BSD nm'
lt_cv_objdir=.libs
lt_cv_path_LD=/usr/bin/ld
lt_cv_path_NM='/usr/bin/nm -B'
lt_cv_path_mainfest_tool=no
lt_cv_prog_compiler_c_o=yes
lt_cv_prog_compiler_pic='-fPIC -DPIC'
lt_cv_prog_compiler_pic_works=yes
lt_cv_prog_compiler_rtti_exceptions=no
lt_cv_prog_compiler_static_works=yes
lt_cv_prog_gnu_ld=yes
lt_cv_sharedlib_from_linklib_cmd='printf %s\n'
lt_cv_shlibpath_overrides_runpath=no
lt_cv_sys_global_symbol_pipe='sed -n -e '\''s/^.*[	 ]\([ABCDGIRSTW][ABCDGIRSTW]*\)[	 ][	 ]*\([_A-Za-z][_A-Za-z0-9]*\)$/\1 \2 \2/p'\'' | sed '\''/ __gnu_lto/d'\'''
lt_cv_sys_global_symbol_to_c_name_address='sed -n -e '\''s/^: \([^ ]*\)[ ]*$/  {\"\1\", (void *) 0},/p'\'' -e '\''s/^[ABCDGIRSTW]* \([^ ]*\) \([^ ]*\)$/  {"\2", (void *) \&\2},/p'\'''
lt_cv_sys_global_symbol_to_c_name_address_lib_prefix='sed -n -e '\''s/^: \([^ ]*\)[ ]*$/  {\"\1\", (void *) 0},/p'\'' -e '\''s/^[ABCDGIRSTW]* \([^ ]*\) \(lib[^ ]*\)$/  {"\2", (void *) \&\2},/p'\'' -e '\''s/^[ABCDGIRSTW]* \([^ ]*\) \([^ ]*\)$/  {"lib\2", (void *) \&\2},/p'\'''
lt_cv_sys_global_symbol_to_cdecl='sed -n -e '\''s/^T .* \(.*\)$/extern int \1();/p'\'' -e '\''s/^[ABCDGIRSTW]* .* \(.*\)$/extern char \1;/p'\'''
lt_cv_sys_max_cmd_len=1572864
lt_cv_to_host_file_cmd=func_convert_file_noop
lt_cv_to_tool_file_cmd=func_convert_file_noop

## ----------------- ##
## Output variables. ##
## ----------------- ##

ACLOCAL='${SHELL} /home/waker/prj/deadbeef-deps/json-glib-0.14.2/build/missing --run aclocal-1.11 '
ALL_LINGUAS=''
AMDEPBACKSLASH='\'
AMDEP_FALSE='#'
AMDEP_TRUE=''
AMTAR='${SHELL} /home/waker/prj/deadbeef-deps/json-glib-0.14.2/build/missing --run tar'
AM_BACKSLASH='\'
AM_DEFAULT_VERBOSITY='0'
AR='ar'
AUTOCONF='${SHELL} /home/waker/prj/deadbeef-deps/json-glib-0.14.2/build/missing --run autoconf'
AUTOHEADER='${SHELL} /home/waker/prj/deadbeef-deps/json-glib-0.14.2/build/missing --run autoheader'
AUTOMAKE='${SHELL} /home/waker/prj/deadbeef-deps/json-glib-0.14.2/build/missing --run automake-1.11'
AWK='mawk'
CC='gcc'
CCDEPMODE='depmode=gcc3'
CFLAGS='-O2 -D_GNU_SOURCE -D_FORTIFY_SOURCE=0 -fPIC -I/home/waker/prj/deadbeef-deps/lib-x86-64/include'
CPP='gcc -E'
CPPFLAGS=''
CYGPATH_W='echo'
DEFS=''
DEPDIR='.deps'
DLLTOOL='false'
DSYMUTIL=''
DUMPBIN=''
ECHO_C=''
ECHO_N='-n'
ECHO_T=''
EGREP='/bin/grep -E'
ENABLE_GLIB_TEST_FALSE=''
ENABLE_GLIB_TEST_TRUE=''
ENABLE_GTK_DOC_FALSE=''
ENABLE_GTK_DOC_TRUE=''
EXEEXT=''
FGREP='/bin/grep -F'
GCOV_CFLAGS=''
GCOV_ENABLED_FALSE=''
GCOV_ENABLED_TRUE=''
GCOV_LDFLAGS=''
GETTEXT_MACRO_VERSION=''
GETTEXT_PACKAGE=''
GLIB_CFLAGS='-I/usr/include/glib-2.0 -I/usr/lib/glib-2.0/include  '
GLIB_GENMARSHAL='glib-genmarshal'
GLIB_LIBS='-lglib-2.0  '
GLIB_MKENUMS='glib-mkenums'
GLIB_PREFIX='/usr'
GMSGFMT=''
GMSGFMT_015=''
GOBJECT_QUERY='gobject-query'
GREP='/bin/grep'
GTKDOC_CHECK=''
GTKDOC_DEPS_CFLAGS=''
GTKDOC_DEPS_LIBS=''
GTKDOC_MKPDF=''
GTKDOC_REBASE=''
GTK_DOC_BUILD_HTML_FALSE=''
GTK_DOC_BUILD_HTML_TRUE=''
GTK_DOC_BUILD_PDF_FALSE=''
GTK_DOC_BUILD_PDF_TRUE=''
GTK_DOC_USE_LIBTOOL_FALSE=''
GTK_DOC_USE_LIBTOOL_TRUE=''
GTK_DOC_USE_REBASE_FALSE=''
GTK_DOC_USE_REBASE_TRUE=''
HAVE_INTROSPECTION_FALSE=''
HAVE_INTROSPECTION_TRUE=''
HTML_DIR=''
INSTALL_DATA='${INSTALL} -m 644'
INSTALL_PROGRAM='${INSTALL}'
INSTALL_SCRIPT='${INSTALL}'
INSTALL_STRIP_PROGRAM='$(install_sh) -c -s'
INTLLIBS=''
INTL_MACOSX_LIBS=''
INTROSPECTION_CFLAGS=''
INTROSPECTION_COMPILER=''
INTROSPECTION_GENERATE=''
INTROSPECTION_GIRDIR=''
INTROSPECTION_LIBS=''
INTROSPECTION_MAKEFILE=''
INTROSPECTION_SCANNER=''
INTROSPECTION_TYPELIBDIR=''
JSON_CFLAGS=''
JSON_DEBUG_CFLAGS=''
JSON_LIBS=''
JSON_LT_LDFLAGS='-version-info 1400:2:1400'
JSON_MAJOR_VERSION='0'
JSON_MICRO_VERSION='2'
JSON_MINOR_VERSION='14'
JSON_RELEASE_STATUS='release'
JSON_VERSION='0.14.2'
LD='/usr/bin/ld -m elf_x86_64'
LDFLAGS='-L/home/waker/prj/deadbeef-deps/lib-x86-64/lib'
LIBICONV=''
LIBINTL=''
LIBOBJS=''
LIBS=''
LIBTOOL='$(SHELL) $(top_builddir)/libtool'
LIPO=''
LN_S='ln -s'
LTLIBICONV=''
LTLIBINTL=''
LTLIBOBJS=''
MAINTAINER_CFLAGS=''
MAKEINFO='${SHELL} /home/waker/prj/deadbeef-deps/json-glib-0.14.2/build/missing --run makeinfo'
MANIFEST_TOOL=':'
MKDIR_P='/bin/mkdir -p'
MSGFMT=''
MSGFMT_015=''
MSGMERGE=''
NM='/usr/bin/nm -B'
NMEDIT=''
OBJDUMP='objdump'
OBJEXT='o'
OTOOL64=''
OTOOL=''
PACKAGE='json-glib'
PACKAGE_BUGREPORT='http://bugzilla.gnome.org/enter_bug.cgi?product=json-glib'
PACKAGE_NAME='json-glib'
PACKAGE_STRING='json-glib 0.14.2'
PACKAGE_TARNAME='json-glib'
PACKAGE_URL='http://live.gnome.org/JsonGlib'
PACKAGE_VERSION='0.14.2'
PATH_SEPARATOR=':'
PKG_CONFIG='/usr/bin/pkg-config'
PKG_CONFIG_LIBDIR=''
PKG_CONFIG_PATH=''
POSUB=''
RANLIB='ranlib'
SED='/bin/sed'
SET_MAKE=''
SHELL='/bin/bash'
STRIP='strip'
USE_NLS=''
VERSION='0.14.2'
XGETTEXT=''
XGETTEXT_015=''
XGETTEXT_EXTRA_OPTIONS=''
ac_ct_AR='ar'
ac_ct_CC='gcc'
ac_ct_DUMPBIN=''
am__EXEEXT_FALSE=''
am__EXEEXT_TRUE=''
am__fastdepCC_FALSE='#'
am__fastdepCC_TRUE=''
am__include='include'
am__isrc=''
am__leading_dot='.'
am__quote=''
am__tar='tar --format=ustar -chf - "$$tardir"'
am__untar='tar -xf -'
bindir='${exec_prefix}/bin'
build='x86_64-unknown-linux-gnu'
build_alias=''
build_cpu='x86_64'
build_os='linux-gnu'
build_vendor='unknown'
datadir='${datarootdir}'
datarootdir='${prefix}/share'
docdir='${datarootdir}/doc/${PACKAGE_TARNAME}'
dvidir='${docdir}'
exec_prefix='NONE'
host='x86_64-unknown-linux-gnu'
host_alias=''
host_cpu='x86_64'
host_os='linux-gnu'
host_vendor='unknown'
htmldir='${docdir}'
includedir='${prefix}/include'
infodir='${datarootdir}/info'
install_sh='${SHELL} /home/waker/prj/deadbeef-deps/json-glib-0.14.2/build/install-sh'
libdir='${exec_prefix}/lib'
libexecdir='${exec_prefix}/libexec'
localedir='${datarootdir}/locale'
localstatedir='${prefix}/var'
mandir='${datarootdir}/man'
mkdir_p='/bin/mkdir -p'
oldincludedir='/usr/include'
pdfdir='${docdir}'
prefix='/home/waker/prj/deadbeef-deps/lib-x86-64'
program_transform_name='s,x,x,'
psdir='${docdir}'
sbindir='${exec_prefix}/sbin'
sharedstatedir='${prefix}/com'
sysconfdir='${prefix}/etc'
target_alias=''

## ----------- ##
## confdefs.h. ##
## ----------- ##

/* confdefs.h */
#define PACKAGE_NAME "json-glib"
#define PACKAGE_TARNAME "json-glib"
#define PACKAGE_VERSION "0.14.2"
#define PACKAGE_STRING "json-glib 0.14.2"
#define PACKAGE_BUGREPORT "http://bugzilla.gnome.org/enter_bug.cgi?product=json-glib"
#define PACKAGE_URL "http://live.gnome.org/JsonGlib"
#define STDC_HEADERS 1
#define HAVE_SYS_TYPES_H 1
#define HAVE_SYS_STAT_H 1
#define HAVE_STDLIB_H 1
#define HAVE_STRING_H 1
#define HAVE_MEMORY_H 1
#define HAVE_STRINGS_H 1
#define HAVE_INTTYPES_H 1
#define HAVE_STDINT_H 1
#define HAVE_UNISTD_H 1
#define HAVE_DLFCN_H 1
#define LT_OBJDIR ".libs/"

configure: exit 1
