This file contains any messages produced by compilers while
running configure, to aid debugging if configure makes a mistake.

It was created by libcdio-paranoia configure 10.2+0.93+1, which was
generated by GNU Autoconf 2.69.  Invocation command line was

  $ ./configure --enable-static --disable-shared --disable-cxx --disable-example-progs --prefix=/home/waker/prj/deadbeef-staticdeps/lib-x86-64 --build=x86_64-unknown-linux-gnu

## --------- ##
## Platform. ##
## --------- ##

hostname = lazer
uname -m = x86_64
uname -r = 3.13.0-24-generic
uname -s = Linux
uname -v = #47-Ubuntu SMP Fri May 2 23:30:00 UTC 2014

/usr/bin/uname -p = unknown
/bin/uname -X     = unknown

/bin/arch              = unknown
/usr/bin/arch -k       = unknown
/usr/convex/getsysinfo = unknown
/usr/bin/hostinfo      = unknown
/bin/machine           = unknown
/usr/bin/oslevel       = unknown
/bin/universe          = unknown

PATH: /home/waker/perl5/bin
PATH: /opt/nodejs/bin
PATH: /home/waker/bin
PATH: /home/waker/perl5/bin
PATH: /opt/nodejs/bin
PATH: /usr/local/sbin
PATH: /usr/local/bin
PATH: /usr/sbin
PATH: /usr/bin
PATH: /sbin
PATH: /bin
PATH: /usr/games
PATH: /usr/local/games
PATH: /usr/lib/jvm/java-7-oracle/bin
PATH: /usr/lib/jvm/java-7-oracle/db/bin
PATH: /usr/lib/jvm/java-7-oracle/jre/bin
PATH: /home/waker/android/adt-bundle-linux-x86_64-20140702/sdk/tools
PATH: /home/waker/android/adt-bundle-linux-x86_64-20140702/sdk/platform-tools
PATH: /home/waker/bin
PATH: /home/waker/.local/bin
PATH: /opt/java/bin
PATH: /opt/firefox
PATH: /home/waker/android/adt-bundle-linux-x86_64-20140702/sdk/tools
PATH: /home/waker/android/adt-bundle-linux-x86_64-20140702/sdk/platform-tools
PATH: /home/waker/bin
PATH: /home/waker/.local/bin
PATH: /opt/java/bin
PATH: /opt/firefox


## ----------- ##
## Core tests. ##
## ----------- ##

configure:2450: checking for a BSD-compatible install
configure:2518: result: /usr/bin/install -c
configure:2529: checking whether build environment is sane
configure:2584: result: yes
configure:2735: checking for a thread-safe mkdir -p
configure:2774: result: /bin/mkdir -p
configure:2781: checking for gawk
configure:2797: found /usr/bin/gawk
configure:2808: result: gawk
configure:2819: checking whether make sets $(MAKE)
configure:2841: result: yes
configure:2870: checking whether make supports nested variables
configure:2887: result: yes
configure:3017: checking build system type
configure:3031: result: x86_64-unknown-linux-gnu
configure:3051: checking host system type
configure:3064: result: x86_64-unknown-linux-gnu
configure:3095: checking whether to enable maintainer-specific portions of Makefiles
configure:3104: result: no
configure:3118: checking whether build environment is sane
configure:3173: result: yes
configure:3311: checking for gcc
configure:3338: result: /home/waker/prj/deadbeef/tools/apbuild/apgcc
configure:3567: checking for C compiler version
configure:3576: /home/waker/prj/deadbeef/tools/apbuild/apgcc --version >&5
gcc (Ubuntu 4.8.2-19ubuntu1) 4.8.2
Copyright (C) 2013 Free Software Foundation, Inc.
This is free software; see the source for copying conditions.  There is NO
warranty; not even for MERCHANTABILITY or FITNESS FOR A PARTICULAR PURPOSE.

configure:3587: $? = 0
configure:3576: /home/waker/prj/deadbeef/tools/apbuild/apgcc -v >&5
Using built-in specs.
COLLECT_GCC=gcc
COLLECT_LTO_WRAPPER=/usr/lib/gcc/x86_64-linux-gnu/4.8/lto-wrapper
Target: x86_64-linux-gnu
Configured with: ../src/configure -v --with-pkgversion='Ubuntu 4.8.2-19ubuntu1' --with-bugurl=file:///usr/share/doc/gcc-4.8/README.Bugs --enable-languages=c,c++,java,go,d,fortran,objc,obj-c++ --prefix=/usr --program-suffix=-4.8 --enable-shared --enable-linker-build-id --libexecdir=/usr/lib --without-included-gettext --enable-threads=posix --with-gxx-include-dir=/usr/include/c++/4.8 --libdir=/usr/lib --enable-nls --with-sysroot=/ --enable-clocale=gnu --enable-libstdcxx-debug --enable-libstdcxx-time=yes --enable-gnu-unique-object --disable-libmudflap --enable-plugin --with-system-zlib --disable-browser-plugin --enable-java-awt=gtk --enable-gtk-cairo --with-java-home=/usr/lib/jvm/java-1.5.0-gcj-4.8-amd64/jre --enable-java-home --with-jvm-root-dir=/usr/lib/jvm/java-1.5.0-gcj-4.8-amd64 --with-jvm-jar-dir=/usr/lib/jvm-exports/java-1.5.0-gcj-4.8-amd64 --with-arch-directory=amd64 --with-ecj-jar=/usr/share/java/eclipse-ecj.jar --enable-objc-gc --enable-multiarch --disable-werror --with-arch-32=i686 --with-abi=m64 --with-multilib-list=m32,m64,mx32 --with-tune=generic --enable-checking=release --build=x86_64-linux-gnu --host=x86_64-linux-gnu --target=x86_64-linux-gnu
Thread model: posix
gcc version 4.8.2 (Ubuntu 4.8.2-19ubuntu1) 
configure:3587: $? = 0
configure:3576: /home/waker/prj/deadbeef/tools/apbuild/apgcc -V >&5
gcc: error: unrecognized command line option '-V'
gcc: fatal error: no input files
compilation terminated.
configure:3587: $? = 4
configure:3576: /home/waker/prj/deadbeef/tools/apbuild/apgcc -qversion >&5
gcc: error: unrecognized command line option '-qversion'
gcc: fatal error: no input files
compilation terminated.
configure:3587: $? = 4
configure:3607: checking whether the C compiler works
configure:3629: /home/waker/prj/deadbeef/tools/apbuild/apgcc -m64 -O2 -D_GNU_SOURCE -D_FORTIFY_SOURCE=0 -fPIC -I/home/waker/prj/deadbeef-staticdeps/lib-x86-64/include  -m64 -L/home/waker/prj/deadbeef-staticdeps/lib-x86-64/lib conftest.c  >&5
configure:3633: $? = 0
configure:3681: result: yes
configure:3684: checking for C compiler default output file name
configure:3686: result: a.out
configure:3692: checking for suffix of executables
configure:3699: /home/waker/prj/deadbeef/tools/apbuild/apgcc -o conftest -m64 -O2 -D_GNU_SOURCE -D_FORTIFY_SOURCE=0 -fPIC -I/home/waker/prj/deadbeef-staticdeps/lib-x86-64/include  -m64 -L/home/waker/prj/deadbeef-staticdeps/lib-x86-64/lib conftest.c  >&5
configure:3703: $? = 0
configure:3725: result: 
configure:3747: checking whether we are cross compiling
configure:3755: /home/waker/prj/deadbeef/tools/apbuild/apgcc -o conftest -m64 -O2 -D_GNU_SOURCE -D_FORTIFY_SOURCE=0 -fPIC -I/home/waker/prj/deadbeef-staticdeps/lib-x86-64/include  -m64 -L/home/waker/prj/deadbeef-staticdeps/lib-x86-64/lib conftest.c  >&5
configure:3759: $? = 0
configure:3766: ./conftest
configure:3770: $? = 0
configure:3785: result: no
configure:3790: checking for suffix of object files
configure:3812: /home/waker/prj/deadbeef/tools/apbuild/apgcc -c -m64 -O2 -D_GNU_SOURCE -D_FORTIFY_SOURCE=0 -fPIC -I/home/waker/prj/deadbeef-staticdeps/lib-x86-64/include  conftest.c >&5
configure:3816: $? = 0
configure:3837: result: o
configure:3841: checking whether we are using the GNU C compiler
configure:3860: /home/waker/prj/deadbeef/tools/apbuild/apgcc -c -m64 -O2 -D_GNU_SOURCE -D_FORTIFY_SOURCE=0 -fPIC -I/home/waker/prj/deadbeef-staticdeps/lib-x86-64/include  conftest.c >&5
configure:3860: $? = 0
configure:3869: result: yes
configure:3878: checking whether /home/waker/prj/deadbeef/tools/apbuild/apgcc accepts -g
configure:3898: /home/waker/prj/deadbeef/tools/apbuild/apgcc -c -g  conftest.c >&5
configure:3898: $? = 0
configure:3939: result: yes
configure:3956: checking for /home/waker/prj/deadbeef/tools/apbuild/apgcc option to accept ISO C89
configure:4019: /home/waker/prj/deadbeef/tools/apbuild/apgcc  -c -m64 -O2 -D_GNU_SOURCE -D_FORTIFY_SOURCE=0 -fPIC -I/home/waker/prj/deadbeef-staticdeps/lib-x86-64/include  conftest.c >&5
configure:4019: $? = 0
configure:4032: result: none needed
configure:4057: checking whether /home/waker/prj/deadbeef/tools/apbuild/apgcc understands -c and -o together
configure:4079: /home/waker/prj/deadbeef/tools/apbuild/apgcc -c conftest.c -o conftest2.o
configure:4082: $? = 0
configure:4079: /home/waker/prj/deadbeef/tools/apbuild/apgcc -c conftest.c -o conftest2.o
configure:4082: $? = 0
configure:4094: result: yes
configure:4122: checking for style of include used by make
configure:4150: result: GNU
configure:4176: checking dependency style of /home/waker/prj/deadbeef/tools/apbuild/apgcc
configure:4287: result: gcc3
configure:4415: checking for C++ compiler version
configure:4424: /home/waker/prj/deadbeef/tools/apbuild/apgcc --version >&5
gcc (Ubuntu 4.8.2-19ubuntu1) 4.8.2
Copyright (C) 2013 Free Software Foundation, Inc.
This is free software; see the source for copying conditions.  There is NO
warranty; not even for MERCHANTABILITY or FITNESS FOR A PARTICULAR PURPOSE.

configure:4435: $? = 0
configure:4424: /home/waker/prj/deadbeef/tools/apbuild/apgcc -v >&5
Using built-in specs.
COLLECT_GCC=gcc
COLLECT_LTO_WRAPPER=/usr/lib/gcc/x86_64-linux-gnu/4.8/lto-wrapper
Target: x86_64-linux-gnu
Configured with: ../src/configure -v --with-pkgversion='Ubuntu 4.8.2-19ubuntu1' --with-bugurl=file:///usr/share/doc/gcc-4.8/README.Bugs --enable-languages=c,c++,java,go,d,fortran,objc,obj-c++ --prefix=/usr --program-suffix=-4.8 --enable-shared --enable-linker-build-id --libexecdir=/usr/lib --without-included-gettext --enable-threads=posix --with-gxx-include-dir=/usr/include/c++/4.8 --libdir=/usr/lib --enable-nls --with-sysroot=/ --enable-clocale=gnu --enable-libstdcxx-debug --enable-libstdcxx-time=yes --enable-gnu-unique-object --disable-libmudflap --enable-plugin --with-system-zlib --disable-browser-plugin --enable-java-awt=gtk --enable-gtk-cairo --with-java-home=/usr/lib/jvm/java-1.5.0-gcj-4.8-amd64/jre --enable-java-home --with-jvm-root-dir=/usr/lib/jvm/java-1.5.0-gcj-4.8-amd64 --with-jvm-jar-dir=/usr/lib/jvm-exports/java-1.5.0-gcj-4.8-amd64 --with-arch-directory=amd64 --with-ecj-jar=/usr/share/java/eclipse-ecj.jar --enable-objc-gc --enable-multiarch --disable-werror --with-arch-32=i686 --with-abi=m64 --with-multilib-list=m32,m64,mx32 --with-tune=generic --enable-checking=release --build=x86_64-linux-gnu --host=x86_64-linux-gnu --target=x86_64-linux-gnu
Thread model: posix
gcc version 4.8.2 (Ubuntu 4.8.2-19ubuntu1) 
configure:4435: $? = 0
configure:4424: /home/waker/prj/deadbeef/tools/apbuild/apgcc -V >&5
gcc: error: unrecognized command line option '-V'
gcc: fatal error: no input files
compilation terminated.
configure:4435: $? = 4
configure:4424: /home/waker/prj/deadbeef/tools/apbuild/apgcc -qversion >&5
gcc: error: unrecognized command line option '-qversion'
gcc: fatal error: no input files
compilation terminated.
configure:4435: $? = 4
configure:4439: checking whether we are using the GNU C++ compiler
configure:4458: /home/waker/prj/deadbeef/tools/apbuild/apgcc -c   conftest.cpp >&5
configure:4458: $? = 0
configure:4467: result: yes
configure:4476: checking whether /home/waker/prj/deadbeef/tools/apbuild/apgcc accepts -g
configure:4496: /home/waker/prj/deadbeef/tools/apbuild/apgcc -c -g  conftest.cpp >&5
configure:4496: $? = 0
configure:4537: result: yes
configure:4562: checking dependency style of /home/waker/prj/deadbeef/tools/apbuild/apgcc
configure:4673: result: gcc3
configure:4695: checking how to run the C preprocessor
configure:4726: /home/waker/prj/deadbeef/tools/apbuild/apgcc -E  conftest.c
configure:4726: $? = 0
configure:4740: /home/waker/prj/deadbeef/tools/apbuild/apgcc -E  conftest.c
conftest.c:11:28: fatal error: ac_nonexistent.h: No such file or directory
 #include <ac_nonexistent.h>
                            ^
compilation terminated.
configure:4740: $? = 1
configure: failed program was:
| /* confdefs.h */
| #define PACKAGE_NAME "libcdio-paranoia"
| #define PACKAGE_TARNAME "libcdio-paranoia"
| #define PACKAGE_VERSION "10.2+0.93+1"
| #define PACKAGE_STRING "libcdio-paranoia 10.2+0.93+1"
| #define PACKAGE_BUGREPORT "libcdio-help@gnu.org"
| #define PACKAGE_URL ""
| #define PACKAGE "libcdio-paranoia"
| #define VERSION "10.2+0.93+1"
| /* end confdefs.h.  */
| #include <ac_nonexistent.h>
configure:4765: result: /home/waker/prj/deadbeef/tools/apbuild/apgcc -E
configure:4785: /home/waker/prj/deadbeef/tools/apbuild/apgcc -E  conftest.c
configure:4785: $? = 0
configure:4799: /home/waker/prj/deadbeef/tools/apbuild/apgcc -E  conftest.c
conftest.c:11:28: fatal error: ac_nonexistent.h: No such file or directory
 #include <ac_nonexistent.h>
                            ^
compilation terminated.
configure:4799: $? = 1
configure: failed program was:
| /* confdefs.h */
| #define PACKAGE_NAME "libcdio-paranoia"
| #define PACKAGE_TARNAME "libcdio-paranoia"
| #define PACKAGE_VERSION "10.2+0.93+1"
| #define PACKAGE_STRING "libcdio-paranoia 10.2+0.93+1"
| #define PACKAGE_BUGREPORT "libcdio-help@gnu.org"
| #define PACKAGE_URL ""
| #define PACKAGE "libcdio-paranoia"
| #define VERSION "10.2+0.93+1"
| /* end confdefs.h.  */
| #include <ac_nonexistent.h>
configure:4828: checking for grep that handles long lines and -e
configure:4886: result: /bin/grep
configure:4891: checking for egrep
configure:4953: result: /bin/grep -E
configure:4958: checking for ANSI C header files
configure:4978: /home/waker/prj/deadbeef/tools/apbuild/apgcc -c -m64 -O2 -D_GNU_SOURCE -D_FORTIFY_SOURCE=0 -fPIC -I/home/waker/prj/deadbeef-staticdeps/lib-x86-64/include  conftest.c >&5
configure:4978: $? = 0
configure:5051: /home/waker/prj/deadbeef/tools/apbuild/apgcc -o conftest -m64 -O2 -D_GNU_SOURCE -D_FORTIFY_SOURCE=0 -fPIC -I/home/waker/prj/deadbeef-staticdeps/lib-x86-64/include  -m64 -L/home/waker/prj/deadbeef-staticdeps/lib-x86-64/lib conftest.c  >&5
configure:5051: $? = 0
configure:5051: ./conftest
configure:5051: $? = 0
configure:5062: result: yes
configure:5075: checking for sys/types.h
configure:5075: /home/waker/prj/deadbeef/tools/apbuild/apgcc -c -m64 -O2 -D_GNU_SOURCE -D_FORTIFY_SOURCE=0 -fPIC -I/home/waker/prj/deadbeef-staticdeps/lib-x86-64/include  conftest.c >&5
configure:5075: $? = 0
configure:5075: result: yes
configure:5075: checking for sys/stat.h
configure:5075: /home/waker/prj/deadbeef/tools/apbuild/apgcc -c -m64 -O2 -D_GNU_SOURCE -D_FORTIFY_SOURCE=0 -fPIC -I/home/waker/prj/deadbeef-staticdeps/lib-x86-64/include  conftest.c >&5
configure:5075: $? = 0
configure:5075: result: yes
configure:5075: checking for stdlib.h
configure:5075: /home/waker/prj/deadbeef/tools/apbuild/apgcc -c -m64 -O2 -D_GNU_SOURCE -D_FORTIFY_SOURCE=0 -fPIC -I/home/waker/prj/deadbeef-staticdeps/lib-x86-64/include  conftest.c >&5
configure:5075: $? = 0
configure:5075: result: yes
configure:5075: checking for string.h
configure:5075: /home/waker/prj/deadbeef/tools/apbuild/apgcc -c -m64 -O2 -D_GNU_SOURCE -D_FORTIFY_SOURCE=0 -fPIC -I/home/waker/prj/deadbeef-staticdeps/lib-x86-64/include  conftest.c >&5
configure:5075: $? = 0
configure:5075: result: yes
configure:5075: checking for memory.h
configure:5075: /home/waker/prj/deadbeef/tools/apbuild/apgcc -c -m64 -O2 -D_GNU_SOURCE -D_FORTIFY_SOURCE=0 -fPIC -I/home/waker/prj/deadbeef-staticdeps/lib-x86-64/include  conftest.c >&5
configure:5075: $? = 0
configure:5075: result: yes
configure:5075: checking for strings.h
configure:5075: /home/waker/prj/deadbeef/tools/apbuild/apgcc -c -m64 -O2 -D_GNU_SOURCE -D_FORTIFY_SOURCE=0 -fPIC -I/home/waker/prj/deadbeef-staticdeps/lib-x86-64/include  conftest.c >&5
configure:5075: $? = 0
configure:5075: result: yes
configure:5075: checking for inttypes.h
configure:5075: /home/waker/prj/deadbeef/tools/apbuild/apgcc -c -m64 -O2 -D_GNU_SOURCE -D_FORTIFY_SOURCE=0 -fPIC -I/home/waker/prj/deadbeef-staticdeps/lib-x86-64/include  conftest.c >&5
configure:5075: $? = 0
configure:5075: result: yes
configure:5075: checking for stdint.h
configure:5075: /home/waker/prj/deadbeef/tools/apbuild/apgcc -c -m64 -O2 -D_GNU_SOURCE -D_FORTIFY_SOURCE=0 -fPIC -I/home/waker/prj/deadbeef-staticdeps/lib-x86-64/include  conftest.c >&5
configure:5075: $? = 0
configure:5075: result: yes
configure:5075: checking for unistd.h
configure:5075: /home/waker/prj/deadbeef/tools/apbuild/apgcc -c -m64 -O2 -D_GNU_SOURCE -D_FORTIFY_SOURCE=0 -fPIC -I/home/waker/prj/deadbeef-staticdeps/lib-x86-64/include  conftest.c >&5
configure:5075: $? = 0
configure:5075: result: yes
configure:5088: checking minix/config.h usability
configure:5088: /home/waker/prj/deadbeef/tools/apbuild/apgcc -c -m64 -O2 -D_GNU_SOURCE -D_FORTIFY_SOURCE=0 -fPIC -I/home/waker/prj/deadbeef-staticdeps/lib-x86-64/include  conftest.c >&5
conftest.c:54:26: fatal error: minix/config.h: No such file or directory
 #include <minix/config.h>
                          ^
compilation terminated.
configure:5088: $? = 1
configure: failed program was:
| /* confdefs.h */
| #define PACKAGE_NAME "libcdio-paranoia"
| #define PACKAGE_TARNAME "libcdio-paranoia"
| #define PACKAGE_VERSION "10.2+0.93+1"
| #define PACKAGE_STRING "libcdio-paranoia 10.2+0.93+1"
| #define PACKAGE_BUGREPORT "libcdio-help@gnu.org"
| #define PACKAGE_URL ""
| #define PACKAGE "libcdio-paranoia"
| #define VERSION "10.2+0.93+1"
| #define STDC_HEADERS 1
| #define HAVE_SYS_TYPES_H 1
| #define HAVE_SYS_STAT_H 1
| #define HAVE_STDLIB_H 1
| #define HAVE_STRING_H 1
| #define HAVE_MEMORY_H 1
| #define HAVE_STRINGS_H 1
| #define HAVE_INTTYPES_H 1
| #define HAVE_STDINT_H 1
| #define HAVE_UNISTD_H 1
| /* end confdefs.h.  */
| #include <stdio.h>
| #ifdef HAVE_SYS_TYPES_H
| # include <sys/types.h>
| #endif
| #ifdef HAVE_SYS_STAT_H
| # include <sys/stat.h>
| #endif
| #ifdef STDC_HEADERS
| # include <stdlib.h>
| # include <stddef.h>
| #else
| # ifdef HAVE_STDLIB_H
| #  include <stdlib.h>
| # endif
| #endif
| #ifdef HAVE_STRING_H
| # if !defined STDC_HEADERS && defined HAVE_MEMORY_H
| #  include <memory.h>
| # endif
| # include <string.h>
| #endif
| #ifdef HAVE_STRINGS_H
| # include <strings.h>
| #endif
| #ifdef HAVE_INTTYPES_H
| # include <inttypes.h>
| #endif
| #ifdef HAVE_STDINT_H
| # include <stdint.h>
| #endif
| #ifdef HAVE_UNISTD_H
| # include <unistd.h>
| #endif
| #include <minix/config.h>
configure:5088: result: no
configure:5088: checking minix/config.h presence
configure:5088: /home/waker/prj/deadbeef/tools/apbuild/apgcc -E  conftest.c
conftest.c:21:26: fatal error: minix/config.h: No such file or directory
 #include <minix/config.h>
                          ^
compilation terminated.
configure:5088: $? = 1
configure: failed program was:
| /* confdefs.h */
| #define PACKAGE_NAME "libcdio-paranoia"
| #define PACKAGE_TARNAME "libcdio-paranoia"
| #define PACKAGE_VERSION "10.2+0.93+1"
| #define PACKAGE_STRING "libcdio-paranoia 10.2+0.93+1"
| #define PACKAGE_BUGREPORT "libcdio-help@gnu.org"
| #define PACKAGE_URL ""
| #define PACKAGE "libcdio-paranoia"
| #define VERSION "10.2+0.93+1"
| #define STDC_HEADERS 1
| #define HAVE_SYS_TYPES_H 1
| #define HAVE_SYS_STAT_H 1
| #define HAVE_STDLIB_H 1
| #define HAVE_STRING_H 1
| #define HAVE_MEMORY_H 1
| #define HAVE_STRINGS_H 1
| #define HAVE_INTTYPES_H 1
| #define HAVE_STDINT_H 1
| #define HAVE_UNISTD_H 1
| /* end confdefs.h.  */
| #include <minix/config.h>
configure:5088: result: no
configure:5088: checking for minix/config.h
configure:5088: result: no
configure:5109: checking whether it is safe to define __EXTENSIONS__
configure:5127: /home/waker/prj/deadbeef/tools/apbuild/apgcc -c -m64 -O2 -D_GNU_SOURCE -D_FORTIFY_SOURCE=0 -fPIC -I/home/waker/prj/deadbeef-staticdeps/lib-x86-64/include  conftest.c >&5
configure:5127: $? = 0
configure:5134: result: yes
configure:5168: checking whether /home/waker/prj/deadbeef/tools/apbuild/apgcc understands -Wall
configure:5181: /home/waker/prj/deadbeef/tools/apbuild/apgcc -c -m64 -O2 -D_GNU_SOURCE -D_FORTIFY_SOURCE=0 -fPIC -I/home/waker/prj/deadbeef-staticdeps/lib-x86-64/include -Wall  conftest.c >&5
configure:5181: $? = 0
configure:5188: result: yes
configure:5168: checking whether /home/waker/prj/deadbeef/tools/apbuild/apgcc understands -Wchar-subscripts
configure:5181: /home/waker/prj/deadbeef/tools/apbuild/apgcc -c -m64 -O2 -D_GNU_SOURCE -D_FORTIFY_SOURCE=0 -fPIC -I/home/waker/prj/deadbeef-staticdeps/lib-x86-64/include -Wchar-subscripts  conftest.c >&5
configure:5181: $? = 0
configure:5188: result: yes
configure:5168: checking whether /home/waker/prj/deadbeef/tools/apbuild/apgcc understands -Wmissing-prototypes
configure:5181: /home/waker/prj/deadbeef/tools/apbuild/apgcc -c -m64 -O2 -D_GNU_SOURCE -D_FORTIFY_SOURCE=0 -fPIC -I/home/waker/prj/deadbeef-staticdeps/lib-x86-64/include -Wmissing-prototypes  conftest.c >&5
configure:5181: $? = 0
configure:5188: result: yes
configure:5168: checking whether /home/waker/prj/deadbeef/tools/apbuild/apgcc understands -Wmissing-declarations
configure:5181: /home/waker/prj/deadbeef/tools/apbuild/apgcc -c -m64 -O2 -D_GNU_SOURCE -D_FORTIFY_SOURCE=0 -fPIC -I/home/waker/prj/deadbeef-staticdeps/lib-x86-64/include -Wmissing-declarations  conftest.c >&5
configure:5181: $? = 0
configure:5188: result: yes
configure:5168: checking whether /home/waker/prj/deadbeef/tools/apbuild/apgcc understands -Wunused
configure:5181: /home/waker/prj/deadbeef/tools/apbuild/apgcc -c -m64 -O2 -D_GNU_SOURCE -D_FORTIFY_SOURCE=0 -fPIC -I/home/waker/prj/deadbeef-staticdeps/lib-x86-64/include -Wunused  conftest.c >&5
configure:5181: $? = 0
configure:5188: result: yes
configure:5168: checking whether /home/waker/prj/deadbeef/tools/apbuild/apgcc understands -Wpointer-arith
configure:5181: /home/waker/prj/deadbeef/tools/apbuild/apgcc -c -m64 -O2 -D_GNU_SOURCE -D_FORTIFY_SOURCE=0 -fPIC -I/home/waker/prj/deadbeef-staticdeps/lib-x86-64/include -Wpointer-arith  conftest.c >&5
configure:5181: $? = 0
configure:5188: result: yes
configure:5168: checking whether /home/waker/prj/deadbeef/tools/apbuild/apgcc understands -Wwrite-strings
configure:5181: /home/waker/prj/deadbeef/tools/apbuild/apgcc -c -m64 -O2 -D_GNU_SOURCE -D_FORTIFY_SOURCE=0 -fPIC -I/home/waker/prj/deadbeef-staticdeps/lib-x86-64/include -Wwrite-strings  conftest.c >&5
configure:5181: $? = 0
configure:5188: result: yes
configure:5168: checking whether /home/waker/prj/deadbeef/tools/apbuild/apgcc understands -Wnested-externs
configure:5181: /home/waker/prj/deadbeef/tools/apbuild/apgcc -c -m64 -O2 -D_GNU_SOURCE -D_FORTIFY_SOURCE=0 -fPIC -I/home/waker/prj/deadbeef-staticdeps/lib-x86-64/include -Wnested-externs  conftest.c >&5
configure:5181: $? = 0
configure:5188: result: yes
configure:5168: checking whether /home/waker/prj/deadbeef/tools/apbuild/apgcc understands -Wno-sign-compare
configure:5181: /home/waker/prj/deadbeef/tools/apbuild/apgcc -c -m64 -O2 -D_GNU_SOURCE -D_FORTIFY_SOURCE=0 -fPIC -I/home/waker/prj/deadbeef-staticdeps/lib-x86-64/include -Wno-sign-compare  conftest.c >&5
configure:5181: $? = 0
configure:5188: result: yes
configure:5249: checking for pkg-config
configure:5267: found /usr/bin/pkg-config
configure:5279: result: /usr/bin/pkg-config
configure:5304: checking pkg-config is at least version 0.9.0
configure:5307: result: yes
configure:5318: checking for LIBCDIO
configure:5325: $PKG_CONFIG --exists --print-errors "libcdio >= 0.83"
configure:5328: $? = 0
configure:5341: $PKG_CONFIG --exists --print-errors "libcdio >= 0.83"
configure:5344: $? = 0
configure:5379: result: yes
configure:5389: checking for perl
configure:5407: found /usr/bin/perl
configure:5420: result: /usr/bin/perl
configure:5441: checking for diff
configure:5459: found /usr/bin/diff
configure:5472: result: /usr/bin/diff
configure:5529: result: adding -w to diff in regression tests
configure:5529: result: adding --unified to diff in regression tests
configure:5541: checking for cmp
configure:5559: found /usr/bin/cmp
configure:5572: result: /usr/bin/cmp
configure:5584: checking for cdparanoia
configure:5615: result: no
configure:5626: checking for ANSI C header files
configure:5730: result: yes
configure:5741: checking errno.h usability
configure:5741: /home/waker/prj/deadbeef/tools/apbuild/apgcc -c -m64 -O2 -D_GNU_SOURCE -D_FORTIFY_SOURCE=0 -fPIC -I/home/waker/prj/deadbeef-staticdeps/lib-x86-64/include  conftest.c >&5
configure:5741: $? = 0
configure:5741: result: yes
configure:5741: checking errno.h presence
configure:5741: /home/waker/prj/deadbeef/tools/apbuild/apgcc -E  conftest.c
configure:5741: $? = 0
configure:5741: result: yes
configure:5741: checking for errno.h
configure:5741: result: yes
configure:5741: checking fcntl.h usability
configure:5741: /home/waker/prj/deadbeef/tools/apbuild/apgcc -c -m64 -O2 -D_GNU_SOURCE -D_FORTIFY_SOURCE=0 -fPIC -I/home/waker/prj/deadbeef-staticdeps/lib-x86-64/include  conftest.c >&5
configure:5741: $? = 0
configure:5741: result: yes
configure:5741: checking fcntl.h presence
configure:5741: /home/waker/prj/deadbeef/tools/apbuild/apgcc -E  conftest.c
configure:5741: $? = 0
configure:5741: result: yes
configure:5741: checking for fcntl.h
configure:5741: result: yes
configure:5741: checking glob.h usability
configure:5741: /home/waker/prj/deadbeef/tools/apbuild/apgcc -c -m64 -O2 -D_GNU_SOURCE -D_FORTIFY_SOURCE=0 -fPIC -I/home/waker/prj/deadbeef-staticdeps/lib-x86-64/include  conftest.c >&5
configure:5741: $? = 0
configure:5741: result: yes
configure:5741: checking glob.h presence
configure:5741: /home/waker/prj/deadbeef/tools/apbuild/apgcc -E  conftest.c
configure:5741: $? = 0
configure:5741: result: yes
configure:5741: checking for glob.h
configure:5741: result: yes
configure:5741: checking limits.h usability
configure:5741: /home/waker/prj/deadbeef/tools/apbuild/apgcc -c -m64 -O2 -D_GNU_SOURCE -D_FORTIFY_SOURCE=0 -fPIC -I/home/waker/prj/deadbeef-staticdeps/lib-x86-64/include  conftest.c >&5
configure:5741: $? = 0
configure:5741: result: yes
configure:5741: checking limits.h presence
configure:5741: /home/waker/prj/deadbeef/tools/apbuild/apgcc -E  conftest.c
configure:5741: $? = 0
configure:5741: result: yes
configure:5741: checking for limits.h
configure:5741: result: yes
configure:5741: checking pwd.h usability
configure:5741: /home/waker/prj/deadbeef/tools/apbuild/apgcc -c -m64 -O2 -D_GNU_SOURCE -D_FORTIFY_SOURCE=0 -fPIC -I/home/waker/prj/deadbeef-staticdeps/lib-x86-64/include  conftest.c >&5
configure:5741: $? = 0
configure:5741: result: yes
configure:5741: checking pwd.h presence
configure:5741: /home/waker/prj/deadbeef/tools/apbuild/apgcc -E  conftest.c
configure:5741: $? = 0
configure:5741: result: yes
configure:5741: checking for pwd.h
configure:5741: result: yes
configure:5755: checking stdarg.h usability
configure:5755: /home/waker/prj/deadbeef/tools/apbuild/apgcc -c -m64 -O2 -D_GNU_SOURCE -D_FORTIFY_SOURCE=0 -fPIC -I/home/waker/prj/deadbeef-staticdeps/lib-x86-64/include  conftest.c >&5
configure:5755: $? = 0
configure:5755: result: yes
configure:5755: checking stdarg.h presence
configure:5755: /home/waker/prj/deadbeef/tools/apbuild/apgcc -E  conftest.c
configure:5755: $? = 0
configure:5755: result: yes
configure:5755: checking for stdarg.h
configure:5755: result: yes
configure:5755: checking stdbool.h usability
configure:5755: /home/waker/prj/deadbeef/tools/apbuild/apgcc -c -m64 -O2 -D_GNU_SOURCE -D_FORTIFY_SOURCE=0 -fPIC -I/home/waker/prj/deadbeef-staticdeps/lib-x86-64/include  conftest.c >&5
configure:5755: $? = 0
configure:5755: result: yes
configure:5755: checking stdbool.h presence
configure:5755: /home/waker/prj/deadbeef/tools/apbuild/apgcc -E  conftest.c
configure:5755: $? = 0
configure:5755: result: yes
configure:5755: checking for stdbool.h
configure:5755: result: yes
configure:5755: checking stdio.h usability
configure:5755: /home/waker/prj/deadbeef/tools/apbuild/apgcc -c -m64 -O2 -D_GNU_SOURCE -D_FORTIFY_SOURCE=0 -fPIC -I/home/waker/prj/deadbeef-staticdeps/lib-x86-64/include  conftest.c >&5
configure:5755: $? = 0
configure:5755: result: yes
configure:5755: checking stdio.h presence
configure:5755: /home/waker/prj/deadbeef/tools/apbuild/apgcc -E  conftest.c
configure:5755: $? = 0
configure:5755: result: yes
configure:5755: checking for stdio.h
configure:5755: result: yes
configure:5755: checking sys/cdio.h usability
configure:5755: /home/waker/prj/deadbeef/tools/apbuild/apgcc -c -m64 -O2 -D_GNU_SOURCE -D_FORTIFY_SOURCE=0 -fPIC -I/home/waker/prj/deadbeef-staticdeps/lib-x86-64/include  conftest.c >&5
conftest.c:68:22: fatal error: sys/cdio.h: No such file or directory
 #include <sys/cdio.h>
                      ^
compilation terminated.
configure:5755: $? = 1
configure: failed program was:
| /* confdefs.h */
| #define PACKAGE_NAME "libcdio-paranoia"
| #define PACKAGE_TARNAME "libcdio-paranoia"
| #define PACKAGE_VERSION "10.2+0.93+1"
| #define PACKAGE_STRING "libcdio-paranoia 10.2+0.93+1"
| #define PACKAGE_BUGREPORT "libcdio-help@gnu.org"
| #define PACKAGE_URL ""
| #define PACKAGE "libcdio-paranoia"
| #define VERSION "10.2+0.93+1"
| #define STDC_HEADERS 1
| #define HAVE_SYS_TYPES_H 1
| #define HAVE_SYS_STAT_H 1
| #define HAVE_STDLIB_H 1
| #define HAVE_STRING_H 1
| #define HAVE_MEMORY_H 1
| #define HAVE_STRINGS_H 1
| #define HAVE_INTTYPES_H 1
| #define HAVE_STDINT_H 1
| #define HAVE_UNISTD_H 1
| #define __EXTENSIONS__ 1
| #define _ALL_SOURCE 1
| #define _GNU_SOURCE 1
| #define _POSIX_PTHREAD_SEMANTICS 1
| #define _TANDEM_SOURCE 1
| #define STDC_HEADERS 1
| #define HAVE_ERRNO_H 1
| #define HAVE_FCNTL_H 1
| #define HAVE_GLOB_H 1
| #define HAVE_LIMITS_H 1
| #define HAVE_PWD_H 1
| #define HAVE_STDARG_H 1
| #define HAVE_STDBOOL_H 1
| #define HAVE_STDIO_H 1
| /* end confdefs.h.  */
| #include <stdio.h>
| #ifdef HAVE_SYS_TYPES_H
| # include <sys/types.h>
| #endif
| #ifdef HAVE_SYS_STAT_H
| # include <sys/stat.h>
| #endif
| #ifdef STDC_HEADERS
| # include <stdlib.h>
| # include <stddef.h>
| #else
| # ifdef HAVE_STDLIB_H
| #  include <stdlib.h>
| # endif
| #endif
| #ifdef HAVE_STRING_H
| # if !defined STDC_HEADERS && defined HAVE_MEMORY_H
| #  include <memory.h>
| # endif
| # include <string.h>
| #endif
| #ifdef HAVE_STRINGS_H
| # include <strings.h>
| #endif
| #ifdef HAVE_INTTYPES_H
| # include <inttypes.h>
| #endif
| #ifdef HAVE_STDINT_H
| # include <stdint.h>
| #endif
| #ifdef HAVE_UNISTD_H
| # include <unistd.h>
| #endif
| #include <sys/cdio.h>
configure:5755: result: no
configure:5755: checking sys/cdio.h presence
configure:5755: /home/waker/prj/deadbeef/tools/apbuild/apgcc -E  conftest.c
conftest.c:35:22: fatal error: sys/cdio.h: No such file or directory
 #include <sys/cdio.h>
                      ^
compilation terminated.
configure:5755: $? = 1
configure: failed program was:
| /* confdefs.h */
| #define PACKAGE_NAME "libcdio-paranoia"
| #define PACKAGE_TARNAME "libcdio-paranoia"
| #define PACKAGE_VERSION "10.2+0.93+1"
| #define PACKAGE_STRING "libcdio-paranoia 10.2+0.93+1"
| #define PACKAGE_BUGREPORT "libcdio-help@gnu.org"
| #define PACKAGE_URL ""
| #define PACKAGE "libcdio-paranoia"
| #define VERSION "10.2+0.93+1"
| #define STDC_HEADERS 1
| #define HAVE_SYS_TYPES_H 1
| #define HAVE_SYS_STAT_H 1
| #define HAVE_STDLIB_H 1
| #define HAVE_STRING_H 1
| #define HAVE_MEMORY_H 1
| #define HAVE_STRINGS_H 1
| #define HAVE_INTTYPES_H 1
| #define HAVE_STDINT_H 1
| #define HAVE_UNISTD_H 1
| #define __EXTENSIONS__ 1
| #define _ALL_SOURCE 1
| #define _GNU_SOURCE 1
| #define _POSIX_PTHREAD_SEMANTICS 1
| #define _TANDEM_SOURCE 1
| #define STDC_HEADERS 1
| #define HAVE_ERRNO_H 1
| #define HAVE_FCNTL_H 1
| #define HAVE_GLOB_H 1
| #define HAVE_LIMITS_H 1
| #define HAVE_PWD_H 1
| #define HAVE_STDARG_H 1
| #define HAVE_STDBOOL_H 1
| #define HAVE_STDIO_H 1
| /* end confdefs.h.  */
| #include <sys/cdio.h>
configure:5755: result: no
configure:5755: checking for sys/cdio.h
configure:5755: result: no
configure:5755: checking sys/param.h usability
configure:5755: /home/waker/prj/deadbeef/tools/apbuild/apgcc -c -m64 -O2 -D_GNU_SOURCE -D_FORTIFY_SOURCE=0 -fPIC -I/home/waker/prj/deadbeef-staticdeps/lib-x86-64/include  conftest.c >&5
configure:5755: $? = 0
configure:5755: result: yes
configure:5755: checking sys/param.h presence
configure:5755: /home/waker/prj/deadbeef/tools/apbuild/apgcc -E  conftest.c
configure:5755: $? = 0
configure:5755: result: yes
configure:5755: checking for sys/param.h
configure:5755: result: yes
configure:5755: checking sys/time.h usability
configure:5755: /home/waker/prj/deadbeef/tools/apbuild/apgcc -c -m64 -O2 -D_GNU_SOURCE -D_FORTIFY_SOURCE=0 -fPIC -I/home/waker/prj/deadbeef-staticdeps/lib-x86-64/include  conftest.c >&5
configure:5755: $? = 0
configure:5755: result: yes
configure:5755: checking sys/time.h presence
configure:5755: /home/waker/prj/deadbeef/tools/apbuild/apgcc -E  conftest.c
configure:5755: $? = 0
configure:5755: result: yes
configure:5755: checking for sys/time.h
configure:5755: result: yes
configure:5755: checking sys/timeb.h usability
configure:5755: /home/waker/prj/deadbeef/tools/apbuild/apgcc -c -m64 -O2 -D_GNU_SOURCE -D_FORTIFY_SOURCE=0 -fPIC -I/home/waker/prj/deadbeef-staticdeps/lib-x86-64/include  conftest.c >&5
configure:5755: $? = 0
configure:5755: result: yes
configure:5755: checking sys/timeb.h presence
configure:5755: /home/waker/prj/deadbeef/tools/apbuild/apgcc -E  conftest.c
configure:5755: $? = 0
configure:5755: result: yes
configure:5755: checking for sys/timeb.h
configure:5755: result: yes
configure:5755: checking sys/utsname.h usability
configure:5755: /home/waker/prj/deadbeef/tools/apbuild/apgcc -c -m64 -O2 -D_GNU_SOURCE -D_FORTIFY_SOURCE=0 -fPIC -I/home/waker/prj/deadbeef-staticdeps/lib-x86-64/include  conftest.c >&5
configure:5755: $? = 0
configure:5755: result: yes
configure:5755: checking sys/utsname.h presence
configure:5755: /home/waker/prj/deadbeef/tools/apbuild/apgcc -E  conftest.c
configure:5755: $? = 0
configure:5755: result: yes
configure:5755: checking for sys/utsname.h
configure:5755: result: yes
configure:5771: checking for unistd.h
configure:5771: result: yes
configure:5771: checking getopt.h usability
configure:5771: /home/waker/prj/deadbeef/tools/apbuild/apgcc -c -m64 -O2 -D_GNU_SOURCE -D_FORTIFY_SOURCE=0 -fPIC -I/home/waker/prj/deadbeef-staticdeps/lib-x86-64/include  conftest.c >&5
configure:5771: $? = 0
configure:5771: result: yes
configure:5771: checking getopt.h presence
configure:5771: /home/waker/prj/deadbeef/tools/apbuild/apgcc -E  conftest.c
configure:5771: $? = 0
configure:5771: result: yes
configure:5771: checking for getopt.h
configure:5771: result: yes
configure:5785: checking whether byte ordering is bigendian
configure:5800: /home/waker/prj/deadbeef/tools/apbuild/apgcc -c -m64 -O2 -D_GNU_SOURCE -D_FORTIFY_SOURCE=0 -fPIC -I/home/waker/prj/deadbeef-staticdeps/lib-x86-64/include  conftest.c >&5
conftest.c:42:9: error: unknown type name 'not'
         not a universal capable compiler
         ^
conftest.c:42:15: error: expected '=', ',', ';', 'asm' or '__attribute__' before 'universal'
         not a universal capable compiler
               ^
conftest.c:42:15: error: unknown type name 'universal'
configure:5800: $? = 1
configure: failed program was:
| /* confdefs.h */
| #define PACKAGE_NAME "libcdio-paranoia"
| #define PACKAGE_TARNAME "libcdio-paranoia"
| #define PACKAGE_VERSION "10.2+0.93+1"
| #define PACKAGE_STRING "libcdio-paranoia 10.2+0.93+1"
| #define PACKAGE_BUGREPORT "libcdio-help@gnu.org"
| #define PACKAGE_URL ""
| #define PACKAGE "libcdio-paranoia"
| #define VERSION "10.2+0.93+1"
| #define STDC_HEADERS 1
| #define HAVE_SYS_TYPES_H 1
| #define HAVE_SYS_STAT_H 1
| #define HAVE_STDLIB_H 1
| #define HAVE_STRING_H 1
| #define HAVE_MEMORY_H 1
| #define HAVE_STRINGS_H 1
| #define HAVE_INTTYPES_H 1
| #define HAVE_STDINT_H 1
| #define HAVE_UNISTD_H 1
| #define __EXTENSIONS__ 1
| #define _ALL_SOURCE 1
| #define _GNU_SOURCE 1
| #define _POSIX_PTHREAD_SEMANTICS 1
| #define _TANDEM_SOURCE 1
| #define STDC_HEADERS 1
| #define HAVE_ERRNO_H 1
| #define HAVE_FCNTL_H 1
| #define HAVE_GLOB_H 1
| #define HAVE_LIMITS_H 1
| #define HAVE_PWD_H 1
| #define HAVE_STDARG_H 1
| #define HAVE_STDBOOL_H 1
| #define HAVE_STDIO_H 1
| #define HAVE_SYS_PARAM_H 1
| #define HAVE_SYS_TIME_H 1
| #define HAVE_SYS_TIMEB_H 1
| #define HAVE_SYS_UTSNAME_H 1
| #define HAVE_UNISTD_H 1
| #define HAVE_GETOPT_H 1
| /* end confdefs.h.  */
| #ifndef __APPLE_CC__
| 	       not a universal capable compiler
| 	     #endif
| 	     typedef int dummy;
| 
configure:5845: /home/waker/prj/deadbeef/tools/apbuild/apgcc -c -m64 -O2 -D_GNU_SOURCE -D_FORTIFY_SOURCE=0 -fPIC -I/home/waker/prj/deadbeef-staticdeps/lib-x86-64/include  conftest.c >&5
configure:5845: $? = 0
configure:5863: /home/waker/prj/deadbeef/tools/apbuild/apgcc -c -m64 -O2 -D_GNU_SOURCE -D_FORTIFY_SOURCE=0 -fPIC -I/home/waker/prj/deadbeef-staticdeps/lib-x86-64/include  conftest.c >&5
conftest.c: In function 'main':
conftest.c:48:4: error: unknown type name 'not'
    not big endian
    ^
conftest.c:48:12: error: expected '=', ',', ';', 'asm' or '__attribute__' before 'endian'
    not big endian
            ^
configure:5863: $? = 1
configure: failed program was:
| /* confdefs.h */
| #define PACKAGE_NAME "libcdio-paranoia"
| #define PACKAGE_TARNAME "libcdio-paranoia"
| #define PACKAGE_VERSION "10.2+0.93+1"
| #define PACKAGE_STRING "libcdio-paranoia 10.2+0.93+1"
| #define PACKAGE_BUGREPORT "libcdio-help@gnu.org"
| #define PACKAGE_URL ""
| #define PACKAGE "libcdio-paranoia"
| #define VERSION "10.2+0.93+1"
| #define STDC_HEADERS 1
| #define HAVE_SYS_TYPES_H 1
| #define HAVE_SYS_STAT_H 1
| #define HAVE_STDLIB_H 1
| #define HAVE_STRING_H 1
| #define HAVE_MEMORY_H 1
| #define HAVE_STRINGS_H 1
| #define HAVE_INTTYPES_H 1
| #define HAVE_STDINT_H 1
| #define HAVE_UNISTD_H 1
| #define __EXTENSIONS__ 1
| #define _ALL_SOURCE 1
| #define _GNU_SOURCE 1
| #define _POSIX_PTHREAD_SEMANTICS 1
| #define _TANDEM_SOURCE 1
| #define STDC_HEADERS 1
| #define HAVE_ERRNO_H 1
| #define HAVE_FCNTL_H 1
| #define HAVE_GLOB_H 1
| #define HAVE_LIMITS_H 1
| #define HAVE_PWD_H 1
| #define HAVE_STDARG_H 1
| #define HAVE_STDBOOL_H 1
| #define HAVE_STDIO_H 1
| #define HAVE_SYS_PARAM_H 1
| #define HAVE_SYS_TIME_H 1
| #define HAVE_SYS_TIMEB_H 1
| #define HAVE_SYS_UTSNAME_H 1
| #define HAVE_UNISTD_H 1
| #define HAVE_GETOPT_H 1
| /* end confdefs.h.  */
| #include <sys/types.h>
| 		#include <sys/param.h>
| 
| int
| main ()
| {
| #if BYTE_ORDER != BIG_ENDIAN
| 		 not big endian
| 		#endif
| 
|   ;
|   return 0;
| }
configure:5991: result: no
configure:6009: checking for an ANSI C-conforming const
configure:6075: /home/waker/prj/deadbeef/tools/apbuild/apgcc -c -m64 -O2 -D_GNU_SOURCE -D_FORTIFY_SOURCE=0 -fPIC -I/home/waker/prj/deadbeef-staticdeps/lib-x86-64/include  conftest.c >&5
configure:6075: $? = 0
configure:6082: result: yes
configure:6090: checking for inline
configure:6106: /home/waker/prj/deadbeef/tools/apbuild/apgcc -c -m64 -O2 -D_GNU_SOURCE -D_FORTIFY_SOURCE=0 -fPIC -I/home/waker/prj/deadbeef-staticdeps/lib-x86-64/include  conftest.c >&5
configure:6106: $? = 0
configure:6114: result: inline
configure:6133: checking whether /home/waker/prj/deadbeef/tools/apbuild/apgcc supports ISOC99 _Pragma()
configure:6146: /home/waker/prj/deadbeef/tools/apbuild/apgcc -c -m64 -O2 -D_GNU_SOURCE -D_FORTIFY_SOURCE=0 -fPIC -I/home/waker/prj/deadbeef-staticdeps/lib-x86-64/include  conftest.c >&5
configure:6146: $? = 0
configure:6157: result: yes
configure:6163: checking for S_ISLNK() macro
configure:6180: /home/waker/prj/deadbeef/tools/apbuild/apgcc -o conftest -m64 -O2 -D_GNU_SOURCE -D_FORTIFY_SOURCE=0 -fPIC -I/home/waker/prj/deadbeef-staticdeps/lib-x86-64/include  -m64 -L/home/waker/prj/deadbeef-staticdeps/lib-x86-64/lib conftest.c  >&5
configure:6180: $? = 0
configure:6181: result: yes
configure:6192: checking for S_ISSOCK() macro
configure:6209: /home/waker/prj/deadbeef/tools/apbuild/apgcc -o conftest -m64 -O2 -D_GNU_SOURCE -D_FORTIFY_SOURCE=0 -fPIC -I/home/waker/prj/deadbeef-staticdeps/lib-x86-64/include  -m64 -L/home/waker/prj/deadbeef-staticdeps/lib-x86-64/lib conftest.c  >&5
configure:6209: $? = 0
configure:6210: result: yes
configure:6221: checking for struct timespec
configure:6238: /home/waker/prj/deadbeef/tools/apbuild/apgcc -c -m64 -O2 -D_GNU_SOURCE -D_FORTIFY_SOURCE=0 -fPIC -I/home/waker/prj/deadbeef-staticdeps/lib-x86-64/include  conftest.c >&5
configure:6238: $? = 0
configure:6239: result: yes
configure:6249: checking how to create empty arrays
configure:6264: /home/waker/prj/deadbeef/tools/apbuild/apgcc -c -m64 -O2 -D_GNU_SOURCE -D_FORTIFY_SOURCE=0 -fPIC -I/home/waker/prj/deadbeef-staticdeps/lib-x86-64/include  conftest.c >&5
configure:6264: $? = 0
configure:6299: result: []
configure:6653: checking how to print strings
configure:6680: result: printf
configure:6701: checking for a sed that does not truncate output
configure:6765: result: /bin/sed
configure:6783: checking for fgrep
configure:6845: result: /bin/grep -F
configure:6880: checking for ld used by /home/waker/prj/deadbeef/tools/apbuild/apgcc
configure:6947: result: /usr/bin/ld
configure:6954: checking if the linker (/usr/bin/ld) is GNU ld
configure:6969: result: yes
configure:6981: checking for BSD- or MS-compatible name lister (nm)
configure:7030: result: /usr/bin/nm -B
configure:7160: checking the name lister (/usr/bin/nm -B) interface
configure:7167: /home/waker/prj/deadbeef/tools/apbuild/apgcc -c -m64 -O2 -D_GNU_SOURCE -D_FORTIFY_SOURCE=0 -fPIC -I/home/waker/prj/deadbeef-staticdeps/lib-x86-64/include  conftest.c >&5
configure:7170: /usr/bin/nm -B "conftest.o"
configure:7173: output
0000000000000000 B some_variable
configure:7180: result: BSD nm
configure:7183: checking whether ln -s works
configure:7187: result: yes
configure:7195: checking the maximum length of command line arguments
configure:7326: result: 1572864
configure:7343: checking whether the shell understands some XSI constructs
configure:7353: result: yes
configure:7357: checking whether the shell understands "+="
configure:7363: result: yes
configure:7398: checking how to convert x86_64-unknown-linux-gnu file names to x86_64-unknown-linux-gnu format
configure:7438: result: func_convert_file_noop
configure:7445: checking how to convert x86_64-unknown-linux-gnu file names to toolchain format
configure:7465: result: func_convert_file_noop
configure:7472: checking for /usr/bin/ld option to reload object files
configure:7479: result: -r
configure:7553: checking for objdump
configure:7580: result: objdump
configure:7609: checking how to recognize dependent libraries
configure:7807: result: pass_all
configure:7892: checking for dlltool
configure:7919: result: dlltool
configure:7949: checking how to associate runtime and link libraries
configure:7976: result: printf %s\n
configure:8036: checking for ar
configure:8052: found /usr/bin/ar
configure:8063: result: ar
configure:8100: checking for archiver @FILE support
configure:8117: /home/waker/prj/deadbeef/tools/apbuild/apgcc -c -m64 -O2 -D_GNU_SOURCE -D_FORTIFY_SOURCE=0 -fPIC -I/home/waker/prj/deadbeef-staticdeps/lib-x86-64/include  conftest.c >&5
configure:8117: $? = 0
configure:8120: ar cru libconftest.a @conftest.lst >&5
configure:8123: $? = 0
configure:8128: ar cru libconftest.a @conftest.lst >&5
ar: conftest.o: No such file or directory
configure:8131: $? = 1
configure:8143: result: @
configure:8201: checking for strip
configure:8217: found /usr/bin/strip
configure:8228: result: strip
configure:8300: checking for ranlib
configure:8316: found /usr/bin/ranlib
configure:8327: result: ranlib
configure:8429: checking command to parse /usr/bin/nm -B output from /home/waker/prj/deadbeef/tools/apbuild/apgcc object
configure:8549: /home/waker/prj/deadbeef/tools/apbuild/apgcc -c -m64 -O2 -D_GNU_SOURCE -D_FORTIFY_SOURCE=0 -fPIC -I/home/waker/prj/deadbeef-staticdeps/lib-x86-64/include  conftest.c >&5
configure:8552: $? = 0
configure:8556: /usr/bin/nm -B conftest.o \| sed -n -e 's/^.*[ ]\([ABCDGIRSTW][ABCDGIRSTW]*\)[ ][ ]*\([_A-Za-z][_A-Za-z0-9]*\)$/\1 \2 \2/p' | sed '/ __gnu_lto/d' \> conftest.nm
configure:8559: $? = 0
configure:8625: /home/waker/prj/deadbeef/tools/apbuild/apgcc -o conftest -m64 -O2 -D_GNU_SOURCE -D_FORTIFY_SOURCE=0 -fPIC -I/home/waker/prj/deadbeef-staticdeps/lib-x86-64/include  -m64 -L/home/waker/prj/deadbeef-staticdeps/lib-x86-64/lib conftest.c conftstm.o >&5
configure:8628: $? = 0
configure:8666: result: ok
configure:8703: checking for sysroot
configure:8733: result: no
configure:8810: /home/waker/prj/deadbeef/tools/apbuild/apgcc -c -m64 -O2 -D_GNU_SOURCE -D_FORTIFY_SOURCE=0 -fPIC -I/home/waker/prj/deadbeef-staticdeps/lib-x86-64/include  conftest.c >&5
configure:8813: $? = 0
configure:9002: checking for mt
configure:9018: found /bin/mt
configure:9029: result: mt
configure:9052: checking if mt is a manifest tool
configure:9058: mt '-?'
configure:9066: result: no
configure:9705: checking for dlfcn.h
configure:9705: /home/waker/prj/deadbeef/tools/apbuild/apgcc -c -m64 -O2 -D_GNU_SOURCE -D_FORTIFY_SOURCE=0 -fPIC -I/home/waker/prj/deadbeef-staticdeps/lib-x86-64/include  conftest.c >&5
configure:9705: $? = 0
configure:9705: result: yes
configure:9920: checking for objdir
configure:9935: result: .libs
configure:10206: checking if /home/waker/prj/deadbeef/tools/apbuild/apgcc supports -fno-rtti -fno-exceptions
configure:10224: /home/waker/prj/deadbeef/tools/apbuild/apgcc -c -m64 -O2 -D_GNU_SOURCE -D_FORTIFY_SOURCE=0 -fPIC -I/home/waker/prj/deadbeef-staticdeps/lib-x86-64/include  -fno-rtti -fno-exceptions conftest.c >&5
cc1: warning: command line option '-fno-rtti' is valid for C++/ObjC++ but not for C [enabled by default]
configure:10228: $? = 0
configure:10241: result: no
configure:10568: checking for /home/waker/prj/deadbeef/tools/apbuild/apgcc option to produce PIC
configure:10575: result: -fPIC -DPIC
configure:10583: checking if /home/waker/prj/deadbeef/tools/apbuild/apgcc PIC flag -fPIC -DPIC works
configure:10601: /home/waker/prj/deadbeef/tools/apbuild/apgcc -c -m64 -O2 -D_GNU_SOURCE -D_FORTIFY_SOURCE=0 -fPIC -I/home/waker/prj/deadbeef-staticdeps/lib-x86-64/include  -fPIC -DPIC -DPIC conftest.c >&5
configure:10605: $? = 0
configure:10618: result: yes
configure:10647: checking if /home/waker/prj/deadbeef/tools/apbuild/apgcc static flag -static works
configure:10675: result: no
configure:10690: checking if /home/waker/prj/deadbeef/tools/apbuild/apgcc supports -c -o file.o
configure:10711: /home/waker/prj/deadbeef/tools/apbuild/apgcc -c -m64 -O2 -D_GNU_SOURCE -D_FORTIFY_SOURCE=0 -fPIC -I/home/waker/prj/deadbeef-staticdeps/lib-x86-64/include  -o out/conftest2.o conftest.c >&5
configure:10715: $? = 0
configure:10737: result: yes
configure:10745: checking if /home/waker/prj/deadbeef/tools/apbuild/apgcc supports -c -o file.o
configure:10792: result: yes
configure:10825: checking whether the /home/waker/prj/deadbeef/tools/apbuild/apgcc linker (/usr/bin/ld -m elf_x86_64) supports shared libraries
configure:11982: result: yes
configure:12222: checking dynamic linker characteristics
configure:12722: /home/waker/prj/deadbeef/tools/apbuild/apgcc -o conftest -m64 -O2 -D_GNU_SOURCE -D_FORTIFY_SOURCE=0 -fPIC -I/home/waker/prj/deadbeef-staticdeps/lib-x86-64/include  -m64 -L/home/waker/prj/deadbeef-staticdeps/lib-x86-64/lib -Wl,-rpath -Wl,/foo conftest.c  >&5
configure:12722: $? = 0
configure:12956: result: GNU/Linux ld.so
configure:13063: checking how to hardcode library paths into programs
configure:13088: result: immediate
configure:13628: checking whether stripping libraries is possible
configure:13633: result: yes
configure:13668: checking if libtool supports shared libraries
configure:13670: result: yes
configure:13673: checking whether to build shared libraries
configure:13694: result: no
configure:13697: checking whether to build static libraries
configure:13701: result: yes
configure:13724: checking how to run the C++ preprocessor
configure:13751: /home/waker/prj/deadbeef/tools/apbuild/apgcc -E  conftest.cpp
configure:13751: $? = 0
configure:13765: /home/waker/prj/deadbeef/tools/apbuild/apgcc -E  conftest.cpp
conftest.cpp:48:28: fatal error: ac_nonexistent.h: No such file or directory
 #include <ac_nonexistent.h>
                            ^
compilation terminated.
configure:13765: $? = 1
configure: failed program was:
| /* confdefs.h */
| #define PACKAGE_NAME "libcdio-paranoia"
| #define PACKAGE_TARNAME "libcdio-paranoia"
| #define PACKAGE_VERSION "10.2+0.93+1"
| #define PACKAGE_STRING "libcdio-paranoia 10.2+0.93+1"
| #define PACKAGE_BUGREPORT "libcdio-help@gnu.org"
| #define PACKAGE_URL ""
| #define PACKAGE "libcdio-paranoia"
| #define VERSION "10.2+0.93+1"
| #define STDC_HEADERS 1
| #define HAVE_SYS_TYPES_H 1
| #define HAVE_SYS_STAT_H 1
| #define HAVE_STDLIB_H 1
| #define HAVE_STRING_H 1
| #define HAVE_MEMORY_H 1
| #define HAVE_STRINGS_H 1
| #define HAVE_INTTYPES_H 1
| #define HAVE_STDINT_H 1
| #define HAVE_UNISTD_H 1
| #define __EXTENSIONS__ 1
| #define _ALL_SOURCE 1
| #define _GNU_SOURCE 1
| #define _POSIX_PTHREAD_SEMANTICS 1
| #define _TANDEM_SOURCE 1
| #define STDC_HEADERS 1
| #define HAVE_ERRNO_H 1
| #define HAVE_FCNTL_H 1
| #define HAVE_GLOB_H 1
| #define HAVE_LIMITS_H 1
| #define HAVE_PWD_H 1
| #define HAVE_STDARG_H 1
| #define HAVE_STDBOOL_H 1
| #define HAVE_STDIO_H 1
| #define HAVE_SYS_PARAM_H 1
| #define HAVE_SYS_TIME_H 1
| #define HAVE_SYS_TIMEB_H 1
| #define HAVE_SYS_UTSNAME_H 1
| #define HAVE_UNISTD_H 1
| #define HAVE_GETOPT_H 1
| #define HAVE_ISOC99_PRAGMA /**/
| #define HAVE_S_ISLNK /**/
| #define HAVE_S_ISSOCK /**/
| #define HAVE_STRUCT_TIMESPEC /**/
| #define EMPTY_ARRAY_SIZE 
| #define HAVE_DLFCN_H 1
| #define LT_OBJDIR ".libs/"
| /* end confdefs.h.  */
| #include <ac_nonexistent.h>
configure:13790: result: /home/waker/prj/deadbeef/tools/apbuild/apgcc -E
configure:13810: /home/waker/prj/deadbeef/tools/apbuild/apgcc -E  conftest.cpp
configure:13810: $? = 0
configure:13824: /home/waker/prj/deadbeef/tools/apbuild/apgcc -E  conftest.cpp
conftest.cpp:48:28: fatal error: ac_nonexistent.h: No such file or directory
 #include <ac_nonexistent.h>
                            ^
compilation terminated.
configure:13824: $? = 1
configure: failed program was:
| /* confdefs.h */
| #define PACKAGE_NAME "libcdio-paranoia"
| #define PACKAGE_TARNAME "libcdio-paranoia"
| #define PACKAGE_VERSION "10.2+0.93+1"
| #define PACKAGE_STRING "libcdio-paranoia 10.2+0.93+1"
| #define PACKAGE_BUGREPORT "libcdio-help@gnu.org"
| #define PACKAGE_URL ""
| #define PACKAGE "libcdio-paranoia"
| #define VERSION "10.2+0.93+1"
| #define STDC_HEADERS 1
| #define HAVE_SYS_TYPES_H 1
| #define HAVE_SYS_STAT_H 1
| #define HAVE_STDLIB_H 1
| #define HAVE_STRING_H 1
| #define HAVE_MEMORY_H 1
| #define HAVE_STRINGS_H 1
| #define HAVE_INTTYPES_H 1
| #define HAVE_STDINT_H 1
| #define HAVE_UNISTD_H 1
| #define __EXTENSIONS__ 1
| #define _ALL_SOURCE 1
| #define _GNU_SOURCE 1
| #define _POSIX_PTHREAD_SEMANTICS 1
| #define _TANDEM_SOURCE 1
| #define STDC_HEADERS 1
| #define HAVE_ERRNO_H 1
| #define HAVE_FCNTL_H 1
| #define HAVE_GLOB_H 1
| #define HAVE_LIMITS_H 1
| #define HAVE_PWD_H 1
| #define HAVE_STDARG_H 1
| #define HAVE_STDBOOL_H 1
| #define HAVE_STDIO_H 1
| #define HAVE_SYS_PARAM_H 1
| #define HAVE_SYS_TIME_H 1
| #define HAVE_SYS_TIMEB_H 1
| #define HAVE_SYS_UTSNAME_H 1
| #define HAVE_UNISTD_H 1
| #define HAVE_GETOPT_H 1
| #define HAVE_ISOC99_PRAGMA /**/
| #define HAVE_S_ISLNK /**/
| #define HAVE_S_ISSOCK /**/
| #define HAVE_STRUCT_TIMESPEC /**/
| #define EMPTY_ARRAY_SIZE 
| #define HAVE_DLFCN_H 1
| #define LT_OBJDIR ".libs/"
| /* end confdefs.h.  */
| #include <ac_nonexistent.h>
configure:13993: checking for ld used by /home/waker/prj/deadbeef/tools/apbuild/apgcc
configure:14060: result: /usr/bin/ld -m elf_x86_64
configure:14067: checking if the linker (/usr/bin/ld -m elf_x86_64) is GNU ld
configure:14082: result: yes
configure:14137: checking whether the /home/waker/prj/deadbeef/tools/apbuild/apgcc linker (/usr/bin/ld -m elf_x86_64) supports shared libraries
configure:15139: result: yes
configure:15175: /home/waker/prj/deadbeef/tools/apbuild/apgcc -c -g -O2  conftest.cpp >&5
configure:15178: $? = 0
configure:15698: checking for /home/waker/prj/deadbeef/tools/apbuild/apgcc option to produce PIC
configure:15705: result: -fPIC -DPIC
configure:15713: checking if /home/waker/prj/deadbeef/tools/apbuild/apgcc PIC flag -fPIC -DPIC works
configure:15731: /home/waker/prj/deadbeef/tools/apbuild/apgcc -c -g -O2  -fPIC -DPIC -DPIC conftest.cpp >&5
configure:15735: $? = 0
configure:15748: result: yes
configure:15771: checking if /home/waker/prj/deadbeef/tools/apbuild/apgcc static flag -static works
configure:15799: result: no
configure:15811: checking if /home/waker/prj/deadbeef/tools/apbuild/apgcc supports -c -o file.o
configure:15832: /home/waker/prj/deadbeef/tools/apbuild/apgcc -c -g -O2  -o out/conftest2.o conftest.cpp >&5
configure:15836: $? = 0
configure:15858: result: yes
configure:15863: checking if /home/waker/prj/deadbeef/tools/apbuild/apgcc supports -c -o file.o
configure:15910: result: yes
configure:15940: checking whether the /home/waker/prj/deadbeef/tools/apbuild/apgcc linker (/usr/bin/ld -m elf_x86_64) supports shared libraries
configure:15979: result: yes
configure:16120: checking dynamic linker characteristics
configure:16788: result: GNU/Linux ld.so
configure:16841: checking how to hardcode library paths into programs
configure:16866: result: immediate
configure:16942: checking for cos in -lm
configure:16967: /home/waker/prj/deadbeef/tools/apbuild/apgcc -o conftest -m64 -O2 -D_GNU_SOURCE -D_FORTIFY_SOURCE=0 -fPIC -I/home/waker/prj/deadbeef-staticdeps/lib-x86-64/include  -m64 -L/home/waker/prj/deadbeef-staticdeps/lib-x86-64/lib conftest.c -lm   >&5
conftest.c:55:6: warning: conflicting types for built-in function 'cos' [enabled by default]
 char cos ();
      ^
configure:16967: $? = 0
configure:16976: result: yes
configure:17094: checking linux/version.h usability
configure:17094: /home/waker/prj/deadbeef/tools/apbuild/apgcc -c -m64 -O2 -D_GNU_SOURCE -D_FORTIFY_SOURCE=0 -fPIC -I/home/waker/prj/deadbeef-staticdeps/lib-x86-64/include -Wall -Wchar-subscripts -Wmissing-prototypes -Wmissing-declarations -Wunused -Wpointer-arith -Wwrite-strings -Wnested-externs -Wno-sign-compare  conftest.c >&5
configure:17094: $? = 0
configure:17094: result: yes
configure:17094: checking linux/version.h presence
configure:17094: /home/waker/prj/deadbeef/tools/apbuild/apgcc -E  conftest.c
configure:17094: $? = 0
configure:17094: result: yes
configure:17094: checking for linux/version.h
configure:17094: result: yes
configure:17094: checking linux/major.h usability
configure:17094: /home/waker/prj/deadbeef/tools/apbuild/apgcc -c -m64 -O2 -D_GNU_SOURCE -D_FORTIFY_SOURCE=0 -fPIC -I/home/waker/prj/deadbeef-staticdeps/lib-x86-64/include -Wall -Wchar-subscripts -Wmissing-prototypes -Wmissing-declarations -Wunused -Wpointer-arith -Wwrite-strings -Wnested-externs -Wno-sign-compare  conftest.c >&5
configure:17094: $? = 0
configure:17094: result: yes
configure:17094: checking linux/major.h presence
configure:17094: /home/waker/prj/deadbeef/tools/apbuild/apgcc -E  conftest.c
configure:17094: $? = 0
configure:17094: result: yes
configure:17094: checking for linux/major.h
configure:17094: result: yes
configure:17106: checking linux/cdrom.h usability
configure:17106: /home/waker/prj/deadbeef/tools/apbuild/apgcc -c -m64 -O2 -D_GNU_SOURCE -D_FORTIFY_SOURCE=0 -fPIC -I/home/waker/prj/deadbeef-staticdeps/lib-x86-64/include -Wall -Wchar-subscripts -Wmissing-prototypes -Wmissing-declarations -Wunused -Wpointer-arith -Wwrite-strings -Wnested-externs -Wno-sign-compare  conftest.c >&5
configure:17106: $? = 0
configure:17106: result: yes
configure:17106: checking linux/cdrom.h presence
configure:17106: /home/waker/prj/deadbeef/tools/apbuild/apgcc -E  conftest.c
configure:17106: $? = 0
configure:17106: result: yes
configure:17106: checking for linux/cdrom.h
configure:17106: result: yes
configure:17131: /home/waker/prj/deadbeef/tools/apbuild/apgcc -c -m64 -O2 -D_GNU_SOURCE -D_FORTIFY_SOURCE=0 -fPIC -I/home/waker/prj/deadbeef-staticdeps/lib-x86-64/include -Wall -Wchar-subscripts -Wmissing-prototypes -Wmissing-declarations -Wunused -Wpointer-arith -Wwrite-strings -Wnested-externs -Wno-sign-compare  conftest.c >&5
In file included from /usr/include/linux/swab.h:6:0,
                 from /usr/include/linux/byteorder/little_endian.h:12,
                 from /usr/include/x86_64-linux-gnu/asm/byteorder.h:4,
                 from /usr/include/linux/cdrom.h:15,
                 from conftest.c:56:
/usr/include/x86_64-linux-gnu/asm/swab.h: In function 'main':
/usr/include/x86_64-linux-gnu/asm/swab.h:7:26: error: invalid storage class for function '__arch_swab32'
 static __inline__  __u32 __arch_swab32(__u32 val)
                          ^
/usr/include/x86_64-linux-gnu/asm/swab.h:14:26: error: invalid storage class for function '__arch_swab64'
 static __inline__  __u64 __arch_swab64(__u64 val)
                          ^
In file included from /usr/include/linux/byteorder/little_endian.h:12:0,
                 from /usr/include/x86_64-linux-gnu/asm/byteorder.h:4,
                 from /usr/include/linux/cdrom.h:15,
                 from conftest.c:56:
/usr/include/linux/swab.h:46:26: error: invalid storage class for function '__fswab16'
 static __inline__  __u16 __fswab16(__u16 val)
                          ^
/usr/include/linux/swab.h:57:26: error: invalid storage class for function '__fswab32'
 static __inline__  __u32 __fswab32(__u32 val)
                          ^
/usr/include/linux/swab.h:68:26: error: invalid storage class for function '__fswab64'
 static __inline__  __u64 __fswab64(__u64 val)
                          ^
/usr/include/linux/swab.h:83:26: error: invalid storage class for function '__fswahw32'
 static __inline__  __u32 __fswahw32(__u32 val)
                          ^
/usr/include/linux/swab.h:92:26: error: invalid storage class for function '__fswahb32'
 static __inline__  __u32 __fswahb32(__u32 val)
                          ^
/usr/include/linux/swab.h:154:25: error: invalid storage class for function '__swab16p'
 static __inline__ __u16 __swab16p(const __u16 *p)
                         ^
/usr/include/linux/swab.h:167:25: error: invalid storage class for function '__swab32p'
 static __inline__ __u32 __swab32p(const __u32 *p)
                         ^
/usr/include/linux/swab.h:180:25: error: invalid storage class for function '__swab64p'
 static __inline__ __u64 __swab64p(const __u64 *p)
                         ^
/usr/include/linux/swab.h:195:25: error: invalid storage class for function '__swahw32p'
 static __inline__ __u32 __swahw32p(const __u32 *p)
                         ^
/usr/include/linux/swab.h:210:25: error: invalid storage class for function '__swahb32p'
 static __inline__ __u32 __swahb32p(const __u32 *p)
                         ^
/usr/include/linux/swab.h:223:24: error: invalid storage class for function '__swab16s'
 static __inline__ void __swab16s(__u16 *p)
                        ^
/usr/include/linux/swab.h:235:24: error: invalid storage class for function '__swab32s'
 static __inline__ void __swab32s(__u32 *p)
                        ^
/usr/include/linux/swab.h:248:24: error: invalid storage class for function '__swab64s'
 static __inline__ void __swab64s(__u64 *p)
                        ^
/usr/include/linux/swab.h:263:24: error: invalid storage class for function '__swahw32s'
 static __inline__ void __swahw32s(__u32 *p)
                        ^
/usr/include/linux/swab.h:278:24: error: invalid storage class for function '__swahb32s'
 static __inline__ void __swahb32s(__u32 *p)
                        ^
In file included from /usr/include/x86_64-linux-gnu/asm/byteorder.h:4:0,
                 from /usr/include/linux/cdrom.h:15,
                 from conftest.c:56:
/usr/include/linux/byteorder/little_endian.h:43:26: error: invalid storage class for function '__cpu_to_le64p'
 static __inline__ __le64 __cpu_to_le64p(const __u64 *p)
                          ^
/usr/include/linux/byteorder/little_endian.h:47:25: error: invalid storage class for function '__le64_to_cpup'
 static __inline__ __u64 __le64_to_cpup(const __le64 *p)
                         ^
/usr/include/linux/byteorder/little_endian.h:51:26: error: invalid storage class for function '__cpu_to_le32p'
 static __inline__ __le32 __cpu_to_le32p(const __u32 *p)
                          ^
/usr/include/linux/byteorder/little_endian.h:55:25: error: invalid storage class for function '__le32_to_cpup'
 static __inline__ __u32 __le32_to_cpup(const __le32 *p)
                         ^
/usr/include/linux/byteorder/little_endian.h:59:26: error: invalid storage class for function '__cpu_to_le16p'
 static __inline__ __le16 __cpu_to_le16p(const __u16 *p)
                          ^
/usr/include/linux/byteorder/little_endian.h:63:25: error: invalid storage class for function '__le16_to_cpup'
 static __inline__ __u16 __le16_to_cpup(const __le16 *p)
                         ^
/usr/include/linux/byteorder/little_endian.h:67:26: error: invalid storage class for function '__cpu_to_be64p'
 static __inline__ __be64 __cpu_to_be64p(const __u64 *p)
                          ^
/usr/include/linux/byteorder/little_endian.h:71:25: error: invalid storage class for function '__be64_to_cpup'
 static __inline__ __u64 __be64_to_cpup(const __be64 *p)
                         ^
/usr/include/linux/byteorder/little_endian.h:75:26: error: invalid storage class for function '__cpu_to_be32p'
 static __inline__ __be32 __cpu_to_be32p(const __u32 *p)
                          ^
/usr/include/linux/byteorder/little_endian.h:79:25: error: invalid storage class for function '__be32_to_cpup'
 static __inline__ __u32 __be32_to_cpup(const __be32 *p)
                         ^
/usr/include/linux/byteorder/little_endian.h:83:26: error: invalid storage class for function '__cpu_to_be16p'
 static __inline__ __be16 __cpu_to_be16p(const __u16 *p)
                          ^
/usr/include/linux/byteorder/little_endian.h:87:25: error: invalid storage class for function '__be16_to_cpup'
 static __inline__ __u16 __be16_to_cpup(const __be16 *p)
                         ^
conftest.c:58:5: warning: unused variable 'has_timeout' [-Wunused-variable]
 int has_timeout=sizeof(test.timeout);
     ^
configure:17131: $? = 1
configure: failed program was:
| /* confdefs.h */
| #define PACKAGE_NAME "libcdio-paranoia"
| #define PACKAGE_TARNAME "libcdio-paranoia"
| #define PACKAGE_VERSION "10.2+0.93+1"
| #define PACKAGE_STRING "libcdio-paranoia 10.2+0.93+1"
| #define PACKAGE_BUGREPORT "libcdio-help@gnu.org"
| #define PACKAGE_URL ""
| #define PACKAGE "libcdio-paranoia"
| #define VERSION "10.2+0.93+1"
| #define STDC_HEADERS 1
| #define HAVE_SYS_TYPES_H 1
| #define HAVE_SYS_STAT_H 1
| #define HAVE_STDLIB_H 1
| #define HAVE_STRING_H 1
| #define HAVE_MEMORY_H 1
| #define HAVE_STRINGS_H 1
| #define HAVE_INTTYPES_H 1
| #define HAVE_STDINT_H 1
| #define HAVE_UNISTD_H 1
| #define __EXTENSIONS__ 1
| #define _ALL_SOURCE 1
| #define _GNU_SOURCE 1
| #define _POSIX_PTHREAD_SEMANTICS 1
| #define _TANDEM_SOURCE 1
| #define STDC_HEADERS 1
| #define HAVE_ERRNO_H 1
| #define HAVE_FCNTL_H 1
| #define HAVE_GLOB_H 1
| #define HAVE_LIMITS_H 1
| #define HAVE_PWD_H 1
| #define HAVE_STDARG_H 1
| #define HAVE_STDBOOL_H 1
| #define HAVE_STDIO_H 1
| #define HAVE_SYS_PARAM_H 1
| #define HAVE_SYS_TIME_H 1
| #define HAVE_SYS_TIMEB_H 1
| #define HAVE_SYS_UTSNAME_H 1
| #define HAVE_UNISTD_H 1
| #define HAVE_GETOPT_H 1
| #define HAVE_ISOC99_PRAGMA /**/
| #define HAVE_S_ISLNK /**/
| #define HAVE_S_ISSOCK /**/
| #define HAVE_STRUCT_TIMESPEC /**/
| #define EMPTY_ARRAY_SIZE 
| #define HAVE_DLFCN_H 1
| #define LT_OBJDIR ".libs/"
| #define HAVE_LINUX_VERSION_H 1
| #define HAVE_LINUX_MAJOR_H 1
| #define HAVE_LINUX_CDROM_H 1
| /* end confdefs.h.  */
| 
| int
| main ()
| {
| 
| #include <linux/cdrom.h>
| struct cdrom_generic_command test;
| int has_timeout=sizeof(test.timeout);
|   ;
|   return 0;
| }
configure:17256: checking for bzero
configure:17256: /home/waker/prj/deadbeef/tools/apbuild/apgcc -o conftest -m64 -O2 -D_GNU_SOURCE -D_FORTIFY_SOURCE=0 -fPIC -I/home/waker/prj/deadbeef-staticdeps/lib-x86-64/include -Wall -Wchar-subscripts -Wmissing-prototypes -Wmissing-declarations -Wunused -Wpointer-arith -Wwrite-strings -Wnested-externs -Wno-sign-compare  -m64 -L/home/waker/prj/deadbeef-staticdeps/lib-x86-64/lib conftest.c  -lm >&5
conftest.c:76:6: warning: conflicting types for built-in function 'bzero' [enabled by default]
 char bzero ();
      ^
configure:17256: $? = 0
configure:17256: result: yes
configure:17256: checking for chdir
configure:17256: /home/waker/prj/deadbeef/tools/apbuild/apgcc -o conftest -m64 -O2 -D_GNU_SOURCE -D_FORTIFY_SOURCE=0 -fPIC -I/home/waker/prj/deadbeef-staticdeps/lib-x86-64/include -Wall -Wchar-subscripts -Wmissing-prototypes -Wmissing-declarations -Wunused -Wpointer-arith -Wwrite-strings -Wnested-externs -Wno-sign-compare  -m64 -L/home/waker/prj/deadbeef-staticdeps/lib-x86-64/lib conftest.c  -lm >&5
configure:17256: $? = 0
configure:17256: result: yes
configure:17256: checking for drand48
configure:17256: /home/waker/prj/deadbeef/tools/apbuild/apgcc -o conftest -m64 -O2 -D_GNU_SOURCE -D_FORTIFY_SOURCE=0 -fPIC -I/home/waker/prj/deadbeef-staticdeps/lib-x86-64/include -Wall -Wchar-subscripts -Wmissing-prototypes -Wmissing-declarations -Wunused -Wpointer-arith -Wwrite-strings -Wnested-externs -Wno-sign-compare  -m64 -L/home/waker/prj/deadbeef-staticdeps/lib-x86-64/lib conftest.c  -lm >&5
configure:17256: $? = 0
configure:17256: result: yes
configure:17256: checking for ftruncate
configure:17256: /home/waker/prj/deadbeef/tools/apbuild/apgcc -o conftest -m64 -O2 -D_GNU_SOURCE -D_FORTIFY_SOURCE=0 -fPIC -I/home/waker/prj/deadbeef-staticdeps/lib-x86-64/include -Wall -Wchar-subscripts -Wmissing-prototypes -Wmissing-declarations -Wunused -Wpointer-arith -Wwrite-strings -Wnested-externs -Wno-sign-compare  -m64 -L/home/waker/prj/deadbeef-staticdeps/lib-x86-64/lib conftest.c  -lm >&5
configure:17256: $? = 0
configure:17256: result: yes
configure:17256: checking for geteuid
configure:17256: /home/waker/prj/deadbeef/tools/apbuild/apgcc -o conftest -m64 -O2 -D_GNU_SOURCE -D_FORTIFY_SOURCE=0 -fPIC -I/home/waker/prj/deadbeef-staticdeps/lib-x86-64/include -Wall -Wchar-subscripts -Wmissing-prototypes -Wmissing-declarations -Wunused -Wpointer-arith -Wwrite-strings -Wnested-externs -Wno-sign-compare  -m64 -L/home/waker/prj/deadbeef-staticdeps/lib-x86-64/lib conftest.c  -lm >&5
configure:17256: $? = 0
configure:17256: result: yes
configure:17256: checking for getgid
configure:17256: /home/waker/prj/deadbeef/tools/apbuild/apgcc -o conftest -m64 -O2 -D_GNU_SOURCE -D_FORTIFY_SOURCE=0 -fPIC -I/home/waker/prj/deadbeef-staticdeps/lib-x86-64/include -Wall -Wchar-subscripts -Wmissing-prototypes -Wmissing-declarations -Wunused -Wpointer-arith -Wwrite-strings -Wnested-externs -Wno-sign-compare  -m64 -L/home/waker/prj/deadbeef-staticdeps/lib-x86-64/lib conftest.c  -lm >&5
configure:17256: $? = 0
configure:17256: result: yes
configure:17256: checking for getuid
configure:17256: /home/waker/prj/deadbeef/tools/apbuild/apgcc -o conftest -m64 -O2 -D_GNU_SOURCE -D_FORTIFY_SOURCE=0 -fPIC -I/home/waker/prj/deadbeef-staticdeps/lib-x86-64/include -Wall -Wchar-subscripts -Wmissing-prototypes -Wmissing-declarations -Wunused -Wpointer-arith -Wwrite-strings -Wnested-externs -Wno-sign-compare  -m64 -L/home/waker/prj/deadbeef-staticdeps/lib-x86-64/lib conftest.c  -lm >&5
configure:17256: $? = 0
configure:17256: result: yes
configure:17256: checking for getpwuid
configure:17256: /home/waker/prj/deadbeef/tools/apbuild/apgcc -o conftest -m64 -O2 -D_GNU_SOURCE -D_FORTIFY_SOURCE=0 -fPIC -I/home/waker/prj/deadbeef-staticdeps/lib-x86-64/include -Wall -Wchar-subscripts -Wmissing-prototypes -Wmissing-declarations -Wunused -Wpointer-arith -Wwrite-strings -Wnested-externs -Wno-sign-compare  -m64 -L/home/waker/prj/deadbeef-staticdeps/lib-x86-64/lib conftest.c  -lm >&5
configure:17256: $? = 0
configure:17256: result: yes
configure:17256: checking for gettimeofday
configure:17256: /home/waker/prj/deadbeef/tools/apbuild/apgcc -o conftest -m64 -O2 -D_GNU_SOURCE -D_FORTIFY_SOURCE=0 -fPIC -I/home/waker/prj/deadbeef-staticdeps/lib-x86-64/include -Wall -Wchar-subscripts -Wmissing-prototypes -Wmissing-declarations -Wunused -Wpointer-arith -Wwrite-strings -Wnested-externs -Wno-sign-compare  -m64 -L/home/waker/prj/deadbeef-staticdeps/lib-x86-64/lib conftest.c  -lm >&5
configure:17256: $? = 0
configure:17256: result: yes
configure:17256: checking for lstat
configure:17256: /home/waker/prj/deadbeef/tools/apbuild/apgcc -o conftest -m64 -O2 -D_GNU_SOURCE -D_FORTIFY_SOURCE=0 -fPIC -I/home/waker/prj/deadbeef-staticdeps/lib-x86-64/include -Wall -Wchar-subscripts -Wmissing-prototypes -Wmissing-declarations -Wunused -Wpointer-arith -Wwrite-strings -Wnested-externs -Wno-sign-compare  -m64 -L/home/waker/prj/deadbeef-staticdeps/lib-x86-64/lib conftest.c  -lm >&5
configure:17256: $? = 0
configure:17256: result: yes
configure:17256: checking for memcpy
configure:17256: /home/waker/prj/deadbeef/tools/apbuild/apgcc -o conftest -m64 -O2 -D_GNU_SOURCE -D_FORTIFY_SOURCE=0 -fPIC -I/home/waker/prj/deadbeef-staticdeps/lib-x86-64/include -Wall -Wchar-subscripts -Wmissing-prototypes -Wmissing-declarations -Wunused -Wpointer-arith -Wwrite-strings -Wnested-externs -Wno-sign-compare  -m64 -L/home/waker/prj/deadbeef-staticdeps/lib-x86-64/lib conftest.c  -lm >&5
conftest.c:86:6: warning: conflicting types for built-in function 'memcpy' [enabled by default]
 char memcpy ();
      ^
configure:17256: $? = 0
configure:17256: result: yes
configure:17256: checking for memset
configure:17256: /home/waker/prj/deadbeef/tools/apbuild/apgcc -o conftest -m64 -O2 -D_GNU_SOURCE -D_FORTIFY_SOURCE=0 -fPIC -I/home/waker/prj/deadbeef-staticdeps/lib-x86-64/include -Wall -Wchar-subscripts -Wmissing-prototypes -Wmissing-declarations -Wunused -Wpointer-arith -Wwrite-strings -Wnested-externs -Wno-sign-compare  -m64 -L/home/waker/prj/deadbeef-staticdeps/lib-x86-64/lib conftest.c  -lm >&5
conftest.c:87:6: warning: conflicting types for built-in function 'memset' [enabled by default]
 char memset ();
      ^
configure:17256: $? = 0
configure:17256: result: yes
configure:17256: checking for rand
configure:17256: /home/waker/prj/deadbeef/tools/apbuild/apgcc -o conftest -m64 -O2 -D_GNU_SOURCE -D_FORTIFY_SOURCE=0 -fPIC -I/home/waker/prj/deadbeef-staticdeps/lib-x86-64/include -Wall -Wchar-subscripts -Wmissing-prototypes -Wmissing-declarations -Wunused -Wpointer-arith -Wwrite-strings -Wnested-externs -Wno-sign-compare  -m64 -L/home/waker/prj/deadbeef-staticdeps/lib-x86-64/lib conftest.c  -lm >&5
configure:17256: $? = 0
configure:17256: result: yes
configure:17256: checking for seteuid
configure:17256: /home/waker/prj/deadbeef/tools/apbuild/apgcc -o conftest -m64 -O2 -D_GNU_SOURCE -D_FORTIFY_SOURCE=0 -fPIC -I/home/waker/prj/deadbeef-staticdeps/lib-x86-64/include -Wall -Wchar-subscripts -Wmissing-prototypes -Wmissing-declarations -Wunused -Wpointer-arith -Wwrite-strings -Wnested-externs -Wno-sign-compare  -m64 -L/home/waker/prj/deadbeef-staticdeps/lib-x86-64/lib conftest.c  -lm >&5
configure:17256: $? = 0
configure:17256: result: yes
configure:17256: checking for setegid
configure:17256: /home/waker/prj/deadbeef/tools/apbuild/apgcc -o conftest -m64 -O2 -D_GNU_SOURCE -D_FORTIFY_SOURCE=0 -fPIC -I/home/waker/prj/deadbeef-staticdeps/lib-x86-64/include -Wall -Wchar-subscripts -Wmissing-prototypes -Wmissing-declarations -Wunused -Wpointer-arith -Wwrite-strings -Wnested-externs -Wno-sign-compare  -m64 -L/home/waker/prj/deadbeef-staticdeps/lib-x86-64/lib conftest.c  -lm >&5
configure:17256: $? = 0
configure:17256: result: yes
configure:17256: checking for snprintf
configure:17256: /home/waker/prj/deadbeef/tools/apbuild/apgcc -o conftest -m64 -O2 -D_GNU_SOURCE -D_FORTIFY_SOURCE=0 -fPIC -I/home/waker/prj/deadbeef-staticdeps/lib-x86-64/include -Wall -Wchar-subscripts -Wmissing-prototypes -Wmissing-declarations -Wunused -Wpointer-arith -Wwrite-strings -Wnested-externs -Wno-sign-compare  -m64 -L/home/waker/prj/deadbeef-staticdeps/lib-x86-64/lib conftest.c  -lm >&5
conftest.c:91:6: warning: conflicting types for built-in function 'snprintf' [enabled by default]
 char snprintf ();
      ^
configure:17256: $? = 0
configure:17256: result: yes
configure:17256: checking for setenv
configure:17256: /home/waker/prj/deadbeef/tools/apbuild/apgcc -o conftest -m64 -O2 -D_GNU_SOURCE -D_FORTIFY_SOURCE=0 -fPIC -I/home/waker/prj/deadbeef-staticdeps/lib-x86-64/include -Wall -Wchar-subscripts -Wmissing-prototypes -Wmissing-declarations -Wunused -Wpointer-arith -Wwrite-strings -Wnested-externs -Wno-sign-compare  -m64 -L/home/waker/prj/deadbeef-staticdeps/lib-x86-64/lib conftest.c  -lm >&5
configure:17256: $? = 0
configure:17256: result: yes
configure:17256: checking for unsetenv
configure:17256: /home/waker/prj/deadbeef/tools/apbuild/apgcc -o conftest -m64 -O2 -D_GNU_SOURCE -D_FORTIFY_SOURCE=0 -fPIC -I/home/waker/prj/deadbeef-staticdeps/lib-x86-64/include -Wall -Wchar-subscripts -Wmissing-prototypes -Wmissing-declarations -Wunused -Wpointer-arith -Wwrite-strings -Wnested-externs -Wno-sign-compare  -m64 -L/home/waker/prj/deadbeef-staticdeps/lib-x86-64/lib conftest.c  -lm >&5
configure:17256: $? = 0
configure:17256: result: yes
configure:17256: checking for tzset
configure:17256: /home/waker/prj/deadbeef/tools/apbuild/apgcc -o conftest -m64 -O2 -D_GNU_SOURCE -D_FORTIFY_SOURCE=0 -fPIC -I/home/waker/prj/deadbeef-staticdeps/lib-x86-64/include -Wall -Wchar-subscripts -Wmissing-prototypes -Wmissing-declarations -Wunused -Wpointer-arith -Wwrite-strings -Wnested-externs -Wno-sign-compare  -m64 -L/home/waker/prj/deadbeef-staticdeps/lib-x86-64/lib conftest.c  -lm >&5
configure:17256: $? = 0
configure:17256: result: yes
configure:17256: checking for sleep
configure:17256: /home/waker/prj/deadbeef/tools/apbuild/apgcc -o conftest -m64 -O2 -D_GNU_SOURCE -D_FORTIFY_SOURCE=0 -fPIC -I/home/waker/prj/deadbeef-staticdeps/lib-x86-64/include -Wall -Wchar-subscripts -Wmissing-prototypes -Wmissing-declarations -Wunused -Wpointer-arith -Wwrite-strings -Wnested-externs -Wno-sign-compare  -m64 -L/home/waker/prj/deadbeef-staticdeps/lib-x86-64/lib conftest.c  -lm >&5
configure:17256: $? = 0
configure:17256: result: yes
configure:17256: checking for usleep
configure:17256: /home/waker/prj/deadbeef/tools/apbuild/apgcc -o conftest -m64 -O2 -D_GNU_SOURCE -D_FORTIFY_SOURCE=0 -fPIC -I/home/waker/prj/deadbeef-staticdeps/lib-x86-64/include -Wall -Wchar-subscripts -Wmissing-prototypes -Wmissing-declarations -Wunused -Wpointer-arith -Wwrite-strings -Wnested-externs -Wno-sign-compare  -m64 -L/home/waker/prj/deadbeef-staticdeps/lib-x86-64/lib conftest.c  -lm >&5
configure:17256: $? = 0
configure:17256: result: yes
configure:17256: checking for vsnprintf
configure:17256: /home/waker/prj/deadbeef/tools/apbuild/apgcc -o conftest -m64 -O2 -D_GNU_SOURCE -D_FORTIFY_SOURCE=0 -fPIC -I/home/waker/prj/deadbeef-staticdeps/lib-x86-64/include -Wall -Wchar-subscripts -Wmissing-prototypes -Wmissing-declarations -Wunused -Wpointer-arith -Wwrite-strings -Wnested-externs -Wno-sign-compare  -m64 -L/home/waker/prj/deadbeef-staticdeps/lib-x86-64/lib conftest.c  -lm >&5
conftest.c:97:6: warning: conflicting types for built-in function 'vsnprintf' [enabled by default]
 char vsnprintf ();
      ^
configure:17256: $? = 0
configure:17256: result: yes
configure:17256: checking for readlink
configure:17256: /home/waker/prj/deadbeef/tools/apbuild/apgcc -o conftest -m64 -O2 -D_GNU_SOURCE -D_FORTIFY_SOURCE=0 -fPIC -I/home/waker/prj/deadbeef-staticdeps/lib-x86-64/include -Wall -Wchar-subscripts -Wmissing-prototypes -Wmissing-declarations -Wunused -Wpointer-arith -Wwrite-strings -Wnested-externs -Wno-sign-compare  -m64 -L/home/waker/prj/deadbeef-staticdeps/lib-x86-64/lib conftest.c  -lm >&5
configure:17256: $? = 0
configure:17256: result: yes
configure:17256: checking for realpath
configure:17256: /home/waker/prj/deadbeef/tools/apbuild/apgcc -o conftest -m64 -O2 -D_GNU_SOURCE -D_FORTIFY_SOURCE=0 -fPIC -I/home/waker/prj/deadbeef-staticdeps/lib-x86-64/include -Wall -Wchar-subscripts -Wmissing-prototypes -Wmissing-declarations -Wunused -Wpointer-arith -Wwrite-strings -Wnested-externs -Wno-sign-compare  -m64 -L/home/waker/prj/deadbeef-staticdeps/lib-x86-64/lib conftest.c  -lm >&5
configure:17256: $? = 0
configure:17256: result: yes
configure:17256: checking for gmtime_r
configure:17256: /home/waker/prj/deadbeef/tools/apbuild/apgcc -o conftest -m64 -O2 -D_GNU_SOURCE -D_FORTIFY_SOURCE=0 -fPIC -I/home/waker/prj/deadbeef-staticdeps/lib-x86-64/include -Wall -Wchar-subscripts -Wmissing-prototypes -Wmissing-declarations -Wunused -Wpointer-arith -Wwrite-strings -Wnested-externs -Wno-sign-compare  -m64 -L/home/waker/prj/deadbeef-staticdeps/lib-x86-64/lib conftest.c  -lm >&5
configure:17256: $? = 0
configure:17256: result: yes
configure:17256: checking for localtime_r
configure:17256: /home/waker/prj/deadbeef/tools/apbuild/apgcc -o conftest -m64 -O2 -D_GNU_SOURCE -D_FORTIFY_SOURCE=0 -fPIC -I/home/waker/prj/deadbeef-staticdeps/lib-x86-64/include -Wall -Wchar-subscripts -Wmissing-prototypes -Wmissing-declarations -Wunused -Wpointer-arith -Wwrite-strings -Wnested-externs -Wno-sign-compare  -m64 -L/home/waker/prj/deadbeef-staticdeps/lib-x86-64/lib conftest.c  -lm >&5
configure:17256: $? = 0
configure:17256: result: yes
configure:17381: checking that generated files are newer than configure
configure:17387: result: done
configure:17401: checking that generated files are newer than configure
configure:17407: result: done
configure:17451: creating ./config.status

## ---------------------- ##
## Running config.status. ##
## ---------------------- ##

This file was extended by libcdio-paranoia config.status 10.2+0.93+1, which was
generated by GNU Autoconf 2.69.  Invocation command line was

  CONFIG_FILES    = 
  CONFIG_HEADERS  = 
  CONFIG_LINKS    = 
  CONFIG_COMMANDS = 
  $ ./config.status 

on lazer

config.status:1262: creating Makefile
config.status:1262: creating doc/Makefile
config.status:1262: creating doc/doxygen/Doxyfile
config.status:1262: creating doc/en/Makefile
config.status:1262: creating doc/en/cd-paranoia.1
config.status:1262: creating doc/ja/Makefile
config.status:1262: creating doc/ja/cd-paranoia.1
config.status:1262: creating example/Makefile
config.status:1262: creating example/C++/Makefile
config.status:1262: creating include/Makefile
config.status:1262: creating include/cdio/Makefile
config.status:1262: creating include/cdio/paranoia/Makefile
config.status:1262: creating include/cdio/paranoia/version.h
config.status:1262: creating lib/Makefile
config.status:1262: creating lib/cdda_interface/Makefile
config.status:1262: creating lib/paranoia/Makefile
config.status:1262: creating libcdio_cdda.pc
config.status:1262: creating libcdio_paranoia.pc
config.status:1262: creating src/Makefile
config.status:1262: creating src/usage.txt
config.status:1262: creating test/data/Makefile
config.status:1262: creating test/cdda_interface/Makefile
config.status:1262: creating test/cdda_interface/toc.c
config.status:1262: creating test/Makefile
config.status:1262: creating test/check_paranoia.sh
config.status:1262: creating config.h
config.status:1443: config.h is unchanged
config.status:1491: executing depfiles commands
config.status:1491: executing libtool commands
configure:19972:
Building C++ programs: no

## ---------------- ##
## Cache variables. ##
## ---------------- ##

ac_cv_build=x86_64-unknown-linux-gnu
ac_cv_c_bigendian=no
ac_cv_c_compiler_gnu=yes
ac_cv_c_const=yes
ac_cv_c_inline=inline
ac_cv_cxx_compiler_gnu=yes
ac_cv_env_CCC_set=
ac_cv_env_CCC_value=
ac_cv_env_CC_set=set
ac_cv_env_CC_value=/home/waker/prj/deadbeef/tools/apbuild/apgcc
ac_cv_env_CFLAGS_set=set
ac_cv_env_CFLAGS_value='-m64 -O2 -D_GNU_SOURCE -D_FORTIFY_SOURCE=0 -fPIC -I/home/waker/prj/deadbeef-staticdeps/lib-x86-64/include'
ac_cv_env_CPPFLAGS_set=
ac_cv_env_CPPFLAGS_value=
ac_cv_env_CPP_set=
ac_cv_env_CPP_value=
ac_cv_env_CXXCPP_set=
ac_cv_env_CXXCPP_value=
ac_cv_env_CXXFLAGS_set=
ac_cv_env_CXXFLAGS_value=
ac_cv_env_CXX_set=set
ac_cv_env_CXX_value=/home/waker/prj/deadbeef/tools/apbuild/apgcc
ac_cv_env_LDFLAGS_set=set
ac_cv_env_LDFLAGS_value='-m64 -L/home/waker/prj/deadbeef-staticdeps/lib-x86-64/lib'
ac_cv_env_LIBCDIO_CFLAGS_set=
ac_cv_env_LIBCDIO_CFLAGS_value=
ac_cv_env_LIBCDIO_LIBS_set=
ac_cv_env_LIBCDIO_LIBS_value=
ac_cv_env_LIBS_set=
ac_cv_env_LIBS_value=
ac_cv_env_PKG_CONFIG_set=
ac_cv_env_PKG_CONFIG_value=
ac_cv_env_build_alias_set=set
ac_cv_env_build_alias_value=x86_64-unknown-linux-gnu
ac_cv_env_host_alias_set=
ac_cv_env_host_alias_value=
ac_cv_env_target_alias_set=
ac_cv_env_target_alias_value=
ac_cv_func_bzero=yes
ac_cv_func_chdir=yes
ac_cv_func_drand48=yes
ac_cv_func_ftruncate=yes
ac_cv_func_geteuid=yes
ac_cv_func_getgid=yes
ac_cv_func_getpwuid=yes
ac_cv_func_gettimeofday=yes
ac_cv_func_getuid=yes
ac_cv_func_gmtime_r=yes
ac_cv_func_localtime_r=yes
ac_cv_func_lstat=yes
ac_cv_func_memcpy=yes
ac_cv_func_memset=yes
ac_cv_func_rand=yes
ac_cv_func_readlink=yes
ac_cv_func_realpath=yes
ac_cv_func_setegid=yes
ac_cv_func_setenv=yes
ac_cv_func_seteuid=yes
ac_cv_func_sleep=yes
ac_cv_func_snprintf=yes
ac_cv_func_tzset=yes
ac_cv_func_unsetenv=yes
ac_cv_func_usleep=yes
ac_cv_func_vsnprintf=yes
ac_cv_header_dlfcn_h=yes
ac_cv_header_errno_h=yes
ac_cv_header_fcntl_h=yes
ac_cv_header_getopt_h=yes
ac_cv_header_glob_h=yes
ac_cv_header_inttypes_h=yes
ac_cv_header_limits_h=yes
ac_cv_header_linux_cdrom_h=yes
ac_cv_header_linux_major_h=yes
ac_cv_header_linux_version_h=yes
ac_cv_header_memory_h=yes
ac_cv_header_minix_config_h=no
ac_cv_header_pwd_h=yes
ac_cv_header_stdarg_h=yes
ac_cv_header_stdbool_h=yes
ac_cv_header_stdc=yes
ac_cv_header_stdint_h=yes
ac_cv_header_stdio_h=yes
ac_cv_header_stdlib_h=yes
ac_cv_header_string_h=yes
ac_cv_header_strings_h=yes
ac_cv_header_sys_cdio_h=no
ac_cv_header_sys_param_h=yes
ac_cv_header_sys_stat_h=yes
ac_cv_header_sys_time_h=yes
ac_cv_header_sys_timeb_h=yes
ac_cv_header_sys_types_h=yes
ac_cv_header_sys_utsname_h=yes
ac_cv_header_unistd_h=yes
ac_cv_host=x86_64-unknown-linux-gnu
ac_cv_lib_m_cos=yes
ac_cv_objext=o
ac_cv_path_CMP=/usr/bin/cmp
ac_cv_path_DIFF=/usr/bin/diff
ac_cv_path_EGREP='/bin/grep -E'
ac_cv_path_FGREP='/bin/grep -F'
ac_cv_path_GREP=/bin/grep
ac_cv_path_OLD_CDPARANOIA=no
ac_cv_path_PERL=/usr/bin/perl
ac_cv_path_SED=/bin/sed
ac_cv_path_ac_pt_PKG_CONFIG=/usr/bin/pkg-config
ac_cv_path_install='/usr/bin/install -c'
ac_cv_path_mkdir=/bin/mkdir
ac_cv_prog_AWK=gawk
ac_cv_prog_CPP='/home/waker/prj/deadbeef/tools/apbuild/apgcc -E'
ac_cv_prog_CXXCPP='/home/waker/prj/deadbeef/tools/apbuild/apgcc -E'
ac_cv_prog_ac_ct_AR=ar
ac_cv_prog_ac_ct_CC=/home/waker/prj/deadbeef/tools/apbuild/apgcc
ac_cv_prog_ac_ct_DLLTOOL=dlltool
ac_cv_prog_ac_ct_MANIFEST_TOOL=mt
ac_cv_prog_ac_ct_OBJDUMP=objdump
ac_cv_prog_ac_ct_RANLIB=ranlib
ac_cv_prog_ac_ct_STRIP=strip
ac_cv_prog_cc_c89=
ac_cv_prog_cc_g=yes
ac_cv_prog_cxx_g=yes
ac_cv_prog_make_make_set=yes
ac_cv_safe_to_define___extensions__=yes
am_cv_CC_dependencies_compiler_type=gcc3
am_cv_CXX_dependencies_compiler_type=gcc3
am_cv_make_support_nested_variables=yes
am_cv_prog_cc_c_o=yes
lt_cv_ar_at_file=@
lt_cv_deplibs_check_method=pass_all
lt_cv_file_magic_cmd='$MAGIC_CMD'
lt_cv_file_magic_test_file=
lt_cv_ld_reload_flag=-r
lt_cv_nm_interface='BSD nm'
lt_cv_objdir=.libs
lt_cv_path_LD=/usr/bin/ld
lt_cv_path_LDCXX='/usr/bin/ld -m elf_x86_64'
lt_cv_path_NM='/usr/bin/nm -B'
lt_cv_path_mainfest_tool=no
lt_cv_prog_compiler_c_o=yes
lt_cv_prog_compiler_c_o_CXX=yes
lt_cv_prog_compiler_pic='-fPIC -DPIC'
lt_cv_prog_compiler_pic_CXX='-fPIC -DPIC'
lt_cv_prog_compiler_pic_works=yes
lt_cv_prog_compiler_pic_works_CXX=yes
lt_cv_prog_compiler_rtti_exceptions=no
lt_cv_prog_compiler_static_works=no
lt_cv_prog_compiler_static_works_CXX=no
lt_cv_prog_gnu_ld=yes
lt_cv_prog_gnu_ldcxx=yes
lt_cv_sharedlib_from_linklib_cmd='printf %s\n'
lt_cv_shlibpath_overrides_runpath=yes
lt_cv_sys_global_symbol_pipe='sed -n -e '\''s/^.*[	 ]\([ABCDGIRSTW][ABCDGIRSTW]*\)[	 ][	 ]*\([_A-Za-z][_A-Za-z0-9]*\)$/\1 \2 \2/p'\'' | sed '\''/ __gnu_lto/d'\'''
lt_cv_sys_global_symbol_to_c_name_address='sed -n -e '\''s/^: \([^ ]*\)[ ]*$/  {\"\1\", (void *) 0},/p'\'' -e '\''s/^[ABCDGIRSTW]* \([^ ]*\) \([^ ]*\)$/  {"\2", (void *) \&\2},/p'\'''
lt_cv_sys_global_symbol_to_c_name_address_lib_prefix='sed -n -e '\''s/^: \([^ ]*\)[ ]*$/  {\"\1\", (void *) 0},/p'\'' -e '\''s/^[ABCDGIRSTW]* \([^ ]*\) \(lib[^ ]*\)$/  {"\2", (void *) \&\2},/p'\'' -e '\''s/^[ABCDGIRSTW]* \([^ ]*\) \([^ ]*\)$/  {"lib\2", (void *) \&\2},/p'\'''
lt_cv_sys_global_symbol_to_cdecl='sed -n -e '\''s/^T .* \(.*\)$/extern int \1();/p'\'' -e '\''s/^[ABCDGIRSTW]* .* \(.*\)$/extern char \1;/p'\'''
lt_cv_sys_max_cmd_len=1572864
lt_cv_to_host_file_cmd=func_convert_file_noop
lt_cv_to_tool_file_cmd=func_convert_file_noop
pkg_cv_LIBCDIO_CFLAGS='-I/home/waker/prj/deadbeef-staticdeps/lib-x86-64/include  '
pkg_cv_LIBCDIO_LIBS='-L/home/waker/prj/deadbeef-staticdeps/lib-x86-64/lib -lcdio -lm  '

## ----------------- ##
## Output variables. ##
## ----------------- ##

ACLOCAL='${SHELL} /home/waker/prj/deadbeef-staticdeps/libcdio-paranoia-10.2+0.93+1/missing aclocal-1.14'
AMDEPBACKSLASH='\'
AMDEP_FALSE='#'
AMDEP_TRUE=''
AMTAR='$${TAR-tar}'
AM_BACKSLASH='\'
AM_DEFAULT_V='$(AM_DEFAULT_VERBOSITY)'
AM_DEFAULT_VERBOSITY='1'
AM_V='$(V)'
AR='ar'
AS='as'
AUTOCONF='${SHELL} /home/waker/prj/deadbeef-staticdeps/libcdio-paranoia-10.2+0.93+1/missing autoconf'
AUTOHEADER='${SHELL} /home/waker/prj/deadbeef-staticdeps/libcdio-paranoia-10.2+0.93+1/missing autoheader'
AUTOMAKE='${SHELL} /home/waker/prj/deadbeef-staticdeps/libcdio-paranoia-10.2+0.93+1/missing automake-1.14'
AWK='gawk'
BUILD_EXAMPLES_FALSE=''
BUILD_EXAMPLES_TRUE='#'
BUILD_VERSIONED_LIBS_FALSE='#'
BUILD_VERSIONED_LIBS_TRUE=''
CC='/home/waker/prj/deadbeef/tools/apbuild/apgcc'
CCDEPMODE='depmode=gcc3'
CDPARANOIA_NAME='cd-paranoia'
CFLAGS='-m64 -O2 -D_GNU_SOURCE -D_FORTIFY_SOURCE=0 -fPIC -I/home/waker/prj/deadbeef-staticdeps/lib-x86-64/include -Wall -Wchar-subscripts -Wmissing-prototypes -Wmissing-declarations -Wunused -Wpointer-arith -Wwrite-strings -Wnested-externs -Wno-sign-compare'
CMP='/usr/bin/cmp'
COS_LIB='-lm'
CPP='/home/waker/prj/deadbeef/tools/apbuild/apgcc -E'
CPPFLAGS=''
CXX='/home/waker/prj/deadbeef/tools/apbuild/apgcc'
CXXCPP='/home/waker/prj/deadbeef/tools/apbuild/apgcc -E'
CXXDEPMODE='depmode=gcc3'
CXXFLAGS='-g -O2'
CYGPATH_W='echo'
CYGWIN_FALSE=''
CYGWIN_TRUE='#'
DARWIN_PKG_LIB_HACK=''
DEFS='-DHAVE_CONFIG_H'
DEPDIR='.deps'
DIFF='/usr/bin/diff'
DIFF_OPTS=' -w --unified'
DLLTOOL='dlltool'
DSYMUTIL=''
DUMPBIN=''
ECHO_C=''
ECHO_N='-n'
ECHO_T=''
EGREP='/bin/grep -E'
ENABLE_CPP_FALSE=''
ENABLE_CPP_TRUE='#'
ENABLE_CXX_BINDINGS_FALSE=''
ENABLE_CXX_BINDINGS_TRUE='#'
EXEEXT=''
FGREP='/bin/grep -F'
GIT2CL='${SHELL} /home/waker/prj/deadbeef-staticdeps/libcdio-paranoia-10.2+0.93+1/missing git2cl'
GREP='/bin/grep'
HAVE_PERL_FALSE='#'
HAVE_PERL_TRUE=''
HELP2MAN='${SHELL} /home/waker/prj/deadbeef-staticdeps/libcdio-paranoia-10.2+0.93+1/missing help2man'
INSTALL_DATA='${INSTALL} -m 644'
INSTALL_PROGRAM='${INSTALL}'
INSTALL_SCRIPT='${INSTALL}'
INSTALL_STRIP_PROGRAM='$(install_sh) -c -s'
LD='/usr/bin/ld -m elf_x86_64'
LDFLAGS='-m64 -L/home/waker/prj/deadbeef-staticdeps/lib-x86-64/lib'
LIBCDIO_CDDA_LIBS='$(top_builddir)/lib/cdda_interface/libcdio_cdda.la'
LIBCDIO_CFLAGS='-I/home/waker/prj/deadbeef-staticdeps/lib-x86-64/include  '
LIBCDIO_LIBS='-L/home/waker/prj/deadbeef-staticdeps/lib-x86-64/lib -lcdio -lm  '
LIBCDIO_PARANOIA_CFLAGS='-I$(top_builddir)/include -I$(top_srcdir)/include/'
LIBCDIO_PARANOIA_LIBS='$(top_builddir)/lib/paranoia/libcdio_paranoia.la'
LIBCDIO_PARANOIA_SOURCE_PATH='/home/waker/prj/deadbeef-staticdeps/libcdio-paranoia-10.2+0.93+1'
LIBOBJS=''
LIBS=' -lm'
LIBTOOL='$(SHELL) $(top_builddir)/libtool'
LIPO=''
LN_S='ln -s'
LTLIBOBJS=''
LT_NO_UNDEFINED=''
MAINT='#'
MAINTAINER_MODE_FALSE=''
MAINTAINER_MODE_TRUE='#'
MAKEINFO='${SHELL} /home/waker/prj/deadbeef-staticdeps/libcdio-paranoia-10.2+0.93+1/missing makeinfo'
MANIFEST_TOOL=':'
MKDIR_P='/bin/mkdir -p'
NM='/usr/bin/nm -B'
NMEDIT=''
OBJDUMP='objdump'
OBJEXT='o'
OLD_CDPARANOIA='no'
OTOOL64=''
OTOOL=''
PACKAGE='libcdio-paranoia'
PACKAGE_BUGREPORT='libcdio-help@gnu.org'
PACKAGE_NAME='libcdio-paranoia'
PACKAGE_STRING='libcdio-paranoia 10.2+0.93+1'
PACKAGE_TARNAME='libcdio-paranoia'
PACKAGE_URL=''
PACKAGE_VERSION='10.2+0.93+1'
PATH_SEPARATOR=':'
PERL='/usr/bin/perl'
PKG_CONFIG='/usr/bin/pkg-config'
RANLIB='ranlib'
SBPCD_H=''
SED='/bin/sed'
SET_MAKE=''
SHELL='/bin/bash'
STRIP='strip'
TYPESIZES=''
VERSION='10.2+0.93+1'
ac_ct_AR='ar'
ac_ct_CC='/home/waker/prj/deadbeef/tools/apbuild/apgcc'
ac_ct_CXX=''
ac_ct_DUMPBIN=''
am__EXEEXT_FALSE=''
am__EXEEXT_TRUE='#'
am__fastdepCC_FALSE='#'
am__fastdepCC_TRUE=''
am__fastdepCXX_FALSE='#'
am__fastdepCXX_TRUE=''
am__include='include'
am__isrc=''
am__leading_dot='.'
am__nodep='_no'
am__quote=''
am__tar='$${TAR-tar} chof - "$$tardir"'
am__untar='$${TAR-tar} xf -'
bindir='${exec_prefix}/bin'
build='x86_64-unknown-linux-gnu'
build_alias='x86_64-unknown-linux-gnu'
build_cpu='x86_64'
build_os='linux-gnu'
build_vendor='unknown'
datadir='${datarootdir}'
datarootdir='${prefix}/share'
docdir='${datarootdir}/doc/${PACKAGE_TARNAME}'
dvidir='${docdir}'
exec_prefix='${prefix}'
host='x86_64-unknown-linux-gnu'
host_alias=''
host_cpu='x86_64'
host_os='linux-gnu'
host_vendor='unknown'
htmldir='${docdir}'
includedir='${prefix}/include'
infodir='${datarootdir}/info'
install_sh='${SHELL} /home/waker/prj/deadbeef-staticdeps/libcdio-paranoia-10.2+0.93+1/install-sh'
libdir='${exec_prefix}/lib'
libexecdir='${exec_prefix}/libexec'
localedir='${datarootdir}/locale'
localstatedir='${prefix}/var'
mandir='${datarootdir}/man'
mkdir_p='$(MKDIR_P)'
native_abs_top_srcdir='/home/waker/prj/deadbeef-staticdeps/libcdio-paranoia-10.2+0.93+1'
oldincludedir='/usr/include'
pdfdir='${docdir}'
prefix='/home/waker/prj/deadbeef-staticdeps/lib-x86-64'
program_transform_name='s,x,x,'
psdir='${docdir}'
sbindir='${exec_prefix}/sbin'
sharedstatedir='${prefix}/com'
sysconfdir='${prefix}/etc'
target_alias=''

## ----------- ##
## confdefs.h. ##
## ----------- ##

/* confdefs.h */
#define PACKAGE_NAME "libcdio-paranoia"
#define PACKAGE_TARNAME "libcdio-paranoia"
#define PACKAGE_VERSION "10.2+0.93+1"
#define PACKAGE_STRING "libcdio-paranoia 10.2+0.93+1"
#define PACKAGE_BUGREPORT "libcdio-help@gnu.org"
#define PACKAGE_URL ""
#define PACKAGE "libcdio-paranoia"
#define VERSION "10.2+0.93+1"
#define STDC_HEADERS 1
#define HAVE_SYS_TYPES_H 1
#define HAVE_SYS_STAT_H 1
#define HAVE_STDLIB_H 1
#define HAVE_STRING_H 1
#define HAVE_MEMORY_H 1
#define HAVE_STRINGS_H 1
#define HAVE_INTTYPES_H 1
#define HAVE_STDINT_H 1
#define HAVE_UNISTD_H 1
#define __EXTENSIONS__ 1
#define _ALL_SOURCE 1
#define _GNU_SOURCE 1
#define _POSIX_PTHREAD_SEMANTICS 1
#define _TANDEM_SOURCE 1
#define STDC_HEADERS 1
#define HAVE_ERRNO_H 1
#define HAVE_FCNTL_H 1
#define HAVE_GLOB_H 1
#define HAVE_LIMITS_H 1
#define HAVE_PWD_H 1
#define HAVE_STDARG_H 1
#define HAVE_STDBOOL_H 1
#define HAVE_STDIO_H 1
#define HAVE_SYS_PARAM_H 1
#define HAVE_SYS_TIME_H 1
#define HAVE_SYS_TIMEB_H 1
#define HAVE_SYS_UTSNAME_H 1
#define HAVE_UNISTD_H 1
#define HAVE_GETOPT_H 1
#define HAVE_ISOC99_PRAGMA /**/
#define HAVE_S_ISLNK /**/
#define HAVE_S_ISSOCK /**/
#define HAVE_STRUCT_TIMESPEC /**/
#define EMPTY_ARRAY_SIZE 
#define HAVE_DLFCN_H 1
#define LT_OBJDIR ".libs/"
#define HAVE_LINUX_VERSION_H 1
#define HAVE_LINUX_MAJOR_H 1
#define HAVE_LINUX_CDROM_H 1
#define HAVE_LINUX_CDROM 1
#define LIBCDIO_PARANOIA_SOURCE_PATH ""
#define HAVE_BZERO 1
#define HAVE_CHDIR 1
#define HAVE_DRAND48 1
#define HAVE_FTRUNCATE 1
#define HAVE_GETEUID 1
#define HAVE_GETGID 1
#define HAVE_GETUID 1
#define HAVE_GETPWUID 1
#define HAVE_GETTIMEOFDAY 1
#define HAVE_LSTAT 1
#define HAVE_MEMCPY 1
#define HAVE_MEMSET 1
#define HAVE_RAND 1
#define HAVE_SETEUID 1
#define HAVE_SETEGID 1
#define HAVE_SNPRINTF 1
#define HAVE_SETENV 1
#define HAVE_UNSETENV 1
#define HAVE_TZSET 1
#define HAVE_SLEEP 1
#define HAVE_USLEEP 1
#define HAVE_VSNPRINTF 1
#define HAVE_READLINK 1
#define HAVE_REALPATH 1
#define HAVE_GMTIME_R 1
#define HAVE_LOCALTIME_R 1

configure: exit 0

## ---------------------- ##
## Running config.status. ##
## ---------------------- ##

This file was extended by libcdio-paranoia config.status 10.2+0.93+1, which was
generated by GNU Autoconf 2.69.  Invocation command line was

  CONFIG_FILES    = 
  CONFIG_HEADERS  = 
  CONFIG_LINKS    = 
  CONFIG_COMMANDS = 
  $ ./config.status src/usage.txt

on lazer

config.status:1262: creating src/usage.txt
