This file contains any messages produced by compilers while
running configure, to aid debugging if configure makes a mistake.

It was created by flac configure 1.3.1, which was
generated by GNU Autoconf 2.69.  Invocation command line was

  $ ./configure --disable-shared --enable-static --with-ogg-includes=../libogg-1.2.0/include --disable-cpplibs --disable-xmms-plugin --disable-doxygen-docs --disable-ogg --prefix=/home/waker/prj/deadbeef-staticdeps/lib-x86-64 --build=x86_64-unknown-linux-gnu

## --------- ##
## Platform. ##
## --------- ##

hostname = lazer
uname -m = x86_64
uname -r = 3.13.0-24-generic
uname -s = Linux
uname -v = #47-Ubuntu SMP Fri May 2 23:30:00 UTC 2014

/usr/bin/uname -p = unknown
/bin/uname -X     = unknown

/bin/arch              = unknown
/usr/bin/arch -k       = unknown
/usr/convex/getsysinfo = unknown
/usr/bin/hostinfo      = unknown
/bin/machine           = unknown
/usr/bin/oslevel       = unknown
/bin/universe          = unknown

PATH: /home/waker/perl5/bin
PATH: /opt/nodejs/bin
PATH: /home/waker/bin
PATH: /home/waker/perl5/bin
PATH: /opt/nodejs/bin
PATH: /usr/local/sbin
PATH: /usr/local/bin
PATH: /usr/sbin
PATH: /usr/bin
PATH: /sbin
PATH: /bin
PATH: /usr/games
PATH: /usr/local/games
PATH: /usr/lib/jvm/java-7-oracle/bin
PATH: /usr/lib/jvm/java-7-oracle/db/bin
PATH: /usr/lib/jvm/java-7-oracle/jre/bin
PATH: /home/waker/android/adt-bundle-linux-x86_64-20140702/sdk/tools
PATH: /home/waker/android/adt-bundle-linux-x86_64-20140702/sdk/platform-tools
PATH: /home/waker/bin
PATH: /home/waker/.local/bin
PATH: /opt/java/bin
PATH: /opt/firefox
PATH: /home/waker/android/adt-bundle-linux-x86_64-20140702/sdk/tools
PATH: /home/waker/android/adt-bundle-linux-x86_64-20140702/sdk/platform-tools
PATH: /home/waker/bin
PATH: /home/waker/.local/bin
PATH: /opt/java/bin
PATH: /opt/firefox


## ----------- ##
## Core tests. ##
## ----------- ##

configure:2759: checking for a BSD-compatible install
configure:2827: result: /usr/bin/install -c
configure:2838: checking whether build environment is sane
configure:2893: result: yes
configure:3044: checking for a thread-safe mkdir -p
configure:3083: result: /bin/mkdir -p
configure:3090: checking for gawk
configure:3106: found /usr/bin/gawk
configure:3117: result: gawk
configure:3128: checking whether make sets $(MAKE)
configure:3150: result: yes
configure:3179: checking whether make supports nested variables
configure:3196: result: yes
configure:3275: checking how to create a pax tar archive
configure:3286: tar --version
tar (GNU tar) 1.27.1
Copyright (C) 2013 Free Software Foundation, Inc.
License GPLv3+: GNU GPL version 3 or later <http://gnu.org/licenses/gpl.html>.
This is free software: you are free to change and redistribute it.
There is NO WARRANTY, to the extent permitted by law.

Written by John Gilmore and Jay Fenlason.
configure:3289: $? = 0
configure:3329: tardir=conftest.dir && eval tar --format=posix -chf - "$tardir" >conftest.tar
configure:3332: $? = 0
configure:3336: tar -xf - <conftest.tar
configure:3339: $? = 0
configure:3341: cat conftest.dir/file
GrepMe
configure:3344: $? = 0
configure:3357: result: gnutar
configure:3417: checking whether make supports nested variables
configure:3434: result: yes
configure:3461: checking for style of include used by make
configure:3489: result: GNU
configure:3560: checking for gcc
configure:3587: result: /home/waker/prj/deadbeef/tools/apbuild/apgcc
configure:3816: checking for C compiler version
configure:3825: /home/waker/prj/deadbeef/tools/apbuild/apgcc --version >&5
gcc (Ubuntu 4.8.2-19ubuntu1) 4.8.2
Copyright (C) 2013 Free Software Foundation, Inc.
This is free software; see the source for copying conditions.  There is NO
warranty; not even for MERCHANTABILITY or FITNESS FOR A PARTICULAR PURPOSE.

configure:3836: $? = 0
configure:3825: /home/waker/prj/deadbeef/tools/apbuild/apgcc -v >&5
Using built-in specs.
COLLECT_GCC=gcc
COLLECT_LTO_WRAPPER=/usr/lib/gcc/x86_64-linux-gnu/4.8/lto-wrapper
Target: x86_64-linux-gnu
Configured with: ../src/configure -v --with-pkgversion='Ubuntu 4.8.2-19ubuntu1' --with-bugurl=file:///usr/share/doc/gcc-4.8/README.Bugs --enable-languages=c,c++,java,go,d,fortran,objc,obj-c++ --prefix=/usr --program-suffix=-4.8 --enable-shared --enable-linker-build-id --libexecdir=/usr/lib --without-included-gettext --enable-threads=posix --with-gxx-include-dir=/usr/include/c++/4.8 --libdir=/usr/lib --enable-nls --with-sysroot=/ --enable-clocale=gnu --enable-libstdcxx-debug --enable-libstdcxx-time=yes --enable-gnu-unique-object --disable-libmudflap --enable-plugin --with-system-zlib --disable-browser-plugin --enable-java-awt=gtk --enable-gtk-cairo --with-java-home=/usr/lib/jvm/java-1.5.0-gcj-4.8-amd64/jre --enable-java-home --with-jvm-root-dir=/usr/lib/jvm/java-1.5.0-gcj-4.8-amd64 --with-jvm-jar-dir=/usr/lib/jvm-exports/java-1.5.0-gcj-4.8-amd64 --with-arch-directory=amd64 --with-ecj-jar=/usr/share/java/eclipse-ecj.jar --enable-objc-gc --enable-multiarch --disable-werror --with-arch-32=i686 --with-abi=m64 --with-multilib-list=m32,m64,mx32 --with-tune=generic --enable-checking=release --build=x86_64-linux-gnu --host=x86_64-linux-gnu --target=x86_64-linux-gnu
Thread model: posix
gcc version 4.8.2 (Ubuntu 4.8.2-19ubuntu1) 
configure:3836: $? = 0
configure:3825: /home/waker/prj/deadbeef/tools/apbuild/apgcc -V >&5
gcc: error: unrecognized command line option '-V'
gcc: fatal error: no input files
compilation terminated.
configure:3836: $? = 4
configure:3825: /home/waker/prj/deadbeef/tools/apbuild/apgcc -qversion >&5
gcc: error: unrecognized command line option '-qversion'
gcc: fatal error: no input files
compilation terminated.
configure:3836: $? = 4
configure:3856: checking whether the C compiler works
configure:3878: /home/waker/prj/deadbeef/tools/apbuild/apgcc -m64 -O2 -D_GNU_SOURCE -D_FORTIFY_SOURCE=0 -fPIC -I/home/waker/prj/deadbeef-staticdeps/lib-x86-64/include  -m64 -L/home/waker/prj/deadbeef-staticdeps/lib-x86-64/lib conftest.c  >&5
configure:3882: $? = 0
configure:3930: result: yes
configure:3933: checking for C compiler default output file name
configure:3935: result: a.out
configure:3941: checking for suffix of executables
configure:3948: /home/waker/prj/deadbeef/tools/apbuild/apgcc -o conftest -m64 -O2 -D_GNU_SOURCE -D_FORTIFY_SOURCE=0 -fPIC -I/home/waker/prj/deadbeef-staticdeps/lib-x86-64/include  -m64 -L/home/waker/prj/deadbeef-staticdeps/lib-x86-64/lib conftest.c  >&5
configure:3952: $? = 0
configure:3974: result: 
configure:3996: checking whether we are cross compiling
configure:4004: /home/waker/prj/deadbeef/tools/apbuild/apgcc -o conftest -m64 -O2 -D_GNU_SOURCE -D_FORTIFY_SOURCE=0 -fPIC -I/home/waker/prj/deadbeef-staticdeps/lib-x86-64/include  -m64 -L/home/waker/prj/deadbeef-staticdeps/lib-x86-64/lib conftest.c  >&5
configure:4008: $? = 0
configure:4015: ./conftest
configure:4019: $? = 0
configure:4034: result: no
configure:4039: checking for suffix of object files
configure:4061: /home/waker/prj/deadbeef/tools/apbuild/apgcc -c -m64 -O2 -D_GNU_SOURCE -D_FORTIFY_SOURCE=0 -fPIC -I/home/waker/prj/deadbeef-staticdeps/lib-x86-64/include  conftest.c >&5
configure:4065: $? = 0
configure:4086: result: o
configure:4090: checking whether we are using the GNU C compiler
configure:4109: /home/waker/prj/deadbeef/tools/apbuild/apgcc -c -m64 -O2 -D_GNU_SOURCE -D_FORTIFY_SOURCE=0 -fPIC -I/home/waker/prj/deadbeef-staticdeps/lib-x86-64/include  conftest.c >&5
configure:4109: $? = 0
configure:4118: result: yes
configure:4127: checking whether /home/waker/prj/deadbeef/tools/apbuild/apgcc accepts -g
configure:4147: /home/waker/prj/deadbeef/tools/apbuild/apgcc -c -g  conftest.c >&5
configure:4147: $? = 0
configure:4188: result: yes
configure:4205: checking for /home/waker/prj/deadbeef/tools/apbuild/apgcc option to accept ISO C89
configure:4268: /home/waker/prj/deadbeef/tools/apbuild/apgcc  -c -m64 -O2 -D_GNU_SOURCE -D_FORTIFY_SOURCE=0 -fPIC -I/home/waker/prj/deadbeef-staticdeps/lib-x86-64/include  conftest.c >&5
configure:4268: $? = 0
configure:4281: result: none needed
configure:4306: checking whether /home/waker/prj/deadbeef/tools/apbuild/apgcc understands -c and -o together
configure:4328: /home/waker/prj/deadbeef/tools/apbuild/apgcc -c conftest.c -o conftest2.o
configure:4331: $? = 0
configure:4328: /home/waker/prj/deadbeef/tools/apbuild/apgcc -c conftest.c -o conftest2.o
configure:4331: $? = 0
configure:4343: result: yes
configure:4362: checking dependency style of /home/waker/prj/deadbeef/tools/apbuild/apgcc
configure:4473: result: gcc3
configure:4492: checking for /home/waker/prj/deadbeef/tools/apbuild/apgcc option to accept ISO C99
configure:4641: /home/waker/prj/deadbeef/tools/apbuild/apgcc  -c -m64 -O2 -D_GNU_SOURCE -D_FORTIFY_SOURCE=0 -fPIC -I/home/waker/prj/deadbeef-staticdeps/lib-x86-64/include  conftest.c >&5
conftest.c:61:29: error: expected ';', ',' or ')' before 'text'
 test_restrict (ccp restrict text)
                             ^
conftest.c: In function 'main':
conftest.c:115:18: error: expected '=', ',', ';', 'asm' or '__attribute__' before 'newvar'
   char *restrict newvar = "Another string";
                  ^
conftest.c:115:18: error: 'newvar' undeclared (first use in this function)
conftest.c:115:18: note: each undeclared identifier is reported only once for each function it appears in
conftest.c:125:3: error: 'for' loop initial declarations are only allowed in C99 mode
   for (int i = 0; i < ia->datasize; ++i)
   ^
conftest.c:125:3: note: use option -std=c99 or -std=gnu99 to compile your code
configure:4641: $? = 1
configure: failed program was:
| /* confdefs.h */
| #define PACKAGE_NAME "flac"
| #define PACKAGE_TARNAME "flac"
| #define PACKAGE_VERSION "1.3.1"
| #define PACKAGE_STRING "flac 1.3.1"
| #define PACKAGE_BUGREPORT "flac-dev@xiph.org"
| #define PACKAGE_URL "https://www.xiph.org/flac/"
| #define PACKAGE "flac"
| #define VERSION "1.3.1"
| /* end confdefs.h.  */
| #include <stdarg.h>
| #include <stdbool.h>
| #include <stdlib.h>
| #include <wchar.h>
| #include <stdio.h>
| 
| // Check varargs macros.  These examples are taken from C99 6.10.3.5.
| #define debug(...) fprintf (stderr, __VA_ARGS__)
| #define showlist(...) puts (#__VA_ARGS__)
| #define report(test,...) ((test) ? puts (#test) : printf (__VA_ARGS__))
| static void
| test_varargs_macros (void)
| {
|   int x = 1234;
|   int y = 5678;
|   debug ("Flag");
|   debug ("X = %d\n", x);
|   showlist (The first, second, and third items.);
|   report (x>y, "x is %d but y is %d", x, y);
| }
| 
| // Check long long types.
| #define BIG64 18446744073709551615ull
| #define BIG32 4294967295ul
| #define BIG_OK (BIG64 / BIG32 == 4294967297ull && BIG64 % BIG32 == 0)
| #if !BIG_OK
|   your preprocessor is broken;
| #endif
| #if BIG_OK
| #else
|   your preprocessor is broken;
| #endif
| static long long int bignum = -9223372036854775807LL;
| static unsigned long long int ubignum = BIG64;
| 
| struct incomplete_array
| {
|   int datasize;
|   double data[];
| };
| 
| struct named_init {
|   int number;
|   const wchar_t *name;
|   double average;
| };
| 
| typedef const char *ccp;
| 
| static inline int
| test_restrict (ccp restrict text)
| {
|   // See if C++-style comments work.
|   // Iterate through items via the restricted pointer.
|   // Also check for declarations in for loops.
|   for (unsigned int i = 0; *(text+i) != '\0'; ++i)
|     continue;
|   return 0;
| }
| 
| // Check varargs and va_copy.
| static void
| test_varargs (const char *format, ...)
| {
|   va_list args;
|   va_start (args, format);
|   va_list args_copy;
|   va_copy (args_copy, args);
| 
|   const char *str;
|   int number;
|   float fnumber;
| 
|   while (*format)
|     {
|       switch (*format++)
| 	{
| 	case 's': // string
| 	  str = va_arg (args_copy, const char *);
| 	  break;
| 	case 'd': // int
| 	  number = va_arg (args_copy, int);
| 	  break;
| 	case 'f': // float
| 	  fnumber = va_arg (args_copy, double);
| 	  break;
| 	default:
| 	  break;
| 	}
|     }
|   va_end (args_copy);
|   va_end (args);
| }
| 
| int
| main ()
| {
| 
|   // Check bool.
|   _Bool success = false;
| 
|   // Check restrict.
|   if (test_restrict ("String literal") == 0)
|     success = true;
|   char *restrict newvar = "Another string";
| 
|   // Check varargs.
|   test_varargs ("s, d' f .", "string", 65, 34.234);
|   test_varargs_macros ();
| 
|   // Check flexible array members.
|   struct incomplete_array *ia =
|     malloc (sizeof (struct incomplete_array) + (sizeof (double) * 10));
|   ia->datasize = 10;
|   for (int i = 0; i < ia->datasize; ++i)
|     ia->data[i] = i * 1.234;
| 
|   // Check named initializers.
|   struct named_init ni = {
|     .number = 34,
|     .name = L"Test wide string",
|     .average = 543.34343,
|   };
| 
|   ni.number = 58;
| 
|   int dynamic_array[ni.number];
|   dynamic_array[ni.number - 1] = 543;
| 
|   // work around unused variable warnings
|   return (!success || bignum == 0LL || ubignum == 0uLL || newvar[0] == 'x'
| 	  || dynamic_array[ni.number - 1] != 543);
| 
|   ;
|   return 0;
| }
configure:4641: /home/waker/prj/deadbeef/tools/apbuild/apgcc -std=gnu99 -c -m64 -O2 -D_GNU_SOURCE -D_FORTIFY_SOURCE=0 -fPIC -I/home/waker/prj/deadbeef-staticdeps/lib-x86-64/include  conftest.c >&5
configure:4641: $? = 0
configure:4661: result: -std=gnu99
configure:4762: checking for /home/waker/prj/deadbeef/tools/apbuild/apgcc -std=gnu99 option to accept ISO Standard C
configure:4776: result: -std=gnu99
configure:4786: checking how to run the C preprocessor
configure:4817: /home/waker/prj/deadbeef/tools/apbuild/apgcc -std=gnu99 -E  conftest.c
configure:4817: $? = 0
configure:4831: /home/waker/prj/deadbeef/tools/apbuild/apgcc -std=gnu99 -E  conftest.c
conftest.c:11:28: fatal error: ac_nonexistent.h: No such file or directory
 #include <ac_nonexistent.h>
                            ^
compilation terminated.
configure:4831: $? = 1
configure: failed program was:
| /* confdefs.h */
| #define PACKAGE_NAME "flac"
| #define PACKAGE_TARNAME "flac"
| #define PACKAGE_VERSION "1.3.1"
| #define PACKAGE_STRING "flac 1.3.1"
| #define PACKAGE_BUGREPORT "flac-dev@xiph.org"
| #define PACKAGE_URL "https://www.xiph.org/flac/"
| #define PACKAGE "flac"
| #define VERSION "1.3.1"
| /* end confdefs.h.  */
| #include <ac_nonexistent.h>
configure:4856: result: /home/waker/prj/deadbeef/tools/apbuild/apgcc -std=gnu99 -E
configure:4876: /home/waker/prj/deadbeef/tools/apbuild/apgcc -std=gnu99 -E  conftest.c
configure:4876: $? = 0
configure:4890: /home/waker/prj/deadbeef/tools/apbuild/apgcc -std=gnu99 -E  conftest.c
conftest.c:11:28: fatal error: ac_nonexistent.h: No such file or directory
 #include <ac_nonexistent.h>
                            ^
compilation terminated.
configure:4890: $? = 1
configure: failed program was:
| /* confdefs.h */
| #define PACKAGE_NAME "flac"
| #define PACKAGE_TARNAME "flac"
| #define PACKAGE_VERSION "1.3.1"
| #define PACKAGE_STRING "flac 1.3.1"
| #define PACKAGE_BUGREPORT "flac-dev@xiph.org"
| #define PACKAGE_URL "https://www.xiph.org/flac/"
| #define PACKAGE "flac"
| #define VERSION "1.3.1"
| /* end confdefs.h.  */
| #include <ac_nonexistent.h>
configure:4919: checking for grep that handles long lines and -e
configure:4977: result: /bin/grep
configure:4982: checking for egrep
configure:5044: result: /bin/grep -E
configure:5049: checking for ANSI C header files
configure:5069: /home/waker/prj/deadbeef/tools/apbuild/apgcc -std=gnu99 -c -m64 -O2 -D_GNU_SOURCE -D_FORTIFY_SOURCE=0 -fPIC -I/home/waker/prj/deadbeef-staticdeps/lib-x86-64/include  conftest.c >&5
configure:5069: $? = 0
configure:5142: /home/waker/prj/deadbeef/tools/apbuild/apgcc -std=gnu99 -o conftest -m64 -O2 -D_GNU_SOURCE -D_FORTIFY_SOURCE=0 -fPIC -I/home/waker/prj/deadbeef-staticdeps/lib-x86-64/include  -m64 -L/home/waker/prj/deadbeef-staticdeps/lib-x86-64/lib conftest.c  >&5
configure:5142: $? = 0
configure:5142: ./conftest
configure:5142: $? = 0
configure:5153: result: yes
configure:5166: checking for sys/types.h
configure:5166: /home/waker/prj/deadbeef/tools/apbuild/apgcc -std=gnu99 -c -m64 -O2 -D_GNU_SOURCE -D_FORTIFY_SOURCE=0 -fPIC -I/home/waker/prj/deadbeef-staticdeps/lib-x86-64/include  conftest.c >&5
configure:5166: $? = 0
configure:5166: result: yes
configure:5166: checking for sys/stat.h
configure:5166: /home/waker/prj/deadbeef/tools/apbuild/apgcc -std=gnu99 -c -m64 -O2 -D_GNU_SOURCE -D_FORTIFY_SOURCE=0 -fPIC -I/home/waker/prj/deadbeef-staticdeps/lib-x86-64/include  conftest.c >&5
configure:5166: $? = 0
configure:5166: result: yes
configure:5166: checking for stdlib.h
configure:5166: /home/waker/prj/deadbeef/tools/apbuild/apgcc -std=gnu99 -c -m64 -O2 -D_GNU_SOURCE -D_FORTIFY_SOURCE=0 -fPIC -I/home/waker/prj/deadbeef-staticdeps/lib-x86-64/include  conftest.c >&5
configure:5166: $? = 0
configure:5166: result: yes
configure:5166: checking for string.h
configure:5166: /home/waker/prj/deadbeef/tools/apbuild/apgcc -std=gnu99 -c -m64 -O2 -D_GNU_SOURCE -D_FORTIFY_SOURCE=0 -fPIC -I/home/waker/prj/deadbeef-staticdeps/lib-x86-64/include  conftest.c >&5
configure:5166: $? = 0
configure:5166: result: yes
configure:5166: checking for memory.h
configure:5166: /home/waker/prj/deadbeef/tools/apbuild/apgcc -std=gnu99 -c -m64 -O2 -D_GNU_SOURCE -D_FORTIFY_SOURCE=0 -fPIC -I/home/waker/prj/deadbeef-staticdeps/lib-x86-64/include  conftest.c >&5
configure:5166: $? = 0
configure:5166: result: yes
configure:5166: checking for strings.h
configure:5166: /home/waker/prj/deadbeef/tools/apbuild/apgcc -std=gnu99 -c -m64 -O2 -D_GNU_SOURCE -D_FORTIFY_SOURCE=0 -fPIC -I/home/waker/prj/deadbeef-staticdeps/lib-x86-64/include  conftest.c >&5
configure:5166: $? = 0
configure:5166: result: yes
configure:5166: checking for inttypes.h
configure:5166: /home/waker/prj/deadbeef/tools/apbuild/apgcc -std=gnu99 -c -m64 -O2 -D_GNU_SOURCE -D_FORTIFY_SOURCE=0 -fPIC -I/home/waker/prj/deadbeef-staticdeps/lib-x86-64/include  conftest.c >&5
configure:5166: $? = 0
configure:5166: result: yes
configure:5166: checking for stdint.h
configure:5166: /home/waker/prj/deadbeef/tools/apbuild/apgcc -std=gnu99 -c -m64 -O2 -D_GNU_SOURCE -D_FORTIFY_SOURCE=0 -fPIC -I/home/waker/prj/deadbeef-staticdeps/lib-x86-64/include  conftest.c >&5
configure:5166: $? = 0
configure:5166: result: yes
configure:5166: checking for unistd.h
configure:5166: /home/waker/prj/deadbeef/tools/apbuild/apgcc -std=gnu99 -c -m64 -O2 -D_GNU_SOURCE -D_FORTIFY_SOURCE=0 -fPIC -I/home/waker/prj/deadbeef-staticdeps/lib-x86-64/include  conftest.c >&5
configure:5166: $? = 0
configure:5166: result: yes
configure:5179: checking minix/config.h usability
configure:5179: /home/waker/prj/deadbeef/tools/apbuild/apgcc -std=gnu99 -c -m64 -O2 -D_GNU_SOURCE -D_FORTIFY_SOURCE=0 -fPIC -I/home/waker/prj/deadbeef-staticdeps/lib-x86-64/include  conftest.c >&5
conftest.c:54:26: fatal error: minix/config.h: No such file or directory
 #include <minix/config.h>
                          ^
compilation terminated.
configure:5179: $? = 1
configure: failed program was:
| /* confdefs.h */
| #define PACKAGE_NAME "flac"
| #define PACKAGE_TARNAME "flac"
| #define PACKAGE_VERSION "1.3.1"
| #define PACKAGE_STRING "flac 1.3.1"
| #define PACKAGE_BUGREPORT "flac-dev@xiph.org"
| #define PACKAGE_URL "https://www.xiph.org/flac/"
| #define PACKAGE "flac"
| #define VERSION "1.3.1"
| #define STDC_HEADERS 1
| #define HAVE_SYS_TYPES_H 1
| #define HAVE_SYS_STAT_H 1
| #define HAVE_STDLIB_H 1
| #define HAVE_STRING_H 1
| #define HAVE_MEMORY_H 1
| #define HAVE_STRINGS_H 1
| #define HAVE_INTTYPES_H 1
| #define HAVE_STDINT_H 1
| #define HAVE_UNISTD_H 1
| /* end confdefs.h.  */
| #include <stdio.h>
| #ifdef HAVE_SYS_TYPES_H
| # include <sys/types.h>
| #endif
| #ifdef HAVE_SYS_STAT_H
| # include <sys/stat.h>
| #endif
| #ifdef STDC_HEADERS
| # include <stdlib.h>
| # include <stddef.h>
| #else
| # ifdef HAVE_STDLIB_H
| #  include <stdlib.h>
| # endif
| #endif
| #ifdef HAVE_STRING_H
| # if !defined STDC_HEADERS && defined HAVE_MEMORY_H
| #  include <memory.h>
| # endif
| # include <string.h>
| #endif
| #ifdef HAVE_STRINGS_H
| # include <strings.h>
| #endif
| #ifdef HAVE_INTTYPES_H
| # include <inttypes.h>
| #endif
| #ifdef HAVE_STDINT_H
| # include <stdint.h>
| #endif
| #ifdef HAVE_UNISTD_H
| # include <unistd.h>
| #endif
| #include <minix/config.h>
configure:5179: result: no
configure:5179: checking minix/config.h presence
configure:5179: /home/waker/prj/deadbeef/tools/apbuild/apgcc -std=gnu99 -E  conftest.c
conftest.c:21:26: fatal error: minix/config.h: No such file or directory
 #include <minix/config.h>
                          ^
compilation terminated.
configure:5179: $? = 1
configure: failed program was:
| /* confdefs.h */
| #define PACKAGE_NAME "flac"
| #define PACKAGE_TARNAME "flac"
| #define PACKAGE_VERSION "1.3.1"
| #define PACKAGE_STRING "flac 1.3.1"
| #define PACKAGE_BUGREPORT "flac-dev@xiph.org"
| #define PACKAGE_URL "https://www.xiph.org/flac/"
| #define PACKAGE "flac"
| #define VERSION "1.3.1"
| #define STDC_HEADERS 1
| #define HAVE_SYS_TYPES_H 1
| #define HAVE_SYS_STAT_H 1
| #define HAVE_STDLIB_H 1
| #define HAVE_STRING_H 1
| #define HAVE_MEMORY_H 1
| #define HAVE_STRINGS_H 1
| #define HAVE_INTTYPES_H 1
| #define HAVE_STDINT_H 1
| #define HAVE_UNISTD_H 1
| /* end confdefs.h.  */
| #include <minix/config.h>
configure:5179: result: no
configure:5179: checking for minix/config.h
configure:5179: result: no
configure:5200: checking whether it is safe to define __EXTENSIONS__
configure:5218: /home/waker/prj/deadbeef/tools/apbuild/apgcc -std=gnu99 -c -m64 -O2 -D_GNU_SOURCE -D_FORTIFY_SOURCE=0 -fPIC -I/home/waker/prj/deadbeef-staticdeps/lib-x86-64/include  conftest.c >&5
configure:5218: $? = 0
configure:5225: result: yes
configure:5288: checking for ar
configure:5304: found /usr/bin/ar
configure:5315: result: ar
configure:5341: checking the archiver (ar) interface
configure:5357: /home/waker/prj/deadbeef/tools/apbuild/apgcc -std=gnu99 -c -m64 -O2 -D_GNU_SOURCE -D_FORTIFY_SOURCE=0 -fPIC -I/home/waker/prj/deadbeef-staticdeps/lib-x86-64/include  conftest.c >&5
configure:5357: $? = 0
configure:5359: ar cru libconftest.a conftest.o >&5
configure:5362: $? = 0
configure:5390: result: ar
configure:5439: checking build system type
configure:5453: result: x86_64-unknown-linux-gnu
configure:5473: checking host system type
configure:5486: result: x86_64-unknown-linux-gnu
configure:5527: checking how to print strings
configure:5554: result: printf
configure:5575: checking for a sed that does not truncate output
configure:5639: result: /bin/sed
configure:5657: checking for fgrep
configure:5719: result: /bin/grep -F
configure:5754: checking for ld used by /home/waker/prj/deadbeef/tools/apbuild/apgcc -std=gnu99
configure:5821: result: /usr/bin/ld
configure:5828: checking if the linker (/usr/bin/ld) is GNU ld
configure:5843: result: yes
configure:5855: checking for BSD- or MS-compatible name lister (nm)
configure:5904: result: /usr/bin/nm -B
configure:6034: checking the name lister (/usr/bin/nm -B) interface
configure:6041: /home/waker/prj/deadbeef/tools/apbuild/apgcc -std=gnu99 -c -m64 -O2 -D_GNU_SOURCE -D_FORTIFY_SOURCE=0 -fPIC -I/home/waker/prj/deadbeef-staticdeps/lib-x86-64/include  conftest.c >&5
configure:6044: /usr/bin/nm -B "conftest.o"
configure:6047: output
0000000000000000 B some_variable
configure:6054: result: BSD nm
configure:6057: checking whether ln -s works
configure:6061: result: yes
configure:6069: checking the maximum length of command line arguments
configure:6200: result: 1572864
configure:6217: checking whether the shell understands some XSI constructs
configure:6227: result: yes
configure:6231: checking whether the shell understands "+="
configure:6237: result: yes
configure:6272: checking how to convert x86_64-unknown-linux-gnu file names to x86_64-unknown-linux-gnu format
configure:6312: result: func_convert_file_noop
configure:6319: checking how to convert x86_64-unknown-linux-gnu file names to toolchain format
configure:6339: result: func_convert_file_noop
configure:6346: checking for /usr/bin/ld option to reload object files
configure:6353: result: -r
configure:6427: checking for objdump
configure:6443: found /usr/bin/objdump
configure:6454: result: objdump
configure:6483: checking how to recognize dependent libraries
configure:6681: result: pass_all
configure:6766: checking for dlltool
configure:6796: result: no
configure:6823: checking how to associate runtime and link libraries
configure:6850: result: printf %s\n
configure:6974: checking for archiver @FILE support
configure:6991: /home/waker/prj/deadbeef/tools/apbuild/apgcc -std=gnu99 -c -m64 -O2 -D_GNU_SOURCE -D_FORTIFY_SOURCE=0 -fPIC -I/home/waker/prj/deadbeef-staticdeps/lib-x86-64/include  conftest.c >&5
configure:6991: $? = 0
configure:6994: ar cru libconftest.a @conftest.lst >&5
configure:6997: $? = 0
configure:7002: ar cru libconftest.a @conftest.lst >&5
ar: conftest.o: No such file or directory
configure:7005: $? = 1
configure:7017: result: @
configure:7075: checking for strip
configure:7091: found /usr/bin/strip
configure:7102: result: strip
configure:7174: checking for ranlib
configure:7190: found /usr/bin/ranlib
configure:7201: result: ranlib
configure:7303: checking command to parse /usr/bin/nm -B output from /home/waker/prj/deadbeef/tools/apbuild/apgcc -std=gnu99 object
configure:7423: /home/waker/prj/deadbeef/tools/apbuild/apgcc -std=gnu99 -c -m64 -O2 -D_GNU_SOURCE -D_FORTIFY_SOURCE=0 -fPIC -I/home/waker/prj/deadbeef-staticdeps/lib-x86-64/include  conftest.c >&5
configure:7426: $? = 0
configure:7430: /usr/bin/nm -B conftest.o \| sed -n -e 's/^.*[ ]\([ABCDGIRSTW][ABCDGIRSTW]*\)[ ][ ]*\([_A-Za-z][_A-Za-z0-9]*\)$/\1 \2 \2/p' | sed '/ __gnu_lto/d' \> conftest.nm
configure:7433: $? = 0
configure:7499: /home/waker/prj/deadbeef/tools/apbuild/apgcc -std=gnu99 -o conftest -m64 -O2 -D_GNU_SOURCE -D_FORTIFY_SOURCE=0 -fPIC -I/home/waker/prj/deadbeef-staticdeps/lib-x86-64/include  -m64 -L/home/waker/prj/deadbeef-staticdeps/lib-x86-64/lib conftest.c conftstm.o >&5
configure:7502: $? = 0
configure:7540: result: ok
configure:7577: checking for sysroot
configure:7607: result: no
configure:7684: /home/waker/prj/deadbeef/tools/apbuild/apgcc -std=gnu99 -c -m64 -O2 -D_GNU_SOURCE -D_FORTIFY_SOURCE=0 -fPIC -I/home/waker/prj/deadbeef-staticdeps/lib-x86-64/include  conftest.c >&5
configure:7687: $? = 0
configure:7876: checking for mt
configure:7892: found /bin/mt
configure:7903: result: mt
configure:7926: checking if mt is a manifest tool
configure:7932: mt '-?'
configure:7940: result: no
configure:8579: checking for dlfcn.h
configure:8579: /home/waker/prj/deadbeef/tools/apbuild/apgcc -std=gnu99 -c -m64 -O2 -D_GNU_SOURCE -D_FORTIFY_SOURCE=0 -fPIC -I/home/waker/prj/deadbeef-staticdeps/lib-x86-64/include  conftest.c >&5
configure:8579: $? = 0
configure:8579: result: yes
configure:9081: checking for objdir
configure:9096: result: .libs
configure:9367: checking if /home/waker/prj/deadbeef/tools/apbuild/apgcc -std=gnu99 supports -fno-rtti -fno-exceptions
configure:9385: /home/waker/prj/deadbeef/tools/apbuild/apgcc -std=gnu99 -c -m64 -O2 -D_GNU_SOURCE -D_FORTIFY_SOURCE=0 -fPIC -I/home/waker/prj/deadbeef-staticdeps/lib-x86-64/include  -fno-rtti -fno-exceptions conftest.c >&5
cc1: warning: command line option '-fno-rtti' is valid for C++/ObjC++ but not for C [enabled by default]
configure:9389: $? = 0
configure:9402: result: no
configure:9729: checking for /home/waker/prj/deadbeef/tools/apbuild/apgcc -std=gnu99 option to produce PIC
configure:9736: result: -fPIC -DPIC
configure:9744: checking if /home/waker/prj/deadbeef/tools/apbuild/apgcc -std=gnu99 PIC flag -fPIC -DPIC works
configure:9762: /home/waker/prj/deadbeef/tools/apbuild/apgcc -std=gnu99 -c -m64 -O2 -D_GNU_SOURCE -D_FORTIFY_SOURCE=0 -fPIC -I/home/waker/prj/deadbeef-staticdeps/lib-x86-64/include  -fPIC -DPIC -DPIC conftest.c >&5
configure:9766: $? = 0
configure:9779: result: yes
configure:9808: checking if /home/waker/prj/deadbeef/tools/apbuild/apgcc -std=gnu99 static flag -static works
configure:9836: result: no
configure:9851: checking if /home/waker/prj/deadbeef/tools/apbuild/apgcc -std=gnu99 supports -c -o file.o
configure:9872: /home/waker/prj/deadbeef/tools/apbuild/apgcc -std=gnu99 -c -m64 -O2 -D_GNU_SOURCE -D_FORTIFY_SOURCE=0 -fPIC -I/home/waker/prj/deadbeef-staticdeps/lib-x86-64/include  -o out/conftest2.o conftest.c >&5
configure:9876: $? = 0
configure:9898: result: yes
configure:9906: checking if /home/waker/prj/deadbeef/tools/apbuild/apgcc -std=gnu99 supports -c -o file.o
configure:9953: result: yes
configure:9986: checking whether the /home/waker/prj/deadbeef/tools/apbuild/apgcc -std=gnu99 linker (/usr/bin/ld -m elf_x86_64) supports shared libraries
configure:11143: result: yes
configure:11383: checking dynamic linker characteristics
configure:11883: /home/waker/prj/deadbeef/tools/apbuild/apgcc -std=gnu99 -o conftest -m64 -O2 -D_GNU_SOURCE -D_FORTIFY_SOURCE=0 -fPIC -I/home/waker/prj/deadbeef-staticdeps/lib-x86-64/include  -m64 -L/home/waker/prj/deadbeef-staticdeps/lib-x86-64/lib -Wl,-rpath -Wl,/foo conftest.c  >&5
configure:11883: $? = 0
configure:12117: result: GNU/Linux ld.so
configure:12224: checking how to hardcode library paths into programs
configure:12249: result: immediate
configure:12789: checking whether stripping libraries is possible
configure:12794: result: yes
configure:12829: checking if libtool supports shared libraries
configure:12831: result: yes
configure:12834: checking whether to build shared libraries
configure:12855: result: no
configure:12858: checking whether to build static libraries
configure:12862: result: yes
configure:12908: checking dependency style of /home/waker/prj/deadbeef/tools/apbuild/apgcc -std=gnu99
configure:13017: result: gcc3
configure:13144: checking for C++ compiler version
configure:13153: /home/waker/prj/deadbeef/tools/apbuild/apgcc --version >&5
gcc (Ubuntu 4.8.2-19ubuntu1) 4.8.2
Copyright (C) 2013 Free Software Foundation, Inc.
This is free software; see the source for copying conditions.  There is NO
warranty; not even for MERCHANTABILITY or FITNESS FOR A PARTICULAR PURPOSE.

configure:13164: $? = 0
configure:13153: /home/waker/prj/deadbeef/tools/apbuild/apgcc -v >&5
Using built-in specs.
COLLECT_GCC=gcc
COLLECT_LTO_WRAPPER=/usr/lib/gcc/x86_64-linux-gnu/4.8/lto-wrapper
Target: x86_64-linux-gnu
Configured with: ../src/configure -v --with-pkgversion='Ubuntu 4.8.2-19ubuntu1' --with-bugurl=file:///usr/share/doc/gcc-4.8/README.Bugs --enable-languages=c,c++,java,go,d,fortran,objc,obj-c++ --prefix=/usr --program-suffix=-4.8 --enable-shared --enable-linker-build-id --libexecdir=/usr/lib --without-included-gettext --enable-threads=posix --with-gxx-include-dir=/usr/include/c++/4.8 --libdir=/usr/lib --enable-nls --with-sysroot=/ --enable-clocale=gnu --enable-libstdcxx-debug --enable-libstdcxx-time=yes --enable-gnu-unique-object --disable-libmudflap --enable-plugin --with-system-zlib --disable-browser-plugin --enable-java-awt=gtk --enable-gtk-cairo --with-java-home=/usr/lib/jvm/java-1.5.0-gcj-4.8-amd64/jre --enable-java-home --with-jvm-root-dir=/usr/lib/jvm/java-1.5.0-gcj-4.8-amd64 --with-jvm-jar-dir=/usr/lib/jvm-exports/java-1.5.0-gcj-4.8-amd64 --with-arch-directory=amd64 --with-ecj-jar=/usr/share/java/eclipse-ecj.jar --enable-objc-gc --enable-multiarch --disable-werror --with-arch-32=i686 --with-abi=m64 --with-multilib-list=m32,m64,mx32 --with-tune=generic --enable-checking=release --build=x86_64-linux-gnu --host=x86_64-linux-gnu --target=x86_64-linux-gnu
Thread model: posix
gcc version 4.8.2 (Ubuntu 4.8.2-19ubuntu1) 
configure:13164: $? = 0
configure:13153: /home/waker/prj/deadbeef/tools/apbuild/apgcc -V >&5
gcc: error: unrecognized command line option '-V'
gcc: fatal error: no input files
compilation terminated.
configure:13164: $? = 4
configure:13153: /home/waker/prj/deadbeef/tools/apbuild/apgcc -qversion >&5
gcc: error: unrecognized command line option '-qversion'
gcc: fatal error: no input files
compilation terminated.
configure:13164: $? = 4
configure:13168: checking whether we are using the GNU C++ compiler
configure:13187: /home/waker/prj/deadbeef/tools/apbuild/apgcc -c   conftest.cpp >&5
configure:13187: $? = 0
configure:13196: result: yes
configure:13205: checking whether /home/waker/prj/deadbeef/tools/apbuild/apgcc accepts -g
configure:13225: /home/waker/prj/deadbeef/tools/apbuild/apgcc -c -g  conftest.cpp >&5
configure:13225: $? = 0
configure:13266: result: yes
configure:13291: checking dependency style of /home/waker/prj/deadbeef/tools/apbuild/apgcc
configure:13402: result: gcc3
configure:13435: checking how to run the C++ preprocessor
configure:13462: /home/waker/prj/deadbeef/tools/apbuild/apgcc -E  conftest.cpp
configure:13462: $? = 0
configure:13476: /home/waker/prj/deadbeef/tools/apbuild/apgcc -E  conftest.cpp
conftest.cpp:28:28: fatal error: ac_nonexistent.h: No such file or directory
 #include <ac_nonexistent.h>
                            ^
compilation terminated.
configure:13476: $? = 1
configure: failed program was:
| /* confdefs.h */
| #define PACKAGE_NAME "flac"
| #define PACKAGE_TARNAME "flac"
| #define PACKAGE_VERSION "1.3.1"
| #define PACKAGE_STRING "flac 1.3.1"
| #define PACKAGE_BUGREPORT "flac-dev@xiph.org"
| #define PACKAGE_URL "https://www.xiph.org/flac/"
| #define PACKAGE "flac"
| #define VERSION "1.3.1"
| #define STDC_HEADERS 1
| #define HAVE_SYS_TYPES_H 1
| #define HAVE_SYS_STAT_H 1
| #define HAVE_STDLIB_H 1
| #define HAVE_STRING_H 1
| #define HAVE_MEMORY_H 1
| #define HAVE_STRINGS_H 1
| #define HAVE_INTTYPES_H 1
| #define HAVE_STDINT_H 1
| #define HAVE_UNISTD_H 1
| #define __EXTENSIONS__ 1
| #define _ALL_SOURCE 1
| #define _GNU_SOURCE 1
| #define _POSIX_PTHREAD_SEMANTICS 1
| #define _TANDEM_SOURCE 1
| #define HAVE_DLFCN_H 1
| #define LT_OBJDIR ".libs/"
| /* end confdefs.h.  */
| #include <ac_nonexistent.h>
configure:13501: result: /home/waker/prj/deadbeef/tools/apbuild/apgcc -E
configure:13521: /home/waker/prj/deadbeef/tools/apbuild/apgcc -E  conftest.cpp
configure:13521: $? = 0
configure:13535: /home/waker/prj/deadbeef/tools/apbuild/apgcc -E  conftest.cpp
conftest.cpp:28:28: fatal error: ac_nonexistent.h: No such file or directory
 #include <ac_nonexistent.h>
                            ^
compilation terminated.
configure:13535: $? = 1
configure: failed program was:
| /* confdefs.h */
| #define PACKAGE_NAME "flac"
| #define PACKAGE_TARNAME "flac"
| #define PACKAGE_VERSION "1.3.1"
| #define PACKAGE_STRING "flac 1.3.1"
| #define PACKAGE_BUGREPORT "flac-dev@xiph.org"
| #define PACKAGE_URL "https://www.xiph.org/flac/"
| #define PACKAGE "flac"
| #define VERSION "1.3.1"
| #define STDC_HEADERS 1
| #define HAVE_SYS_TYPES_H 1
| #define HAVE_SYS_STAT_H 1
| #define HAVE_STDLIB_H 1
| #define HAVE_STRING_H 1
| #define HAVE_MEMORY_H 1
| #define HAVE_STRINGS_H 1
| #define HAVE_INTTYPES_H 1
| #define HAVE_STDINT_H 1
| #define HAVE_UNISTD_H 1
| #define __EXTENSIONS__ 1
| #define _ALL_SOURCE 1
| #define _GNU_SOURCE 1
| #define _POSIX_PTHREAD_SEMANTICS 1
| #define _TANDEM_SOURCE 1
| #define HAVE_DLFCN_H 1
| #define LT_OBJDIR ".libs/"
| /* end confdefs.h.  */
| #include <ac_nonexistent.h>
configure:13704: checking for ld used by /home/waker/prj/deadbeef/tools/apbuild/apgcc
configure:13771: result: /usr/bin/ld -m elf_x86_64
configure:13778: checking if the linker (/usr/bin/ld -m elf_x86_64) is GNU ld
configure:13793: result: yes
configure:13848: checking whether the /home/waker/prj/deadbeef/tools/apbuild/apgcc linker (/usr/bin/ld -m elf_x86_64) supports shared libraries
configure:14850: result: yes
configure:14886: /home/waker/prj/deadbeef/tools/apbuild/apgcc -c -g -O2  conftest.cpp >&5
configure:14889: $? = 0
configure:15409: checking for /home/waker/prj/deadbeef/tools/apbuild/apgcc option to produce PIC
configure:15416: result: -fPIC -DPIC
configure:15424: checking if /home/waker/prj/deadbeef/tools/apbuild/apgcc PIC flag -fPIC -DPIC works
configure:15442: /home/waker/prj/deadbeef/tools/apbuild/apgcc -c -g -O2  -fPIC -DPIC -DPIC conftest.cpp >&5
configure:15446: $? = 0
configure:15459: result: yes
configure:15482: checking if /home/waker/prj/deadbeef/tools/apbuild/apgcc static flag -static works
configure:15510: result: no
configure:15522: checking if /home/waker/prj/deadbeef/tools/apbuild/apgcc supports -c -o file.o
configure:15543: /home/waker/prj/deadbeef/tools/apbuild/apgcc -c -g -O2  -o out/conftest2.o conftest.cpp >&5
configure:15547: $? = 0
configure:15569: result: yes
configure:15574: checking if /home/waker/prj/deadbeef/tools/apbuild/apgcc supports -c -o file.o
configure:15621: result: yes
configure:15651: checking whether the /home/waker/prj/deadbeef/tools/apbuild/apgcc linker (/usr/bin/ld -m elf_x86_64) supports shared libraries
configure:15690: result: yes
configure:15831: checking dynamic linker characteristics
configure:16499: result: GNU/Linux ld.so
configure:16552: checking how to hardcode library paths into programs
configure:16577: result: immediate
configure:16617: checking whether we are using the CLANG C compiler
configure:16640: /home/waker/prj/deadbeef/tools/apbuild/apgcc -std=gnu99 -o conftest -m64 -O2 -D_GNU_SOURCE -D_FORTIFY_SOURCE=0 -fPIC -I/home/waker/prj/deadbeef-staticdeps/lib-x86-64/include  -m64 -L/home/waker/prj/deadbeef-staticdeps/lib-x86-64/lib conftest.c  >&5
conftest.c: In function 'main':
conftest.c:36:5: error: unknown type name 'This'
     This is not clang!
     ^
conftest.c:36:13: error: expected '=', ',', ';', 'asm' or '__attribute__' before 'not'
     This is not clang!
             ^
configure:16640: $? = 1
configure: failed program was:
| /* confdefs.h */
| #define PACKAGE_NAME "flac"
| #define PACKAGE_TARNAME "flac"
| #define PACKAGE_VERSION "1.3.1"
| #define PACKAGE_STRING "flac 1.3.1"
| #define PACKAGE_BUGREPORT "flac-dev@xiph.org"
| #define PACKAGE_URL "https://www.xiph.org/flac/"
| #define PACKAGE "flac"
| #define VERSION "1.3.1"
| #define STDC_HEADERS 1
| #define HAVE_SYS_TYPES_H 1
| #define HAVE_SYS_STAT_H 1
| #define HAVE_STDLIB_H 1
| #define HAVE_STRING_H 1
| #define HAVE_MEMORY_H 1
| #define HAVE_STRINGS_H 1
| #define HAVE_INTTYPES_H 1
| #define HAVE_STDINT_H 1
| #define HAVE_UNISTD_H 1
| #define __EXTENSIONS__ 1
| #define _ALL_SOURCE 1
| #define _GNU_SOURCE 1
| #define _POSIX_PTHREAD_SEMANTICS 1
| #define _TANDEM_SOURCE 1
| #define HAVE_DLFCN_H 1
| #define LT_OBJDIR ".libs/"
| /* end confdefs.h.  */
| 
| 			#include <stdio.h>
| 
| int
| main ()
| {
| 
| 			#ifndef __clang__
| 				This is not clang!
| 			#endif
| 
|   ;
|   return 0;
| }
configure:16646: result: no
configure:16672: /home/waker/prj/deadbeef/tools/apbuild/apgcc -std=gnu99 -o conftest -m64 -O2 -D_GNU_SOURCE -D_FORTIFY_SOURCE=0 -fPIC -I/home/waker/prj/deadbeef-staticdeps/lib-x86-64/include  -m64 -L/home/waker/prj/deadbeef-staticdeps/lib-x86-64/lib conftest.c  >&5
configure:16672: $? = 0
configure:16682: checking whether make sets $(MAKE)
configure:16704: result: yes
configure:16722: checking for special C compiler options needed for large files
configure:16767: result: no
configure:16773: checking for _FILE_OFFSET_BITS value needed for large files
configure:16798: /home/waker/prj/deadbeef/tools/apbuild/apgcc -std=gnu99 -c -m64 -O2 -D_GNU_SOURCE -D_FORTIFY_SOURCE=0 -fPIC -I/home/waker/prj/deadbeef-staticdeps/lib-x86-64/include  conftest.c >&5
configure:16798: $? = 0
configure:16830: result: no
configure:16915: checking for _LARGEFILE_SOURCE value needed for large files
configure:16934: /home/waker/prj/deadbeef/tools/apbuild/apgcc -std=gnu99 -o conftest -m64 -O2 -D_GNU_SOURCE -D_FORTIFY_SOURCE=0 -fPIC -I/home/waker/prj/deadbeef-staticdeps/lib-x86-64/include  -m64 -L/home/waker/prj/deadbeef-staticdeps/lib-x86-64/lib conftest.c  >&5
configure:16934: $? = 0
configure:16962: result: no
configure:16988: checking size of off_t
configure:16993: /home/waker/prj/deadbeef/tools/apbuild/apgcc -std=gnu99 -o conftest -m64 -O2 -D_GNU_SOURCE -D_FORTIFY_SOURCE=0 -fPIC -I/home/waker/prj/deadbeef-staticdeps/lib-x86-64/include  -m64 -L/home/waker/prj/deadbeef-staticdeps/lib-x86-64/lib conftest.c  >&5
configure:16993: $? = 0
configure:16993: ./conftest
configure:16993: $? = 0
configure:17007: result: 8
configure:17021: checking size of void*
configure:17026: /home/waker/prj/deadbeef/tools/apbuild/apgcc -std=gnu99 -o conftest -m64 -O2 -D_GNU_SOURCE -D_FORTIFY_SOURCE=0 -fPIC -I/home/waker/prj/deadbeef-staticdeps/lib-x86-64/include  -m64 -L/home/waker/prj/deadbeef-staticdeps/lib-x86-64/lib conftest.c  >&5
configure:17026: $? = 0
configure:17026: ./conftest
configure:17026: $? = 0
configure:17040: result: 8
configure:17050: checking for library containing lround
configure:17081: /home/waker/prj/deadbeef/tools/apbuild/apgcc -std=gnu99 -o conftest -m64 -O2 -D_GNU_SOURCE -D_FORTIFY_SOURCE=0 -fPIC -I/home/waker/prj/deadbeef-staticdeps/lib-x86-64/include  -m64 -L/home/waker/prj/deadbeef-staticdeps/lib-x86-64/lib conftest.c  >&5
conftest.c:38:6: warning: conflicting types for built-in function 'lround' [enabled by default]
 char lround ();
      ^
/tmp/ccLsr8Ox.o: In function `main':
conftest.c:(.text.startup+0x7): undefined reference to `lround'
collect2: error: ld returned 1 exit status
configure:17081: $? = 1
configure: failed program was:
| /* confdefs.h */
| #define PACKAGE_NAME "flac"
| #define PACKAGE_TARNAME "flac"
| #define PACKAGE_VERSION "1.3.1"
| #define PACKAGE_STRING "flac 1.3.1"
| #define PACKAGE_BUGREPORT "flac-dev@xiph.org"
| #define PACKAGE_URL "https://www.xiph.org/flac/"
| #define PACKAGE "flac"
| #define VERSION "1.3.1"
| #define STDC_HEADERS 1
| #define HAVE_SYS_TYPES_H 1
| #define HAVE_SYS_STAT_H 1
| #define HAVE_STDLIB_H 1
| #define HAVE_STRING_H 1
| #define HAVE_MEMORY_H 1
| #define HAVE_STRINGS_H 1
| #define HAVE_INTTYPES_H 1
| #define HAVE_STDINT_H 1
| #define HAVE_UNISTD_H 1
| #define __EXTENSIONS__ 1
| #define _ALL_SOURCE 1
| #define _GNU_SOURCE 1
| #define _POSIX_PTHREAD_SEMANTICS 1
| #define _TANDEM_SOURCE 1
| #define HAVE_DLFCN_H 1
| #define LT_OBJDIR ".libs/"
| #define HAVE_FSEEKO 1
| #define SIZEOF_OFF_T 8
| #define SIZEOF_VOIDP 8
| /* end confdefs.h.  */
| 
| /* Override any GCC internal prototype to avoid an error.
|    Use char because int might match the return type of a GCC
|    builtin and then its argument prototype would still apply.  */
| #ifdef __cplusplus
| extern "C"
| #endif
| char lround ();
| int
| main ()
| {
| return lround ();
|   ;
|   return 0;
| }
configure:17081: /home/waker/prj/deadbeef/tools/apbuild/apgcc -std=gnu99 -o conftest -m64 -O2 -D_GNU_SOURCE -D_FORTIFY_SOURCE=0 -fPIC -I/home/waker/prj/deadbeef-staticdeps/lib-x86-64/include  -m64 -L/home/waker/prj/deadbeef-staticdeps/lib-x86-64/lib conftest.c -lm   >&5
conftest.c:38:6: warning: conflicting types for built-in function 'lround' [enabled by default]
 char lround ();
      ^
configure:17081: $? = 0
configure:17098: result: -lm
configure:17117: checking for variable-length arrays
configure:17133: /home/waker/prj/deadbeef/tools/apbuild/apgcc -c -g -O2  conftest.cpp >&5
configure:17133: $? = 0
configure:17140: result: yes
configure:17161: checking for ANSI C header files
configure:17265: result: yes
configure:17274: checking for inline
configure:17290: /home/waker/prj/deadbeef/tools/apbuild/apgcc -std=gnu99 -c -m64 -O2 -D_GNU_SOURCE -D_FORTIFY_SOURCE=0 -fPIC -I/home/waker/prj/deadbeef-staticdeps/lib-x86-64/include  conftest.c >&5
configure:17290: $? = 0
configure:17298: result: inline
configure:17317: checking for variable-length arrays
configure:17340: result: yes
configure:17349: checking for typeof syntax and keyword spelling
configure:17380: /home/waker/prj/deadbeef/tools/apbuild/apgcc -std=gnu99 -c -m64 -O2 -D_GNU_SOURCE -D_FORTIFY_SOURCE=0 -fPIC -I/home/waker/prj/deadbeef-staticdeps/lib-x86-64/include  conftest.c >&5
configure:17380: $? = 0
configure:17387: result: typeof
configure:17406: checking for stdint.h
configure:17406: result: yes
configure:17406: checking for inttypes.h
configure:17406: result: yes
configure:17406: checking byteswap.h usability
configure:17406: /home/waker/prj/deadbeef/tools/apbuild/apgcc -std=gnu99 -c -m64 -O2 -D_GNU_SOURCE -D_FORTIFY_SOURCE=0 -fPIC -I/home/waker/prj/deadbeef-staticdeps/lib-x86-64/include  conftest.c >&5
configure:17406: $? = 0
configure:17406: result: yes
configure:17406: checking byteswap.h presence
configure:17406: /home/waker/prj/deadbeef/tools/apbuild/apgcc -std=gnu99 -E  conftest.c
configure:17406: $? = 0
configure:17406: result: yes
configure:17406: checking for byteswap.h
configure:17406: result: yes
configure:17406: checking sys/param.h usability
configure:17406: /home/waker/prj/deadbeef/tools/apbuild/apgcc -std=gnu99 -c -m64 -O2 -D_GNU_SOURCE -D_FORTIFY_SOURCE=0 -fPIC -I/home/waker/prj/deadbeef-staticdeps/lib-x86-64/include  conftest.c >&5
configure:17406: $? = 0
configure:17406: result: yes
configure:17406: checking sys/param.h presence
configure:17406: /home/waker/prj/deadbeef/tools/apbuild/apgcc -std=gnu99 -E  conftest.c
configure:17406: $? = 0
configure:17406: result: yes
configure:17406: checking for sys/param.h
configure:17406: result: yes
configure:17406: checking termios.h usability
configure:17406: /home/waker/prj/deadbeef/tools/apbuild/apgcc -std=gnu99 -c -m64 -O2 -D_GNU_SOURCE -D_FORTIFY_SOURCE=0 -fPIC -I/home/waker/prj/deadbeef-staticdeps/lib-x86-64/include  conftest.c >&5
configure:17406: $? = 0
configure:17406: result: yes
configure:17406: checking termios.h presence
configure:17406: /home/waker/prj/deadbeef/tools/apbuild/apgcc -std=gnu99 -E  conftest.c
configure:17406: $? = 0
configure:17406: result: yes
configure:17406: checking for termios.h
configure:17406: result: yes
configure:17406: checking x86intrin.h usability
configure:17406: /home/waker/prj/deadbeef/tools/apbuild/apgcc -std=gnu99 -c -m64 -O2 -D_GNU_SOURCE -D_FORTIFY_SOURCE=0 -fPIC -I/home/waker/prj/deadbeef-staticdeps/lib-x86-64/include  conftest.c >&5
configure:17406: $? = 0
configure:17406: result: yes
configure:17406: checking x86intrin.h presence
configure:17406: /home/waker/prj/deadbeef/tools/apbuild/apgcc -std=gnu99 -E  conftest.c
configure:17406: $? = 0
configure:17406: result: yes
configure:17406: checking for x86intrin.h
configure:17406: result: yes
configure:17406: checking cpuid.h usability
configure:17406: /home/waker/prj/deadbeef/tools/apbuild/apgcc -std=gnu99 -c -m64 -O2 -D_GNU_SOURCE -D_FORTIFY_SOURCE=0 -fPIC -I/home/waker/prj/deadbeef-staticdeps/lib-x86-64/include  conftest.c >&5
configure:17406: $? = 0
configure:17406: result: yes
configure:17406: checking cpuid.h presence
configure:17406: /home/waker/prj/deadbeef/tools/apbuild/apgcc -std=gnu99 -E  conftest.c
configure:17406: $? = 0
configure:17406: result: yes
configure:17406: checking for cpuid.h
configure:17406: result: yes
configure:17417: checking whether termios.h defines TIOCGWINSZ
configure:17440: result: no
configure:17444: checking whether sys/ioctl.h defines TIOCGWINSZ
configure:17467: result: yes
configure:17478: checking for bswap32 instrinsic
configure:17498: /home/waker/prj/deadbeef/tools/apbuild/apgcc -std=gnu99 -o conftest -m64 -O2 -D_GNU_SOURCE -D_FORTIFY_SOURCE=0 -fPIC -I/home/waker/prj/deadbeef-staticdeps/lib-x86-64/include  -m64 -L/home/waker/prj/deadbeef-staticdeps/lib-x86-64/lib conftest.c -lm  >&5
configure:17498: $? = 0
configure:17513: result: yes
configure:17516: checking for bswap16 instrinsic
configure:17536: /home/waker/prj/deadbeef/tools/apbuild/apgcc -std=gnu99 -o conftest -m64 -O2 -D_GNU_SOURCE -D_FORTIFY_SOURCE=0 -fPIC -I/home/waker/prj/deadbeef-staticdeps/lib-x86-64/include  -m64 -L/home/waker/prj/deadbeef-staticdeps/lib-x86-64/lib conftest.c -lm  >&5
configure:17536: $? = 0
configure:17551: result: yes
configure:17557: checking whether byte ordering is bigendian
configure:17572: /home/waker/prj/deadbeef/tools/apbuild/apgcc -std=gnu99 -c -m64 -O2 -D_GNU_SOURCE -D_FORTIFY_SOURCE=0 -fPIC -I/home/waker/prj/deadbeef-staticdeps/lib-x86-64/include  conftest.c >&5
conftest.c:48:9: error: unknown type name 'not'
         not a universal capable compiler
         ^
conftest.c:48:15: error: expected '=', ',', ';', 'asm' or '__attribute__' before 'universal'
         not a universal capable compiler
               ^
conftest.c:48:15: error: unknown type name 'universal'
configure:17572: $? = 1
configure: failed program was:
| /* confdefs.h */
| #define PACKAGE_NAME "flac"
| #define PACKAGE_TARNAME "flac"
| #define PACKAGE_VERSION "1.3.1"
| #define PACKAGE_STRING "flac 1.3.1"
| #define PACKAGE_BUGREPORT "flac-dev@xiph.org"
| #define PACKAGE_URL "https://www.xiph.org/flac/"
| #define PACKAGE "flac"
| #define VERSION "1.3.1"
| #define STDC_HEADERS 1
| #define HAVE_SYS_TYPES_H 1
| #define HAVE_SYS_STAT_H 1
| #define HAVE_STDLIB_H 1
| #define HAVE_STRING_H 1
| #define HAVE_MEMORY_H 1
| #define HAVE_STRINGS_H 1
| #define HAVE_INTTYPES_H 1
| #define HAVE_STDINT_H 1
| #define HAVE_UNISTD_H 1
| #define __EXTENSIONS__ 1
| #define _ALL_SOURCE 1
| #define _GNU_SOURCE 1
| #define _POSIX_PTHREAD_SEMANTICS 1
| #define _TANDEM_SOURCE 1
| #define HAVE_DLFCN_H 1
| #define LT_OBJDIR ".libs/"
| #define HAVE_FSEEKO 1
| #define SIZEOF_OFF_T 8
| #define SIZEOF_VOIDP 8
| #define HAVE_LROUND 1
| #define HAVE_C_VARARRAYS 1
| #define HAVE_CXX_VARARRAYS 1
| #define STDC_HEADERS 1
| #define HAVE_C_VARARRAYS 1
| #define HAVE_TYPEOF 1
| #define HAVE_STDINT_H 1
| #define HAVE_INTTYPES_H 1
| #define HAVE_BYTESWAP_H 1
| #define HAVE_SYS_PARAM_H 1
| #define HAVE_TERMIOS_H 1
| #define HAVE_X86INTRIN_H 1
| #define HAVE_CPUID_H 1
| #define GWINSZ_IN_SYS_IOCTL 1
| #define HAVE_BSWAP32 1
| #define HAVE_BSWAP16 1
| /* end confdefs.h.  */
| #ifndef __APPLE_CC__
| 	       not a universal capable compiler
| 	     #endif
| 	     typedef int dummy;
| 
configure:17617: /home/waker/prj/deadbeef/tools/apbuild/apgcc -std=gnu99 -c -m64 -O2 -D_GNU_SOURCE -D_FORTIFY_SOURCE=0 -fPIC -I/home/waker/prj/deadbeef-staticdeps/lib-x86-64/include  conftest.c >&5
configure:17617: $? = 0
configure:17635: /home/waker/prj/deadbeef/tools/apbuild/apgcc -std=gnu99 -c -m64 -O2 -D_GNU_SOURCE -D_FORTIFY_SOURCE=0 -fPIC -I/home/waker/prj/deadbeef-staticdeps/lib-x86-64/include  conftest.c >&5
conftest.c: In function 'main':
conftest.c:54:4: error: unknown type name 'not'
    not big endian
    ^
conftest.c:54:12: error: expected '=', ',', ';', 'asm' or '__attribute__' before 'endian'
    not big endian
            ^
configure:17635: $? = 1
configure: failed program was:
| /* confdefs.h */
| #define PACKAGE_NAME "flac"
| #define PACKAGE_TARNAME "flac"
| #define PACKAGE_VERSION "1.3.1"
| #define PACKAGE_STRING "flac 1.3.1"
| #define PACKAGE_BUGREPORT "flac-dev@xiph.org"
| #define PACKAGE_URL "https://www.xiph.org/flac/"
| #define PACKAGE "flac"
| #define VERSION "1.3.1"
| #define STDC_HEADERS 1
| #define HAVE_SYS_TYPES_H 1
| #define HAVE_SYS_STAT_H 1
| #define HAVE_STDLIB_H 1
| #define HAVE_STRING_H 1
| #define HAVE_MEMORY_H 1
| #define HAVE_STRINGS_H 1
| #define HAVE_INTTYPES_H 1
| #define HAVE_STDINT_H 1
| #define HAVE_UNISTD_H 1
| #define __EXTENSIONS__ 1
| #define _ALL_SOURCE 1
| #define _GNU_SOURCE 1
| #define _POSIX_PTHREAD_SEMANTICS 1
| #define _TANDEM_SOURCE 1
| #define HAVE_DLFCN_H 1
| #define LT_OBJDIR ".libs/"
| #define HAVE_FSEEKO 1
| #define SIZEOF_OFF_T 8
| #define SIZEOF_VOIDP 8
| #define HAVE_LROUND 1
| #define HAVE_C_VARARRAYS 1
| #define HAVE_CXX_VARARRAYS 1
| #define STDC_HEADERS 1
| #define HAVE_C_VARARRAYS 1
| #define HAVE_TYPEOF 1
| #define HAVE_STDINT_H 1
| #define HAVE_INTTYPES_H 1
| #define HAVE_BYTESWAP_H 1
| #define HAVE_SYS_PARAM_H 1
| #define HAVE_TERMIOS_H 1
| #define HAVE_X86INTRIN_H 1
| #define HAVE_CPUID_H 1
| #define GWINSZ_IN_SYS_IOCTL 1
| #define HAVE_BSWAP32 1
| #define HAVE_BSWAP16 1
| /* end confdefs.h.  */
| #include <sys/types.h>
| 		#include <sys/param.h>
| 
| int
| main ()
| {
| #if BYTE_ORDER != BIG_ENDIAN
| 		 not big endian
| 		#endif
| 
|   ;
|   return 0;
| }
configure:17763: result: no
configure:17828: checking for socklen_t
configure:17828: /home/waker/prj/deadbeef/tools/apbuild/apgcc -std=gnu99 -c -m64 -O2 -D_GNU_SOURCE -D_FORTIFY_SOURCE=0 -fPIC -I/home/waker/prj/deadbeef-staticdeps/lib-x86-64/include  conftest.c >&5
configure:17828: $? = 0
configure:17828: /home/waker/prj/deadbeef/tools/apbuild/apgcc -std=gnu99 -c -m64 -O2 -D_GNU_SOURCE -D_FORTIFY_SOURCE=0 -fPIC -I/home/waker/prj/deadbeef-staticdeps/lib-x86-64/include  conftest.c >&5
conftest.c: In function 'main':
conftest.c:86:24: error: expected expression before ')' token
 if (sizeof ((socklen_t)))
                        ^
configure:17828: $? = 1
configure: failed program was:
| /* confdefs.h */
| #define PACKAGE_NAME "flac"
| #define PACKAGE_TARNAME "flac"
| #define PACKAGE_VERSION "1.3.1"
| #define PACKAGE_STRING "flac 1.3.1"
| #define PACKAGE_BUGREPORT "flac-dev@xiph.org"
| #define PACKAGE_URL "https://www.xiph.org/flac/"
| #define PACKAGE "flac"
| #define VERSION "1.3.1"
| #define STDC_HEADERS 1
| #define HAVE_SYS_TYPES_H 1
| #define HAVE_SYS_STAT_H 1
| #define HAVE_STDLIB_H 1
| #define HAVE_STRING_H 1
| #define HAVE_MEMORY_H 1
| #define HAVE_STRINGS_H 1
| #define HAVE_INTTYPES_H 1
| #define HAVE_STDINT_H 1
| #define HAVE_UNISTD_H 1
| #define __EXTENSIONS__ 1
| #define _ALL_SOURCE 1
| #define _GNU_SOURCE 1
| #define _POSIX_PTHREAD_SEMANTICS 1
| #define _TANDEM_SOURCE 1
| #define HAVE_DLFCN_H 1
| #define LT_OBJDIR ".libs/"
| #define HAVE_FSEEKO 1
| #define SIZEOF_OFF_T 8
| #define SIZEOF_VOIDP 8
| #define HAVE_LROUND 1
| #define HAVE_C_VARARRAYS 1
| #define HAVE_CXX_VARARRAYS 1
| #define STDC_HEADERS 1
| #define HAVE_C_VARARRAYS 1
| #define HAVE_TYPEOF 1
| #define HAVE_STDINT_H 1
| #define HAVE_INTTYPES_H 1
| #define HAVE_BYTESWAP_H 1
| #define HAVE_SYS_PARAM_H 1
| #define HAVE_TERMIOS_H 1
| #define HAVE_X86INTRIN_H 1
| #define HAVE_CPUID_H 1
| #define GWINSZ_IN_SYS_IOCTL 1
| #define HAVE_BSWAP32 1
| #define HAVE_BSWAP16 1
| #define CPU_IS_BIG_ENDIAN 0
| #define CPU_IS_LITTLE_ENDIAN 1
| #define WORDS_BIGENDIAN 0
| /* end confdefs.h.  */
| #include <stdio.h>
| #ifdef HAVE_SYS_TYPES_H
| # include <sys/types.h>
| #endif
| #ifdef HAVE_SYS_STAT_H
| # include <sys/stat.h>
| #endif
| #ifdef STDC_HEADERS
| # include <stdlib.h>
| # include <stddef.h>
| #else
| # ifdef HAVE_STDLIB_H
| #  include <stdlib.h>
| # endif
| #endif
| #ifdef HAVE_STRING_H
| # if !defined STDC_HEADERS && defined HAVE_MEMORY_H
| #  include <memory.h>
| # endif
| # include <string.h>
| #endif
| #ifdef HAVE_STRINGS_H
| # include <strings.h>
| #endif
| #ifdef HAVE_INTTYPES_H
| # include <inttypes.h>
| #endif
| #ifdef HAVE_STDINT_H
| # include <stdint.h>
| #endif
| #ifdef HAVE_UNISTD_H
| # include <unistd.h>
| #endif
| int
| main ()
| {
| if (sizeof ((socklen_t)))
| 	    return 0;
|   ;
|   return 0;
| }
configure:17828: result: yes
configure:17841: checking for getopt_long
configure:17841: /home/waker/prj/deadbeef/tools/apbuild/apgcc -std=gnu99 -o conftest -m64 -O2 -D_GNU_SOURCE -D_FORTIFY_SOURCE=0 -fPIC -I/home/waker/prj/deadbeef-staticdeps/lib-x86-64/include  -m64 -L/home/waker/prj/deadbeef-staticdeps/lib-x86-64/lib conftest.c -lm  >&5
configure:17841: $? = 0
configure:17841: result: yes
configure:17855: checking size of void*
configure:17874: result: 8
configure:18763: checking for ld used by /home/waker/prj/deadbeef/tools/apbuild/apgcc -std=gnu99
configure:18830: result: /usr/bin/ld -m elf_x86_64
configure:18837: checking if the linker (/usr/bin/ld -m elf_x86_64) is GNU ld
configure:18852: result: yes
configure:18859: checking for shared library run path origin
configure:18872: result: done
configure:19450: checking for iconv
configure:19474: /home/waker/prj/deadbeef/tools/apbuild/apgcc -std=gnu99 -o conftest -m64 -O2 -D_GNU_SOURCE -D_FORTIFY_SOURCE=0 -fPIC -I/home/waker/prj/deadbeef-staticdeps/lib-x86-64/include  -m64 -L/home/waker/prj/deadbeef-staticdeps/lib-x86-64/lib conftest.c -lm  >&5
configure:19474: $? = 0
configure:19508: result: yes
configure:19511: checking for working iconv
configure:19631: /home/waker/prj/deadbeef/tools/apbuild/apgcc -std=gnu99 -o conftest -m64 -O2 -D_GNU_SOURCE -D_FORTIFY_SOURCE=0 -fPIC -I/home/waker/prj/deadbeef-staticdeps/lib-x86-64/include  -m64 -L/home/waker/prj/deadbeef-staticdeps/lib-x86-64/lib conftest.c -lm  >&5
configure:19631: $? = 0
configure:19631: ./conftest
configure:19631: $? = 0
configure:19643: result: yes
configure:19671: checking for iconv declaration
configure:19700: /home/waker/prj/deadbeef/tools/apbuild/apgcc -std=gnu99 -c -m64 -O2 -D_GNU_SOURCE -D_FORTIFY_SOURCE=0 -fPIC -I/home/waker/prj/deadbeef-staticdeps/lib-x86-64/include  conftest.c >&5
configure:19700: $? = 0
configure:19711: result:
         extern size_t iconv (iconv_t cd, char * *inbuf, size_t *inbytesleft, char * *outbuf, size_t *outbytesleft);
configure:19723: checking for nl_langinfo and CODESET
configure:19739: /home/waker/prj/deadbeef/tools/apbuild/apgcc -std=gnu99 -o conftest -m64 -O2 -D_GNU_SOURCE -D_FORTIFY_SOURCE=0 -fPIC -I/home/waker/prj/deadbeef-staticdeps/lib-x86-64/include  -m64 -L/home/waker/prj/deadbeef-staticdeps/lib-x86-64/lib conftest.c -lm  >&5
configure:19739: $? = 0
configure:19748: result: yes
configure:19761: checking for docbook-to-man
configure:19791: result: no
configure:19761: checking for docbook2man
configure:19791: result: no
configure:19818: checking for nasm
configure:19848: result: no
configure:19883: checking for version of /home/waker/prj/deadbeef/tools/apbuild/apgcc -std=gnu99
configure:19886: result: 4.8
configure:19903: checking if /home/waker/prj/deadbeef/tools/apbuild/apgcc -std=gnu99 accepts -Wdeclaration-after-statement
configure:19920: /home/waker/prj/deadbeef/tools/apbuild/apgcc -std=gnu99 -o conftest -Wdeclaration-after-statement -DNDEBUG  -m64 -L/home/waker/prj/deadbeef-staticdeps/lib-x86-64/lib conftest.c -lm  >&5
configure:19920: $? = 0
configure:19921: result: yes
configure:19940: checking if /home/waker/prj/deadbeef/tools/apbuild/apgcc accepts -Weffc++
configure:19958: /home/waker/prj/deadbeef/tools/apbuild/apgcc -o conftest -Weffc++ -DNDEBUG  -m64 -L/home/waker/prj/deadbeef-staticdeps/lib-x86-64/lib conftest.cpp -lm  >&5
configure:19958: $? = 0
configure:19959: result: yes
configure:20024: checking if /home/waker/prj/deadbeef/tools/apbuild/apgcc -std=gnu99 accepts -msse2
configure:20041: /home/waker/prj/deadbeef/tools/apbuild/apgcc -std=gnu99 -o conftest -msse2 -DNDEBUG  -DFLAC__USE_VISIBILITY_ATTR -m64 -L/home/waker/prj/deadbeef-staticdeps/lib-x86-64/lib conftest.c -lm  >&5
configure:20041: $? = 0
configure:20042: result: yes
configure:20058: checking if /home/waker/prj/deadbeef/tools/apbuild/apgcc -std=gnu99 accepts -Wextra
configure:20075: /home/waker/prj/deadbeef/tools/apbuild/apgcc -std=gnu99 -o conftest -Wextra -DNDEBUG  -DFLAC__USE_VISIBILITY_ATTR -m64 -L/home/waker/prj/deadbeef-staticdeps/lib-x86-64/lib conftest.c -lm  >&5
configure:20075: $? = 0
configure:20076: result: yes
configure:20354: checking that generated files are newer than configure
configure:20360: result: done
configure:20468: creating ./config.status

## ---------------------- ##
## Running config.status. ##
## ---------------------- ##

This file was extended by flac config.status 1.3.1, which was
generated by GNU Autoconf 2.69.  Invocation command line was

  CONFIG_FILES    = 
  CONFIG_HEADERS  = 
  CONFIG_LINKS    = 
  CONFIG_COMMANDS = 
  $ ./config.status 

on lazer

config.status:1318: creating Makefile
config.status:1318: creating src/Makefile
config.status:1318: creating src/libFLAC/Makefile
config.status:1318: creating src/libFLAC/flac.pc
config.status:1318: creating src/libFLAC/ia32/Makefile
config.status:1318: creating src/libFLAC/include/Makefile
config.status:1318: creating src/libFLAC/include/private/Makefile
config.status:1318: creating src/libFLAC/include/protected/Makefile
config.status:1318: creating src/libFLAC++/Makefile
config.status:1318: creating src/libFLAC++/flac++.pc
config.status:1318: creating src/flac/Makefile
config.status:1318: creating src/metaflac/Makefile
config.status:1318: creating src/plugin_common/Makefile
config.status:1318: creating src/plugin_xmms/Makefile
config.status:1318: creating src/share/Makefile
config.status:1318: creating src/test_grabbag/Makefile
config.status:1318: creating src/test_grabbag/cuesheet/Makefile
config.status:1318: creating src/test_grabbag/picture/Makefile
config.status:1318: creating src/test_libs_common/Makefile
config.status:1318: creating src/test_libFLAC/Makefile
config.status:1318: creating src/test_libFLAC++/Makefile
config.status:1318: creating src/test_seeking/Makefile
config.status:1318: creating src/test_streams/Makefile
config.status:1318: creating src/utils/Makefile
config.status:1318: creating src/utils/flacdiff/Makefile
config.status:1318: creating src/utils/flactimer/Makefile
config.status:1318: creating examples/Makefile
config.status:1318: creating examples/c/Makefile
config.status:1318: creating examples/c/decode/Makefile
config.status:1318: creating examples/c/decode/file/Makefile
config.status:1318: creating examples/c/encode/Makefile
config.status:1318: creating examples/c/encode/file/Makefile
config.status:1318: creating examples/cpp/Makefile
config.status:1318: creating examples/cpp/decode/Makefile
config.status:1318: creating examples/cpp/decode/file/Makefile
config.status:1318: creating examples/cpp/encode/Makefile
config.status:1318: creating examples/cpp/encode/file/Makefile
config.status:1318: creating include/Makefile
config.status:1318: creating include/FLAC/Makefile
config.status:1318: creating include/FLAC++/Makefile
config.status:1318: creating include/share/Makefile
config.status:1318: creating include/share/grabbag/Makefile
config.status:1318: creating include/test_libs_common/Makefile
config.status:1318: creating doc/Doxyfile
config.status:1318: creating doc/Makefile
config.status:1318: creating doc/html/Makefile
config.status:1318: creating doc/html/images/Makefile
config.status:1318: creating m4/Makefile
config.status:1318: creating man/Makefile
config.status:1318: creating test/common.sh
config.status:1318: creating test/Makefile
config.status:1318: creating test/cuesheets/Makefile
config.status:1318: creating test/flac-to-flac-metadata-test-files/Makefile
config.status:1318: creating test/metaflac-test-files/Makefile
config.status:1318: creating test/pictures/Makefile
config.status:1318: creating build/Makefile
config.status:1318: creating objs/Makefile
config.status:1318: creating objs/debug/Makefile
config.status:1318: creating objs/debug/bin/Makefile
config.status:1318: creating objs/debug/lib/Makefile
config.status:1318: creating objs/release/Makefile
config.status:1318: creating objs/release/bin/Makefile
config.status:1318: creating objs/release/lib/Makefile
config.status:1318: creating config.h
config.status:1547: executing depfiles commands
config.status:1547: executing libtool commands
configure:23036: result:
-=-=-=-=-=-=-=-=-=-= Configuration Complete =-=-=-=-=-=-=-=-=-=-

  Configuration summary :

    FLAC version : ........................ 1.3.1

    Host CPU : ............................ x86_64
    Host Vendor : ......................... unknown
    Host OS : ............................. linux-gnu


## ---------------- ##
## Cache variables. ##
## ---------------- ##

ac_cv_build=x86_64-unknown-linux-gnu
ac_cv_c_big_endian=0
ac_cv_c_bigendian=no
ac_cv_c_bswap16=yes
ac_cv_c_bswap32=yes
ac_cv_c_compiler_gnu=yes
ac_cv_c_inline=inline
ac_cv_c_little_endian=1
ac_cv_c_typeof=typeof
ac_cv_c_vararrays=yes
ac_cv_cxx_compiler_gnu=yes
ac_cv_env_CCASFLAGS_set=
ac_cv_env_CCASFLAGS_value=
ac_cv_env_CCAS_set=
ac_cv_env_CCAS_value=
ac_cv_env_CCC_set=
ac_cv_env_CCC_value=
ac_cv_env_CC_set=set
ac_cv_env_CC_value=/home/waker/prj/deadbeef/tools/apbuild/apgcc
ac_cv_env_CFLAGS_set=set
ac_cv_env_CFLAGS_value='-m64 -O2 -D_GNU_SOURCE -D_FORTIFY_SOURCE=0 -fPIC -I/home/waker/prj/deadbeef-staticdeps/lib-x86-64/include'
ac_cv_env_CPPFLAGS_set=
ac_cv_env_CPPFLAGS_value=
ac_cv_env_CPP_set=
ac_cv_env_CPP_value=
ac_cv_env_CXXCPP_set=
ac_cv_env_CXXCPP_value=
ac_cv_env_CXXFLAGS_set=
ac_cv_env_CXXFLAGS_value=
ac_cv_env_CXX_set=set
ac_cv_env_CXX_value=/home/waker/prj/deadbeef/tools/apbuild/apgcc
ac_cv_env_LDFLAGS_set=set
ac_cv_env_LDFLAGS_value='-m64 -L/home/waker/prj/deadbeef-staticdeps/lib-x86-64/lib'
ac_cv_env_LIBS_set=
ac_cv_env_LIBS_value=
ac_cv_env_build_alias_set=set
ac_cv_env_build_alias_value=x86_64-unknown-linux-gnu
ac_cv_env_host_alias_set=
ac_cv_env_host_alias_value=
ac_cv_env_target_alias_set=
ac_cv_env_target_alias_value=
ac_cv_func_getopt_long=yes
ac_cv_header_byteswap_h=yes
ac_cv_header_cpuid_h=yes
ac_cv_header_dlfcn_h=yes
ac_cv_header_inttypes_h=yes
ac_cv_header_memory_h=yes
ac_cv_header_minix_config_h=no
ac_cv_header_stdc=yes
ac_cv_header_stdint_h=yes
ac_cv_header_stdlib_h=yes
ac_cv_header_string_h=yes
ac_cv_header_strings_h=yes
ac_cv_header_sys_param_h=yes
ac_cv_header_sys_stat_h=yes
ac_cv_header_sys_types_h=yes
ac_cv_header_termios_h=yes
ac_cv_header_unistd_h=yes
ac_cv_header_x86intrin_h=yes
ac_cv_host=x86_64-unknown-linux-gnu
ac_cv_objext=o
ac_cv_path_EGREP='/bin/grep -E'
ac_cv_path_FGREP='/bin/grep -F'
ac_cv_path_GREP=/bin/grep
ac_cv_path_SED=/bin/sed
ac_cv_path_install='/usr/bin/install -c'
ac_cv_path_mkdir=/bin/mkdir
ac_cv_prog_AWK=gawk
ac_cv_prog_CPP='/home/waker/prj/deadbeef/tools/apbuild/apgcc -std=gnu99 -E'
ac_cv_prog_CXXCPP='/home/waker/prj/deadbeef/tools/apbuild/apgcc -E'
ac_cv_prog_ac_ct_AR=ar
ac_cv_prog_ac_ct_CC=/home/waker/prj/deadbeef/tools/apbuild/apgcc
ac_cv_prog_ac_ct_MANIFEST_TOOL=mt
ac_cv_prog_ac_ct_OBJDUMP=objdump
ac_cv_prog_ac_ct_RANLIB=ranlib
ac_cv_prog_ac_ct_STRIP=strip
ac_cv_prog_cc_c89=
ac_cv_prog_cc_c99=-std=gnu99
ac_cv_prog_cc_g=yes
ac_cv_prog_cc_stdc=-std=gnu99
ac_cv_prog_cxx_g=yes
ac_cv_prog_make_make_set=yes
ac_cv_safe_to_define___extensions__=yes
ac_cv_search_lround=-lm
ac_cv_sizeof_off_t=8
ac_cv_sizeof_voidp=8
ac_cv_sys_file_offset_bits=no
ac_cv_sys_largefile_CC=no
ac_cv_sys_largefile_source=no
ac_cv_sys_tiocgwinsz_in_sys_ioctl_h=yes
ac_cv_sys_tiocgwinsz_in_termios_h=no
ac_cv_type_socklen_t=yes
acl_cv_path_LD='/usr/bin/ld -m elf_x86_64'
acl_cv_prog_gnu_ld=yes
acl_cv_rpath=done
am_cv_CCAS_dependencies_compiler_type=gcc3
am_cv_CC_dependencies_compiler_type=gcc3
am_cv_CXX_dependencies_compiler_type=gcc3
am_cv_ar_interface=ar
am_cv_func_iconv=yes
am_cv_func_iconv_works=yes
am_cv_langinfo_codeset=yes
am_cv_lib_iconv=no
am_cv_make_support_nested_variables=yes
am_cv_prog_cc_c_o=yes
am_cv_prog_tar_pax=gnutar
am_cv_proto_iconv='extern size_t iconv (iconv_t cd, char * *inbuf, size_t *inbytesleft, char * *outbuf, size_t *outbytesleft);'
am_cv_proto_iconv_arg1=
lt_cv_ar_at_file=@
lt_cv_deplibs_check_method=pass_all
lt_cv_file_magic_cmd='$MAGIC_CMD'
lt_cv_file_magic_test_file=
lt_cv_ld_reload_flag=-r
lt_cv_nm_interface='BSD nm'
lt_cv_objdir=.libs
lt_cv_path_LD=/usr/bin/ld
lt_cv_path_LDCXX='/usr/bin/ld -m elf_x86_64'
lt_cv_path_NM='/usr/bin/nm -B'
lt_cv_path_mainfest_tool=no
lt_cv_prog_compiler_c_o=yes
lt_cv_prog_compiler_c_o_CXX=yes
lt_cv_prog_compiler_pic='-fPIC -DPIC'
lt_cv_prog_compiler_pic_CXX='-fPIC -DPIC'
lt_cv_prog_compiler_pic_works=yes
lt_cv_prog_compiler_pic_works_CXX=yes
lt_cv_prog_compiler_rtti_exceptions=no
lt_cv_prog_compiler_static_works=no
lt_cv_prog_compiler_static_works_CXX=no
lt_cv_prog_gnu_ld=yes
lt_cv_prog_gnu_ldcxx=yes
lt_cv_sharedlib_from_linklib_cmd='printf %s\n'
lt_cv_shlibpath_overrides_runpath=yes
lt_cv_sys_global_symbol_pipe='sed -n -e '\''s/^.*[	 ]\([ABCDGIRSTW][ABCDGIRSTW]*\)[	 ][	 ]*\([_A-Za-z][_A-Za-z0-9]*\)$/\1 \2 \2/p'\'' | sed '\''/ __gnu_lto/d'\'''
lt_cv_sys_global_symbol_to_c_name_address='sed -n -e '\''s/^: \([^ ]*\)[ ]*$/  {\"\1\", (void *) 0},/p'\'' -e '\''s/^[ABCDGIRSTW]* \([^ ]*\) \([^ ]*\)$/  {"\2", (void *) \&\2},/p'\'''
lt_cv_sys_global_symbol_to_c_name_address_lib_prefix='sed -n -e '\''s/^: \([^ ]*\)[ ]*$/  {\"\1\", (void *) 0},/p'\'' -e '\''s/^[ABCDGIRSTW]* \([^ ]*\) \(lib[^ ]*\)$/  {"\2", (void *) \&\2},/p'\'' -e '\''s/^[ABCDGIRSTW]* \([^ ]*\) \([^ ]*\)$/  {"lib\2", (void *) \&\2},/p'\'''
lt_cv_sys_global_symbol_to_cdecl='sed -n -e '\''s/^T .* \(.*\)$/extern int \1();/p'\'' -e '\''s/^[ABCDGIRSTW]* .* \(.*\)$/extern char \1;/p'\'''
lt_cv_sys_max_cmd_len=1572864
lt_cv_to_host_file_cmd=func_convert_file_noop
lt_cv_to_tool_file_cmd=func_convert_file_noop
xiph_cv_c_compiler_clang=no

## ----------------- ##
## Output variables. ##
## ----------------- ##

ACLOCAL='${SHELL} /home/waker/prj/deadbeef-staticdeps/flac-1.3.1/missing aclocal-1.14'
AMDEPBACKSLASH='\'
AMDEP_FALSE='#'
AMDEP_TRUE=''
AMTAR='$${TAR-tar}'
AM_BACKSLASH='\'
AM_DEFAULT_V='$(AM_DEFAULT_VERBOSITY)'
AM_DEFAULT_VERBOSITY='0'
AM_V='$(V)'
AR='ar'
AS='as'
AUTOCONF='${SHELL} /home/waker/prj/deadbeef-staticdeps/flac-1.3.1/missing autoconf'
AUTOHEADER='${SHELL} /home/waker/prj/deadbeef-staticdeps/flac-1.3.1/missing autoheader'
AUTOMAKE='${SHELL} /home/waker/prj/deadbeef-staticdeps/flac-1.3.1/missing automake-1.14'
AWK='gawk'
CC='/home/waker/prj/deadbeef/tools/apbuild/apgcc -std=gnu99'
CCAS='/home/waker/prj/deadbeef/tools/apbuild/apgcc -std=gnu99'
CCASDEPMODE='depmode=gcc3'
CCASFLAGS='-m64 -O2 -D_GNU_SOURCE -D_FORTIFY_SOURCE=0 -fPIC -I/home/waker/prj/deadbeef-staticdeps/lib-x86-64/include'
CCDEPMODE='depmode=gcc3'
CFLAGS='-O3 -funroll-loops -m64  -D_GNU_SOURCE -D_FORTIFY_SOURCE=0 -fPIC -I/home/waker/prj/deadbeef-staticdeps/lib-x86-64/include -Wall -Wextra -Wstrict-prototypes -Wmissing-prototypes -Waggregate-return -Wcast-align -Wnested-externs -Wshadow -Wundef -Wmissing-declarations -Wunreachable-code -Winline  -Wdeclaration-after-statement -fvisibility=hidden -msse2 -Wextra'
CPP='/home/waker/prj/deadbeef/tools/apbuild/apgcc -std=gnu99 -E'
CPPFLAGS='-DNDEBUG  -DFLAC__USE_VISIBILITY_ATTR'
CXX='/home/waker/prj/deadbeef/tools/apbuild/apgcc'
CXXCPP='/home/waker/prj/deadbeef/tools/apbuild/apgcc -E'
CXXDEPMODE='depmode=gcc3'
CXXFLAGS='-g -O2 -Wall -Wextra -Wcast-align -Wshadow -Wwrite-strings -Wctor-dtor-privacy -Wnon-virtual-dtor -Wreorder -Wsign-promo -Wundef -Wunreachable-code  -Weffc++ -fvisibility=hidden'
CYGPATH_W='echo'
DEBUG_FALSE=''
DEBUG_TRUE='#'
DEFS='-DHAVE_CONFIG_H'
DEPDIR='.deps'
DLLTOOL='false'
DOCBOOK_TO_MAN=''
DOXYGEN=''
DSYMUTIL=''
DUMPBIN=''
ECHO_C=''
ECHO_N='-n'
ECHO_T=''
EGREP='/bin/grep -E'
EXEEXT=''
FGREP='/bin/grep -F'
FLAC__CPU_X86_64_FALSE='#'
FLAC__CPU_X86_64_TRUE=''
FLAC__TEST_LEVEL='1'
FLAC__TEST_WITH_VALGRIND='no'
FLaC__CPU_IA32_FALSE=''
FLaC__CPU_IA32_TRUE='#'
FLaC__CPU_PPC_FALSE=''
FLaC__CPU_PPC_SPE_FALSE=''
FLaC__CPU_PPC_SPE_TRUE='#'
FLaC__CPU_PPC_TRUE='#'
FLaC__CPU_SPARC_FALSE=''
FLaC__CPU_SPARC_TRUE='#'
FLaC__HAS_DOCBOOK_TO_MAN_FALSE=''
FLaC__HAS_DOCBOOK_TO_MAN_TRUE='#'
FLaC__HAS_DOXYGEN_FALSE=''
FLaC__HAS_DOXYGEN_TRUE='#'
FLaC__HAS_NASM_FALSE=''
FLaC__HAS_NASM_TRUE='#'
FLaC__HAS_OGG_FALSE=''
FLaC__HAS_OGG_TRUE='#'
FLaC__HAS_XMMS_FALSE=''
FLaC__HAS_XMMS_TRUE='#'
FLaC__INSTALL_XMMS_PLUGIN_LOCALLY_FALSE=''
FLaC__INSTALL_XMMS_PLUGIN_LOCALLY_TRUE='#'
FLaC__NO_ASM_FALSE=''
FLaC__NO_ASM_TRUE='#'
FLaC__SSE_OS_FALSE=''
FLaC__SSE_OS_TRUE='#'
FLaC__SYS_DARWIN_FALSE=''
FLaC__SYS_DARWIN_TRUE='#'
FLaC__SYS_LINUX_FALSE=''
FLaC__SYS_LINUX_TRUE='#'
FLaC__USE_ALTIVEC_FALSE='#'
FLaC__USE_ALTIVEC_TRUE=''
FLaC__WITH_CPPLIBS_FALSE=''
FLaC__WITH_CPPLIBS_TRUE='#'
GCC_MAJOR_VERSION='4'
GCC_MINOR_VERSION='8'
GCC_VERSION='4.8'
GREP='/bin/grep'
INSTALL_DATA='${INSTALL} -m 644'
INSTALL_PROGRAM='${INSTALL}'
INSTALL_SCRIPT='${INSTALL}'
INSTALL_STRIP_PROGRAM='$(install_sh) -c -s'
LD='/usr/bin/ld -m elf_x86_64'
LDFLAGS='-m64 -L/home/waker/prj/deadbeef-staticdeps/lib-x86-64/lib'
LIBICONV=''
LIBOBJS=''
LIBS='-lm '
LIBTOOL='$(SHELL) $(top_builddir)/libtool'
LIPO=''
LN_S='ln -s'
LTLIBICONV=''
LTLIBOBJS=''
MAKEINFO='${SHELL} /home/waker/prj/deadbeef-staticdeps/flac-1.3.1/missing makeinfo'
MANIFEST_TOOL=':'
MKDIR_P='/bin/mkdir -p'
NASM=''
NM='/usr/bin/nm -B'
NMEDIT=''
OBJDUMP='objdump'
OBJEXT='o'
OBJ_FORMAT='elf'
OGG_CFLAGS=''
OGG_LIBS=''
OGG_PACKAGE=''
OS_IS_WINDOWS_FALSE=''
OS_IS_WINDOWS_TRUE='#'
OTOOL64=''
OTOOL=''
PACKAGE='flac'
PACKAGE_BUGREPORT='flac-dev@xiph.org'
PACKAGE_NAME='flac'
PACKAGE_STRING='flac 1.3.1'
PACKAGE_TARNAME='flac'
PACKAGE_URL='https://www.xiph.org/flac/'
PACKAGE_VERSION='1.3.1'
PATH_SEPARATOR=':'
RANLIB='ranlib'
SED='/bin/sed'
SET_MAKE=''
SHELL='/bin/bash'
STRIP='strip'
VERSION='1.3.1'
XMMS_CFLAGS=''
XMMS_CONFIG=''
XMMS_DATA_DIR=''
XMMS_EFFECT_PLUGIN_DIR=''
XMMS_GENERAL_PLUGIN_DIR=''
XMMS_INPUT_PLUGIN_DIR=''
XMMS_LIBS=''
XMMS_OUTPUT_PLUGIN_DIR=''
XMMS_PLUGIN_DIR=''
XMMS_VERSION=''
XMMS_VISUALIZATION_PLUGIN_DIR=''
ac_ct_AR='ar'
ac_ct_CC='/home/waker/prj/deadbeef/tools/apbuild/apgcc'
ac_ct_CXX=''
ac_ct_DUMPBIN=''
am__EXEEXT_FALSE=''
am__EXEEXT_TRUE='#'
am__fastdepCCAS_FALSE='#'
am__fastdepCCAS_TRUE=''
am__fastdepCC_FALSE='#'
am__fastdepCC_TRUE=''
am__fastdepCXX_FALSE='#'
am__fastdepCXX_TRUE=''
am__include='include'
am__isrc=''
am__leading_dot='.'
am__nodep='_no'
am__quote=''
am__tar='tar --format=posix -chf - "$$tardir"'
am__untar='tar -xf -'
bindir='${exec_prefix}/bin'
build='x86_64-unknown-linux-gnu'
build_alias='x86_64-unknown-linux-gnu'
build_cpu='x86_64'
build_os='linux-gnu'
build_vendor='unknown'
datadir='${datarootdir}'
datarootdir='${prefix}/share'
docdir='${datarootdir}/doc/${PACKAGE_TARNAME}'
dvidir='${docdir}'
exec_prefix='${prefix}'
host='x86_64-unknown-linux-gnu'
host_alias=''
host_cpu='x86_64'
host_os='linux-gnu'
host_vendor='unknown'
htmldir='${docdir}'
includedir='${prefix}/include'
infodir='${datarootdir}/info'
install_sh='${SHELL} /home/waker/prj/deadbeef-staticdeps/flac-1.3.1/install-sh'
libdir='${exec_prefix}/lib'
libexecdir='${exec_prefix}/libexec'
localedir='${datarootdir}/locale'
localstatedir='${prefix}/var'
mandir='${datarootdir}/man'
mkdir_p='$(MKDIR_P)'
oldincludedir='/usr/include'
pdfdir='${docdir}'
prefix='/home/waker/prj/deadbeef-staticdeps/lib-x86-64'
program_transform_name='s,x,x,'
psdir='${docdir}'
sbindir='${exec_prefix}/sbin'
sharedstatedir='${prefix}/com'
sysconfdir='${prefix}/etc'
target_alias=''

## ----------- ##
## confdefs.h. ##
## ----------- ##

/* confdefs.h */
#define PACKAGE_NAME "flac"
#define PACKAGE_TARNAME "flac"
#define PACKAGE_VERSION "1.3.1"
#define PACKAGE_STRING "flac 1.3.1"
#define PACKAGE_BUGREPORT "flac-dev@xiph.org"
#define PACKAGE_URL "https://www.xiph.org/flac/"
#define PACKAGE "flac"
#define VERSION "1.3.1"
#define STDC_HEADERS 1
#define HAVE_SYS_TYPES_H 1
#define HAVE_SYS_STAT_H 1
#define HAVE_STDLIB_H 1
#define HAVE_STRING_H 1
#define HAVE_MEMORY_H 1
#define HAVE_STRINGS_H 1
#define HAVE_INTTYPES_H 1
#define HAVE_STDINT_H 1
#define HAVE_UNISTD_H 1
#define __EXTENSIONS__ 1
#define _ALL_SOURCE 1
#define _GNU_SOURCE 1
#define _POSIX_PTHREAD_SEMANTICS 1
#define _TANDEM_SOURCE 1
#define HAVE_DLFCN_H 1
#define LT_OBJDIR ".libs/"
#define HAVE_FSEEKO 1
#define SIZEOF_OFF_T 8
#define SIZEOF_VOIDP 8
#define HAVE_LROUND 1
#define HAVE_C_VARARRAYS 1
#define HAVE_CXX_VARARRAYS 1
#define STDC_HEADERS 1
#define HAVE_C_VARARRAYS 1
#define HAVE_TYPEOF 1
#define HAVE_STDINT_H 1
#define HAVE_INTTYPES_H 1
#define HAVE_BYTESWAP_H 1
#define HAVE_SYS_PARAM_H 1
#define HAVE_TERMIOS_H 1
#define HAVE_X86INTRIN_H 1
#define HAVE_CPUID_H 1
#define GWINSZ_IN_SYS_IOCTL 1
#define HAVE_BSWAP32 1
#define HAVE_BSWAP16 1
#define CPU_IS_BIG_ENDIAN 0
#define CPU_IS_LITTLE_ENDIAN 1
#define WORDS_BIGENDIAN 0
#define HAVE_SOCKLEN_T 1
#define HAVE_GETOPT_LONG 1
#define SIZEOF_VOIDP 8
#define FLAC__CPU_X86_64 1
#define FLAC__HAS_X86INTRIN 
#define FLAC__ALIGN_MALLOC_DATA 1
#define FLAC__SSE_OS 1
#define FLAC__USE_ALTIVEC 1
#define FLAC__HAS_OGG 0
#define HAVE_ICONV 1
#define ICONV_CONST 
#define HAVE_LANGINFO_CODESET 1

configure: exit 0
